DEBUG 2021-09-08 16:08:03.119 UTC: 	 CRAB Client version: v3.210825
DEBUG 2021-09-08 16:08:03.119 UTC: 	 Running on: Linux cmslpc116.fnal.gov 3.10.0-1160.36.2.el7.x86_64 #1 SMP Mon Jul 26 08:21:44 CDT 2021 x86_64 x86_64 x86_64 GNU/Linux - Scientific Linux 7.9 (Nitrogen)
DEBUG 2021-09-08 16:08:03.120 UTC: 	 Executing command: 'submit'
DEBUG 2021-09-08 16:08:03.120 UTC: 	 Found CRAB cache file /uscms/home/cannaert/.crab3
INFO 2021-09-08 16:08:03.122 UTC: 	 Will use CRAB configuration file Suu8TeV_chi1TeV/CMSSW_10_2_16_UL/src/crab_diquark_HLT_prod_new_cfg.py
DEBUG 2021-09-08 16:08:03.122 UTC: 	 Loading CRAB configuration file.
DEBUG 2021-09-08 16:08:03.177 UTC: 	 Will use CRAB Analysis plugin (i.e. will run an analysis job type).
DEBUG 2021-09-08 16:08:03.207 UTC: 	 Checking credentials
DEBUG 2021-09-08 16:08:03.222 UTC: 	 Found proxy file /uscms/home/cannaert/x509up_u54552
DEBUG 2021-09-08 16:08:03.222 UTC: 	 Getting proxy life time left
DEBUG 2021-09-08 16:08:03.327 UTC: 	 Executing : 
 command : voms-proxy-info -file /uscms/home/cannaert/x509up_u54552 -timeleft
 output : 41156

 error: 
 retcode : 0
DEBUG 2021-09-08 16:08:03.432 UTC: 	 Executing : 
 command : voms-proxy-info -file /uscms/home/cannaert/x509up_u54552 -actimeleft
 output : 41156

 error: 
 retcode : 0
DEBUG 2021-09-08 16:08:03.432 UTC: 	 Proxy valid for 11:25:56 hours
DEBUG 2021-09-08 16:08:03.538 UTC: 	 Executing : 
 command : env X509_USER_PROXY=/uscms/home/cannaert/x509up_u54552 voms-proxy-info -fqan
 output : /cms/Role=NULL/Capability=NULL

 error: 
 retcode : 0
DEBUG 2021-09-08 16:08:04.108 UTC: 	 Registering user credentials for server /DC=ch/DC=cern/OU=computers/CN=crab-(preprod|prod|dev)-tw(02|01).cern.ch|/DC=ch/DC=cern/OU=computers/CN=(ddi|ddidk|mytw).cern.ch|/DC=ch/DC=cern/OU=computers/CN=stefanov(m|m2).cern.ch
DEBUG 2021-09-08 16:08:04.221 UTC: 	 Executing : 
 command : voms-proxy-info -file /uscms/home/cannaert/x509up_u54552 -identity
 output : /DC=ch/DC=cern/OU=Organic Units/OU=Users/CN=ecannaer/CN=832417/CN=Ethan Cannaert

 error: 
 retcode : 0
DEBUG 2021-09-08 16:08:04.228 UTC: 	 Getting myproxy life time left for myproxy.cern.ch
DEBUG 2021-09-08 16:08:04.228 UTC: 	 using b7b51e0178e197a43a1d723fd43ab6570e42a3d5 as credential login name
ERROR 2021-09-08 16:08:04.266 UTC: 	 Keyboard Interrupted
INFO 2021-09-08 16:08:04.269 UTC: 	 Log file is /uscms_data/d3/cannaert/UL2018_genproduction/totalProcess/crab_projects/crab_MC_prod_Suu8TeV_chi1TeV_ALL_DECAYS_HLT_0001/crab.log
