DEBUG 2020-09-09 05:27:21.044 UTC: 	 CRAB Client version: v3.200812
DEBUG 2020-09-09 05:27:21.044 UTC: 	 Running on: Linux cmslpc140.fnal.gov 3.10.0-1127.10.1.el7.x86_64 #1 SMP Tue Jun 2 10:05:57 CDT 2020 x86_64 x86_64 x86_64 GNU/Linux - Scientific Linux 7.8 (Nitrogen)
DEBUG 2020-09-09 05:27:21.044 UTC: 	 Executing command: 'submit'
DEBUG 2020-09-09 05:27:21.045 UTC: 	 Found CRAB cache file /uscms/home/cannaert/.crab3
INFO 2020-09-09 05:27:21.047 UTC: 	 Will use CRAB configuration file crab_diquark_QCD_ccfg.py
DEBUG 2020-09-09 05:27:21.047 UTC: 	 Loading CRAB configuration file.
DEBUG 2020-09-09 05:27:21.054 UTC: 	 Will use CRAB Analysis plugin (i.e. will run an analysis job type).
DEBUG 2020-09-09 05:27:21.079 UTC: 	 Checking credentials
DEBUG 2020-09-09 05:27:21.081 UTC: 	 Found proxy file /uscms/home/cannaert/x509up_u54552
DEBUG 2020-09-09 05:27:21.081 UTC: 	 Getting proxy life time left
DEBUG 2020-09-09 05:27:21.584 UTC: 	 Executing : 
 command : voms-proxy-info -file /uscms/home/cannaert/x509up_u54552 -timeleft
 output : 36451

 error: 
 retcode : 0
DEBUG 2020-09-09 05:27:21.687 UTC: 	 Executing : 
 command : voms-proxy-info -file /uscms/home/cannaert/x509up_u54552 -actimeleft
 output : 36451

 error: 
 retcode : 0
DEBUG 2020-09-09 05:27:21.687 UTC: 	 Proxy valid for 10:07:31 hours
DEBUG 2020-09-09 05:27:21.790 UTC: 	 Executing : 
 command : env X509_USER_PROXY=/uscms/home/cannaert/x509up_u54552 voms-proxy-info -fqan
 output : /cms/Role=NULL/Capability=NULL

 error: 
 retcode : 0
DEBUG 2020-09-09 05:27:22.405 UTC: 	 Registering user credentials for server /DC=ch/DC=cern/OU=computers/CN=vocms0105.cern.ch|/DC=ch/DC=cern/OU=computers/CN=crab-(preprod|prod|dev)-tw(02|01).cern.ch|/DC=ch/DC=cern/OU=computers/CN=(ddi|ddidk|mytw).cern.ch|/DC=ch/DC=cern/OU=computers/CN=stefanov(m|m2).cern.ch
DEBUG 2020-09-09 05:27:22.513 UTC: 	 Executing : 
 command : voms-proxy-info -file /uscms/home/cannaert/x509up_u54552 -identity
 output : /DC=ch/DC=cern/OU=Organic Units/OU=Users/CN=ecannaer/CN=832417/CN=Ethan Cannaert

 error: 
 retcode : 0
DEBUG 2020-09-09 05:27:22.513 UTC: 	 Getting myproxy life time left for myproxy.cern.ch
DEBUG 2020-09-09 05:27:22.513 UTC: 	 Calculating hash of /DC=ch/DC=cern/OU=Organic Units/OU=Users/CN=ecannaer/CN=832417/CN=Ethan Cannaert_cmsweb.cern.ch for credential name
DEBUG 2020-09-09 05:27:23.518 UTC: 	 Executing : 
 command : myproxy-info -l dfb5f39d91e4adee325d1dda7edfeb9d4bdd1a42 -s myproxy.cern.ch
 output : username: dfb5f39d91e4adee325d1dda7edfeb9d4bdd1a42
owner: /DC=ch/DC=cern/OU=Organic Units/OU=Users/CN=ecannaer/CN=832417/CN=Ethan Cannaert
  renewal policy: /DC=ch/DC=cern/OU=computers/CN=vocms0105.cern.ch|/DC=ch/DC=cern/OU=computers/CN=crab-(preprod|prod|dev)-tw(02|01).cern.ch|/DC=ch/DC=cern/OU=computers/CN=(ddi|ddidk|mytw).cern.ch|/DC=ch/DC=cern/OU=computers/CN=stefanov(m|m2).cern.ch
  trusted retrieval policy: /DC=ch/DC=cern/OU=computers/CN=vocms0105.cern.ch|/DC=ch/DC=cern/OU=computers/CN=crab-(preprod|prod|dev)-tw(02|01).cern.ch|/DC=ch/DC=cern/OU=computers/CN=(ddi|ddidk|mytw).cern.ch|/DC=ch/DC=cern/OU=computers/CN=stefanov(m|m2).cern.ch
  timeleft: 691:06:51  (28.8 days)

 error: 
 retcode : 0
DEBUG 2020-09-09 05:27:23.519 UTC: 	 Myproxy is valid: 2488011
DEBUG 2020-09-09 05:27:23.519 UTC: 	 Retrieving username ...
DEBUG 2020-09-09 05:27:23.519 UTC: 	 Retrieving username from CRIC...
DEBUG 2020-09-09 05:27:24.965 UTC: 	 username is ecannaer
DEBUG 2020-09-09 05:27:24.968 UTC: 	 Getting myproxy life time left for myproxy.cern.ch
DEBUG 2020-09-09 05:27:24.968 UTC: 	 using ecannaer_CRAB as credential login name
DEBUG 2020-09-09 05:27:25.872 UTC: 	 Executing : 
 command : myproxy-info -l ecannaer_CRAB -s myproxy.cern.ch
 output : username: ecannaer_CRAB
owner: /DC=ch/DC=cern/OU=Organic Units/OU=Users/CN=ecannaer/CN=832417/CN=Ethan Cannaert
  renewal policy: /DC=ch/DC=cern/OU=computers/CN=vocms0105.cern.ch|/DC=ch/DC=cern/OU=computers/CN=crab-(preprod|prod|dev)-tw(02|01).cern.ch|/DC=ch/DC=cern/OU=computers/CN=(ddi|ddidk|mytw).cern.ch|/DC=ch/DC=cern/OU=computers/CN=stefanov(m|m2).cern.ch
  trusted retrieval policy: /DC=ch/DC=cern/OU=computers/CN=vocms0105.cern.ch|/DC=ch/DC=cern/OU=computers/CN=crab-(preprod|prod|dev)-tw(02|01).cern.ch|/DC=ch/DC=cern/OU=computers/CN=(ddi|ddidk|mytw).cern.ch|/DC=ch/DC=cern/OU=computers/CN=stefanov(m|m2).cern.ch
  timeleft: 691:07:00  (28.8 days)

 error: 
 retcode : 0
DEBUG 2020-09-09 05:27:25.872 UTC: 	 Myproxy is valid: 2488020
DEBUG 2020-09-09 05:27:25.873 UTC: 	 Command use: submit
DEBUG 2020-09-09 05:27:25.873 UTC: 	 Options use: ['-c', 'crab_diquark_QCD_ccfg.py']
DEBUG 2020-09-09 05:27:26.457 UTC: 	 CRABClient version: v3.200812
DEBUG 2020-09-09 05:27:26.457 UTC: 	 Instance is prod
DEBUG 2020-09-09 05:27:26.457 UTC: 	 Server base url is cmsweb.cern.ch
DEBUG 2020-09-09 05:27:26.457 UTC: 	 Command url /crabserver/prod/workflow
DEBUG 2020-09-09 05:27:26.457 UTC: 	 Started submission
DEBUG 2020-09-09 05:27:26.457 UTC: 	 Working on /uscms_data/d3/cannaert/src/thrust/CMSSW_10_2_4_patch1/src/crab_projects/crab_semilept_ttbar_QCD_background_05
DEBUG 2020-09-09 05:27:35.166 UTC: 	 Loading required information from the environment
DEBUG 2020-09-09 05:27:35.166 UTC: 	 Found CMSSW_10_2_4_patch1 for slc7_amd64_gcc700 with base /uscms_data/d3/cannaert/src/thrust/CMSSW_10_2_4_patch1
DEBUG 2020-09-09 05:27:35.166 UTC: 	 Loading required information from the environment
DEBUG 2020-09-09 05:27:35.166 UTC: 	 Found CMSSW_10_2_4_patch1 for slc7_amd64_gcc700 with base /uscms_data/d3/cannaert/src/thrust/CMSSW_10_2_4_patch1
DEBUG 2020-09-09 05:27:35.166 UTC: 	 UNIQUE NAME: tarUUID 84a8e68e-f3be-4b90-b460-9a9e09c69f52 
DEBUG 2020-09-09 05:27:35.166 UTC: 	 self.config: from WMCore.Configuration import Configuration
config = Configuration()
config.section_('General')
config.General.transferOutputs = True
config.General.workArea = 'crab_projects'
config.General.requestName = 'semilept_ttbar_QCD_background_05'
config.section_('JobType')
config.JobType.psetName = 'ttbarAnalyzer_cfg.py'
config.JobType.pluginName = 'Analysis'
config.JobType.allowUndistributedCMSSW = True
config.section_('Data')
config.Data.inputDataset = '/TTToSemiLeptonic_TuneCP5_13TeV-powheg-pythia8/RunIIAutumn18MiniAOD-102X_upgrade2018_realistic_v15-v1/MINIAODSIM'
config.Data.outputDatasetTag = 'semilept_ttbar_QCD_background'
config.Data.splitting = 'Automatic'
config.Data.publication = False
config.Data.inputDBS = 'global'
config.section_('Site')
config.Site.storageSite = 'T3_US_FNALLPC'
config.section_('User')
config.section_('Debug')

DEBUG 2020-09-09 05:27:35.166 UTC: 	 self.config.JobType.psetName: ttbarAnalyzer_cfg.py
INFO 2020-09-09 05:27:35.198 UTC: 	 Importing CMSSW configuration ttbarAnalyzer_cfg.py
INFO 2020-09-09 05:27:36.615 UTC: 	 Finished importing CMSSW configuration ttbarAnalyzer_cfg.py
DEBUG 2020-09-09 05:27:36.615 UTC: 	 Writing CMSSW configuration to /uscms_data/d3/cannaert/src/thrust/CMSSW_10_2_4_patch1/src/crab_projects/crab_semilept_ttbar_QCD_background_05/inputs/PSet.py
DEBUG 2020-09-09 05:27:36.841 UTC: 	 The following EDM output files will be collected: []
DEBUG 2020-09-09 05:27:36.841 UTC: 	 The following TFile output files will be collected: ['QCD_ttbar_test.root']
DEBUG 2020-09-09 05:27:36.841 UTC: 	 The following user output files (not listed as PoolOuputModule or TFileService in the CMSSW PSet) will be collected: 
DEBUG 2020-09-09 05:27:36.841 UTC: 	 Loading required information from the environment
DEBUG 2020-09-09 05:27:36.841 UTC: 	 Found CMSSW_10_2_4_patch1 for slc7_amd64_gcc700 with base /uscms_data/d3/cannaert/src/thrust/CMSSW_10_2_4_patch1
DEBUG 2020-09-09 05:27:36.841 UTC: 	 Making tarball in /uscms_data/d3/cannaert/src/thrust/CMSSW_10_2_4_patch1/src/crab_projects/crab_semilept_ttbar_QCD_background_05/inputs/84a8e68e-f3be-4b90-b460-9a9e09c69f52default.tgz
DEBUG 2020-09-09 05:27:36.844 UTC: 	 Checking directory /uscms_data/d3/cannaert/src/thrust/CMSSW_10_2_4_patch1/lib
DEBUG 2020-09-09 05:27:36.844 UTC: 	 Adding directory /uscms_data/d3/cannaert/src/thrust/CMSSW_10_2_4_patch1/lib to tarball
DEBUG 2020-09-09 05:27:36.852 UTC: 	 Checking directory /uscms_data/d3/cannaert/src/thrust/CMSSW_10_2_4_patch1/biglib
DEBUG 2020-09-09 05:27:36.852 UTC: 	 Adding directory /uscms_data/d3/cannaert/src/thrust/CMSSW_10_2_4_patch1/biglib to tarball
DEBUG 2020-09-09 05:27:36.853 UTC: 	 Checking directory /uscms_data/d3/cannaert/src/thrust/CMSSW_10_2_4_patch1/module
DEBUG 2020-09-09 05:27:42.723 UTC: 	 Uploading archive /uscms_data/d3/cannaert/src/thrust/CMSSW_10_2_4_patch1/src/crab_projects/crab_semilept_ttbar_QCD_background_05/inputs/84a8e68e-f3be-4b90-b460-9a9e09c69f52default.tgz (88 KB) to the CRAB cache. Using URI https://cmsweb.cern.ch/crabcache
DEBUG 2020-09-09 05:27:43.680 UTC: 	 Loading required information from the environment
DEBUG 2020-09-09 05:27:43.680 UTC: 	 Found CMSSW_10_2_4_patch1 for slc7_amd64_gcc700 with base /uscms_data/d3/cannaert/src/thrust/CMSSW_10_2_4_patch1
DEBUG 2020-09-09 05:27:43.680 UTC: 	 Making tarball in /uscms_data/d3/cannaert/src/thrust/CMSSW_10_2_4_patch1/src/crab_projects/crab_semilept_ttbar_QCD_background_05/inputs/debugFiles.tgz
DEBUG 2020-09-09 05:27:43.690 UTC: 	 Uploading archive /uscms_data/d3/cannaert/src/thrust/CMSSW_10_2_4_patch1/src/crab_projects/crab_semilept_ttbar_QCD_background_05/inputs/debugFiles.tgz (2 KB) to the CRAB cache. Using URI https://cmsweb.cern.ch/crabcache
DEBUG 2020-09-09 05:27:44.370 UTC: 	 Result uploading input files: 1926ce72552e9bbd386a7db03f817105fea352f925b8b086db93c4afc8651b62.tar.gz 
INFO 2020-09-09 05:27:44.370 UTC: 	 Sending the request to the server at cmsweb.cern.ch
DEBUG 2020-09-09 05:27:44.370 UTC: 	 Submitting {'maxjobruntime': 1250, 'extrajdl': [], 'ignorelocality': 0, 'savelogsflag': 0, 'useparent': 0, 'asyncdest': 'T3_US_FNALLPC', 'algoargs': 480, 'cachefilename': '1926ce72552e9bbd386a7db03f817105fea352f925b8b086db93c4afc8651b62.tar.gz', 'numcores': 1, 'addoutputfiles': [], 'generator': 'pythia', 'maxmemory': 2000, 'publishdbsurl': 'https://cmsweb.cern.ch/dbs/prod/phys03/DBSWriter', 'priority': 10, 'jobsw': 'CMSSW_10_2_4_patch1', 'edmoutfiles': [], 'userfiles': [], 'primarydataset': '', 'inputdata': '/TTToSemiLeptonic_TuneCP5_13TeV-powheg-pythia8/RunIIAutumn18MiniAOD-102X_upgrade2018_realistic_v15-v1/MINIAODSIM', 'dryrun': 0, 'workflow': 'crab_semilept_ttbar_QCD_background_05', 'cacheurl': u'https://cmsweb.cern.ch/crabcache', 'nonprodsw': 1, 'tfileoutfiles': ['QCD_ttbar_test.root'], 'oneEventMode': 0, 'debugfilename': '892a199d7ab827d469f99a96731c97210aedefd7adfb695a92489b80a866ffac.tar.gz', 'saveoutput': 1, 'publication': 0, 'jobarch': 'slc7_amd64_gcc700', 'totalunits': 0, 'splitalgo': 'Automatic', 'ignoreglobalblacklist': 0, 'nonvaliddata': 0, 'dbsurl': 'https://cmsweb.cern.ch/dbs/prod/global/DBSReader', 'publishgroupname': 0, 'jobtype': 'Analysis', 'publishname2': 'semilept_ttbar_QCD_background'} 
DEBUG 2020-09-09 05:27:44.370 UTC: 	 Encoded submit request: maxjobruntime=1250&ignorelocality=0&savelogsflag=0&useparent=0&asyncdest=T3_US_FNALLPC&algoargs=480&cachefilename=1926ce72552e9bbd386a7db03f817105fea352f925b8b086db93c4afc8651b62.tar.gz&numcores=1&generator=pythia&maxmemory=2000&publishdbsurl=https%3A%2F%2Fcmsweb.cern.ch%2Fdbs%2Fprod%2Fphys03%2FDBSWriter&priority=10&jobsw=CMSSW_10_2_4_patch1&primarydataset=&inputdata=%2FTTToSemiLeptonic_TuneCP5_13TeV-powheg-pythia8%2FRunIIAutumn18MiniAOD-102X_upgrade2018_realistic_v15-v1%2FMINIAODSIM&dryrun=0&workflow=crab_semilept_ttbar_QCD_background_05&cacheurl=https%3A%2F%2Fcmsweb.cern.ch%2Fcrabcache&nonprodsw=1&oneEventMode=0&debugfilename=892a199d7ab827d469f99a96731c97210aedefd7adfb695a92489b80a866ffac.tar.gz&saveoutput=1&publication=0&jobarch=slc7_amd64_gcc700&totalunits=0&splitalgo=Automatic&ignoreglobalblacklist=0&nonvaliddata=0&dbsurl=https%3A%2F%2Fcmsweb.cern.ch%2Fdbs%2Fprod%2Fglobal%2FDBSReader&publishgroupname=0&jobtype=Analysis&publishname2=semilept_ttbar_QCD_background&tfileoutfiles=QCD_ttbar_test.root
DEBUG 2020-09-09 05:27:44.981 UTC: 	 Result: {u'result': [{u'RequestName': u'200909_052744:ecannaer_crab_semilept_ttbar_QCD_background_05'}]}
INFO 2020-09-09 05:27:44.988 UTC: 	 Success: Your task has been delivered to the prod CRAB3 server.
INFO 2020-09-09 05:27:44.988 UTC: 	 Task name: 200909_052744:ecannaer_crab_semilept_ttbar_QCD_background_05
INFO 2020-09-09 05:27:44.988 UTC: 	 Project dir: crab_projects/crab_semilept_ttbar_QCD_background_05
INFO 2020-09-09 05:27:44.988 UTC: 	 Please use ' crab status -d crab_projects/crab_semilept_ttbar_QCD_background_05 ' to check how the submission process proceeds.
DEBUG 2020-09-09 05:27:44.989 UTC: 	 About to return
INFO 2020-09-09 05:27:44.991 UTC: 	 Log file is /uscms_data/d3/cannaert/src/thrust/CMSSW_10_2_4_patch1/src/crab_projects/crab_semilept_ttbar_QCD_background_05/crab.log
DEBUG 2020-09-09 05:27:52.686 UTC: 	 CRAB Client version: v3.200812
DEBUG 2020-09-09 05:27:52.686 UTC: 	 Running on: Linux cmslpc140.fnal.gov 3.10.0-1127.10.1.el7.x86_64 #1 SMP Tue Jun 2 10:05:57 CDT 2020 x86_64 x86_64 x86_64 GNU/Linux - Scientific Linux 7.8 (Nitrogen)
DEBUG 2020-09-09 05:27:52.686 UTC: 	 Executing command: 'status'
DEBUG 2020-09-09 05:27:53.561 UTC: 	 Found CRAB cache file /uscms/home/cannaert/.crab3
DEBUG 2020-09-09 05:27:53.590 UTC: 	 Checking credentials
DEBUG 2020-09-09 05:27:53.590 UTC: 	 Found proxy file /uscms/home/cannaert/x509up_u54552
DEBUG 2020-09-09 05:27:53.590 UTC: 	 Getting proxy life time left
DEBUG 2020-09-09 05:27:53.692 UTC: 	 Executing : 
 command : voms-proxy-info -file /uscms/home/cannaert/x509up_u54552 -timeleft
 output : 36419

 error: 
 retcode : 0
DEBUG 2020-09-09 05:27:53.795 UTC: 	 Executing : 
 command : voms-proxy-info -file /uscms/home/cannaert/x509up_u54552 -actimeleft
 output : 36419

 error: 
 retcode : 0
DEBUG 2020-09-09 05:27:53.795 UTC: 	 Proxy valid for 10:06:59 hours
DEBUG 2020-09-09 05:27:54.382 UTC: 	 Registering user credentials for server /DC=ch/DC=cern/OU=computers/CN=vocms0105.cern.ch|/DC=ch/DC=cern/OU=computers/CN=crab-(preprod|prod|dev)-tw(02|01).cern.ch|/DC=ch/DC=cern/OU=computers/CN=(ddi|ddidk|mytw).cern.ch|/DC=ch/DC=cern/OU=computers/CN=stefanov(m|m2).cern.ch
DEBUG 2020-09-09 05:27:54.487 UTC: 	 Executing : 
 command : voms-proxy-info -file /uscms/home/cannaert/x509up_u54552 -identity
 output : /DC=ch/DC=cern/OU=Organic Units/OU=Users/CN=ecannaer/CN=832417/CN=Ethan Cannaert

 error: 
 retcode : 0
DEBUG 2020-09-09 05:27:54.487 UTC: 	 Getting myproxy life time left for myproxy.cern.ch
DEBUG 2020-09-09 05:27:54.487 UTC: 	 Calculating hash of /DC=ch/DC=cern/OU=Organic Units/OU=Users/CN=ecannaer/CN=832417/CN=Ethan Cannaert_cmsweb.cern.ch for credential name
DEBUG 2020-09-09 05:27:55.392 UTC: 	 Executing : 
 command : myproxy-info -l dfb5f39d91e4adee325d1dda7edfeb9d4bdd1a42 -s myproxy.cern.ch
 output : username: dfb5f39d91e4adee325d1dda7edfeb9d4bdd1a42
owner: /DC=ch/DC=cern/OU=Organic Units/OU=Users/CN=ecannaer/CN=832417/CN=Ethan Cannaert
  renewal policy: /DC=ch/DC=cern/OU=computers/CN=vocms0105.cern.ch|/DC=ch/DC=cern/OU=computers/CN=crab-(preprod|prod|dev)-tw(02|01).cern.ch|/DC=ch/DC=cern/OU=computers/CN=(ddi|ddidk|mytw).cern.ch|/DC=ch/DC=cern/OU=computers/CN=stefanov(m|m2).cern.ch
  trusted retrieval policy: /DC=ch/DC=cern/OU=computers/CN=vocms0105.cern.ch|/DC=ch/DC=cern/OU=computers/CN=crab-(preprod|prod|dev)-tw(02|01).cern.ch|/DC=ch/DC=cern/OU=computers/CN=(ddi|ddidk|mytw).cern.ch|/DC=ch/DC=cern/OU=computers/CN=stefanov(m|m2).cern.ch
  timeleft: 691:06:19  (28.8 days)

 error: 
 retcode : 0
DEBUG 2020-09-09 05:27:55.392 UTC: 	 Myproxy is valid: 2487979
DEBUG 2020-09-09 05:27:55.393 UTC: 	 Retrieving username ...
DEBUG 2020-09-09 05:27:55.393 UTC: 	 Retrieving username from CRIC...
DEBUG 2020-09-09 05:27:56.744 UTC: 	 username is ecannaer
DEBUG 2020-09-09 05:27:56.747 UTC: 	 Getting myproxy life time left for myproxy.cern.ch
DEBUG 2020-09-09 05:27:56.747 UTC: 	 using ecannaer_CRAB as credential login name
DEBUG 2020-09-09 05:27:57.553 UTC: 	 Executing : 
 command : myproxy-info -l ecannaer_CRAB -s myproxy.cern.ch
 output : username: ecannaer_CRAB
owner: /DC=ch/DC=cern/OU=Organic Units/OU=Users/CN=ecannaer/CN=832417/CN=Ethan Cannaert
  renewal policy: /DC=ch/DC=cern/OU=computers/CN=vocms0105.cern.ch|/DC=ch/DC=cern/OU=computers/CN=crab-(preprod|prod|dev)-tw(02|01).cern.ch|/DC=ch/DC=cern/OU=computers/CN=(ddi|ddidk|mytw).cern.ch|/DC=ch/DC=cern/OU=computers/CN=stefanov(m|m2).cern.ch
  trusted retrieval policy: /DC=ch/DC=cern/OU=computers/CN=vocms0105.cern.ch|/DC=ch/DC=cern/OU=computers/CN=crab-(preprod|prod|dev)-tw(02|01).cern.ch|/DC=ch/DC=cern/OU=computers/CN=(ddi|ddidk|mytw).cern.ch|/DC=ch/DC=cern/OU=computers/CN=stefanov(m|m2).cern.ch
  timeleft: 691:06:28  (28.8 days)

 error: 
 retcode : 0
DEBUG 2020-09-09 05:27:57.553 UTC: 	 Myproxy is valid: 2487988
DEBUG 2020-09-09 05:27:57.553 UTC: 	 Command use: status
DEBUG 2020-09-09 05:27:57.554 UTC: 	 Options use: ['-d', 'crab_projects/crab_semilept_ttbar_QCD_background_05']
DEBUG 2020-09-09 05:27:58.156 UTC: 	 CRABClient version: v3.200812
DEBUG 2020-09-09 05:27:58.156 UTC: 	 Instance is prod
DEBUG 2020-09-09 05:27:58.156 UTC: 	 Server base url is cmsweb.cern.ch
DEBUG 2020-09-09 05:27:58.156 UTC: 	 Command url /crabserver/prod/workflow
DEBUG 2020-09-09 05:27:58.799 UTC: 	 Got information from server oracle database: {u'result': [u'200909_052744:ecannaer_crab_semilept_ttbar_QCD_background_05', u'None', u'None', u'QUEUED', u'SUBMIT', u'2020-09-09 05:27:44.913583', u'None', u'None', u'None', u'CMSSW_10_2_4_patch1', u'slc7_amd64_gcc700', u'/TTToSemiLeptonic_TuneCP5_13TeV-powheg-pythia8/RunIIAutumn18MiniAOD-102X_upgrade2018_realistic_v15-v1/MINIAODSIM', u'F', u'0', u'[]', u'[]', u'Automatic', u"{'splitOnRun': False, 'minutes_per_job': 480, 'halt_job_on_file_boundaries': False, 'runs': [], 'lumis': []}", u'1926ce72552e9bbd386a7db03f817105fea352f925b8b086db93c4afc8651b62.tar.gz', u'https://cmsweb.cern.ch/crabcache', u'ecannaer', u'/DC=ch/DC=cern/OU=Organic Units/OU=Users/CN=ecannaer/CN=832417/CN=Ethan Cannaert', u'cms', u'None', u'None', u'semilept_ttbar_QCD_background-00000000000000000000000000000000', u'F', u'T3_US_FNALLPC', u'https://cmsweb.cern.ch/dbs/prod/global/DBSReader', u'https://cmsweb.cern.ch/dbs/prod/phys03/DBSWriter', u'F', u'[]', u"['QCD_ttbar_test.root']", u'[]', u'Analysis', u'pythia', u'None', u'{}', u'[]', u'F', u'crab-prod-tw01', u'[]', u'1250', u'1', u'2000', u'10', u'None', u'[]', u'None', u'None', u'[]', u'[]', u'https://cmsweb.cern.ch/crabserver/prod', u'cmsgwms-collector-global.cern.ch:9620,cmsgwms-collector-global.fnal.gov', u'None', u'F', u'[]', u'T', u'/store/user/ecannaer/', u'F', u'None', u'F', u'None', u'TTToSemiLeptonic_TuneCP5_13TeV-powheg-pythia8', u'None', u'892a199d7ab827d469f99a96731c97210aedefd7adfb695a92489b80a866ffac.tar.gz', u'None', u'filetransfers', u'F', u'131.225.189.149', u'0.0', u'None'], u'desc': {u'columns': [u'tm_taskname', u'tm_activity', u'panda_jobset_id', u'tm_task_status', u'tm_task_command', u'tm_start_time', u'tm_start_injection', u'tm_end_injection', u'tm_task_failure', u'tm_job_sw', u'tm_job_arch', u'tm_input_dataset', u'tm_nonvalid_input_dataset', u'tm_use_parent', u'tm_site_whitelist', u'tm_site_blacklist', u'tm_split_algo', u'tm_split_args', u'tm_user_sandbox', u'tm_cache_url', u'tm_username', u'tm_user_dn', u'tm_user_vo', u'tm_user_role', u'tm_user_group', u'tm_publish_name', u'tm_publish_groupname', u'tm_asyncdest', u'tm_dbs_url', u'tm_publish_dbs_url', u'tm_publication', u'tm_outfiles', u'tm_tfile_outfiles', u'tm_edm_outfiles', u'tm_job_type', u'tm_generator', u'tm_events_per_lumi', u'tm_arguments', u'panda_resubmitted_jobs', u'tm_save_logs', u'tw_name', u'tm_user_infiles', u'tm_maxjobruntime', u'tm_numcores', u'tm_maxmemory', u'tm_priority', u'tm_output_dataset', u'tm_task_warnings', u'tm_user_webdir', u'tm_scriptexe', u'tm_scriptargs', u'tm_extrajdl', u'tm_asourl', u'tm_collector', u'tm_schedd', u'tm_dry_run', u'tm_user_files', u'tm_transfer_outputs', u'tm_output_lfn', u'tm_ignore_locality', u'tm_fail_limit', u'tm_one_event_mode', u'tm_secondary_input_dataset', u'tm_primary_dataset', u'tm_last_publication', u'tm_debug_files', u'clusterid', u'tm_asodb', u'tm_ignore_global_blacklist', u'tm_submitter_ip_addr', u'tm_totalunits', u'tm_ddm_reqid']}}
INFO 2020-09-09 05:27:58.799 UTC: 	 CRAB project directory:		/uscms_data/d3/cannaert/src/thrust/CMSSW_10_2_4_patch1/src/crab_projects/crab_semilept_ttbar_QCD_background_05
INFO 2020-09-09 05:27:58.799 UTC: 	 Task name:			200909_052744:ecannaer_crab_semilept_ttbar_QCD_background_05
INFO 2020-09-09 05:27:58.800 UTC: 	 Grid scheduler - Task Worker:	N/A yet - crab-prod-tw01
INFO 2020-09-09 05:27:58.800 UTC: 	 Status on the CRAB server:	QUEUED on command SUBMIT
INFO 2020-09-09 05:27:58.800 UTC: 	 Task URL to use for HELP:	https://cmsweb.cern.ch/crabserver/ui/task/200909_052744%3Aecannaer_crab_semilept_ttbar_QCD_background_05
INFO 2020-09-09 05:27:59.053 UTC: 	 Dashboard monitoring URL:	https://monit-grafana.cern.ch/d/cmsTMDetail/cms-task-monitoring-task-view?orgId=11&var-user=ecannaer&var-task=200909_052744%3Aecannaer_crab_semilept_ttbar_QCD_background_05&from=1599629264000&to=now
INFO 2020-09-09 05:27:59.054 UTC: 	 In case of issues with the dashboard, please provide feedback to hn-cms-computing-tools@cern.ch
DEBUG 2020-09-09 05:27:59.054 UTC: 	 The task has not been submitted to the Grid scheduler yet. Not printing job information.
INFO 2020-09-09 05:27:59.070 UTC: 	 Log file is /uscms_data/d3/cannaert/src/thrust/CMSSW_10_2_4_patch1/src/crab_projects/crab_semilept_ttbar_QCD_background_05/crab.log
DEBUG 2020-09-09 05:53:55.612 UTC: 	 CRAB Client version: v3.200812
DEBUG 2020-09-09 05:53:55.613 UTC: 	 Running on: Linux cmslpc140.fnal.gov 3.10.0-1127.10.1.el7.x86_64 #1 SMP Tue Jun 2 10:05:57 CDT 2020 x86_64 x86_64 x86_64 GNU/Linux - Scientific Linux 7.8 (Nitrogen)
DEBUG 2020-09-09 05:53:55.613 UTC: 	 Executing command: 'status'
DEBUG 2020-09-09 05:53:55.621 UTC: 	 Found CRAB cache file /uscms/home/cannaert/.crab3
DEBUG 2020-09-09 05:53:55.661 UTC: 	 Checking credentials
DEBUG 2020-09-09 05:53:55.667 UTC: 	 Found proxy file /uscms/home/cannaert/x509up_u54552
DEBUG 2020-09-09 05:53:55.667 UTC: 	 Getting proxy life time left
DEBUG 2020-09-09 05:53:55.769 UTC: 	 Executing : 
 command : voms-proxy-info -file /uscms/home/cannaert/x509up_u54552 -timeleft
 output : 34857

 error: 
 retcode : 0
DEBUG 2020-09-09 05:53:55.871 UTC: 	 Executing : 
 command : voms-proxy-info -file /uscms/home/cannaert/x509up_u54552 -actimeleft
 output : 34857

 error: 
 retcode : 0
DEBUG 2020-09-09 05:53:55.872 UTC: 	 Proxy valid for 09:40:57 hours
DEBUG 2020-09-09 05:53:56.466 UTC: 	 Registering user credentials for server /DC=ch/DC=cern/OU=computers/CN=vocms0105.cern.ch|/DC=ch/DC=cern/OU=computers/CN=crab-(preprod|prod|dev)-tw(02|01).cern.ch|/DC=ch/DC=cern/OU=computers/CN=(ddi|ddidk|mytw).cern.ch|/DC=ch/DC=cern/OU=computers/CN=stefanov(m|m2).cern.ch
DEBUG 2020-09-09 05:53:56.572 UTC: 	 Executing : 
 command : voms-proxy-info -file /uscms/home/cannaert/x509up_u54552 -identity
 output : /DC=ch/DC=cern/OU=Organic Units/OU=Users/CN=ecannaer/CN=832417/CN=Ethan Cannaert

 error: 
 retcode : 0
DEBUG 2020-09-09 05:53:56.572 UTC: 	 Getting myproxy life time left for myproxy.cern.ch
DEBUG 2020-09-09 05:53:56.573 UTC: 	 Calculating hash of /DC=ch/DC=cern/OU=Organic Units/OU=Users/CN=ecannaer/CN=832417/CN=Ethan Cannaert_cmsweb.cern.ch for credential name
DEBUG 2020-09-09 05:53:57.777 UTC: 	 Executing : 
 command : myproxy-info -l dfb5f39d91e4adee325d1dda7edfeb9d4bdd1a42 -s myproxy.cern.ch
 output : username: dfb5f39d91e4adee325d1dda7edfeb9d4bdd1a42
owner: /DC=ch/DC=cern/OU=Organic Units/OU=Users/CN=ecannaer/CN=832417/CN=Ethan Cannaert
  renewal policy: /DC=ch/DC=cern/OU=computers/CN=vocms0105.cern.ch|/DC=ch/DC=cern/OU=computers/CN=crab-(preprod|prod|dev)-tw(02|01).cern.ch|/DC=ch/DC=cern/OU=computers/CN=(ddi|ddidk|mytw).cern.ch|/DC=ch/DC=cern/OU=computers/CN=stefanov(m|m2).cern.ch
  trusted retrieval policy: /DC=ch/DC=cern/OU=computers/CN=vocms0105.cern.ch|/DC=ch/DC=cern/OU=computers/CN=crab-(preprod|prod|dev)-tw(02|01).cern.ch|/DC=ch/DC=cern/OU=computers/CN=(ddi|ddidk|mytw).cern.ch|/DC=ch/DC=cern/OU=computers/CN=stefanov(m|m2).cern.ch
  timeleft: 690:40:17  (28.8 days)

 error: 
 retcode : 0
DEBUG 2020-09-09 05:53:57.778 UTC: 	 Myproxy is valid: 2486417
DEBUG 2020-09-09 05:53:57.779 UTC: 	 Retrieving username ...
DEBUG 2020-09-09 05:53:57.779 UTC: 	 Retrieving username from CRIC...
DEBUG 2020-09-09 05:54:00.175 UTC: 	 username is ecannaer
DEBUG 2020-09-09 05:54:00.179 UTC: 	 Getting myproxy life time left for myproxy.cern.ch
DEBUG 2020-09-09 05:54:00.179 UTC: 	 using ecannaer_CRAB as credential login name
DEBUG 2020-09-09 05:54:00.983 UTC: 	 Executing : 
 command : myproxy-info -l ecannaer_CRAB -s myproxy.cern.ch
 output : username: ecannaer_CRAB
owner: /DC=ch/DC=cern/OU=Organic Units/OU=Users/CN=ecannaer/CN=832417/CN=Ethan Cannaert
  renewal policy: /DC=ch/DC=cern/OU=computers/CN=vocms0105.cern.ch|/DC=ch/DC=cern/OU=computers/CN=crab-(preprod|prod|dev)-tw(02|01).cern.ch|/DC=ch/DC=cern/OU=computers/CN=(ddi|ddidk|mytw).cern.ch|/DC=ch/DC=cern/OU=computers/CN=stefanov(m|m2).cern.ch
  trusted retrieval policy: /DC=ch/DC=cern/OU=computers/CN=vocms0105.cern.ch|/DC=ch/DC=cern/OU=computers/CN=crab-(preprod|prod|dev)-tw(02|01).cern.ch|/DC=ch/DC=cern/OU=computers/CN=(ddi|ddidk|mytw).cern.ch|/DC=ch/DC=cern/OU=computers/CN=stefanov(m|m2).cern.ch
  timeleft: 690:40:25  (28.8 days)

 error: 
 retcode : 0
DEBUG 2020-09-09 05:54:00.983 UTC: 	 Myproxy is valid: 2486425
DEBUG 2020-09-09 05:54:00.983 UTC: 	 Command use: status
DEBUG 2020-09-09 05:54:00.983 UTC: 	 Options use: ['-d', 'crab_projects/crab_semilept_ttbar_QCD_background_05']
DEBUG 2020-09-09 05:54:01.570 UTC: 	 CRABClient version: v3.200812
DEBUG 2020-09-09 05:54:01.570 UTC: 	 Instance is prod
DEBUG 2020-09-09 05:54:01.570 UTC: 	 Server base url is cmsweb.cern.ch
DEBUG 2020-09-09 05:54:01.570 UTC: 	 Command url /crabserver/prod/workflow
DEBUG 2020-09-09 05:54:02.155 UTC: 	 Got information from server oracle database: {u'result': [u'200909_052744:ecannaer_crab_semilept_ttbar_QCD_background_05', u'None', u'None', u'SUBMITTED', u'SUBMIT', u'2020-09-09 05:27:44.913583', u'None', u'2020-09-09 05:28:27.272114', u'None', u'CMSSW_10_2_4_patch1', u'slc7_amd64_gcc700', u'/TTToSemiLeptonic_TuneCP5_13TeV-powheg-pythia8/RunIIAutumn18MiniAOD-102X_upgrade2018_realistic_v15-v1/MINIAODSIM', u'F', u'0', u'[]', u'[]', u'Automatic', u"{'splitOnRun': False, 'minutes_per_job': 480, 'halt_job_on_file_boundaries': False, 'runs': [], 'lumis': []}", u'1926ce72552e9bbd386a7db03f817105fea352f925b8b086db93c4afc8651b62.tar.gz', u'https://cmsweb.cern.ch/crabcache', u'ecannaer', u'/DC=ch/DC=cern/OU=Organic Units/OU=Users/CN=ecannaer/CN=832417/CN=Ethan Cannaert', u'cms', u'None', u'None', u'semilept_ttbar_QCD_background-00000000000000000000000000000000', u'F', u'T3_US_FNALLPC', u'https://cmsweb.cern.ch/dbs/prod/global/DBSReader', u'https://cmsweb.cern.ch/dbs/prod/phys03/DBSWriter', u'F', u'[]', u"['QCD_ttbar_test.root']", u'[]', u'Analysis', u'pythia', u'None', u'{}', u'[]', u'F', u'crab-prod-tw01', u'[]', u'1250', u'1', u'2000', u'10', u'None', u'[]', u'http://vocms0195.cern.ch/mon/cms838/200909_052744:ecannaer_crab_semilept_ttbar_QCD_background_05', u'None', u'[]', u'[]', u'https://cmsweb.cern.ch/crabserver/prod', u'cmsgwms-collector-global.cern.ch:9620,cmsgwms-collector-global.fnal.gov', u'crab3@vocms0195.cern.ch', u'F', u'[]', u'T', u'/store/user/ecannaer/', u'F', u'None', u'F', u'None', u'TTToSemiLeptonic_TuneCP5_13TeV-powheg-pythia8', u'None', u'892a199d7ab827d469f99a96731c97210aedefd7adfb695a92489b80a866ffac.tar.gz', u'55229906', u'filetransfers', u'F', u'131.225.189.149', u'0.0', u'None'], u'desc': {u'columns': [u'tm_taskname', u'tm_activity', u'panda_jobset_id', u'tm_task_status', u'tm_task_command', u'tm_start_time', u'tm_start_injection', u'tm_end_injection', u'tm_task_failure', u'tm_job_sw', u'tm_job_arch', u'tm_input_dataset', u'tm_nonvalid_input_dataset', u'tm_use_parent', u'tm_site_whitelist', u'tm_site_blacklist', u'tm_split_algo', u'tm_split_args', u'tm_user_sandbox', u'tm_cache_url', u'tm_username', u'tm_user_dn', u'tm_user_vo', u'tm_user_role', u'tm_user_group', u'tm_publish_name', u'tm_publish_groupname', u'tm_asyncdest', u'tm_dbs_url', u'tm_publish_dbs_url', u'tm_publication', u'tm_outfiles', u'tm_tfile_outfiles', u'tm_edm_outfiles', u'tm_job_type', u'tm_generator', u'tm_events_per_lumi', u'tm_arguments', u'panda_resubmitted_jobs', u'tm_save_logs', u'tw_name', u'tm_user_infiles', u'tm_maxjobruntime', u'tm_numcores', u'tm_maxmemory', u'tm_priority', u'tm_output_dataset', u'tm_task_warnings', u'tm_user_webdir', u'tm_scriptexe', u'tm_scriptargs', u'tm_extrajdl', u'tm_asourl', u'tm_collector', u'tm_schedd', u'tm_dry_run', u'tm_user_files', u'tm_transfer_outputs', u'tm_output_lfn', u'tm_ignore_locality', u'tm_fail_limit', u'tm_one_event_mode', u'tm_secondary_input_dataset', u'tm_primary_dataset', u'tm_last_publication', u'tm_debug_files', u'clusterid', u'tm_asodb', u'tm_ignore_global_blacklist', u'tm_submitter_ip_addr', u'tm_totalunits', u'tm_ddm_reqid']}}
INFO 2020-09-09 05:54:02.155 UTC: 	 CRAB project directory:		/uscms_data/d3/cannaert/src/thrust/CMSSW_10_2_4_patch1/src/crab_projects/crab_semilept_ttbar_QCD_background_05
INFO 2020-09-09 05:54:02.156 UTC: 	 Task name:			200909_052744:ecannaer_crab_semilept_ttbar_QCD_background_05
INFO 2020-09-09 05:54:02.156 UTC: 	 Grid scheduler - Task Worker:	crab3@vocms0195.cern.ch - crab-prod-tw01
INFO 2020-09-09 05:54:02.156 UTC: 	 Status on the CRAB server:	SUBMITTED
INFO 2020-09-09 05:54:02.156 UTC: 	 Task URL to use for HELP:	https://cmsweb.cern.ch/crabserver/ui/task/200909_052744%3Aecannaer_crab_semilept_ttbar_QCD_background_05
INFO 2020-09-09 05:54:02.160 UTC: 	 Dashboard monitoring URL:	https://monit-grafana.cern.ch/d/cmsTMDetail/cms-task-monitoring-task-view?orgId=11&var-user=ecannaer&var-task=200909_052744%3Aecannaer_crab_semilept_ttbar_QCD_background_05&from=1599629264000&to=now
INFO 2020-09-09 05:54:02.160 UTC: 	 In case of issues with the dashboard, please provide feedback to hn-cms-computing-tools@cern.ch
DEBUG 2020-09-09 05:54:02.160 UTC: 	 The CRAB server submitted your task to the Grid scheduler (cluster ID: 55229906)
DEBUG 2020-09-09 05:54:02.160 UTC: 	 Webdir is located at http://vocms0195.cern.ch/mon/cms838/200909_052744:ecannaer_crab_semilept_ttbar_QCD_background_05
DEBUG 2020-09-09 05:54:02.810 UTC: 	 Proxied webdir is located at https://cmsweb.cern.ch/scheddmon/0195/cms838/200909_052744:ecannaer_crab_semilept_ttbar_QCD_background_05
DEBUG 2020-09-09 05:54:02.810 UTC: 	 Retrieving 'status_cache' file from https://cmsweb.cern.ch/scheddmon/0195/cms838/200909_052744:ecannaer_crab_semilept_ttbar_QCD_background_05/status_cache
DEBUG 2020-09-09 05:54:03.379 UTC: 	 Got information from status cache file: {'0-4': {'Retries': 0, 'WallDurations': [10.0, 614.0], 'StartTimes': [1599629458.0], 'SubmitTimes': [1599629320.0], 'JobIds': ['55229911.0'], 'EndTimes': [1599630072.0], 'Restarts': 0, 'RecordedSite': True, 'State': 'failed', 'ResidentSetSize': [4545308], 'Error': [50660, 'Job killed by HTCondor due to excessive memory use (RSS=4750 MB). Will not retry it.', {}], 'TotalUserCpuTimeHistory': [311.0], 'SiteHistory': ['Unknown', 'T2_US_Wisconsin'], 'TotalSysCpuTimeHistory': [43.0]}, '0-5': {'Retries': 0, 'WallDurations': [9.0, 614.0], 'StartTimes': [1599629458.0], 'SubmitTimes': [1599629320.0], 'JobIds': ['55229912.0'], 'EndTimes': [1599630072.0], 'Restarts': 0, 'RecordedSite': True, 'State': 'failed', 'ResidentSetSize': [4159888], 'Error': [50660, 'Job killed by HTCondor due to excessive memory use (RSS=4250 MB). Will not retry it.', {}], 'TotalUserCpuTimeHistory': [293.0], 'SiteHistory': ['Unknown', 'T2_US_Wisconsin'], 'TotalSysCpuTimeHistory': [60.0]}, '0-1': {'Retries': 0, 'WallDurations': [10.0, 614.0], 'StartTimes': [1599629462.0], 'SubmitTimes': [1599629319.0], 'JobIds': ['55229909.0'], 'EndTimes': [1599630076.0], 'Restarts': 0, 'RecordedSite': True, 'State': 'failed', 'ResidentSetSize': [3925804], 'Error': [50660, 'Job killed by HTCondor due to excessive memory use (RSS=4000 MB). Will not retry it.', {}], 'TotalUserCpuTimeHistory': [252.0], 'SiteHistory': ['Unknown', 'T2_US_Nebraska'], 'TotalSysCpuTimeHistory': [17.0]}, '0-2': {'Retries': 0, 'WallDurations': [9.0, 611.0], 'StartTimes': [1599629460.0], 'SubmitTimes': [1599629319.0], 'JobIds': ['55229908.0'], 'EndTimes': [1599630071.0], 'Restarts': 0, 'RecordedSite': True, 'State': 'failed', 'ResidentSetSize': [4722192], 'Error': [50660, 'Job killed by HTCondor due to excessive memory use (RSS=4750 MB). Will not retry it.', {}], 'TotalUserCpuTimeHistory': [230.0], 'SiteHistory': ['Unknown', 'T2_US_Florida'], 'TotalSysCpuTimeHistory': [14.0]}, '0-3': {'Retries': 0, 'WallDurations': [9.0, 614.0], 'StartTimes': [1599629471.0], 'SubmitTimes': [1599629319.0], 'JobIds': ['55229910.0'], 'EndTimes': [1599630085.0], 'Restarts': 0, 'RecordedSite': True, 'State': 'failed', 'ResidentSetSize': [2112752], 'Error': [50660, 'Job killed by HTCondor due to excessive memory use (RSS=2250 MB). Will not retry it.', {}], 'TotalUserCpuTimeHistory': [120.0], 'SiteHistory': ['Unknown', 'T2_US_Caltech'], 'TotalSysCpuTimeHistory': [7.0]}}
INFO 2020-09-09 05:54:03.379 UTC: 	 Status on the scheduler:	FAILED
INFO 2020-09-09 05:54:03.379 UTC: 	 
The job splitting of this task is 'Automatic', please refer to this FAQ for a description of the jobs status summary:
https://twiki.cern.ch/twiki/bin/view/CMSPublic/CRAB3FAQ#What_is_the_Automatic_splitting
INFO 2020-09-09 05:54:03.379 UTC: 	 Probe stage log:		https://cmsweb.cern.ch/scheddmon/0195/cms838/200909_052744:ecannaer_crab_semilept_ttbar_QCD_background_05/AutomaticSplitting_Log0.txt
INFO 2020-09-09 05:54:03.379 UTC: 	 
No publication information (publication has been disabled in the CRAB configuration file)
INFO 2020-09-09 05:54:03.382 UTC: 	 Log file is /uscms_data/d3/cannaert/src/thrust/CMSSW_10_2_4_patch1/src/crab_projects/crab_semilept_ttbar_QCD_background_05/crab.log
