DEBUG 2020-12-01 01:22:11.939 UTC: 	 CRAB Client version: v3.201110
DEBUG 2020-12-01 01:22:11.939 UTC: 	 Running on: Linux cmslpc130.fnal.gov 3.10.0-1127.19.1.el7.x86_64 #1 SMP Thu Aug 20 14:39:03 CDT 2020 x86_64 x86_64 x86_64 GNU/Linux - Scientific Linux 7.9 (Nitrogen)
DEBUG 2020-12-01 01:22:11.939 UTC: 	 Executing command: 'submit'
DEBUG 2020-12-01 01:22:11.940 UTC: 	 Found CRAB cache file /uscms/home/cannaert/.crab3
INFO 2020-12-01 01:22:11.942 UTC: 	 Will use CRAB configuration file crab_diquark_QCD_ccfg.py
DEBUG 2020-12-01 01:22:11.942 UTC: 	 Loading CRAB configuration file.
DEBUG 2020-12-01 01:22:11.952 UTC: 	 Will use CRAB Analysis plugin (i.e. will run an analysis job type).
DEBUG 2020-12-01 01:22:11.969 UTC: 	 Checking credentials
DEBUG 2020-12-01 01:22:11.970 UTC: 	 Found proxy file /uscms/home/cannaert/x509up_u54552
DEBUG 2020-12-01 01:22:11.970 UTC: 	 Getting proxy life time left
DEBUG 2020-12-01 01:22:12.074 UTC: 	 Executing : 
 command : voms-proxy-info -file /uscms/home/cannaert/x509up_u54552 -timeleft
 output : 40692

 error: 
 retcode : 0
DEBUG 2020-12-01 01:22:12.180 UTC: 	 Executing : 
 command : voms-proxy-info -file /uscms/home/cannaert/x509up_u54552 -actimeleft
 output : 40692

 error: 
 retcode : 0
DEBUG 2020-12-01 01:22:12.181 UTC: 	 Proxy valid for 11:18:12 hours
DEBUG 2020-12-01 01:22:12.285 UTC: 	 Executing : 
 command : env X509_USER_PROXY=/uscms/home/cannaert/x509up_u54552 voms-proxy-info -fqan
 output : /cms/Role=NULL/Capability=NULL

 error: 
 retcode : 0
DEBUG 2020-12-01 01:22:12.860 UTC: 	 Registering user credentials for server /DC=ch/DC=cern/OU=computers/CN=vocms0105.cern.ch|/DC=ch/DC=cern/OU=computers/CN=crab-(preprod|prod|dev)-tw(02|01).cern.ch|/DC=ch/DC=cern/OU=computers/CN=(ddi|ddidk|mytw).cern.ch|/DC=ch/DC=cern/OU=computers/CN=stefanov(m|m2).cern.ch
DEBUG 2020-12-01 01:22:12.967 UTC: 	 Executing : 
 command : voms-proxy-info -file /uscms/home/cannaert/x509up_u54552 -identity
 output : /DC=ch/DC=cern/OU=Organic Units/OU=Users/CN=ecannaer/CN=832417/CN=Ethan Cannaert

 error: 
 retcode : 0
DEBUG 2020-12-01 01:22:12.971 UTC: 	 Getting myproxy life time left for myproxy.cern.ch
DEBUG 2020-12-01 01:22:12.971 UTC: 	 using b7b51e0178e197a43a1d723fd43ab6570e42a3d5 as credential login name
DEBUG 2020-12-01 01:22:13.977 UTC: 	 Executing : 
 command : myproxy-info -l b7b51e0178e197a43a1d723fd43ab6570e42a3d5 -s myproxy.cern.ch
 output : username: b7b51e0178e197a43a1d723fd43ab6570e42a3d5
owner: /DC=ch/DC=cern/OU=Organic Units/OU=Users/CN=ecannaer/CN=832417/CN=Ethan Cannaert
  renewal policy: /DC=ch/DC=cern/OU=computers/CN=vocms0105.cern.ch|/DC=ch/DC=cern/OU=computers/CN=crab-(preprod|prod|dev)-tw(02|01).cern.ch|/DC=ch/DC=cern/OU=computers/CN=(ddi|ddidk|mytw).cern.ch|/DC=ch/DC=cern/OU=computers/CN=stefanov(m|m2).cern.ch
  trusted retrieval policy: /DC=ch/DC=cern/OU=computers/CN=vocms0105.cern.ch|/DC=ch/DC=cern/OU=computers/CN=crab-(preprod|prod|dev)-tw(02|01).cern.ch|/DC=ch/DC=cern/OU=computers/CN=(ddi|ddidk|mytw).cern.ch|/DC=ch/DC=cern/OU=computers/CN=stefanov(m|m2).cern.ch
  timeleft: 719:31:09  (30.0 days)

 error: 
 retcode : 0
DEBUG 2020-12-01 01:22:13.977 UTC: 	 Myproxy is valid: 2590269
DEBUG 2020-12-01 01:22:13.977 UTC: 	 Retrieving username ...
DEBUG 2020-12-01 01:22:13.978 UTC: 	 Retrieving username from CRIC...
DEBUG 2020-12-01 01:22:15.416 UTC: 	 username is ecannaer
DEBUG 2020-12-01 01:22:15.420 UTC: 	 Getting myproxy life time left for myproxy.cern.ch
DEBUG 2020-12-01 01:22:15.420 UTC: 	 using ecannaer_CRAB as credential login name
DEBUG 2020-12-01 01:22:16.426 UTC: 	 Executing : 
 command : myproxy-info -l ecannaer_CRAB -s myproxy.cern.ch
 output : username: ecannaer_CRAB
owner: /DC=ch/DC=cern/OU=Organic Units/OU=Users/CN=ecannaer/CN=832417/CN=Ethan Cannaert
  renewal policy: /DC=ch/DC=cern/OU=computers/CN=vocms0105.cern.ch|/DC=ch/DC=cern/OU=computers/CN=crab-(preprod|prod|dev)-tw(02|01).cern.ch|/DC=ch/DC=cern/OU=computers/CN=(ddi|ddidk|mytw).cern.ch|/DC=ch/DC=cern/OU=computers/CN=stefanov(m|m2).cern.ch
  trusted retrieval policy: /DC=ch/DC=cern/OU=computers/CN=vocms0105.cern.ch|/DC=ch/DC=cern/OU=computers/CN=crab-(preprod|prod|dev)-tw(02|01).cern.ch|/DC=ch/DC=cern/OU=computers/CN=(ddi|ddidk|mytw).cern.ch|/DC=ch/DC=cern/OU=computers/CN=stefanov(m|m2).cern.ch
  timeleft: 719:31:16  (30.0 days)

 error: 
 retcode : 0
DEBUG 2020-12-01 01:22:16.426 UTC: 	 Myproxy is valid: 2590276
DEBUG 2020-12-01 01:22:16.426 UTC: 	 Result of myproxy credential check:
  Credential exists on myproxy: username: b7b51e0178e197a43a1d723fd43ab6570e42a3d5  - validity: 29 days, 23:31:09
  Credential exists on myproxy: username: ecannaer_CRAB  - validity: 29 days, 23:31:16
DEBUG 2020-12-01 01:22:16.426 UTC: 	 Command use: submit
DEBUG 2020-12-01 01:22:16.426 UTC: 	 Options use: ['-c', 'crab_diquark_QCD_ccfg.py']
DEBUG 2020-12-01 01:22:16.992 UTC: 	 CRABClient version: v3.201110
DEBUG 2020-12-01 01:22:16.992 UTC: 	 Instance is prod
DEBUG 2020-12-01 01:22:16.992 UTC: 	 Server base url is cmsweb.cern.ch
DEBUG 2020-12-01 01:22:16.992 UTC: 	 Command url /crabserver/prod/workflow
DEBUG 2020-12-01 01:22:16.992 UTC: 	 Started submission
DEBUG 2020-12-01 01:22:16.992 UTC: 	 Working on /uscms_data/d3/cannaert/src/thrust/CMSSW_10_6_0/src/crab_projects/crab_diquark_QCD_background_700to1000_MC_0000
DEBUG 2020-12-01 01:22:17.626 UTC: 	 Loading required information from the environment
DEBUG 2020-12-01 01:22:17.626 UTC: 	 Found CMSSW_10_6_0 for slc7_amd64_gcc820 with base /uscms_data/d3/cannaert/src/thrust/CMSSW_10_6_0
DEBUG 2020-12-01 01:22:17.626 UTC: 	 Loading required information from the environment
DEBUG 2020-12-01 01:22:17.626 UTC: 	 Found CMSSW_10_6_0 for slc7_amd64_gcc820 with base /uscms_data/d3/cannaert/src/thrust/CMSSW_10_6_0
DEBUG 2020-12-01 01:22:17.626 UTC: 	 UNIQUE NAME: tarUUID a1f836d0-0ef6-4fed-8568-612b67ab1c00 
DEBUG 2020-12-01 01:22:17.626 UTC: 	 self.config: from WMCore.Configuration import Configuration
config = Configuration()
config.section_('General')
config.General.transferOutputs = True
config.General.workArea = 'crab_projects'
config.General.requestName = 'diquark_QCD_background_700to1000_MC_0000'
config.section_('JobType')
config.JobType.psetName = '/uscms_data/d3/cannaert/src/thrust/CMSSW_10_6_0/src/diquarkAnalyzer_cfg.py'
config.JobType.pluginName = 'Analysis'
config.JobType.allowUndistributedCMSSW = True
config.section_('Data')
config.Data.inputDataset = '/QCD_HT700to1000_TuneCP5_13TeV-madgraphMLM-pythia8/RunIIAutumn18MiniAOD-102X_upgrade2018_realistic_v15-v1/MINIAODSIM'
config.Data.outputDatasetTag = 'diquark_QCD_background'
config.Data.publication = False
config.Data.unitsPerJob = 10
config.Data.splitting = 'FileBased'
config.Data.inputDBS = 'global'
config.section_('Site')
config.Site.storageSite = 'T3_US_FNALLPC'
config.section_('User')
config.section_('Debug')

DEBUG 2020-12-01 01:22:17.626 UTC: 	 self.config.JobType.psetName: /uscms_data/d3/cannaert/src/thrust/CMSSW_10_6_0/src/diquarkAnalyzer_cfg.py
INFO 2020-12-01 01:22:17.627 UTC: 	 Importing CMSSW configuration /uscms_data/d3/cannaert/src/thrust/CMSSW_10_6_0/src/diquarkAnalyzer_cfg.py
INFO 2020-12-01 01:22:18.232 UTC: 	 Finished importing CMSSW configuration /uscms_data/d3/cannaert/src/thrust/CMSSW_10_6_0/src/diquarkAnalyzer_cfg.py
DEBUG 2020-12-01 01:22:18.232 UTC: 	 Writing CMSSW configuration to /uscms_data/d3/cannaert/src/thrust/CMSSW_10_6_0/src/crab_projects/crab_diquark_QCD_background_700to1000_MC_0000/inputs/PSet.py
DEBUG 2020-12-01 01:22:18.281 UTC: 	 The following EDM output files will be collected: []
DEBUG 2020-12-01 01:22:18.281 UTC: 	 The following TFile output files will be collected: ['diquark_QCD_BR_MC.root']
DEBUG 2020-12-01 01:22:18.281 UTC: 	 The following user output files (not listed as PoolOuputModule or TFileService in the CMSSW PSet) will be collected: 
DEBUG 2020-12-01 01:22:18.281 UTC: 	 Loading required information from the environment
DEBUG 2020-12-01 01:22:18.281 UTC: 	 Found CMSSW_10_6_0 for slc7_amd64_gcc820 with base /uscms_data/d3/cannaert/src/thrust/CMSSW_10_6_0
DEBUG 2020-12-01 01:22:18.281 UTC: 	 Making tarball in /uscms_data/d3/cannaert/src/thrust/CMSSW_10_6_0/src/crab_projects/crab_diquark_QCD_background_700to1000_MC_0000/inputs/a1f836d0-0ef6-4fed-8568-612b67ab1c00default.tgz
DEBUG 2020-12-01 01:22:18.282 UTC: 	 Checking directory /uscms_data/d3/cannaert/src/thrust/CMSSW_10_6_0/lib
DEBUG 2020-12-01 01:22:18.283 UTC: 	 Adding directory /uscms_data/d3/cannaert/src/thrust/CMSSW_10_6_0/lib to tarball
DEBUG 2020-12-01 01:22:18.296 UTC: 	 Checking directory /uscms_data/d3/cannaert/src/thrust/CMSSW_10_6_0/biglib
DEBUG 2020-12-01 01:22:18.296 UTC: 	 Adding directory /uscms_data/d3/cannaert/src/thrust/CMSSW_10_6_0/biglib to tarball
DEBUG 2020-12-01 01:22:18.297 UTC: 	 Checking directory /uscms_data/d3/cannaert/src/thrust/CMSSW_10_6_0/module
DEBUG 2020-12-01 01:22:18.407 UTC: 	 Uploading archive /uscms_data/d3/cannaert/src/thrust/CMSSW_10_6_0/src/crab_projects/crab_diquark_QCD_background_700to1000_MC_0000/inputs/a1f836d0-0ef6-4fed-8568-612b67ab1c00default.tgz (102 KB) to the CRAB cache. Using URI https://cmsweb-k8s-prod.cern.ch/crabcache
DEBUG 2020-12-01 01:22:19.364 UTC: 	 Loading required information from the environment
DEBUG 2020-12-01 01:22:19.365 UTC: 	 Found CMSSW_10_6_0 for slc7_amd64_gcc820 with base /uscms_data/d3/cannaert/src/thrust/CMSSW_10_6_0
DEBUG 2020-12-01 01:22:19.365 UTC: 	 Making tarball in /uscms_data/d3/cannaert/src/thrust/CMSSW_10_6_0/src/crab_projects/crab_diquark_QCD_background_700to1000_MC_0000/inputs/debugFiles.tgz
DEBUG 2020-12-01 01:22:19.371 UTC: 	 Uploading archive /uscms_data/d3/cannaert/src/thrust/CMSSW_10_6_0/src/crab_projects/crab_diquark_QCD_background_700to1000_MC_0000/inputs/debugFiles.tgz (1 KB) to the CRAB cache. Using URI https://cmsweb-k8s-prod.cern.ch/crabcache
DEBUG 2020-12-01 01:22:20.053 UTC: 	 Result uploading input files: ddb6c86ea4a217e8c85154c7caaacad32b2969eaf74e6c363fc05bba8f8aa807.tar.gz 
INFO 2020-12-01 01:22:20.053 UTC: 	 Sending the request to the server at cmsweb.cern.ch
DEBUG 2020-12-01 01:22:20.053 UTC: 	 Submitting {'maxjobruntime': 1250, 'extrajdl': [], 'ignorelocality': 0, 'savelogsflag': 0, 'useparent': 0, 'asyncdest': 'T3_US_FNALLPC', 'algoargs': 10, 'cachefilename': 'ddb6c86ea4a217e8c85154c7caaacad32b2969eaf74e6c363fc05bba8f8aa807.tar.gz', 'numcores': 1, 'addoutputfiles': [], 'generator': 'pythia', 'maxmemory': 2000, 'publishdbsurl': 'https://cmsweb.cern.ch/dbs/prod/phys03/DBSWriter', 'priority': 10, 'jobsw': 'CMSSW_10_6_0', 'edmoutfiles': [], 'userfiles': [], 'primarydataset': '', 'inputdata': '/QCD_HT700to1000_TuneCP5_13TeV-madgraphMLM-pythia8/RunIIAutumn18MiniAOD-102X_upgrade2018_realistic_v15-v1/MINIAODSIM', 'dryrun': 0, 'workflow': 'crab_diquark_QCD_background_700to1000_MC_0000', 'cacheurl': u'https://cmsweb-k8s-prod.cern.ch/crabcache', 'nonprodsw': 1, 'tfileoutfiles': ['diquark_QCD_BR_MC.root'], 'oneEventMode': 0, 'debugfilename': 'd954b9ac3e4ff4d2b88cf92ed48a339c4311c86a7f9f33fc6dbf3d863030aab2.tar.gz', 'saveoutput': 1, 'publication': 0, 'jobarch': 'slc7_amd64_gcc820', 'totalunits': 0, 'splitalgo': 'FileBased', 'ignoreglobalblacklist': 0, 'nonvaliddata': 0, 'dbsurl': 'https://cmsweb.cern.ch/dbs/prod/global/DBSReader', 'publishgroupname': 0, 'jobtype': 'Analysis', 'publishname2': 'diquark_QCD_background'} 
DEBUG 2020-12-01 01:22:20.053 UTC: 	 Encoded submit request: maxjobruntime=1250&ignorelocality=0&savelogsflag=0&useparent=0&asyncdest=T3_US_FNALLPC&algoargs=10&cachefilename=ddb6c86ea4a217e8c85154c7caaacad32b2969eaf74e6c363fc05bba8f8aa807.tar.gz&numcores=1&generator=pythia&maxmemory=2000&publishdbsurl=https%3A%2F%2Fcmsweb.cern.ch%2Fdbs%2Fprod%2Fphys03%2FDBSWriter&priority=10&jobsw=CMSSW_10_6_0&primarydataset=&inputdata=%2FQCD_HT700to1000_TuneCP5_13TeV-madgraphMLM-pythia8%2FRunIIAutumn18MiniAOD-102X_upgrade2018_realistic_v15-v1%2FMINIAODSIM&dryrun=0&workflow=crab_diquark_QCD_background_700to1000_MC_0000&cacheurl=https%3A%2F%2Fcmsweb-k8s-prod.cern.ch%2Fcrabcache&nonprodsw=1&oneEventMode=0&debugfilename=d954b9ac3e4ff4d2b88cf92ed48a339c4311c86a7f9f33fc6dbf3d863030aab2.tar.gz&saveoutput=1&publication=0&jobarch=slc7_amd64_gcc820&totalunits=0&splitalgo=FileBased&ignoreglobalblacklist=0&nonvaliddata=0&dbsurl=https%3A%2F%2Fcmsweb.cern.ch%2Fdbs%2Fprod%2Fglobal%2FDBSReader&publishgroupname=0&jobtype=Analysis&publishname2=diquark_QCD_background&tfileoutfiles=diquark_QCD_BR_MC.root
DEBUG 2020-12-01 01:22:20.652 UTC: 	 Result: {u'result': [{u'RequestName': u'201201_012220:ecannaer_crab_diquark_QCD_background_700to1000_MC_0000'}]}
INFO 2020-12-01 01:22:20.658 UTC: 	 Success: Your task has been delivered to the prod CRAB3 server.
INFO 2020-12-01 01:22:20.658 UTC: 	 Task name: 201201_012220:ecannaer_crab_diquark_QCD_background_700to1000_MC_0000
INFO 2020-12-01 01:22:20.658 UTC: 	 Project dir: crab_projects/crab_diquark_QCD_background_700to1000_MC_0000
INFO 2020-12-01 01:22:20.658 UTC: 	 Please use ' crab status -d crab_projects/crab_diquark_QCD_background_700to1000_MC_0000 ' to check how the submission process proceeds.
DEBUG 2020-12-01 01:22:20.659 UTC: 	 About to return
INFO 2020-12-01 01:22:20.661 UTC: 	 Log file is /uscms_data/d3/cannaert/src/thrust/CMSSW_10_6_0/src/crab_projects/crab_diquark_QCD_background_700to1000_MC_0000/crab.log
DEBUG 2020-12-01 04:13:01.044 UTC: 	 CRAB Client version: v3.201110
DEBUG 2020-12-01 04:13:01.044 UTC: 	 Running on: Linux cmslpc128.fnal.gov 3.10.0-1127.19.1.el7.x86_64 #1 SMP Thu Aug 20 14:39:03 CDT 2020 x86_64 x86_64 x86_64 GNU/Linux - Scientific Linux 7.9 (Nitrogen)
DEBUG 2020-12-01 04:13:01.044 UTC: 	 Executing command: 'status'
DEBUG 2020-12-01 04:13:01.045 UTC: 	 Found CRAB cache file /uscms/home/cannaert/.crab3
DEBUG 2020-12-01 04:13:01.278 UTC: 	 Checking credentials
DEBUG 2020-12-01 04:13:01.279 UTC: 	 Found proxy file /uscms/home/cannaert/x509up_u54552
DEBUG 2020-12-01 04:13:01.279 UTC: 	 Getting proxy life time left
DEBUG 2020-12-01 04:13:01.383 UTC: 	 Executing : 
 command : voms-proxy-info -file /uscms/home/cannaert/x509up_u54552 -timeleft
 output : 43118

 error: 
 retcode : 0
DEBUG 2020-12-01 04:13:01.487 UTC: 	 Executing : 
 command : voms-proxy-info -file /uscms/home/cannaert/x509up_u54552 -actimeleft
 output : 43118

 error: 
 retcode : 0
DEBUG 2020-12-01 04:13:01.488 UTC: 	 Proxy valid for 11:58:38 hours
DEBUG 2020-12-01 04:13:02.060 UTC: 	 Registering user credentials for server /DC=ch/DC=cern/OU=computers/CN=vocms0105.cern.ch|/DC=ch/DC=cern/OU=computers/CN=crab-(preprod|prod|dev)-tw(02|01).cern.ch|/DC=ch/DC=cern/OU=computers/CN=(ddi|ddidk|mytw).cern.ch|/DC=ch/DC=cern/OU=computers/CN=stefanov(m|m2).cern.ch
DEBUG 2020-12-01 04:13:02.167 UTC: 	 Executing : 
 command : voms-proxy-info -file /uscms/home/cannaert/x509up_u54552 -identity
 output : /DC=ch/DC=cern/OU=Organic Units/OU=Users/CN=ecannaer/CN=832417/CN=Ethan Cannaert

 error: 
 retcode : 0
DEBUG 2020-12-01 04:13:02.172 UTC: 	 Getting myproxy life time left for myproxy.cern.ch
DEBUG 2020-12-01 04:13:02.172 UTC: 	 using b7b51e0178e197a43a1d723fd43ab6570e42a3d5 as credential login name
DEBUG 2020-12-01 04:13:03.077 UTC: 	 Executing : 
 command : myproxy-info -l b7b51e0178e197a43a1d723fd43ab6570e42a3d5 -s myproxy.cern.ch
 output : username: b7b51e0178e197a43a1d723fd43ab6570e42a3d5
owner: /DC=ch/DC=cern/OU=Organic Units/OU=Users/CN=ecannaer/CN=832417/CN=Ethan Cannaert
  renewal policy: /DC=ch/DC=cern/OU=computers/CN=vocms0105.cern.ch|/DC=ch/DC=cern/OU=computers/CN=crab-(preprod|prod|dev)-tw(02|01).cern.ch|/DC=ch/DC=cern/OU=computers/CN=(ddi|ddidk|mytw).cern.ch|/DC=ch/DC=cern/OU=computers/CN=stefanov(m|m2).cern.ch
  trusted retrieval policy: /DC=ch/DC=cern/OU=computers/CN=vocms0105.cern.ch|/DC=ch/DC=cern/OU=computers/CN=crab-(preprod|prod|dev)-tw(02|01).cern.ch|/DC=ch/DC=cern/OU=computers/CN=(ddi|ddidk|mytw).cern.ch|/DC=ch/DC=cern/OU=computers/CN=stefanov(m|m2).cern.ch
  timeleft: 716:40:19  (29.9 days)

 error: 
 retcode : 0
DEBUG 2020-12-01 04:13:03.078 UTC: 	 Myproxy is valid: 2580019
DEBUG 2020-12-01 04:13:03.078 UTC: 	 Retrieving username ...
DEBUG 2020-12-01 04:13:03.079 UTC: 	 Retrieving username from CRIC...
DEBUG 2020-12-01 04:13:05.790 UTC: 	 username is ecannaer
DEBUG 2020-12-01 04:13:05.795 UTC: 	 Getting myproxy life time left for myproxy.cern.ch
DEBUG 2020-12-01 04:13:05.795 UTC: 	 using ecannaer_CRAB as credential login name
DEBUG 2020-12-01 04:13:06.701 UTC: 	 Executing : 
 command : myproxy-info -l ecannaer_CRAB -s myproxy.cern.ch
 output : username: ecannaer_CRAB
owner: /DC=ch/DC=cern/OU=Organic Units/OU=Users/CN=ecannaer/CN=832417/CN=Ethan Cannaert
  renewal policy: /DC=ch/DC=cern/OU=computers/CN=vocms0105.cern.ch|/DC=ch/DC=cern/OU=computers/CN=crab-(preprod|prod|dev)-tw(02|01).cern.ch|/DC=ch/DC=cern/OU=computers/CN=(ddi|ddidk|mytw).cern.ch|/DC=ch/DC=cern/OU=computers/CN=stefanov(m|m2).cern.ch
  trusted retrieval policy: /DC=ch/DC=cern/OU=computers/CN=vocms0105.cern.ch|/DC=ch/DC=cern/OU=computers/CN=crab-(preprod|prod|dev)-tw(02|01).cern.ch|/DC=ch/DC=cern/OU=computers/CN=(ddi|ddidk|mytw).cern.ch|/DC=ch/DC=cern/OU=computers/CN=stefanov(m|m2).cern.ch
  timeleft: 716:40:26  (29.9 days)

 error: 
 retcode : 0
DEBUG 2020-12-01 04:13:06.701 UTC: 	 Myproxy is valid: 2580026
DEBUG 2020-12-01 04:13:06.701 UTC: 	 Result of myproxy credential check:
  Credential exists on myproxy: username: b7b51e0178e197a43a1d723fd43ab6570e42a3d5  - validity: 29 days, 20:40:19
  Credential exists on myproxy: username: ecannaer_CRAB  - validity: 29 days, 20:40:26
DEBUG 2020-12-01 04:13:06.702 UTC: 	 Command use: status
DEBUG 2020-12-01 04:13:06.702 UTC: 	 Options use: ['-d', 'crab_projects/crab_diquark_QCD_background_700to1000_MC_0000']
DEBUG 2020-12-01 04:13:07.264 UTC: 	 CRABClient version: v3.201110
DEBUG 2020-12-01 04:13:07.264 UTC: 	 Instance is prod
DEBUG 2020-12-01 04:13:07.264 UTC: 	 Server base url is cmsweb.cern.ch
DEBUG 2020-12-01 04:13:07.264 UTC: 	 Command url /crabserver/prod/workflow
DEBUG 2020-12-01 04:13:07.873 UTC: 	 Got information from server oracle database: {u'result': [u'201201_012220:ecannaer_crab_diquark_QCD_background_700to1000_MC_0000', u'None', u'None', u'SUBMITTED', u'SUBMIT', u'2020-12-01 01:22:20.594042', u'None', u'2020-12-01 01:23:08.779857', u'None', u'CMSSW_10_6_0', u'slc7_amd64_gcc820', u'/QCD_HT700to1000_TuneCP5_13TeV-madgraphMLM-pythia8/RunIIAutumn18MiniAOD-102X_upgrade2018_realistic_v15-v1/MINIAODSIM', u'F', u'0', u'[]', u'[]', u'FileBased', u"{'splitOnRun': False, 'halt_job_on_file_boundaries': False, 'files_per_job': 10, 'runs': [], 'lumis': []}", u'ddb6c86ea4a217e8c85154c7caaacad32b2969eaf74e6c363fc05bba8f8aa807.tar.gz', u'https://cmsweb-k8s-prod.cern.ch/crabcache', u'ecannaer', u'/DC=ch/DC=cern/OU=Organic Units/OU=Users/CN=ecannaer/CN=832417/CN=Ethan Cannaert', u'cms', u'None', u'None', u'diquark_QCD_background-00000000000000000000000000000000', u'F', u'T3_US_FNALLPC', u'https://cmsweb.cern.ch/dbs/prod/global/DBSReader', u'https://cmsweb.cern.ch/dbs/prod/phys03/DBSWriter', u'F', u'[]', u"['diquark_QCD_BR_MC.root']", u'[]', u'Analysis', u'pythia', u'None', u'{}', u'[]', u'F', u'crab-prod-tw01', u'[]', u'1250', u'1', u'2000', u'10', u'None', u'[]', u'http://vocms0198.cern.ch/mon/cms838/201201_012220:ecannaer_crab_diquark_QCD_background_700to1000_MC_0000', u'None', u'[]', u'[]', u'https://cmsweb.cern.ch/crabserver/prod', u'cmsgwms-collector-global.cern.ch:9620,cmsgwms-collector-global.fnal.gov', u'crab3@vocms0198.cern.ch', u'F', u'[]', u'T', u'/store/user/ecannaer/', u'F', u'None', u'F', u'None', u'QCD_HT700to1000_TuneCP5_13TeV-madgraphMLM-pythia8', u'None', u'd954b9ac3e4ff4d2b88cf92ed48a339c4311c86a7f9f33fc6dbf3d863030aab2.tar.gz', u'54650005', u'filetransfers', u'F', u'131.225.189.111', u'0.0', u'None'], u'desc': {u'columns': [u'tm_taskname', u'tm_activity', u'panda_jobset_id', u'tm_task_status', u'tm_task_command', u'tm_start_time', u'tm_start_injection', u'tm_end_injection', u'tm_task_failure', u'tm_job_sw', u'tm_job_arch', u'tm_input_dataset', u'tm_nonvalid_input_dataset', u'tm_use_parent', u'tm_site_whitelist', u'tm_site_blacklist', u'tm_split_algo', u'tm_split_args', u'tm_user_sandbox', u'tm_cache_url', u'tm_username', u'tm_user_dn', u'tm_user_vo', u'tm_user_role', u'tm_user_group', u'tm_publish_name', u'tm_publish_groupname', u'tm_asyncdest', u'tm_dbs_url', u'tm_publish_dbs_url', u'tm_publication', u'tm_outfiles', u'tm_tfile_outfiles', u'tm_edm_outfiles', u'tm_job_type', u'tm_generator', u'tm_events_per_lumi', u'tm_arguments', u'panda_resubmitted_jobs', u'tm_save_logs', u'tw_name', u'tm_user_infiles', u'tm_maxjobruntime', u'tm_numcores', u'tm_maxmemory', u'tm_priority', u'tm_output_dataset', u'tm_task_warnings', u'tm_user_webdir', u'tm_scriptexe', u'tm_scriptargs', u'tm_extrajdl', u'tm_asourl', u'tm_collector', u'tm_schedd', u'tm_dry_run', u'tm_user_files', u'tm_transfer_outputs', u'tm_output_lfn', u'tm_ignore_locality', u'tm_fail_limit', u'tm_one_event_mode', u'tm_secondary_input_dataset', u'tm_primary_dataset', u'tm_last_publication', u'tm_debug_files', u'clusterid', u'tm_asodb', u'tm_ignore_global_blacklist', u'tm_submitter_ip_addr', u'tm_totalunits', u'tm_ddm_reqid']}}
INFO 2020-12-01 04:13:07.873 UTC: 	 CRAB project directory:		/uscms_data/d3/cannaert/src/thrust/CMSSW_10_6_0/src/crab_projects/crab_diquark_QCD_background_700to1000_MC_0000
INFO 2020-12-01 04:13:07.874 UTC: 	 Task name:			201201_012220:ecannaer_crab_diquark_QCD_background_700to1000_MC_0000
INFO 2020-12-01 04:13:07.874 UTC: 	 Grid scheduler - Task Worker:	crab3@vocms0198.cern.ch - crab-prod-tw01
INFO 2020-12-01 04:13:07.874 UTC: 	 Status on the CRAB server:	SUBMITTED
INFO 2020-12-01 04:13:07.874 UTC: 	 Task URL to use for HELP:	https://cmsweb.cern.ch/crabserver/ui/task/201201_012220%3Aecannaer_crab_diquark_QCD_background_700to1000_MC_0000
INFO 2020-12-01 04:13:07.878 UTC: 	 Dashboard monitoring URL:	https://monit-grafana.cern.ch/d/cmsTMDetail/cms-task-monitoring-task-view?orgId=11&var-user=ecannaer&var-task=201201_012220%3Aecannaer_crab_diquark_QCD_background_700to1000_MC_0000&from=1606782140000&to=now
INFO 2020-12-01 04:13:07.878 UTC: 	 In case of issues with the dashboard, please provide feedback to hn-cms-computing-tools@cern.ch
DEBUG 2020-12-01 04:13:07.878 UTC: 	 The CRAB server submitted your task to the Grid scheduler (cluster ID: 54650005)
DEBUG 2020-12-01 04:13:07.878 UTC: 	 Webdir is located at http://vocms0198.cern.ch/mon/cms838/201201_012220:ecannaer_crab_diquark_QCD_background_700to1000_MC_0000
DEBUG 2020-12-01 04:13:08.456 UTC: 	 Proxied webdir is located at https://cmsweb.cern.ch/scheddmon/0198/cms838/201201_012220:ecannaer_crab_diquark_QCD_background_700to1000_MC_0000
DEBUG 2020-12-01 04:13:08.456 UTC: 	 Retrieving 'status_cache' file from https://cmsweb.cern.ch/scheddmon/0198/cms838/201201_012220:ecannaer_crab_diquark_QCD_background_700to1000_MC_0000/status_cache
DEBUG 2020-12-01 04:13:09.121 UTC: 	 Got information from status cache file: {'24': {'Retries': 0, 'WallDurations': [8.0, 229.5840299129486, 2449.0], 'StartTimes': [1606785929.0], 'SubmitTimes': [1606785798.0], 'JobIds': ['54650031.0'], 'EndTimes': [1606788378.0], 'Restarts': 0, 'RecordedSite': True, 'State': 'finished', 'ResidentSetSize': [649496], 'TotalUserCpuTimeHistory': [2127], 'SiteHistory': ['Unknown', 'T3_UK_London_QMUL', 'T3_UK_London_QMUL'], 'TotalSysCpuTimeHistory': [58]}, '25': {'Retries': 0, 'WallDurations': [9.0, 226.5840299129486, 2511.0], 'StartTimes': [1606785932.0], 'SubmitTimes': [1606785798.0], 'JobIds': ['54650032.0'], 'EndTimes': [1606788443.0], 'Restarts': 0, 'RecordedSite': True, 'State': 'finished', 'ResidentSetSize': [749152], 'TotalUserCpuTimeHistory': [1903], 'SiteHistory': ['Unknown', 'T2_RU_IHEP', 'T2_RU_IHEP'], 'TotalSysCpuTimeHistory': [72]}, '26': {'Retries': 0, 'WallDurations': [9.0, 229.5840299129486, 2672.0], 'StartTimes': [1606785929.0], 'SubmitTimes': [1606785798.0], 'JobIds': ['54650033.0'], 'EndTimes': [1606788601.0], 'Restarts': 0, 'RecordedSite': True, 'State': 'finished', 'ResidentSetSize': [729764], 'TotalUserCpuTimeHistory': [2287], 'SiteHistory': ['Unknown', 'T3_UK_London_QMUL', 'T3_UK_London_QMUL'], 'TotalSysCpuTimeHistory': [49]}, '27': {'Retries': 0, 'WallDurations': [10.0, 229.5840299129486, 2716.0], 'StartTimes': [1606785929.0], 'SubmitTimes': [1606785798.0], 'JobIds': ['54650034.0'], 'EndTimes': [1606788645.0], 'Restarts': 0, 'RecordedSite': True, 'State': 'finished', 'ResidentSetSize': [748964], 'TotalUserCpuTimeHistory': [2380], 'SiteHistory': ['Unknown', 'T3_UK_London_QMUL', 'T3_UK_London_QMUL'], 'TotalSysCpuTimeHistory': [60]}, '20': {'Retries': 0, 'WallDurations': [9.0, 237.5840299129486, 3377.0], 'StartTimes': [1606785921.0], 'SubmitTimes': [1606785796.0], 'JobIds': ['54650026.0'], 'EndTimes': [1606789298.0], 'Restarts': 0, 'RecordedSite': True, 'State': 'finished', 'ResidentSetSize': [784768], 'TotalUserCpuTimeHistory': [2706], 'SiteHistory': ['Unknown', 'T2_US_Florida', 'T2_US_Florida'], 'TotalSysCpuTimeHistory': [71]}, '21': {'Retries': 0, 'WallDurations': [9.0, 236.5840299129486, 2694.0], 'StartTimes': [1606785922.0], 'SubmitTimes': [1606785798.0], 'JobIds': ['54650027.0'], 'EndTimes': [1606788616.0], 'Restarts': 0, 'RecordedSite': True, 'State': 'finished', 'ResidentSetSize': [723652], 'TotalUserCpuTimeHistory': [2228], 'SiteHistory': ['Unknown', 'T2_US_Purdue', 'T2_US_Purdue'], 'TotalSysCpuTimeHistory': [50]}, '22': {'Retries': 0, 'WallDurations': [9.0, 228.5840299129486, 2028.0], 'StartTimes': [1606785930.0], 'SubmitTimes': [1606785798.0], 'JobIds': ['54650029.0'], 'EndTimes': [1606787958.0], 'Restarts': 0, 'RecordedSite': True, 'State': 'finished', 'ResidentSetSize': [681140], 'TotalUserCpuTimeHistory': [1759], 'SiteHistory': ['Unknown', 'T3_UK_London_QMUL', 'T3_UK_London_QMUL'], 'TotalSysCpuTimeHistory': [48]}, '23': {'Retries': 0, 'WallDurations': [9.0, 229.5840299129486, 2816.0], 'StartTimes': [1606785929.0], 'SubmitTimes': [1606785798.0], 'JobIds': ['54650030.0'], 'EndTimes': [1606788745.0], 'Restarts': 0, 'RecordedSite': True, 'State': 'finished', 'ResidentSetSize': [711404], 'TotalUserCpuTimeHistory': [2315], 'SiteHistory': ['Unknown', 'T3_UK_London_QMUL', 'T3_UK_London_QMUL'], 'TotalSysCpuTimeHistory': [58]}, '28': {'Retries': 0, 'WallDurations': [10.0, 229.5840299129486, 2947.0], 'StartTimes': [1606785929.0], 'SubmitTimes': [1606785798.0], 'JobIds': ['54650035.0'], 'EndTimes': [1606788876.0], 'Restarts': 0, 'RecordedSite': True, 'State': 'finished', 'ResidentSetSize': [737888], 'TotalUserCpuTimeHistory': [2374], 'SiteHistory': ['Unknown', 'T3_UK_London_QMUL', 'T3_UK_London_QMUL'], 'TotalSysCpuTimeHistory': [60]}, '29': {'Retries': 0, 'WallDurations': [9.0, 228.5840299129486, 2625.0], 'StartTimes': [1606785930.0], 'SubmitTimes': [1606785803.0], 'JobIds': ['54650037.0'], 'EndTimes': [1606788555.0], 'Restarts': 0, 'RecordedSite': True, 'State': 'finished', 'ResidentSetSize': [713964], 'TotalUserCpuTimeHistory': [2261], 'SiteHistory': ['Unknown', 'T3_UK_London_QMUL', 'T3_UK_London_QMUL'], 'TotalSysCpuTimeHistory': [49]}, '4': {'Retries': 0, 'WallDurations': [9.0, 87.58402991294861, 3007.0], 'StartTimes': [1606786071.0], 'SubmitTimes': [1606785794.0], 'JobIds': ['54650010.0'], 'EndTimes': [1606789078.0], 'Restarts': 0, 'RecordedSite': True, 'State': 'finished', 'ResidentSetSize': [673104], 'TotalUserCpuTimeHistory': [2429], 'SiteHistory': ['Unknown', 'T3_UK_London_QMUL', 'T3_UK_London_QMUL'], 'TotalSysCpuTimeHistory': [61]}, '8': {'Retries': 0, 'WallDurations': [8.0, 238.5840299129486, 3274.0], 'StartTimes': [1606785920.0], 'SubmitTimes': [1606785794.0], 'JobIds': ['54650014.0'], 'EndTimes': [1606789194.0], 'Restarts': 0, 'RecordedSite': True, 'State': 'finished', 'ResidentSetSize': [796076], 'TotalUserCpuTimeHistory': [2763], 'SiteHistory': ['Unknown', 'T2_US_Wisconsin', 'T2_US_Wisconsin'], 'TotalSysCpuTimeHistory': [66]}, '87': {'Retries': 0, 'WallDurations': [9.0, 90.58402991294861, 4961.0], 'StartTimes': [1606786068.0], 'SubmitTimes': [1606785817.0], 'JobIds': ['54650095.0'], 'EndTimes': [1606791029.0], 'Restarts': 0, 'RecordedSite': True, 'State': 'finished', 'ResidentSetSize': [777908], 'TotalUserCpuTimeHistory': [3273], 'SiteHistory': ['Unknown', 'T2_US_Nebraska', 'T2_US_Nebraska'], 'TotalSysCpuTimeHistory': [180]}, '120': {'Retries': 0, 'WallDurations': [9.0, 86.58402991294861, 3052.0], 'StartTimes': [1606786072.0], 'SubmitTimes': [1606785825.0], 'JobIds': ['54650131.0'], 'EndTimes': [1606789124.0], 'Restarts': 0, 'RecordedSite': True, 'State': 'finished', 'ResidentSetSize': [711176], 'TotalUserCpuTimeHistory': [2347], 'SiteHistory': ['Unknown', 'T3_UK_London_QMUL', 'T3_UK_London_QMUL'], 'TotalSysCpuTimeHistory': [59]}, '121': {'Retries': 0, 'WallDurations': [9.0, 87.58402991294861, 2154.0], 'StartTimes': [1606786071.0], 'SubmitTimes': [1606785826.0], 'JobIds': ['54650132.0'], 'EndTimes': [1606788225.0], 'Restarts': 0, 'RecordedSite': True, 'State': 'finished', 'ResidentSetSize': [744932], 'TotalUserCpuTimeHistory': [1785], 'SiteHistory': ['Unknown', 'T3_UK_London_QMUL', 'T3_UK_London_QMUL'], 'TotalSysCpuTimeHistory': [47]}, '122': {'Retries': 0, 'WallDurations': [8.0, 85.58402991294861, 2319.0], 'StartTimes': [1606786073.0], 'SubmitTimes': [1606785826.0], 'JobIds': ['54650133.0'], 'EndTimes': [1606788392.0], 'Restarts': 0, 'RecordedSite': True, 'State': 'finished', 'ResidentSetSize': [645052], 'TotalUserCpuTimeHistory': [1948], 'SiteHistory': ['Unknown', 'T2_UK_London_IC', 'T2_UK_London_IC'], 'TotalSysCpuTimeHistory': [72]}, '123': {'Retries': 0, 'WallDurations': [8.0, 87.58402991294861, 2176.0], 'StartTimes': [1606786071.0], 'SubmitTimes': [1606785826.0], 'JobIds': ['54650134.0'], 'EndTimes': [1606788247.0], 'Restarts': 0, 'RecordedSite': True, 'State': 'finished', 'ResidentSetSize': [699092], 'TotalUserCpuTimeHistory': [1803], 'SiteHistory': ['Unknown', 'T3_UK_London_QMUL', 'T3_UK_London_QMUL'], 'TotalSysCpuTimeHistory': [42]}, '124': {'Retries': 0, 'WallDurations': [9.0, 85.58402991294861, 2776.0], 'StartTimes': [1606786073.0], 'SubmitTimes': [1606785826.0], 'JobIds': ['54650135.0'], 'EndTimes': [1606788849.0], 'Restarts': 0, 'RecordedSite': True, 'State': 'finished', 'ResidentSetSize': [742256], 'TotalUserCpuTimeHistory': [2462], 'SiteHistory': ['Unknown', 'T2_UK_London_IC', 'T2_UK_London_IC'], 'TotalSysCpuTimeHistory': [64]}, '125': {'Retries': 0, 'WallDurations': [9.0, 87.58402991294861, 2947.0], 'StartTimes': [1606786071.0], 'SubmitTimes': [1606785826.0], 'JobIds': ['54650136.0'], 'EndTimes': [1606789018.0], 'Restarts': 0, 'RecordedSite': True, 'State': 'finished', 'ResidentSetSize': [738480], 'TotalUserCpuTimeHistory': [2379], 'SiteHistory': ['Unknown', 'T3_UK_London_QMUL', 'T3_UK_London_QMUL'], 'TotalSysCpuTimeHistory': [62]}, '126': {'Retries': 0, 'WallDurations': [9.0, 86.58402991294861, 1695.0], 'StartTimes': [1606786072.0], 'SubmitTimes': [1606785826.0], 'JobIds': ['54650137.0'], 'EndTimes': [1606787767.0], 'Restarts': 0, 'RecordedSite': True, 'State': 'finished', 'ResidentSetSize': [678836], 'TotalUserCpuTimeHistory': [1234], 'SiteHistory': ['Unknown', 'T3_UK_London_QMUL', 'T3_UK_London_QMUL'], 'TotalSysCpuTimeHistory': [41]}, '59': {'Retries': 0, 'WallDurations': [9.0, 227.5840299129486, 2337.0], 'StartTimes': [1606785931.0], 'SubmitTimes': [1606785807.0], 'JobIds': ['54650067.0'], 'EndTimes': [1606788268.0], 'Restarts': 0, 'RecordedSite': True, 'State': 'finished', 'ResidentSetSize': [726136], 'TotalUserCpuTimeHistory': [1556], 'SiteHistory': ['Unknown', 'T2_UK_London_IC', 'T2_UK_London_IC'], 'TotalSysCpuTimeHistory': [50]}, '58': {'Retries': 0, 'WallDurations': [9.0, 227.5840299129486, 2213.0], 'StartTimes': [1606785931.0], 'SubmitTimes': [1606785806.0], 'JobIds': ['54650066.0'], 'EndTimes': [1606788144.0], 'Restarts': 0, 'RecordedSite': True, 'State': 'finished', 'ResidentSetSize': [672376], 'TotalUserCpuTimeHistory': [1898], 'SiteHistory': ['Unknown', 'T3_UK_London_QMUL', 'T3_UK_London_QMUL'], 'TotalSysCpuTimeHistory': [63]}, '55': {'Retries': 0, 'WallDurations': [9.0, 227.5840299129486, 2258.0], 'StartTimes': [1606785931.0], 'SubmitTimes': [1606785806.0], 'JobIds': ['54650063.0'], 'EndTimes': [1606788189.0], 'Restarts': 0, 'RecordedSite': True, 'State': 'finished', 'ResidentSetSize': [754440], 'TotalUserCpuTimeHistory': [1967], 'SiteHistory': ['Unknown', 'T3_UK_London_QMUL', 'T3_UK_London_QMUL'], 'TotalSysCpuTimeHistory': [48]}, '54': {'Retries': 0, 'WallDurations': [8.0, 226.5840299129486, 2973.0], 'StartTimes': [1606785932.0], 'SubmitTimes': [1606785806.0], 'JobIds': ['54650062.0'], 'EndTimes': [1606788905.0], 'Restarts': 0, 'RecordedSite': True, 'State': 'finished', 'ResidentSetSize': [642400], 'TotalUserCpuTimeHistory': [2590], 'SiteHistory': ['Unknown', 'T3_UK_London_QMUL', 'T3_UK_London_QMUL'], 'TotalSysCpuTimeHistory': [83]}, '57': {'Retries': 0, 'WallDurations': [9.0, 226.5840299129486, 2288.0], 'StartTimes': [1606785932.0], 'SubmitTimes': [1606785806.0], 'JobIds': ['54650065.0'], 'EndTimes': [1606788220.0], 'Restarts': 0, 'RecordedSite': True, 'State': 'finished', 'ResidentSetSize': [655536], 'TotalUserCpuTimeHistory': [1748], 'SiteHistory': ['Unknown', 'T3_UK_London_QMUL', 'T3_UK_London_QMUL'], 'TotalSysCpuTimeHistory': [63]}, '56': {'Retries': 0, 'WallDurations': [9.0, 226.5840299129486, 2653.0], 'StartTimes': [1606785932.0], 'SubmitTimes': [1606785806.0], 'JobIds': ['54650064.0'], 'EndTimes': [1606788585.0], 'Restarts': 0, 'RecordedSite': True, 'State': 'finished', 'ResidentSetSize': [725036], 'TotalUserCpuTimeHistory': [2322], 'SiteHistory': ['Unknown', 'T3_UK_London_QMUL', 'T3_UK_London_QMUL'], 'TotalSysCpuTimeHistory': [65]}, '51': {'Retries': 0, 'WallDurations': [9.0, 226.5840299129486, 2878.0], 'StartTimes': [1606785932.0], 'SubmitTimes': [1606785806.0], 'JobIds': ['54650059.0'], 'EndTimes': [1606788810.0], 'Restarts': 0, 'RecordedSite': True, 'State': 'finished', 'ResidentSetSize': [751896], 'TotalUserCpuTimeHistory': [2318], 'SiteHistory': ['Unknown', 'T2_UK_London_IC', 'T2_UK_London_IC'], 'TotalSysCpuTimeHistory': [56]}, '50': {'Retries': 0, 'WallDurations': [9.0, 228.5840299129486, 2204.0], 'StartTimes': [1606785930.0], 'SubmitTimes': [1606785806.0], 'JobIds': ['54650058.0'], 'EndTimes': [1606788134.0], 'Restarts': 0, 'RecordedSite': True, 'State': 'finished', 'ResidentSetSize': [676636], 'TotalUserCpuTimeHistory': [1932], 'SiteHistory': ['Unknown', 'T3_UK_London_QMUL', 'T3_UK_London_QMUL'], 'TotalSysCpuTimeHistory': [58]}, '53': {'Retries': 0, 'WallDurations': [8.0, 226.5840299129486, 3216.0], 'StartTimes': [1606785932.0], 'SubmitTimes': [1606785806.0], 'JobIds': ['54650061.0'], 'EndTimes': [1606789148.0], 'Restarts': 0, 'RecordedSite': True, 'State': 'finished', 'ResidentSetSize': [742408], 'TotalUserCpuTimeHistory': [2601], 'SiteHistory': ['Unknown', 'T3_UK_London_QMUL', 'T3_UK_London_QMUL'], 'TotalSysCpuTimeHistory': [79]}, '52': {'Retries': 0, 'WallDurations': [8.0, 226.5840299129486, 3306.0], 'StartTimes': [1606785932.0], 'SubmitTimes': [1606785806.0], 'JobIds': ['54650060.0'], 'EndTimes': [1606789238.0], 'Restarts': 0, 'RecordedSite': True, 'State': 'finished', 'ResidentSetSize': [749200], 'TotalUserCpuTimeHistory': [2767], 'SiteHistory': ['Unknown', 'T3_UK_London_QMUL', 'T3_UK_London_QMUL'], 'TotalSysCpuTimeHistory': [77]}, '115': {'Retries': 0, 'WallDurations': [9.0, 88.58402991294861, 2960.0], 'StartTimes': [1606786070.0], 'SubmitTimes': [1606785825.0], 'JobIds': ['54650126.0'], 'EndTimes': [1606789030.0], 'Restarts': 0, 'RecordedSite': True, 'State': 'finished', 'ResidentSetSize': [702760], 'TotalUserCpuTimeHistory': [2403], 'SiteHistory': ['Unknown', 'T3_UK_London_QMUL', 'T3_UK_London_QMUL'], 'TotalSysCpuTimeHistory': [63]}, '114': {'Retries': 0, 'WallDurations': [9.0, 88.58402991294861, 3129.0], 'StartTimes': [1606786070.0], 'SubmitTimes': [1606785825.0], 'JobIds': ['54650125.0'], 'EndTimes': [1606789199.0], 'Restarts': 0, 'RecordedSite': True, 'State': 'finished', 'ResidentSetSize': [712952], 'TotalUserCpuTimeHistory': [2546], 'SiteHistory': ['Unknown', 'T3_UK_London_QMUL', 'T3_UK_London_QMUL'], 'TotalSysCpuTimeHistory': [66]}, '88': {'Retries': 0, 'WallDurations': [8.0, 267.75425696372986, 2445.0], 'StartTimes': [1606786191.0], 'SubmitTimes': [1606785817.0], 'JobIds': ['54650096.0'], 'EndTimes': [1606788636.0], 'Restarts': 0, 'RecordedSite': True, 'State': 'finished', 'ResidentSetSize': [717508], 'TotalUserCpuTimeHistory': [2154], 'SiteHistory': ['Unknown', 'T3_UK_London_QMUL', 'T3_UK_London_QMUL'], 'TotalSysCpuTimeHistory': [60]}, '89': {'Retries': 0, 'WallDurations': [8.0, 99.58402991294861, 2274.0], 'StartTimes': [1606786059.0], 'SubmitTimes': [1606785817.0], 'JobIds': ['54650097.0'], 'EndTimes': [1606788333.0], 'Restarts': 0, 'RecordedSite': True, 'State': 'finished', 'ResidentSetSize': [716976], 'TotalUserCpuTimeHistory': [1842], 'SiteHistory': ['Unknown', 'T2_US_Purdue', 'T2_US_Purdue'], 'TotalSysCpuTimeHistory': [53]}, '111': {'Retries': 0, 'WallDurations': [9.0, 85.58402991294861, 2511.0], 'StartTimes': [1606786073.0], 'SubmitTimes': [1606785819.0], 'JobIds': ['54650119.0'], 'EndTimes': [1606788584.0], 'Restarts': 0, 'RecordedSite': True, 'State': 'finished', 'ResidentSetSize': [707384], 'TotalUserCpuTimeHistory': [1950], 'SiteHistory': ['Unknown', 'T2_UK_London_IC', 'T2_UK_London_IC'], 'TotalSysCpuTimeHistory': [60]}, '110': {'Retries': 0, 'WallDurations': [9.0, 89.58402991294861, 1875.0], 'StartTimes': [1606786069.0], 'SubmitTimes': [1606785819.0], 'JobIds': ['54650118.0'], 'EndTimes': [1606787944.0], 'Restarts': 0, 'RecordedSite': True, 'State': 'finished', 'ResidentSetSize': [730428], 'TotalUserCpuTimeHistory': [1565], 'SiteHistory': ['Unknown', 'T3_UK_London_QMUL', 'T3_UK_London_QMUL'], 'TotalSysCpuTimeHistory': [38]}, '113': {'Retries': 0, 'WallDurations': [9.0, 87.58402991294861, 2716.0], 'StartTimes': [1606786071.0], 'SubmitTimes': [1606785820.0], 'JobIds': ['54650121.0'], 'EndTimes': [1606788787.0], 'Restarts': 0, 'RecordedSite': True, 'State': 'finished', 'ResidentSetSize': [658236], 'TotalUserCpuTimeHistory': [2325], 'SiteHistory': ['Unknown', 'T3_UK_London_QMUL', 'T3_UK_London_QMUL'], 'TotalSysCpuTimeHistory': [57]}, '112': {'Retries': 0, 'WallDurations': [8.0, 86.58402991294861, 1932.0], 'StartTimes': [1606786072.0], 'SubmitTimes': [1606785819.0], 'JobIds': ['54650120.0'], 'EndTimes': [1606788004.0], 'Restarts': 0, 'RecordedSite': True, 'State': 'finished', 'ResidentSetSize': [716600], 'TotalUserCpuTimeHistory': [1680], 'SiteHistory': ['Unknown', 'T2_UK_London_IC', 'T2_UK_London_IC'], 'TotalSysCpuTimeHistory': [42]}, '82': {'Retries': 0, 'WallDurations': [8.0, 96.58402991294861, 2209.0], 'StartTimes': [1606786062.0], 'SubmitTimes': [1606785816.0], 'JobIds': ['54650090.0'], 'EndTimes': [1606788271.0], 'Restarts': 0, 'RecordedSite': True, 'State': 'finished', 'ResidentSetSize': [689404], 'TotalUserCpuTimeHistory': [1806], 'SiteHistory': ['Unknown', 'T2_US_Purdue', 'T2_US_Purdue'], 'TotalSysCpuTimeHistory': [56]}, '83': {'Retries': 0, 'WallDurations': [9.0, 86.58402991294861, 4759.0], 'StartTimes': [1606786072.0], 'SubmitTimes': [1606785816.0], 'JobIds': ['54650091.0'], 'EndTimes': [1606790831.0], 'Restarts': 0, 'RecordedSite': True, 'State': 'finished', 'ResidentSetSize': [782668], 'TotalUserCpuTimeHistory': [3179], 'SiteHistory': ['Unknown', 'T2_US_Nebraska', 'T2_US_Nebraska'], 'TotalSysCpuTimeHistory': [169]}, '80': {'Retries': 0, 'WallDurations': [9.0, 147.75425696372986, 3989.0], 'StartTimes': [1606786311.0], 'SubmitTimes': [1606785816.0], 'JobIds': ['54650088.0'], 'EndTimes': [1606790300.0], 'Restarts': 0, 'RecordedSite': True, 'State': 'finished', 'ResidentSetSize': [713524], 'TotalUserCpuTimeHistory': [3249], 'SiteHistory': ['Unknown', 'T2_UK_London_IC', 'T2_UK_London_IC'], 'TotalSysCpuTimeHistory': [87]}, '81': {'Retries': 0, 'WallDurations': [9.0, 95.58402991294861, 1908.0], 'StartTimes': [1606786063.0], 'SubmitTimes': [1606785816.0], 'JobIds': ['54650089.0'], 'EndTimes': [1606787971.0], 'Restarts': 0, 'RecordedSite': True, 'State': 'finished', 'ResidentSetSize': [696456], 'TotalUserCpuTimeHistory': [1553], 'SiteHistory': ['Unknown', 'T2_US_Purdue', 'T2_US_Purdue'], 'TotalSysCpuTimeHistory': [45]}, '119': {'Retries': 0, 'WallDurations': [9.0, 86.58402991294861, 3149.0], 'StartTimes': [1606786072.0], 'SubmitTimes': [1606785825.0], 'JobIds': ['54650130.0'], 'EndTimes': [1606789221.0], 'Restarts': 0, 'RecordedSite': True, 'State': 'finished', 'ResidentSetSize': [642656], 'TotalUserCpuTimeHistory': [2562], 'SiteHistory': ['Unknown', 'T2_UK_London_IC', 'T2_UK_London_IC'], 'TotalSysCpuTimeHistory': [65]}, '118': {'Retries': 0, 'WallDurations': [9.0, 88.58402991294861, 2037.0], 'StartTimes': [1606786070.0], 'SubmitTimes': [1606785825.0], 'JobIds': ['54650129.0'], 'EndTimes': [1606788107.0], 'Restarts': 0, 'RecordedSite': True, 'State': 'finished', 'ResidentSetSize': [629000], 'TotalUserCpuTimeHistory': [1651], 'SiteHistory': ['Unknown', 'T3_UK_London_QMUL', 'T3_UK_London_QMUL'], 'TotalSysCpuTimeHistory': [46]}, '84': {'Retries': 0, 'WallDurations': [8.0, 96.58402991294861, 1928.0], 'StartTimes': [1606786062.0], 'SubmitTimes': [1606785816.0], 'JobIds': ['54650092.0'], 'EndTimes': [1606787990.0], 'Restarts': 0, 'RecordedSite': True, 'State': 'finished', 'ResidentSetSize': [629804], 'TotalUserCpuTimeHistory': [1528], 'SiteHistory': ['Unknown', 'T2_US_Purdue', 'T2_US_Purdue'], 'TotalSysCpuTimeHistory': [41]}, '85': {'Retries': 0, 'WallDurations': [9.0, 101.58402991294861, 2131.0], 'StartTimes': [1606786057.0], 'SubmitTimes': [1606785816.0], 'JobIds': ['54650093.0'], 'EndTimes': [1606788188.0], 'Restarts': 0, 'RecordedSite': True, 'State': 'finished', 'ResidentSetSize': [692260], 'TotalUserCpuTimeHistory': [1675], 'SiteHistory': ['Unknown', 'T2_US_Purdue', 'T2_US_Purdue'], 'TotalSysCpuTimeHistory': [55]}, '3': {'Retries': 0, 'WallDurations': [8.0, 85.58402991294861, 3492.0], 'StartTimes': [1606786073.0], 'SubmitTimes': [1606785794.0], 'JobIds': ['54650009.0'], 'EndTimes': [1606789565.0], 'Restarts': 0, 'RecordedSite': True, 'State': 'finished', 'ResidentSetSize': [726704], 'TotalUserCpuTimeHistory': [2825], 'SiteHistory': ['Unknown', 'T2_UK_London_IC', 'T2_UK_London_IC'], 'TotalSysCpuTimeHistory': [70]}, '7': {'Retries': 0, 'WallDurations': [10.0, 230.5840299129486, 4148.0], 'StartTimes': [1606785928.0], 'SubmitTimes': [1606785794.0], 'JobIds': ['54650013.0'], 'EndTimes': [1606790076.0], 'Restarts': 0, 'RecordedSite': True, 'State': 'finished', 'ResidentSetSize': [641608], 'TotalUserCpuTimeHistory': [3562], 'SiteHistory': ['Unknown', 'T2_US_Nebraska', 'T2_US_Nebraska'], 'TotalSysCpuTimeHistory': [105]}, '108': {'Retries': 0, 'WallDurations': [8.0, 88.58402991294861, 2430.0], 'StartTimes': [1606786070.0], 'SubmitTimes': [1606785819.0], 'JobIds': ['54650116.0'], 'EndTimes': [1606788500.0], 'Restarts': 0, 'RecordedSite': True, 'State': 'finished', 'ResidentSetSize': [692160], 'TotalUserCpuTimeHistory': [1949], 'SiteHistory': ['Unknown', 'T3_UK_London_QMUL', 'T3_UK_London_QMUL'], 'TotalSysCpuTimeHistory': [43]}, '109': {'Retries': 0, 'WallDurations': [9.0, 88.58402991294861, 2300.0], 'StartTimes': [1606786070.0], 'SubmitTimes': [1606785819.0], 'JobIds': ['54650117.0'], 'EndTimes': [1606788370.0], 'Restarts': 0, 'RecordedSite': True, 'State': 'finished', 'ResidentSetSize': [635196], 'TotalUserCpuTimeHistory': [2023], 'SiteHistory': ['Unknown', 'T3_UK_London_QMUL', 'T3_UK_London_QMUL'], 'TotalSysCpuTimeHistory': [54]}, '102': {'Retries': 0, 'WallDurations': [8.0, 86.58402991294861, 2055.0], 'StartTimes': [1606786072.0], 'SubmitTimes': [1606785818.0], 'JobIds': ['54650110.0'], 'EndTimes': [1606788127.0], 'Restarts': 0, 'RecordedSite': True, 'State': 'finished', 'ResidentSetSize': [746608], 'TotalUserCpuTimeHistory': [1685], 'SiteHistory': ['Unknown', 'T3_UK_London_QMUL', 'T3_UK_London_QMUL'], 'TotalSysCpuTimeHistory': [46]}, '103': {'Retries': 0, 'WallDurations': [8.0, 86.58402991294861, 1956.0], 'StartTimes': [1606786072.0], 'SubmitTimes': [1606785818.0], 'JobIds': ['54650111.0'], 'EndTimes': [1606788028.0], 'Restarts': 0, 'RecordedSite': True, 'State': 'finished', 'ResidentSetSize': [666112], 'TotalUserCpuTimeHistory': [1594], 'SiteHistory': ['Unknown', 'T3_UK_London_QMUL', 'T3_UK_London_QMUL'], 'TotalSysCpuTimeHistory': [50]}, '100': {'Retries': 0, 'WallDurations': [9.0, 88.58402991294861, 2027.0], 'StartTimes': [1606786070.0], 'SubmitTimes': [1606785818.0], 'JobIds': ['54650108.0'], 'EndTimes': [1606788097.0], 'Restarts': 0, 'RecordedSite': True, 'State': 'finished', 'ResidentSetSize': [735416], 'TotalUserCpuTimeHistory': [1665], 'SiteHistory': ['Unknown', 'T3_UK_ScotGrid_GLA', 'T3_UK_ScotGrid_GLA'], 'TotalSysCpuTimeHistory': [45]}, '101': {'Retries': 0, 'WallDurations': [8.0, 87.58402991294861, 2710.0], 'StartTimes': [1606786071.0], 'SubmitTimes': [1606785818.0], 'JobIds': ['54650109.0'], 'EndTimes': [1606788781.0], 'Restarts': 0, 'RecordedSite': True, 'State': 'finished', 'ResidentSetSize': [636860], 'TotalUserCpuTimeHistory': [2054], 'SiteHistory': ['Unknown', 'T2_UK_London_IC', 'T2_UK_London_IC'], 'TotalSysCpuTimeHistory': [81]}, '106': {'Retries': 0, 'WallDurations': [9.0, 88.58402991294861, 2553.0], 'StartTimes': [1606786070.0], 'SubmitTimes': [1606785819.0], 'JobIds': ['54650114.0'], 'EndTimes': [1606788623.0], 'Restarts': 0, 'RecordedSite': True, 'State': 'finished', 'ResidentSetSize': [667748], 'TotalUserCpuTimeHistory': [2106], 'SiteHistory': ['Unknown', 'T3_UK_London_QMUL', 'T3_UK_London_QMUL'], 'TotalSysCpuTimeHistory': [57]}, '107': {'Retries': 0, 'WallDurations': [9.0, 85.58402991294861, 2733.0], 'StartTimes': [1606786073.0], 'SubmitTimes': [1606785819.0], 'JobIds': ['54650115.0'], 'EndTimes': [1606788806.0], 'Restarts': 0, 'RecordedSite': True, 'State': 'finished', 'ResidentSetSize': [734908], 'TotalUserCpuTimeHistory': [2268], 'SiteHistory': ['Unknown', 'T2_UK_London_IC', 'T2_UK_London_IC'], 'TotalSysCpuTimeHistory': [70]}, '104': {'Retries': 0, 'WallDurations': [10.0, 89.58402991294861, 2275.0], 'StartTimes': [1606786069.0], 'SubmitTimes': [1606785819.0], 'JobIds': ['54650112.0'], 'EndTimes': [1606788344.0], 'Restarts': 0, 'RecordedSite': True, 'State': 'finished', 'ResidentSetSize': [730480], 'TotalUserCpuTimeHistory': [1819], 'SiteHistory': ['Unknown', 'T3_UK_London_QMUL', 'T3_UK_London_QMUL'], 'TotalSysCpuTimeHistory': [39]}, '105': {'Retries': 0, 'WallDurations': [9.0, 86.58402991294861, 3076.0], 'StartTimes': [1606786072.0], 'SubmitTimes': [1606785819.0], 'JobIds': ['54650113.0'], 'EndTimes': [1606789148.0], 'Restarts': 0, 'RecordedSite': True, 'State': 'finished', 'ResidentSetSize': [677068], 'TotalUserCpuTimeHistory': [2437], 'SiteHistory': ['Unknown', 'T3_UK_London_QMUL', 'T3_UK_London_QMUL'], 'TotalSysCpuTimeHistory': [78]}, '39': {'Retries': 0, 'WallDurations': [9.0, 229.5840299129486, 2490.0], 'StartTimes': [1606785929.0], 'SubmitTimes': [1606785804.0], 'JobIds': ['54650048.0'], 'EndTimes': [1606788419.0], 'Restarts': 0, 'RecordedSite': True, 'State': 'finished', 'ResidentSetSize': [718124], 'TotalUserCpuTimeHistory': [1977], 'SiteHistory': ['Unknown', 'T3_UK_London_QMUL', 'T3_UK_London_QMUL'], 'TotalSysCpuTimeHistory': [50]}, '38': {'Retries': 0, 'WallDurations': [8.0, 227.5840299129486, 1766.0], 'StartTimes': [1606785931.0], 'SubmitTimes': [1606785804.0], 'JobIds': ['54650047.0'], 'EndTimes': [1606787697.0], 'Restarts': 0, 'RecordedSite': True, 'State': 'finished', 'ResidentSetSize': [767904], 'TotalUserCpuTimeHistory': [1306], 'SiteHistory': ['Unknown', 'T3_UK_SGrid_Oxford', 'T3_UK_SGrid_Oxford'], 'TotalSysCpuTimeHistory': [37]}, '33': {'Retries': 0, 'WallDurations': [9.0, 227.5840299129486, 2547.0], 'StartTimes': [1606785931.0], 'SubmitTimes': [1606785804.0], 'JobIds': ['54650042.0'], 'EndTimes': [1606788478.0], 'Restarts': 0, 'RecordedSite': True, 'State': 'finished', 'ResidentSetSize': [737044], 'TotalUserCpuTimeHistory': [2101], 'SiteHistory': ['Unknown', 'T2_UK_London_IC', 'T2_UK_London_IC'], 'TotalSysCpuTimeHistory': [50]}, '32': {'Retries': 0, 'WallDurations': [9.0, 227.5840299129486, 2542.0], 'StartTimes': [1606785931.0], 'SubmitTimes': [1606785803.0], 'JobIds': ['54650041.0'], 'EndTimes': [1606788473.0], 'Restarts': 0, 'RecordedSite': True, 'State': 'finished', 'ResidentSetSize': [739972], 'TotalUserCpuTimeHistory': [1894], 'SiteHistory': ['Unknown', 'T3_UK_London_QMUL', 'T3_UK_London_QMUL'], 'TotalSysCpuTimeHistory': [58]}, '31': {'Retries': 0, 'WallDurations': [8.0, 228.5840299129486, 2217.0], 'StartTimes': [1606785930.0], 'SubmitTimes': [1606785803.0], 'JobIds': ['54650039.0'], 'EndTimes': [1606788147.0], 'Restarts': 0, 'RecordedSite': True, 'State': 'finished', 'ResidentSetSize': [720916], 'TotalUserCpuTimeHistory': [1918], 'SiteHistory': ['Unknown', 'T3_UK_London_QMUL', 'T3_UK_London_QMUL'], 'TotalSysCpuTimeHistory': [52]}, '30': {'Retries': 0, 'WallDurations': [9.0, 227.5840299129486, 1538.0], 'StartTimes': [1606785931.0], 'SubmitTimes': [1606785803.0], 'JobIds': ['54650038.0'], 'EndTimes': [1606787469.0], 'Restarts': 0, 'RecordedSite': True, 'State': 'finished', 'ResidentSetSize': [744856], 'TotalUserCpuTimeHistory': [1227], 'SiteHistory': ['Unknown', 'T3_UK_SGrid_Oxford', 'T3_UK_SGrid_Oxford'], 'TotalSysCpuTimeHistory': [33]}, '37': {'Retries': 0, 'WallDurations': [9.0, 221.5840299129486, 2622.0], 'StartTimes': [1606785937.0], 'SubmitTimes': [1606785804.0], 'JobIds': ['54650046.0'], 'EndTimes': [1606788559.0], 'Restarts': 0, 'RecordedSite': True, 'State': 'finished', 'ResidentSetSize': [657076], 'TotalUserCpuTimeHistory': [2143], 'SiteHistory': ['Unknown', 'T2_UK_London_IC', 'T2_UK_London_IC'], 'TotalSysCpuTimeHistory': [66]}, '36': {'Retries': 0, 'WallDurations': [9.0, 229.5840299129486, 2371.0], 'StartTimes': [1606785929.0], 'SubmitTimes': [1606785804.0], 'JobIds': ['54650045.0'], 'EndTimes': [1606788300.0], 'Restarts': 0, 'RecordedSite': True, 'State': 'finished', 'ResidentSetSize': [715860], 'TotalUserCpuTimeHistory': [1927], 'SiteHistory': ['Unknown', 'T3_UK_London_QMUL', 'T3_UK_London_QMUL'], 'TotalSysCpuTimeHistory': [47]}, '35': {'Retries': 0, 'WallDurations': [9.0, 229.5840299129486, 2523.0], 'StartTimes': [1606785929.0], 'SubmitTimes': [1606785804.0], 'JobIds': ['54650044.0'], 'EndTimes': [1606788452.0], 'Restarts': 0, 'RecordedSite': True, 'State': 'finished', 'ResidentSetSize': [655596], 'TotalUserCpuTimeHistory': [2188], 'SiteHistory': ['Unknown', 'T3_UK_London_QMUL', 'T3_UK_London_QMUL'], 'TotalSysCpuTimeHistory': [59]}, '34': {'Retries': 0, 'WallDurations': [9.0, 226.5840299129486, 2661.0], 'StartTimes': [1606785932.0], 'SubmitTimes': [1606785804.0], 'JobIds': ['54650043.0'], 'EndTimes': [1606788593.0], 'Restarts': 0, 'RecordedSite': True, 'State': 'finished', 'ResidentSetSize': [704872], 'TotalUserCpuTimeHistory': [2329], 'SiteHistory': ['Unknown', 'T2_UK_London_IC', 'T2_UK_London_IC'], 'TotalSysCpuTimeHistory': [61]}, '60': {'Retries': 0, 'WallDurations': [8.0, 227.5840299129486, 2133.0], 'StartTimes': [1606785931.0], 'SubmitTimes': [1606785807.0], 'JobIds': ['54650068.0'], 'EndTimes': [1606788064.0], 'Restarts': 0, 'RecordedSite': True, 'State': 'finished', 'ResidentSetSize': [746060], 'TotalUserCpuTimeHistory': [1779], 'SiteHistory': ['Unknown', 'T3_UK_London_QMUL', 'T3_UK_London_QMUL'], 'TotalSysCpuTimeHistory': [45]}, '61': {'Retries': 0, 'WallDurations': [9.0, 227.5840299129486, 2946.0], 'StartTimes': [1606785931.0], 'SubmitTimes': [1606785807.0], 'JobIds': ['54650069.0'], 'EndTimes': [1606788877.0], 'Restarts': 0, 'RecordedSite': True, 'State': 'finished', 'ResidentSetSize': [723588], 'TotalUserCpuTimeHistory': [2292], 'SiteHistory': ['Unknown', 'T3_UK_London_QMUL', 'T3_UK_London_QMUL'], 'TotalSysCpuTimeHistory': [77]}, '62': {'Retries': 0, 'WallDurations': [9.0, 228.5840299129486, 2221.0], 'StartTimes': [1606785930.0], 'SubmitTimes': [1606785807.0], 'JobIds': ['54650070.0'], 'EndTimes': [1606788151.0], 'Restarts': 0, 'RecordedSite': True, 'State': 'finished', 'ResidentSetSize': [739640], 'TotalUserCpuTimeHistory': [1860], 'SiteHistory': ['Unknown', 'T3_UK_London_QMUL', 'T3_UK_London_QMUL'], 'TotalSysCpuTimeHistory': [41]}, '63': {'Retries': 0, 'WallDurations': [9.0, 227.5840299129486, 2865.0], 'StartTimes': [1606785931.0], 'SubmitTimes': [1606785807.0], 'JobIds': ['54650071.0'], 'EndTimes': [1606788796.0], 'Restarts': 0, 'RecordedSite': True, 'State': 'finished', 'ResidentSetSize': [735732], 'TotalUserCpuTimeHistory': [2274], 'SiteHistory': ['Unknown', 'T3_UK_London_QMUL', 'T3_UK_London_QMUL'], 'TotalSysCpuTimeHistory': [67]}, '64': {'Retries': 0, 'WallDurations': [10.0, 88.58402991294861, 2677.0], 'StartTimes': [1606786070.0], 'SubmitTimes': [1606785807.0], 'JobIds': ['54650072.0'], 'EndTimes': [1606788747.0], 'Restarts': 0, 'RecordedSite': True, 'State': 'finished', 'ResidentSetSize': [597208], 'TotalUserCpuTimeHistory': [1922], 'SiteHistory': ['Unknown', 'T2_US_Nebraska', 'T2_US_Nebraska'], 'TotalSysCpuTimeHistory': [89]}, '65': {'Retries': 0, 'WallDurations': [9.0, 102.58402991294861, 2353.0], 'StartTimes': [1606786056.0], 'SubmitTimes': [1606785807.0], 'JobIds': ['54650073.0'], 'EndTimes': [1606788409.0], 'Restarts': 0, 'RecordedSite': True, 'State': 'finished', 'ResidentSetSize': [752772], 'TotalUserCpuTimeHistory': [1836], 'SiteHistory': ['Unknown', 'T2_US_Florida', 'T2_US_Florida'], 'TotalSysCpuTimeHistory': [35]}, '66': {'Retries': 0, 'WallDurations': [8.0, 227.5840299129486, 2165.0], 'StartTimes': [1606785931.0], 'SubmitTimes': [1606785807.0], 'JobIds': ['54650074.0'], 'EndTimes': [1606788096.0], 'Restarts': 0, 'RecordedSite': True, 'State': 'finished', 'ResidentSetSize': [754768], 'TotalUserCpuTimeHistory': [1661], 'SiteHistory': ['Unknown', 'T3_UK_SGrid_Oxford', 'T3_UK_SGrid_Oxford'], 'TotalSysCpuTimeHistory': [46]}, '67': {'Retries': 0, 'WallDurations': [10.0, 225.5840299129486, 2521.0], 'StartTimes': [1606785933.0], 'SubmitTimes': [1606785807.0], 'JobIds': ['54650075.0'], 'EndTimes': [1606788454.0], 'Restarts': 0, 'RecordedSite': True, 'State': 'finished', 'ResidentSetSize': [715012], 'TotalUserCpuTimeHistory': [1917], 'SiteHistory': ['Unknown', 'T2_RU_IHEP', 'T2_RU_IHEP'], 'TotalSysCpuTimeHistory': [59]}, '68': {'Retries': 0, 'WallDurations': [9.0, 226.5840299129486, 1875.0], 'StartTimes': [1606785932.0], 'SubmitTimes': [1606785809.0], 'JobIds': ['54650076.0'], 'EndTimes': [1606787807.0], 'Restarts': 0, 'RecordedSite': True, 'State': 'finished', 'ResidentSetSize': [767220], 'TotalUserCpuTimeHistory': [1472], 'SiteHistory': ['Unknown', 'T3_UK_SGrid_Oxford', 'T3_UK_SGrid_Oxford'], 'TotalSysCpuTimeHistory': [41]}, '69': {'Retries': 0, 'WallDurations': [8.0, 225.5840299129486, 2751.0], 'StartTimes': [1606785933.0], 'SubmitTimes': [1606785814.0], 'JobIds': ['54650077.0'], 'EndTimes': [1606788684.0], 'Restarts': 0, 'RecordedSite': True, 'State': 'finished', 'ResidentSetSize': [765092], 'TotalUserCpuTimeHistory': [1856], 'SiteHistory': ['Unknown', 'T2_UK_London_IC', 'T2_UK_London_IC'], 'TotalSysCpuTimeHistory': [59]}, '2': {'Retries': 0, 'WallDurations': [9.0, 85.58402991294861, 2702.0], 'StartTimes': [1606786073.0], 'SubmitTimes': [1606785793.0], 'JobIds': ['54650008.0'], 'EndTimes': [1606788775.0], 'Restarts': 0, 'RecordedSite': True, 'State': 'finished', 'ResidentSetSize': [749252], 'TotalUserCpuTimeHistory': [2301], 'SiteHistory': ['Unknown', 'T2_UK_London_IC', 'T2_UK_London_IC'], 'TotalSysCpuTimeHistory': [79]}, '6': {'Retries': 0, 'WallDurations': [8.0, 238.5840299129486, 2788.0], 'StartTimes': [1606785920.0], 'SubmitTimes': [1606785794.0], 'JobIds': ['54650012.0'], 'EndTimes': [1606788708.0], 'Restarts': 0, 'RecordedSite': True, 'State': 'finished', 'ResidentSetSize': [791124], 'TotalUserCpuTimeHistory': [2068], 'SiteHistory': ['Unknown', 'T2_US_Florida', 'T2_US_Florida'], 'TotalSysCpuTimeHistory': [54]}, '99': {'Retries': 0, 'WallDurations': [8.0, 88.58402991294861, 2412.0], 'StartTimes': [1606786070.0], 'SubmitTimes': [1606785818.0], 'JobIds': ['54650107.0'], 'EndTimes': [1606788482.0], 'Restarts': 0, 'RecordedSite': True, 'State': 'finished', 'ResidentSetSize': [665336], 'TotalUserCpuTimeHistory': [2047], 'SiteHistory': ['Unknown', 'T3_UK_London_QMUL', 'T3_UK_London_QMUL'], 'TotalSysCpuTimeHistory': [46]}, '98': {'Retries': 0, 'WallDurations': [9.0, 88.58402991294861, 2604.0], 'StartTimes': [1606786070.0], 'SubmitTimes': [1606785818.0], 'JobIds': ['54650106.0'], 'EndTimes': [1606788674.0], 'Restarts': 0, 'RecordedSite': True, 'State': 'finished', 'ResidentSetSize': [748092], 'TotalUserCpuTimeHistory': [2102], 'SiteHistory': ['Unknown', 'T3_UK_London_QMUL', 'T3_UK_London_QMUL'], 'TotalSysCpuTimeHistory': [47]}, '91': {'Retries': 0, 'WallDurations': [9.0, 80.58402991294861, 4793.0], 'StartTimes': [1606786078.0], 'SubmitTimes': [1606785817.0], 'JobIds': ['54650099.0'], 'EndTimes': [1606790871.0], 'Restarts': 0, 'RecordedSite': True, 'State': 'finished', 'ResidentSetSize': [789268], 'TotalUserCpuTimeHistory': [3154], 'SiteHistory': ['Unknown', 'T2_US_Nebraska', 'T2_US_Nebraska'], 'TotalSysCpuTimeHistory': [168]}, '90': {'Retries': 0, 'WallDurations': [9.0, 96.58402991294861, 2096.0], 'StartTimes': [1606786062.0], 'SubmitTimes': [1606785817.0], 'JobIds': ['54650098.0'], 'EndTimes': [1606788158.0], 'Restarts': 0, 'RecordedSite': True, 'State': 'finished', 'ResidentSetSize': [713876], 'TotalUserCpuTimeHistory': [1669], 'SiteHistory': ['Unknown', 'T2_US_Purdue', 'T2_US_Purdue'], 'TotalSysCpuTimeHistory': [50]}, '93': {'Retries': 0, 'WallDurations': [9.0, 87.58402991294861, 3084.0], 'StartTimes': [1606786071.0], 'SubmitTimes': [1606785817.0], 'JobIds': ['54650101.0'], 'EndTimes': [1606789155.0], 'Restarts': 0, 'RecordedSite': True, 'State': 'finished', 'ResidentSetSize': [712480], 'TotalUserCpuTimeHistory': [2417], 'SiteHistory': ['Unknown', 'T3_UK_London_QMUL', 'T3_UK_London_QMUL'], 'TotalSysCpuTimeHistory': [63]}, '92': {'Retries': 0, 'WallDurations': [9.0, 78.58402991294861, 4863.0], 'StartTimes': [1606786080.0], 'SubmitTimes': [1606785817.0], 'JobIds': ['54650100.0'], 'EndTimes': [1606790943.0], 'Restarts': 0, 'RecordedSite': True, 'State': 'finished', 'ResidentSetSize': [820204], 'TotalUserCpuTimeHistory': [3337], 'SiteHistory': ['Unknown', 'T2_US_Nebraska', 'T2_US_Nebraska'], 'TotalSysCpuTimeHistory': [169]}, '95': {'Retries': 0, 'WallDurations': [9.0, 87.58402991294861, 2396.0], 'StartTimes': [1606786071.0], 'SubmitTimes': [1606785818.0], 'JobIds': ['54650103.0'], 'EndTimes': [1606788467.0], 'Restarts': 0, 'RecordedSite': True, 'State': 'finished', 'ResidentSetSize': [727912], 'TotalUserCpuTimeHistory': [1924], 'SiteHistory': ['Unknown', 'T3_UK_London_QMUL', 'T3_UK_London_QMUL'], 'TotalSysCpuTimeHistory': [45]}, '94': {'Retries': 0, 'WallDurations': [9.0, 88.58402991294861, 2882.0], 'StartTimes': [1606786070.0], 'SubmitTimes': [1606785817.0], 'JobIds': ['54650102.0'], 'EndTimes': [1606788952.0], 'Restarts': 0, 'RecordedSite': True, 'State': 'finished', 'ResidentSetSize': [677060], 'TotalUserCpuTimeHistory': [2342], 'SiteHistory': ['Unknown', 'T3_UK_London_QMUL', 'T3_UK_London_QMUL'], 'TotalSysCpuTimeHistory': [57]}, '97': {'Retries': 0, 'WallDurations': [9.0, 87.58402991294861, 2704.0], 'StartTimes': [1606786071.0], 'SubmitTimes': [1606785818.0], 'JobIds': ['54650105.0'], 'EndTimes': [1606788775.0], 'Restarts': 0, 'RecordedSite': True, 'State': 'finished', 'ResidentSetSize': [818664], 'TotalUserCpuTimeHistory': [1910], 'SiteHistory': ['Unknown', 'T2_UK_London_Brunel', 'T2_UK_London_Brunel'], 'TotalSysCpuTimeHistory': [62]}, '96': {'Retries': 0, 'WallDurations': [8.0, 88.58402991294861, 2117.0], 'StartTimes': [1606786070.0], 'SubmitTimes': [1606785818.0], 'JobIds': ['54650104.0'], 'EndTimes': [1606788187.0], 'Restarts': 0, 'RecordedSite': True, 'State': 'finished', 'ResidentSetSize': [640804], 'TotalUserCpuTimeHistory': [1857], 'SiteHistory': ['Unknown', 'T3_UK_London_QMUL', 'T3_UK_London_QMUL'], 'TotalSysCpuTimeHistory': [51]}, '11': {'Retries': 0, 'WallDurations': [8.0, 158.75425696372986, 2831.0], 'StartTimes': [1606786300.0], 'SubmitTimes': [1606785795.0], 'JobIds': ['54650017.0'], 'EndTimes': [1606789131.0], 'Restarts': 0, 'RecordedSite': True, 'State': 'finished', 'ResidentSetSize': [766808], 'TotalUserCpuTimeHistory': [1942], 'SiteHistory': ['Unknown', 'T2_US_Florida', 'T2_US_Florida'], 'TotalSysCpuTimeHistory': [47]}, '10': {'Retries': 0, 'WallDurations': [9.0, 231.5840299129486, 4113.0], 'StartTimes': [1606785927.0], 'SubmitTimes': [1606785795.0], 'JobIds': ['54650016.0'], 'EndTimes': [1606790040.0], 'Restarts': 0, 'RecordedSite': True, 'State': 'finished', 'ResidentSetSize': [682828], 'TotalUserCpuTimeHistory': [3122], 'SiteHistory': ['Unknown', 'T2_US_Caltech', 'T2_US_Caltech'], 'TotalSysCpuTimeHistory': [101]}, '13': {'Retries': 0, 'WallDurations': [10.0, 221.5840299129486, 2368.0], 'StartTimes': [1606785937.0], 'SubmitTimes': [1606785795.0], 'JobIds': ['54650019.0'], 'EndTimes': [1606788305.0], 'Restarts': 0, 'RecordedSite': True, 'State': 'finished', 'ResidentSetSize': [634064], 'TotalUserCpuTimeHistory': [1862], 'SiteHistory': ['Unknown', 'T2_US_Nebraska', 'T2_US_Nebraska'], 'TotalSysCpuTimeHistory': [45]}, '12': {'Retries': 0, 'WallDurations': [9.0, 102.58402991294861, 2485.0], 'StartTimes': [1606786056.0], 'SubmitTimes': [1606785795.0], 'JobIds': ['54650018.0'], 'EndTimes': [1606788541.0], 'Restarts': 0, 'RecordedSite': True, 'State': 'finished', 'ResidentSetSize': [786252], 'TotalUserCpuTimeHistory': [1849], 'SiteHistory': ['Unknown', 'T2_US_Florida', 'T2_US_Florida'], 'TotalSysCpuTimeHistory': [34]}, '15': {'Retries': 0, 'WallDurations': [9.0, 230.5840299129486, 1974.0], 'StartTimes': [1606785928.0], 'SubmitTimes': [1606785795.0], 'JobIds': ['54650021.0'], 'EndTimes': [1606787902.0], 'Restarts': 0, 'RecordedSite': True, 'State': 'finished', 'ResidentSetSize': [622972], 'TotalUserCpuTimeHistory': [1615], 'SiteHistory': ['Unknown', 'T3_UK_London_QMUL', 'T3_UK_London_QMUL'], 'TotalSysCpuTimeHistory': [43]}, '14': {'Retries': 0, 'WallDurations': [9.0, 218.5840299129486, 2330.0], 'StartTimes': [1606785940.0], 'SubmitTimes': [1606785795.0], 'JobIds': ['54650020.0'], 'EndTimes': [1606788270.0], 'Restarts': 0, 'RecordedSite': True, 'State': 'finished', 'ResidentSetSize': [642904], 'TotalUserCpuTimeHistory': [1866], 'SiteHistory': ['Unknown', 'T2_US_Nebraska', 'T2_US_Nebraska'], 'TotalSysCpuTimeHistory': [47]}, '17': {'Retries': 0, 'WallDurations': [9.0, 238.5840299129486, 2709.0], 'StartTimes': [1606785920.0], 'SubmitTimes': [1606785796.0], 'JobIds': ['54650023.0'], 'EndTimes': [1606788629.0], 'Restarts': 0, 'RecordedSite': True, 'State': 'finished', 'ResidentSetSize': [793336], 'TotalUserCpuTimeHistory': [2208], 'SiteHistory': ['Unknown', 'T2_US_Florida', 'T2_US_Florida'], 'TotalSysCpuTimeHistory': [58]}, '16': {'Retries': 0, 'WallDurations': [9.0, 229.5840299129486, 2565.0], 'StartTimes': [1606785929.0], 'SubmitTimes': [1606785796.0], 'JobIds': ['54650022.0'], 'EndTimes': [1606788494.0], 'Restarts': 0, 'RecordedSite': True, 'State': 'finished', 'ResidentSetSize': [709576], 'TotalUserCpuTimeHistory': [2035], 'SiteHistory': ['Unknown', 'T3_UK_London_QMUL', 'T3_UK_London_QMUL'], 'TotalSysCpuTimeHistory': [52]}, '19': {'Retries': 0, 'WallDurations': [8.0, 96.58402991294861, 2854.0], 'StartTimes': [1606786062.0], 'SubmitTimes': [1606785796.0], 'JobIds': ['54650025.0'], 'EndTimes': [1606788916.0], 'Restarts': 0, 'RecordedSite': True, 'State': 'finished', 'ResidentSetSize': [831712], 'TotalUserCpuTimeHistory': [2355], 'SiteHistory': ['Unknown', 'T2_US_Wisconsin', 'T2_US_Wisconsin'], 'TotalSysCpuTimeHistory': [145]}, '18': {'Retries': 0, 'WallDurations': [9.0, 224.5840299129486, 2592.0], 'StartTimes': [1606785934.0], 'SubmitTimes': [1606785796.0], 'JobIds': ['54650024.0'], 'EndTimes': [1606788526.0], 'Restarts': 0, 'RecordedSite': True, 'State': 'finished', 'ResidentSetSize': [642556], 'TotalUserCpuTimeHistory': [2091], 'SiteHistory': ['Unknown', 'T2_US_Nebraska', 'T2_US_Nebraska'], 'TotalSysCpuTimeHistory': [56]}, '117': {'Retries': 0, 'WallDurations': [9.0, 86.58402991294861, 2562.0], 'StartTimes': [1606786072.0], 'SubmitTimes': [1606785825.0], 'JobIds': ['54650128.0'], 'EndTimes': [1606788634.0], 'Restarts': 0, 'RecordedSite': True, 'State': 'finished', 'ResidentSetSize': [750880], 'TotalUserCpuTimeHistory': [1997], 'SiteHistory': ['Unknown', 'T2_UK_London_IC', 'T2_UK_London_IC'], 'TotalSysCpuTimeHistory': [70]}, '116': {'Retries': 0, 'WallDurations': [9.0, 87.58402991294861, 2557.0], 'StartTimes': [1606786071.0], 'SubmitTimes': [1606785825.0], 'JobIds': ['54650127.0'], 'EndTimes': [1606788628.0], 'Restarts': 0, 'RecordedSite': True, 'State': 'finished', 'ResidentSetSize': [725692], 'TotalUserCpuTimeHistory': [2213], 'SiteHistory': ['Unknown', 'T3_UK_London_QMUL', 'T3_UK_London_QMUL'], 'TotalSysCpuTimeHistory': [58]}, '48': {'Retries': 0, 'WallDurations': [9.0, 229.5840299129486, 2025.0], 'StartTimes': [1606785929.0], 'SubmitTimes': [1606785805.0], 'JobIds': ['54650057.0'], 'EndTimes': [1606787954.0], 'Restarts': 0, 'RecordedSite': True, 'State': 'finished', 'ResidentSetSize': [707684], 'TotalUserCpuTimeHistory': [1650], 'SiteHistory': ['Unknown', 'T3_UK_London_QMUL', 'T3_UK_London_QMUL'], 'TotalSysCpuTimeHistory': [43]}, '49': {'Retries': 0, 'WallDurations': [9.0, 87.58402991294861, 2048.0], 'StartTimes': [1606786071.0], 'SubmitTimes': [1606785826.0], 'JobIds': ['54650138.0'], 'EndTimes': [1606788119.0], 'Restarts': 0, 'RecordedSite': True, 'State': 'finished', 'ResidentSetSize': [683536], 'TotalUserCpuTimeHistory': [1412], 'SiteHistory': ['Unknown', 'T3_UK_ScotGrid_GLA', 'T3_UK_ScotGrid_GLA'], 'TotalSysCpuTimeHistory': [38]}, '46': {'Retries': 0, 'WallDurations': [9.0, 227.5840299129486, 2610.0], 'StartTimes': [1606785931.0], 'SubmitTimes': [1606785805.0], 'JobIds': ['54650055.0'], 'EndTimes': [1606788541.0], 'Restarts': 0, 'RecordedSite': True, 'State': 'finished', 'ResidentSetSize': [668752], 'TotalUserCpuTimeHistory': [2218], 'SiteHistory': ['Unknown', 'T3_UK_London_QMUL', 'T3_UK_London_QMUL'], 'TotalSysCpuTimeHistory': [62]}, '86': {'Retries': 0, 'WallDurations': [8.0, 101.58402991294861, 2452.0], 'StartTimes': [1606786057.0], 'SubmitTimes': [1606785816.0], 'JobIds': ['54650094.0'], 'EndTimes': [1606788509.0], 'Restarts': 0, 'RecordedSite': True, 'State': 'finished', 'ResidentSetSize': [780792], 'TotalUserCpuTimeHistory': [1781], 'SiteHistory': ['Unknown', 'T2_US_Florida', 'T2_US_Florida'], 'TotalSysCpuTimeHistory': [39]}, '44': {'Retries': 0, 'WallDurations': [9.0, 226.5840299129486, 3037.0], 'StartTimes': [1606785932.0], 'SubmitTimes': [1606785805.0], 'JobIds': ['54650053.0'], 'EndTimes': [1606788969.0], 'Restarts': 0, 'RecordedSite': True, 'State': 'finished', 'ResidentSetSize': [725212], 'TotalUserCpuTimeHistory': [2458], 'SiteHistory': ['Unknown', 'T2_UK_London_IC', 'T2_UK_London_IC'], 'TotalSysCpuTimeHistory': [63]}, '45': {'Retries': 0, 'WallDurations': [9.0, 228.5840299129486, 2669.0], 'StartTimes': [1606785930.0], 'SubmitTimes': [1606785805.0], 'JobIds': ['54650054.0'], 'EndTimes': [1606788599.0], 'Restarts': 0, 'RecordedSite': True, 'State': 'finished', 'ResidentSetSize': [696640], 'TotalUserCpuTimeHistory': [2184], 'SiteHistory': ['Unknown', 'T3_UK_London_QMUL', 'T3_UK_London_QMUL'], 'TotalSysCpuTimeHistory': [56]}, '42': {'Retries': 0, 'WallDurations': [9.0, 229.5840299129486, 2832.0], 'StartTimes': [1606785929.0], 'SubmitTimes': [1606785805.0], 'JobIds': ['54650051.0'], 'EndTimes': [1606788761.0], 'Restarts': 0, 'RecordedSite': True, 'State': 'finished', 'ResidentSetSize': [714032], 'TotalUserCpuTimeHistory': [2475], 'SiteHistory': ['Unknown', 'T3_UK_London_QMUL', 'T3_UK_London_QMUL'], 'TotalSysCpuTimeHistory': [63]}, '43': {'Retries': 0, 'WallDurations': [8.0, 228.5840299129486, 2157.0], 'StartTimes': [1606785930.0], 'SubmitTimes': [1606785805.0], 'JobIds': ['54650052.0'], 'EndTimes': [1606788087.0], 'Restarts': 0, 'RecordedSite': True, 'State': 'finished', 'ResidentSetSize': [654512], 'TotalUserCpuTimeHistory': [1860], 'SiteHistory': ['Unknown', 'T3_UK_London_QMUL', 'T3_UK_London_QMUL'], 'TotalSysCpuTimeHistory': [53]}, '40': {'Retries': 0, 'WallDurations': [9.0, 225.5840299129486, 3603.0], 'StartTimes': [1606785933.0], 'SubmitTimes': [1606785804.0], 'JobIds': ['54650049.0'], 'EndTimes': [1606789536.0], 'Restarts': 0, 'RecordedSite': True, 'State': 'finished', 'ResidentSetSize': [720396], 'TotalUserCpuTimeHistory': [2771], 'SiteHistory': ['Unknown', 'T2_RU_IHEP', 'T2_RU_IHEP'], 'TotalSysCpuTimeHistory': [83]}, '41': {'Retries': 0, 'WallDurations': [8.0, 228.5840299129486, 2880.0], 'StartTimes': [1606785930.0], 'SubmitTimes': [1606785805.0], 'JobIds': ['54650050.0'], 'EndTimes': [1606788810.0], 'Restarts': 0, 'RecordedSite': True, 'State': 'finished', 'ResidentSetSize': [707640], 'TotalUserCpuTimeHistory': [2446], 'SiteHistory': ['Unknown', 'T3_UK_London_QMUL', 'T3_UK_London_QMUL'], 'TotalSysCpuTimeHistory': [61]}, '1': {'Retries': 0, 'WallDurations': [8.0, 87.58402991294861, 3853.0], 'StartTimes': [1606786071.0], 'SubmitTimes': [1606785793.0], 'JobIds': ['54650007.0'], 'EndTimes': [1606789924.0], 'Restarts': 0, 'RecordedSite': True, 'State': 'finished', 'ResidentSetSize': [738244], 'TotalUserCpuTimeHistory': [3163], 'SiteHistory': ['Unknown', 'T3_UK_London_QMUL', 'T3_UK_London_QMUL'], 'TotalSysCpuTimeHistory': [72]}, '5': {'Retries': 0, 'WallDurations': [9.0, 86.58402991294861, 2722.0], 'StartTimes': [1606786072.0], 'SubmitTimes': [1606785794.0], 'JobIds': ['54650011.0'], 'EndTimes': [1606788794.0], 'Restarts': 0, 'RecordedSite': True, 'State': 'finished', 'ResidentSetSize': [747572], 'TotalUserCpuTimeHistory': [2327], 'SiteHistory': ['Unknown', 'T2_UK_London_IC', 'T2_UK_London_IC'], 'TotalSysCpuTimeHistory': [83]}, '9': {'Retries': 0, 'WallDurations': [9.0, 237.5840299129486, 2583.0], 'StartTimes': [1606785921.0], 'SubmitTimes': [1606785794.0], 'JobIds': ['54650015.0'], 'EndTimes': [1606788504.0], 'Restarts': 0, 'RecordedSite': True, 'State': 'finished', 'ResidentSetSize': [724840], 'TotalUserCpuTimeHistory': [2082], 'SiteHistory': ['Unknown', 'T2_US_Purdue', 'T2_US_Purdue'], 'TotalSysCpuTimeHistory': [47]}, '77': {'Retries': 0, 'WallDurations': [9.0, 147.75425696372986, 2804.0], 'StartTimes': [1606786311.0], 'SubmitTimes': [1606785815.0], 'JobIds': ['54650085.0'], 'EndTimes': [1606789115.0], 'Restarts': 0, 'RecordedSite': True, 'State': 'finished', 'ResidentSetSize': [743140], 'TotalUserCpuTimeHistory': [2272], 'SiteHistory': ['Unknown', 'T2_UK_London_IC', 'T2_UK_London_IC'], 'TotalSysCpuTimeHistory': [57]}, '76': {'Retries': 0, 'WallDurations': [9.0, 102.58402991294861, 2749.0], 'StartTimes': [1606786056.0], 'SubmitTimes': [1606785815.0], 'JobIds': ['54650084.0'], 'EndTimes': [1606788805.0], 'Restarts': 0, 'RecordedSite': True, 'State': 'finished', 'ResidentSetSize': [777040], 'TotalUserCpuTimeHistory': [2369], 'SiteHistory': ['Unknown', 'T2_US_Wisconsin', 'T2_US_Wisconsin'], 'TotalSysCpuTimeHistory': [56]}, '75': {'Retries': 0, 'WallDurations': [9.0, 102.58402991294861, 2351.0], 'StartTimes': [1606786056.0], 'SubmitTimes': [1606785815.0], 'JobIds': ['54650083.0'], 'EndTimes': [1606788407.0], 'Restarts': 0, 'RecordedSite': True, 'State': 'finished', 'ResidentSetSize': [752352], 'TotalUserCpuTimeHistory': [1601], 'SiteHistory': ['Unknown', 'T2_US_Florida', 'T2_US_Florida'], 'TotalSysCpuTimeHistory': [32]}, '74': {'Retries': 0, 'WallDurations': [9.0, 102.58402991294861, 2834.0], 'StartTimes': [1606786056.0], 'SubmitTimes': [1606785815.0], 'JobIds': ['54650082.0'], 'EndTimes': [1606788890.0], 'Restarts': 0, 'RecordedSite': True, 'State': 'finished', 'ResidentSetSize': [670916], 'TotalUserCpuTimeHistory': [2173], 'SiteHistory': ['Unknown', 'T2_US_MIT', 'T2_US_MIT'], 'TotalSysCpuTimeHistory': [69]}, '73': {'Retries': 0, 'WallDurations': [9.0, 102.58402991294861, 2585.0], 'StartTimes': [1606786056.0], 'SubmitTimes': [1606785815.0], 'JobIds': ['54650081.0'], 'EndTimes': [1606788641.0], 'Restarts': 0, 'RecordedSite': True, 'State': 'finished', 'ResidentSetSize': [777396], 'TotalUserCpuTimeHistory': [2184], 'SiteHistory': ['Unknown', 'T2_US_Wisconsin', 'T2_US_Wisconsin'], 'TotalSysCpuTimeHistory': [63]}, '72': {'Retries': 0, 'WallDurations': [9.0, 102.58402991294861, 2511.0], 'StartTimes': [1606786056.0], 'SubmitTimes': [1606785814.0], 'JobIds': ['54650080.0'], 'EndTimes': [1606788567.0], 'Restarts': 0, 'RecordedSite': True, 'State': 'finished', 'ResidentSetSize': [769828], 'TotalUserCpuTimeHistory': [1848], 'SiteHistory': ['Unknown', 'T2_US_Florida', 'T2_US_Florida'], 'TotalSysCpuTimeHistory': [37]}, '71': {'Retries': 0, 'WallDurations': [9.0, 99.58402991294861, 2629.0], 'StartTimes': [1606786059.0], 'SubmitTimes': [1606785814.0], 'JobIds': ['54650079.0'], 'EndTimes': [1606788688.0], 'Restarts': 0, 'RecordedSite': True, 'State': 'finished', 'ResidentSetSize': [680040], 'TotalUserCpuTimeHistory': [2109], 'SiteHistory': ['Unknown', 'T2_US_Nebraska', 'T2_US_Nebraska'], 'TotalSysCpuTimeHistory': [86]}, '70': {'Retries': 0, 'WallDurations': [8.0, 100.58402991294861, 6317.0], 'StartTimes': [1606786058.0], 'SubmitTimes': [1606785814.0], 'JobIds': ['54650078.0'], 'EndTimes': [], 'Restarts': 0, 'RecordedSite': True, 'State': 'running', 'ResidentSetSize': [618628], 'TotalUserCpuTimeHistory': [1513.0], 'SiteHistory': ['Unknown', 'T2_US_Vanderbilt', 'T2_US_Vanderbilt'], 'TotalSysCpuTimeHistory': [52.0]}, '79': {'Retries': 0, 'WallDurations': [9.0, 103.58402991294861, 1643.0], 'StartTimes': [1606786055.0], 'SubmitTimes': [1606785815.0], 'JobIds': ['54650087.0'], 'EndTimes': [1606787698.0], 'Restarts': 0, 'RecordedSite': True, 'State': 'finished', 'ResidentSetSize': [713732], 'TotalUserCpuTimeHistory': [1355], 'SiteHistory': ['Unknown', 'T2_US_Purdue', 'T2_US_Purdue'], 'TotalSysCpuTimeHistory': [33]}, '78': {'Retries': 0, 'WallDurations': [8.0, 144.75425696372986, 4563.0], 'StartTimes': [1606786314.0], 'SubmitTimes': [1606785815.0], 'JobIds': ['54650086.0'], 'EndTimes': [1606790877.0], 'Restarts': 0, 'RecordedSite': True, 'State': 'finished', 'ResidentSetSize': [707560], 'TotalUserCpuTimeHistory': [3644], 'SiteHistory': ['Unknown', 'T2_RU_IHEP', 'T2_RU_IHEP'], 'TotalSysCpuTimeHistory': [102]}, '47': {'Retries': 0, 'WallDurations': [9.0, 227.5840299129486, 3306.0], 'StartTimes': [1606785931.0], 'SubmitTimes': [1606785805.0], 'JobIds': ['54650056.0'], 'EndTimes': [1606789237.0], 'Restarts': 0, 'RecordedSite': True, 'State': 'finished', 'ResidentSetSize': [744540], 'TotalUserCpuTimeHistory': [2752], 'SiteHistory': ['Unknown', 'T2_UK_London_IC', 'T2_UK_London_IC'], 'TotalSysCpuTimeHistory': [61]}}
INFO 2020-12-01 04:13:09.121 UTC: 	 Status on the scheduler:	SUBMITTED
INFO 2020-12-01 04:13:09.122 UTC: 	 
Jobs status:                    finished     		 99.2% (125/126)
INFO 2020-12-01 04:13:09.122 UTC: 	 				running      		  0.8% (  1/126)
INFO 2020-12-01 04:13:09.122 UTC: 	 
No publication information (publication has been disabled in the CRAB configuration file)
INFO 2020-12-01 04:13:09.127 UTC: 	 
Warning: the max jobs runtime is less than 30% of the task requested value (1250 min), please consider to request a lower value for failed jobs (allowed through crab resubmit) and/or improve the jobs splitting (e.g. config.Data.splitting = 'Automatic') in a new task.
INFO 2020-12-01 04:13:09.127 UTC: 	 
Summary of run jobs:
 * Memory: 720MB min, 812MB max, 699MB ave
 * Runtime: 0:25:38 min, 1:22:41 max, 0:44:30 ave
 * CPU eff: 69% min, 91% max, 82% ave
 * Waste: 5:47:36 (6% of total)

INFO 2020-12-01 04:13:09.132 UTC: 	 Log file is /uscms_data/d3/cannaert/src/thrust/CMSSW_10_6_0/src/crab_projects/crab_diquark_QCD_background_700to1000_MC_0000/crab.log
