DEBUG 2020-12-02 00:04:06.341 UTC: 	 CRAB Client version: v3.201110
DEBUG 2020-12-02 00:04:06.341 UTC: 	 Running on: Linux cmslpc171.fnal.gov 3.10.0-1160.6.1.el7.x86_64 #1 SMP Tue Nov 10 08:19:23 CST 2020 x86_64 x86_64 x86_64 GNU/Linux - Scientific Linux 7.9 (Nitrogen)
DEBUG 2020-12-02 00:04:06.341 UTC: 	 Executing command: 'submit'
DEBUG 2020-12-02 00:04:06.342 UTC: 	 Found CRAB cache file /uscms/home/cannaert/.crab3
INFO 2020-12-02 00:04:06.352 UTC: 	 Will use CRAB configuration file crab_diquark_QCD_ccfg.py
DEBUG 2020-12-02 00:04:06.352 UTC: 	 Loading CRAB configuration file.
DEBUG 2020-12-02 00:04:06.375 UTC: 	 Will use CRAB Analysis plugin (i.e. will run an analysis job type).
DEBUG 2020-12-02 00:04:06.405 UTC: 	 Checking credentials
DEBUG 2020-12-02 00:04:06.406 UTC: 	 Found proxy file /uscms/home/cannaert/x509up_u54552
DEBUG 2020-12-02 00:04:06.406 UTC: 	 Getting proxy life time left
DEBUG 2020-12-02 00:04:06.508 UTC: 	 Executing : 
 command : voms-proxy-info -file /uscms/home/cannaert/x509up_u54552 -timeleft
 output : 42491

 error: 
 retcode : 0
DEBUG 2020-12-02 00:04:06.611 UTC: 	 Executing : 
 command : voms-proxy-info -file /uscms/home/cannaert/x509up_u54552 -actimeleft
 output : 42491

 error: 
 retcode : 0
DEBUG 2020-12-02 00:04:06.611 UTC: 	 Proxy valid for 11:48:11 hours
DEBUG 2020-12-02 00:04:06.713 UTC: 	 Executing : 
 command : env X509_USER_PROXY=/uscms/home/cannaert/x509up_u54552 voms-proxy-info -fqan
 output : /cms/Role=NULL/Capability=NULL

 error: 
 retcode : 0
DEBUG 2020-12-02 00:04:07.292 UTC: 	 Registering user credentials for server /DC=ch/DC=cern/OU=computers/CN=vocms0105.cern.ch|/DC=ch/DC=cern/OU=computers/CN=crab-(preprod|prod|dev)-tw(02|01).cern.ch|/DC=ch/DC=cern/OU=computers/CN=(ddi|ddidk|mytw).cern.ch|/DC=ch/DC=cern/OU=computers/CN=stefanov(m|m2).cern.ch
DEBUG 2020-12-02 00:04:07.400 UTC: 	 Executing : 
 command : voms-proxy-info -file /uscms/home/cannaert/x509up_u54552 -identity
 output : /DC=ch/DC=cern/OU=Organic Units/OU=Users/CN=ecannaer/CN=832417/CN=Ethan Cannaert

 error: 
 retcode : 0
DEBUG 2020-12-02 00:04:07.404 UTC: 	 Getting myproxy life time left for myproxy.cern.ch
DEBUG 2020-12-02 00:04:07.404 UTC: 	 using b7b51e0178e197a43a1d723fd43ab6570e42a3d5 as credential login name
DEBUG 2020-12-02 00:04:08.609 UTC: 	 Executing : 
 command : myproxy-info -l b7b51e0178e197a43a1d723fd43ab6570e42a3d5 -s myproxy.cern.ch
 output : username: b7b51e0178e197a43a1d723fd43ab6570e42a3d5
owner: /DC=ch/DC=cern/OU=Organic Units/OU=Users/CN=ecannaer/CN=832417/CN=Ethan Cannaert
  renewal policy: /DC=ch/DC=cern/OU=computers/CN=vocms0105.cern.ch|/DC=ch/DC=cern/OU=computers/CN=crab-(preprod|prod|dev)-tw(02|01).cern.ch|/DC=ch/DC=cern/OU=computers/CN=(ddi|ddidk|mytw).cern.ch|/DC=ch/DC=cern/OU=computers/CN=stefanov(m|m2).cern.ch
  trusted retrieval policy: /DC=ch/DC=cern/OU=computers/CN=vocms0105.cern.ch|/DC=ch/DC=cern/OU=computers/CN=crab-(preprod|prod|dev)-tw(02|01).cern.ch|/DC=ch/DC=cern/OU=computers/CN=(ddi|ddidk|mytw).cern.ch|/DC=ch/DC=cern/OU=computers/CN=stefanov(m|m2).cern.ch
  timeleft: 696:49:14  (29.0 days)

 error: 
 retcode : 0
DEBUG 2020-12-02 00:04:08.610 UTC: 	 Myproxy is valid: 2508554
DEBUG 2020-12-02 00:04:08.610 UTC: 	 Retrieving username ...
DEBUG 2020-12-02 00:04:08.610 UTC: 	 Retrieving username from CRIC...
DEBUG 2020-12-02 00:04:09.927 UTC: 	 username is ecannaer
DEBUG 2020-12-02 00:04:09.931 UTC: 	 Getting myproxy life time left for myproxy.cern.ch
DEBUG 2020-12-02 00:04:09.931 UTC: 	 using ecannaer_CRAB as credential login name
DEBUG 2020-12-02 00:04:10.735 UTC: 	 Executing : 
 command : myproxy-info -l ecannaer_CRAB -s myproxy.cern.ch
 output : username: ecannaer_CRAB
owner: /DC=ch/DC=cern/OU=Organic Units/OU=Users/CN=ecannaer/CN=832417/CN=Ethan Cannaert
  renewal policy: /DC=ch/DC=cern/OU=computers/CN=vocms0105.cern.ch|/DC=ch/DC=cern/OU=computers/CN=crab-(preprod|prod|dev)-tw(02|01).cern.ch|/DC=ch/DC=cern/OU=computers/CN=(ddi|ddidk|mytw).cern.ch|/DC=ch/DC=cern/OU=computers/CN=stefanov(m|m2).cern.ch
  trusted retrieval policy: /DC=ch/DC=cern/OU=computers/CN=vocms0105.cern.ch|/DC=ch/DC=cern/OU=computers/CN=crab-(preprod|prod|dev)-tw(02|01).cern.ch|/DC=ch/DC=cern/OU=computers/CN=(ddi|ddidk|mytw).cern.ch|/DC=ch/DC=cern/OU=computers/CN=stefanov(m|m2).cern.ch
  timeleft: 696:49:22  (29.0 days)

 error: 
 retcode : 0
DEBUG 2020-12-02 00:04:10.735 UTC: 	 Myproxy is valid: 2508562
DEBUG 2020-12-02 00:04:10.735 UTC: 	 Result of myproxy credential check:
  Credential exists on myproxy: username: b7b51e0178e197a43a1d723fd43ab6570e42a3d5  - validity: 29 days, 0:49:14
  Credential exists on myproxy: username: ecannaer_CRAB  - validity: 29 days, 0:49:22
DEBUG 2020-12-02 00:04:10.735 UTC: 	 Command use: submit
DEBUG 2020-12-02 00:04:10.735 UTC: 	 Options use: ['-c', 'crab_diquark_QCD_ccfg.py']
DEBUG 2020-12-02 00:04:11.389 UTC: 	 CRABClient version: v3.201110
DEBUG 2020-12-02 00:04:11.389 UTC: 	 Instance is prod
DEBUG 2020-12-02 00:04:11.389 UTC: 	 Server base url is cmsweb.cern.ch
DEBUG 2020-12-02 00:04:11.389 UTC: 	 Command url /crabserver/prod/workflow
DEBUG 2020-12-02 00:04:11.389 UTC: 	 Started submission
DEBUG 2020-12-02 00:04:11.389 UTC: 	 Working on /uscms_data/d3/cannaert/src/thrust/CMSSW_10_6_0/src/crab_projects/crab_diquark_QCD_background_data_0003
DEBUG 2020-12-02 00:04:12.130 UTC: 	 Loading required information from the environment
DEBUG 2020-12-02 00:04:12.130 UTC: 	 Found CMSSW_10_6_0 for slc7_amd64_gcc820 with base /uscms_data/d3/cannaert/src/thrust/CMSSW_10_6_0
DEBUG 2020-12-02 00:04:12.130 UTC: 	 Loading required information from the environment
DEBUG 2020-12-02 00:04:12.130 UTC: 	 Found CMSSW_10_6_0 for slc7_amd64_gcc820 with base /uscms_data/d3/cannaert/src/thrust/CMSSW_10_6_0
DEBUG 2020-12-02 00:04:12.130 UTC: 	 UNIQUE NAME: tarUUID 7f7f228a-f914-4a59-84e8-cf55e10d6d98 
DEBUG 2020-12-02 00:04:12.130 UTC: 	 self.config: from WMCore.Configuration import Configuration
config = Configuration()
config.section_('General')
config.General.transferOutputs = True
config.General.workArea = 'crab_projects'
config.General.requestName = 'diquark_QCD_background_data_0003'
config.section_('JobType')
config.JobType.psetName = '/uscms_data/d3/cannaert/src/thrust/CMSSW_10_6_0/src/diquarkAnalyzer_cfg.py'
config.JobType.pluginName = 'Analysis'
config.JobType.allowUndistributedCMSSW = True
config.section_('Data')
config.Data.inputDataset = '/JetHT/Run2018D-PromptReco-v2/MINIAOD'
config.Data.outputDatasetTag = 'diquark_QCD_background'
config.Data.publication = False
config.Data.unitsPerJob = 10
config.Data.splitting = 'FileBased'
config.Data.inputDBS = 'global'
config.section_('Site')
config.Site.storageSite = 'T3_US_FNALLPC'
config.section_('User')
config.section_('Debug')

DEBUG 2020-12-02 00:04:12.130 UTC: 	 self.config.JobType.psetName: /uscms_data/d3/cannaert/src/thrust/CMSSW_10_6_0/src/diquarkAnalyzer_cfg.py
INFO 2020-12-02 00:04:12.130 UTC: 	 Importing CMSSW configuration /uscms_data/d3/cannaert/src/thrust/CMSSW_10_6_0/src/diquarkAnalyzer_cfg.py
INFO 2020-12-02 00:04:14.301 UTC: 	 Finished importing CMSSW configuration /uscms_data/d3/cannaert/src/thrust/CMSSW_10_6_0/src/diquarkAnalyzer_cfg.py
DEBUG 2020-12-02 00:04:14.301 UTC: 	 Writing CMSSW configuration to /uscms_data/d3/cannaert/src/thrust/CMSSW_10_6_0/src/crab_projects/crab_diquark_QCD_background_data_0003/inputs/PSet.py
DEBUG 2020-12-02 00:04:14.352 UTC: 	 The following EDM output files will be collected: []
DEBUG 2020-12-02 00:04:14.352 UTC: 	 The following TFile output files will be collected: ['diquark_QCD_BR_MC.root']
DEBUG 2020-12-02 00:04:14.352 UTC: 	 The following user output files (not listed as PoolOuputModule or TFileService in the CMSSW PSet) will be collected: 
DEBUG 2020-12-02 00:04:14.352 UTC: 	 Loading required information from the environment
DEBUG 2020-12-02 00:04:14.352 UTC: 	 Found CMSSW_10_6_0 for slc7_amd64_gcc820 with base /uscms_data/d3/cannaert/src/thrust/CMSSW_10_6_0
DEBUG 2020-12-02 00:04:14.352 UTC: 	 Making tarball in /uscms_data/d3/cannaert/src/thrust/CMSSW_10_6_0/src/crab_projects/crab_diquark_QCD_background_data_0003/inputs/7f7f228a-f914-4a59-84e8-cf55e10d6d98default.tgz
DEBUG 2020-12-02 00:04:14.353 UTC: 	 Checking directory /uscms_data/d3/cannaert/src/thrust/CMSSW_10_6_0/lib
DEBUG 2020-12-02 00:04:14.353 UTC: 	 Adding directory /uscms_data/d3/cannaert/src/thrust/CMSSW_10_6_0/lib to tarball
DEBUG 2020-12-02 00:04:14.440 UTC: 	 Checking directory /uscms_data/d3/cannaert/src/thrust/CMSSW_10_6_0/biglib
DEBUG 2020-12-02 00:04:14.440 UTC: 	 Adding directory /uscms_data/d3/cannaert/src/thrust/CMSSW_10_6_0/biglib to tarball
DEBUG 2020-12-02 00:04:14.441 UTC: 	 Checking directory /uscms_data/d3/cannaert/src/thrust/CMSSW_10_6_0/module
DEBUG 2020-12-02 00:04:15.718 UTC: 	 Uploading archive /uscms_data/d3/cannaert/src/thrust/CMSSW_10_6_0/src/crab_projects/crab_diquark_QCD_background_data_0003/inputs/7f7f228a-f914-4a59-84e8-cf55e10d6d98default.tgz (100 KB) to the CRAB cache. Using URI https://cmsweb-k8s-prod.cern.ch/crabcache
DEBUG 2020-12-02 00:04:19.501 UTC: 	 Loading required information from the environment
DEBUG 2020-12-02 00:04:19.502 UTC: 	 Found CMSSW_10_6_0 for slc7_amd64_gcc820 with base /uscms_data/d3/cannaert/src/thrust/CMSSW_10_6_0
DEBUG 2020-12-02 00:04:19.502 UTC: 	 Making tarball in /uscms_data/d3/cannaert/src/thrust/CMSSW_10_6_0/src/crab_projects/crab_diquark_QCD_background_data_0003/inputs/debugFiles.tgz
DEBUG 2020-12-02 00:04:19.509 UTC: 	 Uploading archive /uscms_data/d3/cannaert/src/thrust/CMSSW_10_6_0/src/crab_projects/crab_diquark_QCD_background_data_0003/inputs/debugFiles.tgz (1 KB) to the CRAB cache. Using URI https://cmsweb-k8s-prod.cern.ch/crabcache
DEBUG 2020-12-02 00:04:21.219 UTC: 	 Result uploading input files: 59cc9c917a8d10310da5237ac37656e2e65c58c97fffdef41e970ffa4e054ca9.tar.gz 
INFO 2020-12-02 00:04:21.220 UTC: 	 Sending the request to the server at cmsweb.cern.ch
DEBUG 2020-12-02 00:04:21.220 UTC: 	 Submitting {'maxjobruntime': 1250, 'extrajdl': [], 'ignorelocality': 0, 'savelogsflag': 0, 'useparent': 0, 'asyncdest': 'T3_US_FNALLPC', 'algoargs': 10, 'cachefilename': '59cc9c917a8d10310da5237ac37656e2e65c58c97fffdef41e970ffa4e054ca9.tar.gz', 'numcores': 1, 'addoutputfiles': [], 'generator': 'pythia', 'maxmemory': 2000, 'publishdbsurl': 'https://cmsweb.cern.ch/dbs/prod/phys03/DBSWriter', 'priority': 10, 'jobsw': 'CMSSW_10_6_0', 'edmoutfiles': [], 'userfiles': [], 'primarydataset': '', 'inputdata': '/JetHT/Run2018D-PromptReco-v2/MINIAOD', 'dryrun': 0, 'workflow': 'crab_diquark_QCD_background_data_0003', 'cacheurl': u'https://cmsweb-k8s-prod.cern.ch/crabcache', 'nonprodsw': 1, 'tfileoutfiles': ['diquark_QCD_BR_MC.root'], 'oneEventMode': 0, 'debugfilename': 'c426067abe22be2a5010a0e380ba1d0b836e2b7d12e0701703ef1d900483ba72.tar.gz', 'saveoutput': 1, 'publication': 0, 'jobarch': 'slc7_amd64_gcc820', 'totalunits': 0, 'splitalgo': 'FileBased', 'ignoreglobalblacklist': 0, 'nonvaliddata': 0, 'dbsurl': 'https://cmsweb.cern.ch/dbs/prod/global/DBSReader', 'publishgroupname': 0, 'jobtype': 'Analysis', 'publishname2': 'diquark_QCD_background'} 
DEBUG 2020-12-02 00:04:21.220 UTC: 	 Encoded submit request: maxjobruntime=1250&ignorelocality=0&savelogsflag=0&useparent=0&asyncdest=T3_US_FNALLPC&algoargs=10&cachefilename=59cc9c917a8d10310da5237ac37656e2e65c58c97fffdef41e970ffa4e054ca9.tar.gz&numcores=1&generator=pythia&maxmemory=2000&publishdbsurl=https%3A%2F%2Fcmsweb.cern.ch%2Fdbs%2Fprod%2Fphys03%2FDBSWriter&priority=10&jobsw=CMSSW_10_6_0&primarydataset=&inputdata=%2FJetHT%2FRun2018D-PromptReco-v2%2FMINIAOD&dryrun=0&workflow=crab_diquark_QCD_background_data_0003&cacheurl=https%3A%2F%2Fcmsweb-k8s-prod.cern.ch%2Fcrabcache&nonprodsw=1&oneEventMode=0&debugfilename=c426067abe22be2a5010a0e380ba1d0b836e2b7d12e0701703ef1d900483ba72.tar.gz&saveoutput=1&publication=0&jobarch=slc7_amd64_gcc820&totalunits=0&splitalgo=FileBased&ignoreglobalblacklist=0&nonvaliddata=0&dbsurl=https%3A%2F%2Fcmsweb.cern.ch%2Fdbs%2Fprod%2Fglobal%2FDBSReader&publishgroupname=0&jobtype=Analysis&publishname2=diquark_QCD_background&tfileoutfiles=diquark_QCD_BR_MC.root
DEBUG 2020-12-02 00:04:21.796 UTC: 	 Result: {u'result': [{u'RequestName': u'201202_000421:ecannaer_crab_diquark_QCD_background_data_0003'}]}
INFO 2020-12-02 00:04:21.801 UTC: 	 Success: Your task has been delivered to the prod CRAB3 server.
INFO 2020-12-02 00:04:21.802 UTC: 	 Task name: 201202_000421:ecannaer_crab_diquark_QCD_background_data_0003
INFO 2020-12-02 00:04:21.802 UTC: 	 Project dir: crab_projects/crab_diquark_QCD_background_data_0003
INFO 2020-12-02 00:04:21.802 UTC: 	 Please use ' crab status -d crab_projects/crab_diquark_QCD_background_data_0003 ' to check how the submission process proceeds.
DEBUG 2020-12-02 00:04:21.802 UTC: 	 About to return
INFO 2020-12-02 00:04:21.805 UTC: 	 Log file is /uscms_data/d3/cannaert/src/thrust/CMSSW_10_6_0/src/crab_projects/crab_diquark_QCD_background_data_0003/crab.log
