DEBUG 2020-09-02 03:37:14.194 UTC: 	 CRAB Client version: v3.200812
DEBUG 2020-09-02 03:37:14.194 UTC: 	 Running on: Linux cmslpc135.fnal.gov 3.10.0-1127.10.1.el7.x86_64 #1 SMP Tue Jun 2 10:05:57 CDT 2020 x86_64 x86_64 x86_64 GNU/Linux - Scientific Linux 7.8 (Nitrogen)
DEBUG 2020-09-02 03:37:14.194 UTC: 	 Executing command: 'submit'
DEBUG 2020-09-02 03:37:14.206 UTC: 	 Found CRAB cache file /uscms/home/cannaert/.crab3
INFO 2020-09-02 03:37:14.209 UTC: 	 Will use CRAB configuration file crab_diquark_QCD_ccfg.py
DEBUG 2020-09-02 03:37:14.209 UTC: 	 Loading CRAB configuration file.
DEBUG 2020-09-02 03:37:14.215 UTC: 	 Will use CRAB Analysis plugin (i.e. will run an analysis job type).
DEBUG 2020-09-02 03:37:14.231 UTC: 	 Checking credentials
DEBUG 2020-09-02 03:37:14.232 UTC: 	 Found proxy file /uscms/home/cannaert/x509up_u54552
DEBUG 2020-09-02 03:37:14.232 UTC: 	 Getting proxy life time left
DEBUG 2020-09-02 03:37:14.334 UTC: 	 Executing : 
 command : voms-proxy-info -file /uscms/home/cannaert/x509up_u54552 -timeleft
 output : 43139

 error: 
 retcode : 0
DEBUG 2020-09-02 03:37:14.437 UTC: 	 Executing : 
 command : voms-proxy-info -file /uscms/home/cannaert/x509up_u54552 -actimeleft
 output : 43139

 error: 
 retcode : 0
DEBUG 2020-09-02 03:37:14.437 UTC: 	 Proxy valid for 11:58:59 hours
DEBUG 2020-09-02 03:37:14.539 UTC: 	 Executing : 
 command : env X509_USER_PROXY=/uscms/home/cannaert/x509up_u54552 voms-proxy-info -fqan
 output : /cms/Role=NULL/Capability=NULL

 error: 
 retcode : 0
DEBUG 2020-09-02 03:37:16.411 UTC: 	 Registering user credentials for server /DC=ch/DC=cern/OU=computers/CN=vocms0105.cern.ch|/DC=ch/DC=cern/OU=computers/CN=crab-(preprod|prod|dev)-tw(02|01).cern.ch|/DC=ch/DC=cern/OU=computers/CN=(ddi|ddidk|mytw).cern.ch|/DC=ch/DC=cern/OU=computers/CN=stefanov(m|m2).cern.ch
DEBUG 2020-09-02 03:37:16.521 UTC: 	 Executing : 
 command : voms-proxy-info -file /uscms/home/cannaert/x509up_u54552 -identity
 output : /DC=ch/DC=cern/OU=Organic Units/OU=Users/CN=ecannaer/CN=832417/CN=Ethan Cannaert

 error: 
 retcode : 0
DEBUG 2020-09-02 03:37:16.522 UTC: 	 Getting myproxy life time left for myproxy.cern.ch
DEBUG 2020-09-02 03:37:16.522 UTC: 	 Calculating hash of /DC=ch/DC=cern/OU=Organic Units/OU=Users/CN=ecannaer/CN=832417/CN=Ethan Cannaert_cmsweb.cern.ch for credential name
DEBUG 2020-09-02 03:37:19.429 UTC: 	 Executing : 
 command : myproxy-info -l dfb5f39d91e4adee325d1dda7edfeb9d4bdd1a42 -s myproxy.cern.ch
 output : username: dfb5f39d91e4adee325d1dda7edfeb9d4bdd1a42
owner: /DC=ch/DC=cern/OU=Organic Units/OU=Users/CN=ecannaer/CN=832417/CN=Ethan Cannaert
  renewal policy: /DC=ch/DC=cern/OU=computers/CN=vocms0105.cern.ch|/DC=ch/DC=cern/OU=computers/CN=crab-(preprod|prod|dev)-tw(02|01).cern.ch|/DC=ch/DC=cern/OU=computers/CN=(ddi|ddidk|mytw).cern.ch|/DC=ch/DC=cern/OU=computers/CN=stefanov(m|m2).cern.ch
  trusted retrieval policy: /DC=ch/DC=cern/OU=computers/CN=vocms0105.cern.ch|/DC=ch/DC=cern/OU=computers/CN=crab-(preprod|prod|dev)-tw(02|01).cern.ch|/DC=ch/DC=cern/OU=computers/CN=(ddi|ddidk|mytw).cern.ch|/DC=ch/DC=cern/OU=computers/CN=stefanov(m|m2).cern.ch
  timeleft: 378:20:23  (15.8 days)

 error: 
 retcode : 0
DEBUG 2020-09-02 03:37:19.430 UTC: 	 Myproxy is valid: 1362023
DEBUG 2020-09-02 03:37:19.430 UTC: 	 Retrieving username ...
DEBUG 2020-09-02 03:37:19.430 UTC: 	 Retrieving username from CRIC...
DEBUG 2020-09-02 03:37:20.752 UTC: 	 username is ecannaer
DEBUG 2020-09-02 03:37:20.757 UTC: 	 Getting myproxy life time left for myproxy.cern.ch
DEBUG 2020-09-02 03:37:20.757 UTC: 	 using ecannaer_CRAB as credential login name
DEBUG 2020-09-02 03:37:21.661 UTC: 	 Executing : 
 command : myproxy-info -l ecannaer_CRAB -s myproxy.cern.ch
 output : username: ecannaer_CRAB
owner: /DC=ch/DC=cern/OU=Organic Units/OU=Users/CN=ecannaer/CN=832417/CN=Ethan Cannaert
  renewal policy: /DC=ch/DC=cern/OU=computers/CN=vocms0105.cern.ch|/DC=ch/DC=cern/OU=computers/CN=crab-(preprod|prod|dev)-tw(02|01).cern.ch|/DC=ch/DC=cern/OU=computers/CN=(ddi|ddidk|mytw).cern.ch|/DC=ch/DC=cern/OU=computers/CN=stefanov(m|m2).cern.ch
  trusted retrieval policy: /DC=ch/DC=cern/OU=computers/CN=vocms0105.cern.ch|/DC=ch/DC=cern/OU=computers/CN=crab-(preprod|prod|dev)-tw(02|01).cern.ch|/DC=ch/DC=cern/OU=computers/CN=(ddi|ddidk|mytw).cern.ch|/DC=ch/DC=cern/OU=computers/CN=stefanov(m|m2).cern.ch
  timeleft: 378:20:39  (15.8 days)

 error: 
 retcode : 0
DEBUG 2020-09-02 03:37:21.661 UTC: 	 Myproxy is valid: 1362039
DEBUG 2020-09-02 03:37:21.661 UTC: 	 Command use: submit
DEBUG 2020-09-02 03:37:21.661 UTC: 	 Options use: ['-c', 'crab_diquark_QCD_ccfg.py']
DEBUG 2020-09-02 03:37:26.140 UTC: 	 CRABClient version: v3.200812
DEBUG 2020-09-02 03:37:26.140 UTC: 	 Instance is prod
DEBUG 2020-09-02 03:37:26.140 UTC: 	 Server base url is cmsweb.cern.ch
DEBUG 2020-09-02 03:37:26.141 UTC: 	 Command url /crabserver/prod/workflow
DEBUG 2020-09-02 03:37:26.141 UTC: 	 Started submission
DEBUG 2020-09-02 03:37:26.141 UTC: 	 Working on /uscms_data/d3/cannaert/src/thrust/CMSSW_10_2_4_patch1/src/crab_projects/crab_semilept_ttbar_QCD_background_00
DEBUG 2020-09-02 03:37:33.990 UTC: 	 Loading required information from the environment
DEBUG 2020-09-02 03:37:33.990 UTC: 	 Found CMSSW_10_2_4_patch1 for slc7_amd64_gcc700 with base /uscms_data/d3/cannaert/src/thrust/CMSSW_10_2_4_patch1
DEBUG 2020-09-02 03:37:33.990 UTC: 	 Loading required information from the environment
DEBUG 2020-09-02 03:37:33.990 UTC: 	 Found CMSSW_10_2_4_patch1 for slc7_amd64_gcc700 with base /uscms_data/d3/cannaert/src/thrust/CMSSW_10_2_4_patch1
DEBUG 2020-09-02 03:37:33.990 UTC: 	 UNIQUE NAME: tarUUID ad72f810-184c-4a61-a2be-832915db8d5d 
DEBUG 2020-09-02 03:37:33.990 UTC: 	 self.config: from WMCore.Configuration import Configuration
config = Configuration()
config.section_('General')
config.General.transferOutputs = True
config.General.workArea = 'crab_projects'
config.General.requestName = 'semilept_ttbar_QCD_background_00'
config.section_('JobType')
config.JobType.psetName = 'ttbarAnalyzer_cfg.py'
config.JobType.pluginName = 'Analysis'
config.JobType.allowUndistributedCMSSW = True
config.section_('Data')
config.Data.inputDataset = '/TTToSemiLeptonic_widthx1p15_TuneCP5_13TeV-powheg-pythia8/RunIIAutumn18MiniAOD-102X_upgrade2018_realistic_v15-v1/MINIAODSIM'
config.Data.outputDatasetTag = 'semilept_ttbar_QCD_background'
config.Data.splitting = 'Automatic'
config.Data.publication = False
config.Data.inputDBS = 'global'
config.section_('Site')
config.Site.storageSite = 'T3_US_FNALLPC'
config.section_('User')
config.section_('Debug')

DEBUG 2020-09-02 03:37:33.990 UTC: 	 self.config.JobType.psetName: ttbarAnalyzer_cfg.py
INFO 2020-09-02 03:37:33.991 UTC: 	 Importing CMSSW configuration ttbarAnalyzer_cfg.py
INFO 2020-09-02 03:37:34.581 UTC: 	 Finished importing CMSSW configuration ttbarAnalyzer_cfg.py
DEBUG 2020-09-02 03:37:34.581 UTC: 	 Writing CMSSW configuration to /uscms_data/d3/cannaert/src/thrust/CMSSW_10_2_4_patch1/src/crab_projects/crab_semilept_ttbar_QCD_background_00/inputs/PSet.py
DEBUG 2020-09-02 03:37:34.669 UTC: 	 The following EDM output files will be collected: []
DEBUG 2020-09-02 03:37:34.669 UTC: 	 The following TFile output files will be collected: ['QCD_ttbar_test.root']
DEBUG 2020-09-02 03:37:34.669 UTC: 	 The following user output files (not listed as PoolOuputModule or TFileService in the CMSSW PSet) will be collected: 
DEBUG 2020-09-02 03:37:34.669 UTC: 	 Loading required information from the environment
DEBUG 2020-09-02 03:37:34.669 UTC: 	 Found CMSSW_10_2_4_patch1 for slc7_amd64_gcc700 with base /uscms_data/d3/cannaert/src/thrust/CMSSW_10_2_4_patch1
DEBUG 2020-09-02 03:37:34.669 UTC: 	 Making tarball in /uscms_data/d3/cannaert/src/thrust/CMSSW_10_2_4_patch1/src/crab_projects/crab_semilept_ttbar_QCD_background_00/inputs/ad72f810-184c-4a61-a2be-832915db8d5ddefault.tgz
DEBUG 2020-09-02 03:37:34.671 UTC: 	 Checking directory /uscms_data/d3/cannaert/src/thrust/CMSSW_10_2_4_patch1/lib
DEBUG 2020-09-02 03:37:34.671 UTC: 	 Adding directory /uscms_data/d3/cannaert/src/thrust/CMSSW_10_2_4_patch1/lib to tarball
DEBUG 2020-09-02 03:37:34.680 UTC: 	 Checking directory /uscms_data/d3/cannaert/src/thrust/CMSSW_10_2_4_patch1/biglib
DEBUG 2020-09-02 03:37:34.680 UTC: 	 Adding directory /uscms_data/d3/cannaert/src/thrust/CMSSW_10_2_4_patch1/biglib to tarball
DEBUG 2020-09-02 03:37:34.682 UTC: 	 Checking directory /uscms_data/d3/cannaert/src/thrust/CMSSW_10_2_4_patch1/module
DEBUG 2020-09-02 03:37:34.790 UTC: 	 Uploading archive /uscms_data/d3/cannaert/src/thrust/CMSSW_10_2_4_patch1/src/crab_projects/crab_semilept_ttbar_QCD_background_00/inputs/ad72f810-184c-4a61-a2be-832915db8d5ddefault.tgz (84 KB) to the CRAB cache. Using URI https://cmsweb.cern.ch/crabcache
DEBUG 2020-09-02 03:37:35.776 UTC: 	 Loading required information from the environment
DEBUG 2020-09-02 03:37:35.776 UTC: 	 Found CMSSW_10_2_4_patch1 for slc7_amd64_gcc700 with base /uscms_data/d3/cannaert/src/thrust/CMSSW_10_2_4_patch1
DEBUG 2020-09-02 03:37:35.776 UTC: 	 Making tarball in /uscms_data/d3/cannaert/src/thrust/CMSSW_10_2_4_patch1/src/crab_projects/crab_semilept_ttbar_QCD_background_00/inputs/debugFiles.tgz
DEBUG 2020-09-02 03:37:35.783 UTC: 	 Uploading archive /uscms_data/d3/cannaert/src/thrust/CMSSW_10_2_4_patch1/src/crab_projects/crab_semilept_ttbar_QCD_background_00/inputs/debugFiles.tgz (2 KB) to the CRAB cache. Using URI https://cmsweb.cern.ch/crabcache
DEBUG 2020-09-02 03:37:36.437 UTC: 	 Result uploading input files: df2f26ee7e1a182f68a5879c27bfabacf816ad689adbc77fd4c49ec14d8ba47c.tar.gz 
INFO 2020-09-02 03:37:36.438 UTC: 	 Sending the request to the server at cmsweb.cern.ch
DEBUG 2020-09-02 03:37:36.438 UTC: 	 Submitting {'maxjobruntime': 1250, 'extrajdl': [], 'ignorelocality': 0, 'savelogsflag': 0, 'useparent': 0, 'asyncdest': 'T3_US_FNALLPC', 'algoargs': 480, 'cachefilename': 'df2f26ee7e1a182f68a5879c27bfabacf816ad689adbc77fd4c49ec14d8ba47c.tar.gz', 'numcores': 1, 'addoutputfiles': [], 'generator': 'pythia', 'maxmemory': 2000, 'publishdbsurl': 'https://cmsweb.cern.ch/dbs/prod/phys03/DBSWriter', 'priority': 10, 'jobsw': 'CMSSW_10_2_4_patch1', 'edmoutfiles': [], 'userfiles': [], 'primarydataset': '', 'inputdata': '/TTToSemiLeptonic_widthx1p15_TuneCP5_13TeV-powheg-pythia8/RunIIAutumn18MiniAOD-102X_upgrade2018_realistic_v15-v1/MINIAODSIM', 'dryrun': 0, 'workflow': 'crab_semilept_ttbar_QCD_background_00', 'cacheurl': u'https://cmsweb.cern.ch/crabcache', 'nonprodsw': 1, 'tfileoutfiles': ['QCD_ttbar_test.root'], 'oneEventMode': 0, 'debugfilename': '2bcd4bab56801c54f74b7628af4c9d8052de5791893492318af744356982b920.tar.gz', 'saveoutput': 1, 'publication': 0, 'jobarch': 'slc7_amd64_gcc700', 'totalunits': 0, 'splitalgo': 'Automatic', 'ignoreglobalblacklist': 0, 'nonvaliddata': 0, 'dbsurl': 'https://cmsweb.cern.ch/dbs/prod/global/DBSReader', 'publishgroupname': 0, 'jobtype': 'Analysis', 'publishname2': 'semilept_ttbar_QCD_background'} 
DEBUG 2020-09-02 03:37:36.438 UTC: 	 Encoded submit request: maxjobruntime=1250&ignorelocality=0&savelogsflag=0&useparent=0&asyncdest=T3_US_FNALLPC&algoargs=480&cachefilename=df2f26ee7e1a182f68a5879c27bfabacf816ad689adbc77fd4c49ec14d8ba47c.tar.gz&numcores=1&generator=pythia&maxmemory=2000&publishdbsurl=https%3A%2F%2Fcmsweb.cern.ch%2Fdbs%2Fprod%2Fphys03%2FDBSWriter&priority=10&jobsw=CMSSW_10_2_4_patch1&primarydataset=&inputdata=%2FTTToSemiLeptonic_widthx1p15_TuneCP5_13TeV-powheg-pythia8%2FRunIIAutumn18MiniAOD-102X_upgrade2018_realistic_v15-v1%2FMINIAODSIM&dryrun=0&workflow=crab_semilept_ttbar_QCD_background_00&cacheurl=https%3A%2F%2Fcmsweb.cern.ch%2Fcrabcache&nonprodsw=1&oneEventMode=0&debugfilename=2bcd4bab56801c54f74b7628af4c9d8052de5791893492318af744356982b920.tar.gz&saveoutput=1&publication=0&jobarch=slc7_amd64_gcc700&totalunits=0&splitalgo=Automatic&ignoreglobalblacklist=0&nonvaliddata=0&dbsurl=https%3A%2F%2Fcmsweb.cern.ch%2Fdbs%2Fprod%2Fglobal%2FDBSReader&publishgroupname=0&jobtype=Analysis&publishname2=semilept_ttbar_QCD_background&tfileoutfiles=QCD_ttbar_test.root
DEBUG 2020-09-02 03:37:40.542 UTC: 	 Result: {u'result': [{u'RequestName': u'200902_033740:ecannaer_crab_semilept_ttbar_QCD_background_00'}]}
INFO 2020-09-02 03:37:40.546 UTC: 	 Success: Your task has been delivered to the prod CRAB3 server.
INFO 2020-09-02 03:37:40.546 UTC: 	 Task name: 200902_033740:ecannaer_crab_semilept_ttbar_QCD_background_00
INFO 2020-09-02 03:37:40.546 UTC: 	 Project dir: crab_projects/crab_semilept_ttbar_QCD_background_00
INFO 2020-09-02 03:37:40.546 UTC: 	 Please use ' crab status -d crab_projects/crab_semilept_ttbar_QCD_background_00 ' to check how the submission process proceeds.
DEBUG 2020-09-02 03:37:40.546 UTC: 	 About to return
INFO 2020-09-02 03:37:40.549 UTC: 	 Log file is /uscms_data/d3/cannaert/src/thrust/CMSSW_10_2_4_patch1/src/crab_projects/crab_semilept_ttbar_QCD_background_00/crab.log
DEBUG 2020-09-02 03:41:24.835 UTC: 	 CRAB Client version: v3.200812
DEBUG 2020-09-02 03:41:24.835 UTC: 	 Running on: Linux cmslpc135.fnal.gov 3.10.0-1127.10.1.el7.x86_64 #1 SMP Tue Jun 2 10:05:57 CDT 2020 x86_64 x86_64 x86_64 GNU/Linux - Scientific Linux 7.8 (Nitrogen)
DEBUG 2020-09-02 03:41:24.835 UTC: 	 Executing command: 'status'
DEBUG 2020-09-02 03:41:24.835 UTC: 	 Found CRAB cache file /uscms/home/cannaert/.crab3
DEBUG 2020-09-02 03:41:24.856 UTC: 	 Checking credentials
DEBUG 2020-09-02 03:41:24.856 UTC: 	 Found proxy file /uscms/home/cannaert/x509up_u54552
DEBUG 2020-09-02 03:41:24.856 UTC: 	 Getting proxy life time left
DEBUG 2020-09-02 03:41:24.958 UTC: 	 Executing : 
 command : voms-proxy-info -file /uscms/home/cannaert/x509up_u54552 -timeleft
 output : 42889

 error: 
 retcode : 0
DEBUG 2020-09-02 03:41:25.060 UTC: 	 Executing : 
 command : voms-proxy-info -file /uscms/home/cannaert/x509up_u54552 -actimeleft
 output : 42889

 error: 
 retcode : 0
DEBUG 2020-09-02 03:41:25.061 UTC: 	 Proxy valid for 11:54:49 hours
DEBUG 2020-09-02 03:41:30.676 UTC: 	 Registering user credentials for server /DC=ch/DC=cern/OU=computers/CN=vocms0105.cern.ch|/DC=ch/DC=cern/OU=computers/CN=crab-(preprod|prod|dev)-tw(02|01).cern.ch|/DC=ch/DC=cern/OU=computers/CN=(ddi|ddidk|mytw).cern.ch|/DC=ch/DC=cern/OU=computers/CN=stefanov(m|m2).cern.ch
DEBUG 2020-09-02 03:41:30.782 UTC: 	 Executing : 
 command : voms-proxy-info -file /uscms/home/cannaert/x509up_u54552 -identity
 output : /DC=ch/DC=cern/OU=Organic Units/OU=Users/CN=ecannaer/CN=832417/CN=Ethan Cannaert

 error: 
 retcode : 0
DEBUG 2020-09-02 03:41:30.782 UTC: 	 Getting myproxy life time left for myproxy.cern.ch
DEBUG 2020-09-02 03:41:30.783 UTC: 	 Calculating hash of /DC=ch/DC=cern/OU=Organic Units/OU=Users/CN=ecannaer/CN=832417/CN=Ethan Cannaert_cmsweb.cern.ch for credential name
DEBUG 2020-09-02 03:41:31.686 UTC: 	 Executing : 
 command : myproxy-info -l dfb5f39d91e4adee325d1dda7edfeb9d4bdd1a42 -s myproxy.cern.ch
 output : username: dfb5f39d91e4adee325d1dda7edfeb9d4bdd1a42
owner: /DC=ch/DC=cern/OU=Organic Units/OU=Users/CN=ecannaer/CN=832417/CN=Ethan Cannaert
  renewal policy: /DC=ch/DC=cern/OU=computers/CN=vocms0105.cern.ch|/DC=ch/DC=cern/OU=computers/CN=crab-(preprod|prod|dev)-tw(02|01).cern.ch|/DC=ch/DC=cern/OU=computers/CN=(ddi|ddidk|mytw).cern.ch|/DC=ch/DC=cern/OU=computers/CN=stefanov(m|m2).cern.ch
  trusted retrieval policy: /DC=ch/DC=cern/OU=computers/CN=vocms0105.cern.ch|/DC=ch/DC=cern/OU=computers/CN=crab-(preprod|prod|dev)-tw(02|01).cern.ch|/DC=ch/DC=cern/OU=computers/CN=(ddi|ddidk|mytw).cern.ch|/DC=ch/DC=cern/OU=computers/CN=stefanov(m|m2).cern.ch
  timeleft: 378:16:11  (15.8 days)

 error: 
 retcode : 0
DEBUG 2020-09-02 03:41:31.687 UTC: 	 Myproxy is valid: 1361771
DEBUG 2020-09-02 03:41:31.687 UTC: 	 Retrieving username ...
DEBUG 2020-09-02 03:41:31.687 UTC: 	 Retrieving username from CRIC...
DEBUG 2020-09-02 03:41:33.030 UTC: 	 username is ecannaer
DEBUG 2020-09-02 03:41:33.035 UTC: 	 Getting myproxy life time left for myproxy.cern.ch
DEBUG 2020-09-02 03:41:33.035 UTC: 	 using ecannaer_CRAB as credential login name
DEBUG 2020-09-02 03:41:33.842 UTC: 	 Executing : 
 command : myproxy-info -l ecannaer_CRAB -s myproxy.cern.ch
 output : username: ecannaer_CRAB
owner: /DC=ch/DC=cern/OU=Organic Units/OU=Users/CN=ecannaer/CN=832417/CN=Ethan Cannaert
  renewal policy: /DC=ch/DC=cern/OU=computers/CN=vocms0105.cern.ch|/DC=ch/DC=cern/OU=computers/CN=crab-(preprod|prod|dev)-tw(02|01).cern.ch|/DC=ch/DC=cern/OU=computers/CN=(ddi|ddidk|mytw).cern.ch|/DC=ch/DC=cern/OU=computers/CN=stefanov(m|m2).cern.ch
  trusted retrieval policy: /DC=ch/DC=cern/OU=computers/CN=vocms0105.cern.ch|/DC=ch/DC=cern/OU=computers/CN=crab-(preprod|prod|dev)-tw(02|01).cern.ch|/DC=ch/DC=cern/OU=computers/CN=(ddi|ddidk|mytw).cern.ch|/DC=ch/DC=cern/OU=computers/CN=stefanov(m|m2).cern.ch
  timeleft: 378:16:27  (15.8 days)

 error: 
 retcode : 0
DEBUG 2020-09-02 03:41:33.842 UTC: 	 Myproxy is valid: 1361787
DEBUG 2020-09-02 03:41:33.843 UTC: 	 Command use: status
DEBUG 2020-09-02 03:41:33.843 UTC: 	 Options use: ['-d', 'crab_projects/crab_semilept_ttbar_QCD_background_00']
DEBUG 2020-09-02 03:41:38.992 UTC: 	 CRABClient version: v3.200812
DEBUG 2020-09-02 03:41:38.992 UTC: 	 Instance is prod
DEBUG 2020-09-02 03:41:38.992 UTC: 	 Server base url is cmsweb.cern.ch
DEBUG 2020-09-02 03:41:38.992 UTC: 	 Command url /crabserver/prod/workflow
DEBUG 2020-09-02 03:41:43.381 UTC: 	 Got information from server oracle database: {u'result': [u'200902_033740:ecannaer_crab_semilept_ttbar_QCD_background_00', u'None', u'None', u'SUBMITTED', u'SUBMIT', u'2020-09-02 03:37:40.483302', u'None', u'2020-09-02 03:39:36.297002', u'None', u'CMSSW_10_2_4_patch1', u'slc7_amd64_gcc700', u'/TTToSemiLeptonic_widthx1p15_TuneCP5_13TeV-powheg-pythia8/RunIIAutumn18MiniAOD-102X_upgrade2018_realistic_v15-v1/MINIAODSIM', u'F', u'0', u'[]', u'[]', u'Automatic', u"{'splitOnRun': False, 'minutes_per_job': 480, 'halt_job_on_file_boundaries': False, 'runs': [], 'lumis': []}", u'df2f26ee7e1a182f68a5879c27bfabacf816ad689adbc77fd4c49ec14d8ba47c.tar.gz', u'https://cmsweb.cern.ch/crabcache', u'ecannaer', u'/DC=ch/DC=cern/OU=Organic Units/OU=Users/CN=ecannaer/CN=832417/CN=Ethan Cannaert', u'cms', u'None', u'None', u'semilept_ttbar_QCD_background-00000000000000000000000000000000', u'F', u'T3_US_FNALLPC', u'https://cmsweb.cern.ch/dbs/prod/global/DBSReader', u'https://cmsweb.cern.ch/dbs/prod/phys03/DBSWriter', u'F', u'[]', u"['QCD_ttbar_test.root']", u'[]', u'Analysis', u'pythia', u'None', u'{}', u'[]', u'F', u'crab-prod-tw01', u'[]', u'1250', u'1', u'2000', u'10', u'None', u'[]', u'http://vocms0198.cern.ch/mon/cms838/200902_033740:ecannaer_crab_semilept_ttbar_QCD_background_00', u'None', u'[]', u'[]', u'https://cmsweb.cern.ch/crabserver/prod', u'cmsgwms-collector-global.cern.ch:9620,cmsgwms-collector-global.fnal.gov', u'crab3@vocms0198.cern.ch', u'F', u'[]', u'T', u'/store/user/ecannaer/', u'F', u'None', u'F', u'None', u'TTToSemiLeptonic_widthx1p15_TuneCP5_13TeV-powheg-pythia8', u'None', u'2bcd4bab56801c54f74b7628af4c9d8052de5791893492318af744356982b920.tar.gz', u'52400422', u'filetransfers', u'F', u'188.184.101.220', u'0.0', u'None'], u'desc': {u'columns': [u'tm_taskname', u'tm_activity', u'panda_jobset_id', u'tm_task_status', u'tm_task_command', u'tm_start_time', u'tm_start_injection', u'tm_end_injection', u'tm_task_failure', u'tm_job_sw', u'tm_job_arch', u'tm_input_dataset', u'tm_nonvalid_input_dataset', u'tm_use_parent', u'tm_site_whitelist', u'tm_site_blacklist', u'tm_split_algo', u'tm_split_args', u'tm_user_sandbox', u'tm_cache_url', u'tm_username', u'tm_user_dn', u'tm_user_vo', u'tm_user_role', u'tm_user_group', u'tm_publish_name', u'tm_publish_groupname', u'tm_asyncdest', u'tm_dbs_url', u'tm_publish_dbs_url', u'tm_publication', u'tm_outfiles', u'tm_tfile_outfiles', u'tm_edm_outfiles', u'tm_job_type', u'tm_generator', u'tm_events_per_lumi', u'tm_arguments', u'panda_resubmitted_jobs', u'tm_save_logs', u'tw_name', u'tm_user_infiles', u'tm_maxjobruntime', u'tm_numcores', u'tm_maxmemory', u'tm_priority', u'tm_output_dataset', u'tm_task_warnings', u'tm_user_webdir', u'tm_scriptexe', u'tm_scriptargs', u'tm_extrajdl', u'tm_asourl', u'tm_collector', u'tm_schedd', u'tm_dry_run', u'tm_user_files', u'tm_transfer_outputs', u'tm_output_lfn', u'tm_ignore_locality', u'tm_fail_limit', u'tm_one_event_mode', u'tm_secondary_input_dataset', u'tm_primary_dataset', u'tm_last_publication', u'tm_debug_files', u'clusterid', u'tm_asodb', u'tm_ignore_global_blacklist', u'tm_submitter_ip_addr', u'tm_totalunits', u'tm_ddm_reqid']}}
INFO 2020-09-02 03:41:43.381 UTC: 	 CRAB project directory:		/uscms_data/d3/cannaert/src/thrust/CMSSW_10_2_4_patch1/src/crab_projects/crab_semilept_ttbar_QCD_background_00
INFO 2020-09-02 03:41:43.381 UTC: 	 Task name:			200902_033740:ecannaer_crab_semilept_ttbar_QCD_background_00
INFO 2020-09-02 03:41:43.382 UTC: 	 Grid scheduler - Task Worker:	crab3@vocms0198.cern.ch - crab-prod-tw01
INFO 2020-09-02 03:41:43.382 UTC: 	 Status on the CRAB server:	SUBMITTED
INFO 2020-09-02 03:41:43.382 UTC: 	 Task URL to use for HELP:	https://cmsweb.cern.ch/crabserver/ui/task/200902_033740%3Aecannaer_crab_semilept_ttbar_QCD_background_00
INFO 2020-09-02 03:41:43.442 UTC: 	 Dashboard monitoring URL:	https://monit-grafana.cern.ch/d/cmsTMDetail/cms-task-monitoring-task-view?orgId=11&var-user=ecannaer&var-task=200902_033740%3Aecannaer_crab_semilept_ttbar_QCD_background_00&from=1599017860000&to=now
INFO 2020-09-02 03:41:43.442 UTC: 	 In case of issues with the dashboard, please provide feedback to hn-cms-computing-tools@cern.ch
DEBUG 2020-09-02 03:41:43.442 UTC: 	 The CRAB server submitted your task to the Grid scheduler (cluster ID: 52400422)
DEBUG 2020-09-02 03:41:43.442 UTC: 	 Webdir is located at http://vocms0198.cern.ch/mon/cms838/200902_033740:ecannaer_crab_semilept_ttbar_QCD_background_00
DEBUG 2020-09-02 03:41:47.408 UTC: 	 Proxied webdir is located at https://cmsweb.cern.ch/scheddmon/0198/cms838/200902_033740:ecannaer_crab_semilept_ttbar_QCD_background_00
DEBUG 2020-09-02 03:41:47.408 UTC: 	 Retrieving 'status_cache' file from https://cmsweb.cern.ch/scheddmon/0198/cms838/200902_033740:ecannaer_crab_semilept_ttbar_QCD_background_00/status_cache
DEBUG 2020-09-02 03:41:47.959 UTC: 	 Got information from status cache file: {'0-4': {'Retries': 0, 'WallDurations': [0], 'StartTimes': [], 'SubmitTimes': [1599017996.0], 'JobIds': ['52400425.0'], 'EndTimes': [], 'Restarts': 0, 'RecordedSite': False, 'State': 'idle', 'ResidentSetSize': [0], 'TotalUserCpuTimeHistory': [0.0], 'SiteHistory': ['Unknown'], 'TotalSysCpuTimeHistory': [0.0]}, '0-5': {'Retries': 0, 'WallDurations': [0], 'StartTimes': [], 'SubmitTimes': [1599017997.0], 'JobIds': ['52400428.0'], 'EndTimes': [], 'Restarts': 0, 'RecordedSite': False, 'State': 'idle', 'ResidentSetSize': [0], 'TotalUserCpuTimeHistory': [0.0], 'SiteHistory': ['Unknown'], 'TotalSysCpuTimeHistory': [0.0]}, '0-1': {'Retries': 0, 'WallDurations': [0], 'StartTimes': [], 'SubmitTimes': [1599017997.0], 'JobIds': ['52400426.0'], 'EndTimes': [], 'Restarts': 0, 'RecordedSite': False, 'State': 'idle', 'ResidentSetSize': [0], 'TotalUserCpuTimeHistory': [0.0], 'SiteHistory': ['Unknown'], 'TotalSysCpuTimeHistory': [0.0]}, '0-2': {'Retries': 0, 'WallDurations': [0], 'StartTimes': [], 'SubmitTimes': [1599017997.0], 'JobIds': ['52400427.0'], 'EndTimes': [], 'Restarts': 0, 'RecordedSite': False, 'State': 'idle', 'ResidentSetSize': [0], 'TotalUserCpuTimeHistory': [0.0], 'SiteHistory': ['Unknown'], 'TotalSysCpuTimeHistory': [0.0]}, '0-3': {'Retries': 0, 'WallDurations': [0], 'StartTimes': [], 'SubmitTimes': [1599017996.0], 'JobIds': ['52400424.0'], 'EndTimes': [], 'Restarts': 0, 'RecordedSite': False, 'State': 'idle', 'ResidentSetSize': [0], 'TotalUserCpuTimeHistory': [0.0], 'SiteHistory': ['Unknown'], 'TotalSysCpuTimeHistory': [0.0]}}
INFO 2020-09-02 03:41:47.959 UTC: 	 Status on the scheduler:	SUBMITTED
INFO 2020-09-02 03:41:47.959 UTC: 	 
The job splitting of this task is 'Automatic', please refer to this FAQ for a description of the jobs status summary:
https://twiki.cern.ch/twiki/bin/view/CMSPublic/CRAB3FAQ#What_is_the_Automatic_splitting
INFO 2020-09-02 03:41:47.959 UTC: 	 Probe stage log:		https://cmsweb.cern.ch/scheddmon/0198/cms838/200902_033740:ecannaer_crab_semilept_ttbar_QCD_background_00/AutomaticSplitting_Log0.txt
INFO 2020-09-02 03:41:47.959 UTC: 	 
No publication information (publication has been disabled in the CRAB configuration file)
INFO 2020-09-02 03:41:47.962 UTC: 	 Log file is /uscms_data/d3/cannaert/src/thrust/CMSSW_10_2_4_patch1/src/crab_projects/crab_semilept_ttbar_QCD_background_00/crab.log
DEBUG 2020-09-02 03:45:35.546 UTC: 	 CRAB Client version: v3.200812
DEBUG 2020-09-02 03:45:35.547 UTC: 	 Running on: Linux cmslpc135.fnal.gov 3.10.0-1127.10.1.el7.x86_64 #1 SMP Tue Jun 2 10:05:57 CDT 2020 x86_64 x86_64 x86_64 GNU/Linux - Scientific Linux 7.8 (Nitrogen)
DEBUG 2020-09-02 03:45:35.547 UTC: 	 Executing command: 'status'
DEBUG 2020-09-02 03:45:35.547 UTC: 	 Found CRAB cache file /uscms/home/cannaert/.crab3
DEBUG 2020-09-02 03:45:35.572 UTC: 	 Checking credentials
DEBUG 2020-09-02 03:45:35.573 UTC: 	 Found proxy file /uscms/home/cannaert/x509up_u54552
DEBUG 2020-09-02 03:45:35.573 UTC: 	 Getting proxy life time left
DEBUG 2020-09-02 03:45:35.675 UTC: 	 Executing : 
 command : voms-proxy-info -file /uscms/home/cannaert/x509up_u54552 -timeleft
 output : 42638

 error: 
 retcode : 0
DEBUG 2020-09-02 03:45:35.779 UTC: 	 Executing : 
 command : voms-proxy-info -file /uscms/home/cannaert/x509up_u54552 -actimeleft
 output : 42638

 error: 
 retcode : 0
DEBUG 2020-09-02 03:45:35.779 UTC: 	 Proxy valid for 11:50:38 hours
DEBUG 2020-09-02 03:45:39.482 UTC: 	 Registering user credentials for server /DC=ch/DC=cern/OU=computers/CN=vocms0105.cern.ch|/DC=ch/DC=cern/OU=computers/CN=crab-(preprod|prod|dev)-tw(02|01).cern.ch|/DC=ch/DC=cern/OU=computers/CN=(ddi|ddidk|mytw).cern.ch|/DC=ch/DC=cern/OU=computers/CN=stefanov(m|m2).cern.ch
DEBUG 2020-09-02 03:45:39.589 UTC: 	 Executing : 
 command : voms-proxy-info -file /uscms/home/cannaert/x509up_u54552 -identity
 output : /DC=ch/DC=cern/OU=Organic Units/OU=Users/CN=ecannaer/CN=832417/CN=Ethan Cannaert

 error: 
 retcode : 0
DEBUG 2020-09-02 03:45:39.589 UTC: 	 Getting myproxy life time left for myproxy.cern.ch
DEBUG 2020-09-02 03:45:39.589 UTC: 	 Calculating hash of /DC=ch/DC=cern/OU=Organic Units/OU=Users/CN=ecannaer/CN=832417/CN=Ethan Cannaert_cmsweb.cern.ch for credential name
DEBUG 2020-09-02 03:45:40.593 UTC: 	 Executing : 
 command : myproxy-info -l dfb5f39d91e4adee325d1dda7edfeb9d4bdd1a42 -s myproxy.cern.ch
 output : username: dfb5f39d91e4adee325d1dda7edfeb9d4bdd1a42
owner: /DC=ch/DC=cern/OU=Organic Units/OU=Users/CN=ecannaer/CN=832417/CN=Ethan Cannaert
  renewal policy: /DC=ch/DC=cern/OU=computers/CN=vocms0105.cern.ch|/DC=ch/DC=cern/OU=computers/CN=crab-(preprod|prod|dev)-tw(02|01).cern.ch|/DC=ch/DC=cern/OU=computers/CN=(ddi|ddidk|mytw).cern.ch|/DC=ch/DC=cern/OU=computers/CN=stefanov(m|m2).cern.ch
  trusted retrieval policy: /DC=ch/DC=cern/OU=computers/CN=vocms0105.cern.ch|/DC=ch/DC=cern/OU=computers/CN=crab-(preprod|prod|dev)-tw(02|01).cern.ch|/DC=ch/DC=cern/OU=computers/CN=(ddi|ddidk|mytw).cern.ch|/DC=ch/DC=cern/OU=computers/CN=stefanov(m|m2).cern.ch
  timeleft: 378:12:02  (15.8 days)

 error: 
 retcode : 0
DEBUG 2020-09-02 03:45:40.594 UTC: 	 Myproxy is valid: 1361522
DEBUG 2020-09-02 03:45:40.594 UTC: 	 Retrieving username ...
DEBUG 2020-09-02 03:45:40.594 UTC: 	 Retrieving username from CRIC...
DEBUG 2020-09-02 03:45:42.079 UTC: 	 username is ecannaer
DEBUG 2020-09-02 03:45:42.082 UTC: 	 Getting myproxy life time left for myproxy.cern.ch
DEBUG 2020-09-02 03:45:42.083 UTC: 	 using ecannaer_CRAB as credential login name
DEBUG 2020-09-02 03:45:42.988 UTC: 	 Executing : 
 command : myproxy-info -l ecannaer_CRAB -s myproxy.cern.ch
 output : username: ecannaer_CRAB
owner: /DC=ch/DC=cern/OU=Organic Units/OU=Users/CN=ecannaer/CN=832417/CN=Ethan Cannaert
  renewal policy: /DC=ch/DC=cern/OU=computers/CN=vocms0105.cern.ch|/DC=ch/DC=cern/OU=computers/CN=crab-(preprod|prod|dev)-tw(02|01).cern.ch|/DC=ch/DC=cern/OU=computers/CN=(ddi|ddidk|mytw).cern.ch|/DC=ch/DC=cern/OU=computers/CN=stefanov(m|m2).cern.ch
  trusted retrieval policy: /DC=ch/DC=cern/OU=computers/CN=vocms0105.cern.ch|/DC=ch/DC=cern/OU=computers/CN=crab-(preprod|prod|dev)-tw(02|01).cern.ch|/DC=ch/DC=cern/OU=computers/CN=(ddi|ddidk|mytw).cern.ch|/DC=ch/DC=cern/OU=computers/CN=stefanov(m|m2).cern.ch
  timeleft: 378:12:18  (15.8 days)

 error: 
 retcode : 0
DEBUG 2020-09-02 03:45:42.988 UTC: 	 Myproxy is valid: 1361538
DEBUG 2020-09-02 03:45:42.988 UTC: 	 Command use: status
DEBUG 2020-09-02 03:45:42.988 UTC: 	 Options use: ['-d', 'crab_projects/crab_semilept_ttbar_QCD_background_00']
DEBUG 2020-09-02 03:45:49.473 UTC: 	 CRABClient version: v3.200812
DEBUG 2020-09-02 03:45:49.473 UTC: 	 Instance is prod
DEBUG 2020-09-02 03:45:49.473 UTC: 	 Server base url is cmsweb.cern.ch
DEBUG 2020-09-02 03:45:49.473 UTC: 	 Command url /crabserver/prod/workflow
DEBUG 2020-09-02 03:45:50.076 UTC: 	 Got information from server oracle database: {u'result': [u'200902_033740:ecannaer_crab_semilept_ttbar_QCD_background_00', u'None', u'None', u'SUBMITTED', u'SUBMIT', u'2020-09-02 03:37:40.483302', u'None', u'2020-09-02 03:39:36.297002', u'None', u'CMSSW_10_2_4_patch1', u'slc7_amd64_gcc700', u'/TTToSemiLeptonic_widthx1p15_TuneCP5_13TeV-powheg-pythia8/RunIIAutumn18MiniAOD-102X_upgrade2018_realistic_v15-v1/MINIAODSIM', u'F', u'0', u'[]', u'[]', u'Automatic', u"{'splitOnRun': False, 'minutes_per_job': 480, 'halt_job_on_file_boundaries': False, 'runs': [], 'lumis': []}", u'df2f26ee7e1a182f68a5879c27bfabacf816ad689adbc77fd4c49ec14d8ba47c.tar.gz', u'https://cmsweb.cern.ch/crabcache', u'ecannaer', u'/DC=ch/DC=cern/OU=Organic Units/OU=Users/CN=ecannaer/CN=832417/CN=Ethan Cannaert', u'cms', u'None', u'None', u'semilept_ttbar_QCD_background-00000000000000000000000000000000', u'F', u'T3_US_FNALLPC', u'https://cmsweb.cern.ch/dbs/prod/global/DBSReader', u'https://cmsweb.cern.ch/dbs/prod/phys03/DBSWriter', u'F', u'[]', u"['QCD_ttbar_test.root']", u'[]', u'Analysis', u'pythia', u'None', u'{}', u'[]', u'F', u'crab-prod-tw01', u'[]', u'1250', u'1', u'2000', u'10', u'None', u'[]', u'http://vocms0198.cern.ch/mon/cms838/200902_033740:ecannaer_crab_semilept_ttbar_QCD_background_00', u'None', u'[]', u'[]', u'https://cmsweb.cern.ch/crabserver/prod', u'cmsgwms-collector-global.cern.ch:9620,cmsgwms-collector-global.fnal.gov', u'crab3@vocms0198.cern.ch', u'F', u'[]', u'T', u'/store/user/ecannaer/', u'F', u'None', u'F', u'None', u'TTToSemiLeptonic_widthx1p15_TuneCP5_13TeV-powheg-pythia8', u'None', u'2bcd4bab56801c54f74b7628af4c9d8052de5791893492318af744356982b920.tar.gz', u'52400422', u'filetransfers', u'F', u'188.184.101.220', u'0.0', u'None'], u'desc': {u'columns': [u'tm_taskname', u'tm_activity', u'panda_jobset_id', u'tm_task_status', u'tm_task_command', u'tm_start_time', u'tm_start_injection', u'tm_end_injection', u'tm_task_failure', u'tm_job_sw', u'tm_job_arch', u'tm_input_dataset', u'tm_nonvalid_input_dataset', u'tm_use_parent', u'tm_site_whitelist', u'tm_site_blacklist', u'tm_split_algo', u'tm_split_args', u'tm_user_sandbox', u'tm_cache_url', u'tm_username', u'tm_user_dn', u'tm_user_vo', u'tm_user_role', u'tm_user_group', u'tm_publish_name', u'tm_publish_groupname', u'tm_asyncdest', u'tm_dbs_url', u'tm_publish_dbs_url', u'tm_publication', u'tm_outfiles', u'tm_tfile_outfiles', u'tm_edm_outfiles', u'tm_job_type', u'tm_generator', u'tm_events_per_lumi', u'tm_arguments', u'panda_resubmitted_jobs', u'tm_save_logs', u'tw_name', u'tm_user_infiles', u'tm_maxjobruntime', u'tm_numcores', u'tm_maxmemory', u'tm_priority', u'tm_output_dataset', u'tm_task_warnings', u'tm_user_webdir', u'tm_scriptexe', u'tm_scriptargs', u'tm_extrajdl', u'tm_asourl', u'tm_collector', u'tm_schedd', u'tm_dry_run', u'tm_user_files', u'tm_transfer_outputs', u'tm_output_lfn', u'tm_ignore_locality', u'tm_fail_limit', u'tm_one_event_mode', u'tm_secondary_input_dataset', u'tm_primary_dataset', u'tm_last_publication', u'tm_debug_files', u'clusterid', u'tm_asodb', u'tm_ignore_global_blacklist', u'tm_submitter_ip_addr', u'tm_totalunits', u'tm_ddm_reqid']}}
INFO 2020-09-02 03:45:50.076 UTC: 	 CRAB project directory:		/uscms_data/d3/cannaert/src/thrust/CMSSW_10_2_4_patch1/src/crab_projects/crab_semilept_ttbar_QCD_background_00
INFO 2020-09-02 03:45:50.076 UTC: 	 Task name:			200902_033740:ecannaer_crab_semilept_ttbar_QCD_background_00
INFO 2020-09-02 03:45:50.076 UTC: 	 Grid scheduler - Task Worker:	crab3@vocms0198.cern.ch - crab-prod-tw01
INFO 2020-09-02 03:45:50.076 UTC: 	 Status on the CRAB server:	SUBMITTED
INFO 2020-09-02 03:45:50.076 UTC: 	 Task URL to use for HELP:	https://cmsweb.cern.ch/crabserver/ui/task/200902_033740%3Aecannaer_crab_semilept_ttbar_QCD_background_00
INFO 2020-09-02 03:45:50.080 UTC: 	 Dashboard monitoring URL:	https://monit-grafana.cern.ch/d/cmsTMDetail/cms-task-monitoring-task-view?orgId=11&var-user=ecannaer&var-task=200902_033740%3Aecannaer_crab_semilept_ttbar_QCD_background_00&from=1599017860000&to=now
INFO 2020-09-02 03:45:50.080 UTC: 	 In case of issues with the dashboard, please provide feedback to hn-cms-computing-tools@cern.ch
DEBUG 2020-09-02 03:45:50.080 UTC: 	 The CRAB server submitted your task to the Grid scheduler (cluster ID: 52400422)
DEBUG 2020-09-02 03:45:50.080 UTC: 	 Webdir is located at http://vocms0198.cern.ch/mon/cms838/200902_033740:ecannaer_crab_semilept_ttbar_QCD_background_00
DEBUG 2020-09-02 03:45:50.710 UTC: 	 Proxied webdir is located at https://cmsweb.cern.ch/scheddmon/0198/cms838/200902_033740:ecannaer_crab_semilept_ttbar_QCD_background_00
DEBUG 2020-09-02 03:45:50.710 UTC: 	 Retrieving 'status_cache' file from https://cmsweb.cern.ch/scheddmon/0198/cms838/200902_033740:ecannaer_crab_semilept_ttbar_QCD_background_00/status_cache
DEBUG 2020-09-02 03:45:51.253 UTC: 	 Got information from status cache file: {'0-4': {'Retries': 0, 'WallDurations': [0], 'StartTimes': [], 'SubmitTimes': [1599017996.0], 'JobIds': ['52400425.0'], 'EndTimes': [], 'Restarts': 0, 'RecordedSite': False, 'State': 'idle', 'ResidentSetSize': [0], 'TotalUserCpuTimeHistory': [0.0], 'SiteHistory': ['Unknown'], 'TotalSysCpuTimeHistory': [0.0]}, '0-5': {'Retries': 0, 'WallDurations': [0], 'StartTimes': [], 'SubmitTimes': [1599017997.0], 'JobIds': ['52400428.0'], 'EndTimes': [], 'Restarts': 0, 'RecordedSite': False, 'State': 'idle', 'ResidentSetSize': [0], 'TotalUserCpuTimeHistory': [0.0], 'SiteHistory': ['Unknown'], 'TotalSysCpuTimeHistory': [0.0]}, '0-1': {'Retries': 0, 'WallDurations': [0], 'StartTimes': [], 'SubmitTimes': [1599017997.0], 'JobIds': ['52400426.0'], 'EndTimes': [], 'Restarts': 0, 'RecordedSite': False, 'State': 'idle', 'ResidentSetSize': [0], 'TotalUserCpuTimeHistory': [0.0], 'SiteHistory': ['Unknown'], 'TotalSysCpuTimeHistory': [0.0]}, '0-2': {'Retries': 0, 'WallDurations': [0], 'StartTimes': [], 'SubmitTimes': [1599017997.0], 'JobIds': ['52400427.0'], 'EndTimes': [], 'Restarts': 0, 'RecordedSite': False, 'State': 'idle', 'ResidentSetSize': [0], 'TotalUserCpuTimeHistory': [0.0], 'SiteHistory': ['Unknown'], 'TotalSysCpuTimeHistory': [0.0]}, '0-3': {'Retries': 0, 'WallDurations': [0], 'StartTimes': [], 'SubmitTimes': [1599017996.0], 'JobIds': ['52400424.0'], 'EndTimes': [], 'Restarts': 0, 'RecordedSite': False, 'State': 'idle', 'ResidentSetSize': [0], 'TotalUserCpuTimeHistory': [0.0], 'SiteHistory': ['Unknown'], 'TotalSysCpuTimeHistory': [0.0]}}
INFO 2020-09-02 03:45:51.253 UTC: 	 Status on the scheduler:	SUBMITTED
INFO 2020-09-02 03:45:51.253 UTC: 	 
The job splitting of this task is 'Automatic', please refer to this FAQ for a description of the jobs status summary:
https://twiki.cern.ch/twiki/bin/view/CMSPublic/CRAB3FAQ#What_is_the_Automatic_splitting
INFO 2020-09-02 03:45:51.253 UTC: 	 Probe stage log:		https://cmsweb.cern.ch/scheddmon/0198/cms838/200902_033740:ecannaer_crab_semilept_ttbar_QCD_background_00/AutomaticSplitting_Log0.txt
INFO 2020-09-02 03:45:51.253 UTC: 	 
No publication information (publication has been disabled in the CRAB configuration file)
INFO 2020-09-02 03:45:51.256 UTC: 	 Log file is /uscms_data/d3/cannaert/src/thrust/CMSSW_10_2_4_patch1/src/crab_projects/crab_semilept_ttbar_QCD_background_00/crab.log
DEBUG 2020-09-02 03:50:30.117 UTC: 	 CRAB Client version: v3.200812
DEBUG 2020-09-02 03:50:30.117 UTC: 	 Running on: Linux cmslpc135.fnal.gov 3.10.0-1127.10.1.el7.x86_64 #1 SMP Tue Jun 2 10:05:57 CDT 2020 x86_64 x86_64 x86_64 GNU/Linux - Scientific Linux 7.8 (Nitrogen)
DEBUG 2020-09-02 03:50:30.117 UTC: 	 Executing command: 'status'
DEBUG 2020-09-02 03:50:30.117 UTC: 	 Found CRAB cache file /uscms/home/cannaert/.crab3
DEBUG 2020-09-02 03:50:30.128 UTC: 	 Checking credentials
DEBUG 2020-09-02 03:50:30.129 UTC: 	 Found proxy file /uscms/home/cannaert/x509up_u54552
DEBUG 2020-09-02 03:50:30.129 UTC: 	 Getting proxy life time left
DEBUG 2020-09-02 03:50:30.231 UTC: 	 Executing : 
 command : voms-proxy-info -file /uscms/home/cannaert/x509up_u54552 -timeleft
 output : 42343

 error: 
 retcode : 0
DEBUG 2020-09-02 03:50:30.333 UTC: 	 Executing : 
 command : voms-proxy-info -file /uscms/home/cannaert/x509up_u54552 -actimeleft
 output : 42343

 error: 
 retcode : 0
DEBUG 2020-09-02 03:50:30.333 UTC: 	 Proxy valid for 11:45:43 hours
DEBUG 2020-09-02 03:50:39.409 UTC: 	 Registering user credentials for server /DC=ch/DC=cern/OU=computers/CN=vocms0105.cern.ch|/DC=ch/DC=cern/OU=computers/CN=crab-(preprod|prod|dev)-tw(02|01).cern.ch|/DC=ch/DC=cern/OU=computers/CN=(ddi|ddidk|mytw).cern.ch|/DC=ch/DC=cern/OU=computers/CN=stefanov(m|m2).cern.ch
DEBUG 2020-09-02 03:50:39.515 UTC: 	 Executing : 
 command : voms-proxy-info -file /uscms/home/cannaert/x509up_u54552 -identity
 output : /DC=ch/DC=cern/OU=Organic Units/OU=Users/CN=ecannaer/CN=832417/CN=Ethan Cannaert

 error: 
 retcode : 0
DEBUG 2020-09-02 03:50:39.515 UTC: 	 Getting myproxy life time left for myproxy.cern.ch
DEBUG 2020-09-02 03:50:39.515 UTC: 	 Calculating hash of /DC=ch/DC=cern/OU=Organic Units/OU=Users/CN=ecannaer/CN=832417/CN=Ethan Cannaert_cmsweb.cern.ch for credential name
DEBUG 2020-09-02 03:50:40.418 UTC: 	 Executing : 
 command : myproxy-info -l dfb5f39d91e4adee325d1dda7edfeb9d4bdd1a42 -s myproxy.cern.ch
 output : username: dfb5f39d91e4adee325d1dda7edfeb9d4bdd1a42
owner: /DC=ch/DC=cern/OU=Organic Units/OU=Users/CN=ecannaer/CN=832417/CN=Ethan Cannaert
  renewal policy: /DC=ch/DC=cern/OU=computers/CN=vocms0105.cern.ch|/DC=ch/DC=cern/OU=computers/CN=crab-(preprod|prod|dev)-tw(02|01).cern.ch|/DC=ch/DC=cern/OU=computers/CN=(ddi|ddidk|mytw).cern.ch|/DC=ch/DC=cern/OU=computers/CN=stefanov(m|m2).cern.ch
  trusted retrieval policy: /DC=ch/DC=cern/OU=computers/CN=vocms0105.cern.ch|/DC=ch/DC=cern/OU=computers/CN=crab-(preprod|prod|dev)-tw(02|01).cern.ch|/DC=ch/DC=cern/OU=computers/CN=(ddi|ddidk|mytw).cern.ch|/DC=ch/DC=cern/OU=computers/CN=stefanov(m|m2).cern.ch
  timeleft: 378:07:02  (15.8 days)

 error: 
 retcode : 0
DEBUG 2020-09-02 03:50:40.419 UTC: 	 Myproxy is valid: 1361222
DEBUG 2020-09-02 03:50:40.419 UTC: 	 Retrieving username ...
DEBUG 2020-09-02 03:50:40.419 UTC: 	 Retrieving username from CRIC...
DEBUG 2020-09-02 03:50:41.817 UTC: 	 username is ecannaer
DEBUG 2020-09-02 03:50:41.820 UTC: 	 Getting myproxy life time left for myproxy.cern.ch
DEBUG 2020-09-02 03:50:41.821 UTC: 	 using ecannaer_CRAB as credential login name
DEBUG 2020-09-02 03:50:42.625 UTC: 	 Executing : 
 command : myproxy-info -l ecannaer_CRAB -s myproxy.cern.ch
 output : username: ecannaer_CRAB
owner: /DC=ch/DC=cern/OU=Organic Units/OU=Users/CN=ecannaer/CN=832417/CN=Ethan Cannaert
  renewal policy: /DC=ch/DC=cern/OU=computers/CN=vocms0105.cern.ch|/DC=ch/DC=cern/OU=computers/CN=crab-(preprod|prod|dev)-tw(02|01).cern.ch|/DC=ch/DC=cern/OU=computers/CN=(ddi|ddidk|mytw).cern.ch|/DC=ch/DC=cern/OU=computers/CN=stefanov(m|m2).cern.ch
  trusted retrieval policy: /DC=ch/DC=cern/OU=computers/CN=vocms0105.cern.ch|/DC=ch/DC=cern/OU=computers/CN=crab-(preprod|prod|dev)-tw(02|01).cern.ch|/DC=ch/DC=cern/OU=computers/CN=(ddi|ddidk|mytw).cern.ch|/DC=ch/DC=cern/OU=computers/CN=stefanov(m|m2).cern.ch
  timeleft: 378:07:18  (15.8 days)

 error: 
 retcode : 0
DEBUG 2020-09-02 03:50:42.625 UTC: 	 Myproxy is valid: 1361238
DEBUG 2020-09-02 03:50:42.626 UTC: 	 Command use: status
DEBUG 2020-09-02 03:50:42.626 UTC: 	 Options use: ['-d', 'crab_projects/crab_semilept_ttbar_QCD_background_00']
DEBUG 2020-09-02 03:50:49.318 UTC: 	 CRABClient version: v3.200812
DEBUG 2020-09-02 03:50:49.319 UTC: 	 Instance is prod
DEBUG 2020-09-02 03:50:49.319 UTC: 	 Server base url is cmsweb.cern.ch
DEBUG 2020-09-02 03:50:49.319 UTC: 	 Command url /crabserver/prod/workflow
DEBUG 2020-09-02 03:50:53.845 UTC: 	 Got information from server oracle database: {u'result': [u'200902_033740:ecannaer_crab_semilept_ttbar_QCD_background_00', u'None', u'None', u'SUBMITTED', u'SUBMIT', u'2020-09-02 03:37:40.483302', u'None', u'2020-09-02 03:39:36.297002', u'None', u'CMSSW_10_2_4_patch1', u'slc7_amd64_gcc700', u'/TTToSemiLeptonic_widthx1p15_TuneCP5_13TeV-powheg-pythia8/RunIIAutumn18MiniAOD-102X_upgrade2018_realistic_v15-v1/MINIAODSIM', u'F', u'0', u'[]', u'[]', u'Automatic', u"{'splitOnRun': False, 'minutes_per_job': 480, 'halt_job_on_file_boundaries': False, 'runs': [], 'lumis': []}", u'df2f26ee7e1a182f68a5879c27bfabacf816ad689adbc77fd4c49ec14d8ba47c.tar.gz', u'https://cmsweb.cern.ch/crabcache', u'ecannaer', u'/DC=ch/DC=cern/OU=Organic Units/OU=Users/CN=ecannaer/CN=832417/CN=Ethan Cannaert', u'cms', u'None', u'None', u'semilept_ttbar_QCD_background-00000000000000000000000000000000', u'F', u'T3_US_FNALLPC', u'https://cmsweb.cern.ch/dbs/prod/global/DBSReader', u'https://cmsweb.cern.ch/dbs/prod/phys03/DBSWriter', u'F', u'[]', u"['QCD_ttbar_test.root']", u'[]', u'Analysis', u'pythia', u'None', u'{}', u'[]', u'F', u'crab-prod-tw01', u'[]', u'1250', u'1', u'2000', u'10', u'None', u'[]', u'http://vocms0198.cern.ch/mon/cms838/200902_033740:ecannaer_crab_semilept_ttbar_QCD_background_00', u'None', u'[]', u'[]', u'https://cmsweb.cern.ch/crabserver/prod', u'cmsgwms-collector-global.cern.ch:9620,cmsgwms-collector-global.fnal.gov', u'crab3@vocms0198.cern.ch', u'F', u'[]', u'T', u'/store/user/ecannaer/', u'F', u'None', u'F', u'None', u'TTToSemiLeptonic_widthx1p15_TuneCP5_13TeV-powheg-pythia8', u'None', u'2bcd4bab56801c54f74b7628af4c9d8052de5791893492318af744356982b920.tar.gz', u'52400422', u'filetransfers', u'F', u'188.184.101.220', u'0.0', u'None'], u'desc': {u'columns': [u'tm_taskname', u'tm_activity', u'panda_jobset_id', u'tm_task_status', u'tm_task_command', u'tm_start_time', u'tm_start_injection', u'tm_end_injection', u'tm_task_failure', u'tm_job_sw', u'tm_job_arch', u'tm_input_dataset', u'tm_nonvalid_input_dataset', u'tm_use_parent', u'tm_site_whitelist', u'tm_site_blacklist', u'tm_split_algo', u'tm_split_args', u'tm_user_sandbox', u'tm_cache_url', u'tm_username', u'tm_user_dn', u'tm_user_vo', u'tm_user_role', u'tm_user_group', u'tm_publish_name', u'tm_publish_groupname', u'tm_asyncdest', u'tm_dbs_url', u'tm_publish_dbs_url', u'tm_publication', u'tm_outfiles', u'tm_tfile_outfiles', u'tm_edm_outfiles', u'tm_job_type', u'tm_generator', u'tm_events_per_lumi', u'tm_arguments', u'panda_resubmitted_jobs', u'tm_save_logs', u'tw_name', u'tm_user_infiles', u'tm_maxjobruntime', u'tm_numcores', u'tm_maxmemory', u'tm_priority', u'tm_output_dataset', u'tm_task_warnings', u'tm_user_webdir', u'tm_scriptexe', u'tm_scriptargs', u'tm_extrajdl', u'tm_asourl', u'tm_collector', u'tm_schedd', u'tm_dry_run', u'tm_user_files', u'tm_transfer_outputs', u'tm_output_lfn', u'tm_ignore_locality', u'tm_fail_limit', u'tm_one_event_mode', u'tm_secondary_input_dataset', u'tm_primary_dataset', u'tm_last_publication', u'tm_debug_files', u'clusterid', u'tm_asodb', u'tm_ignore_global_blacklist', u'tm_submitter_ip_addr', u'tm_totalunits', u'tm_ddm_reqid']}}
INFO 2020-09-02 03:50:53.845 UTC: 	 CRAB project directory:		/uscms_data/d3/cannaert/src/thrust/CMSSW_10_2_4_patch1/src/crab_projects/crab_semilept_ttbar_QCD_background_00
INFO 2020-09-02 03:50:53.846 UTC: 	 Task name:			200902_033740:ecannaer_crab_semilept_ttbar_QCD_background_00
INFO 2020-09-02 03:50:53.846 UTC: 	 Grid scheduler - Task Worker:	crab3@vocms0198.cern.ch - crab-prod-tw01
INFO 2020-09-02 03:50:53.846 UTC: 	 Status on the CRAB server:	SUBMITTED
INFO 2020-09-02 03:50:53.846 UTC: 	 Task URL to use for HELP:	https://cmsweb.cern.ch/crabserver/ui/task/200902_033740%3Aecannaer_crab_semilept_ttbar_QCD_background_00
INFO 2020-09-02 03:50:53.850 UTC: 	 Dashboard monitoring URL:	https://monit-grafana.cern.ch/d/cmsTMDetail/cms-task-monitoring-task-view?orgId=11&var-user=ecannaer&var-task=200902_033740%3Aecannaer_crab_semilept_ttbar_QCD_background_00&from=1599017860000&to=now
INFO 2020-09-02 03:50:53.850 UTC: 	 In case of issues with the dashboard, please provide feedback to hn-cms-computing-tools@cern.ch
DEBUG 2020-09-02 03:50:53.850 UTC: 	 The CRAB server submitted your task to the Grid scheduler (cluster ID: 52400422)
DEBUG 2020-09-02 03:50:53.850 UTC: 	 Webdir is located at http://vocms0198.cern.ch/mon/cms838/200902_033740:ecannaer_crab_semilept_ttbar_QCD_background_00
DEBUG 2020-09-02 03:51:02.180 UTC: 	 Proxied webdir is located at https://cmsweb.cern.ch/scheddmon/0198/cms838/200902_033740:ecannaer_crab_semilept_ttbar_QCD_background_00
DEBUG 2020-09-02 03:51:02.181 UTC: 	 Retrieving 'status_cache' file from https://cmsweb.cern.ch/scheddmon/0198/cms838/200902_033740:ecannaer_crab_semilept_ttbar_QCD_background_00/status_cache
DEBUG 2020-09-02 03:51:02.728 UTC: 	 Got information from status cache file: {'0-4': {'Retries': 0, 'WallDurations': [8.0, 170.15120196342468], 'StartTimes': [1599018195.0], 'SubmitTimes': [1599017996.0], 'JobIds': ['52400425.0'], 'EndTimes': [], 'Restarts': 0, 'RecordedSite': True, 'State': 'running', 'ResidentSetSize': [2716], 'TotalUserCpuTimeHistory': [0.0], 'SiteHistory': ['Unknown', 'T2_KR_KISTI'], 'TotalSysCpuTimeHistory': [0.0]}, '0-5': {'Retries': 0, 'WallDurations': [9.0, 171.15120196342468], 'StartTimes': [1599018194.0], 'SubmitTimes': [1599017997.0], 'JobIds': ['52400428.0'], 'EndTimes': [], 'Restarts': 0, 'RecordedSite': True, 'State': 'running', 'ResidentSetSize': [2712], 'TotalUserCpuTimeHistory': [0.0], 'SiteHistory': ['Unknown', 'T2_KR_KISTI'], 'TotalSysCpuTimeHistory': [0.0]}, '0-1': {'Retries': 0, 'WallDurations': [9.0, 167.15120196342468], 'StartTimes': [1599018198.0], 'SubmitTimes': [1599017997.0], 'JobIds': ['52400426.0'], 'EndTimes': [], 'Restarts': 0, 'RecordedSite': True, 'State': 'running', 'ResidentSetSize': [31188], 'TotalUserCpuTimeHistory': [0.0], 'SiteHistory': ['Unknown', 'T2_KR_KISTI'], 'TotalSysCpuTimeHistory': [0.0]}, '0-2': {'Retries': 0, 'WallDurations': [9.0, 171.15120196342468], 'StartTimes': [1599018194.0], 'SubmitTimes': [1599017997.0], 'JobIds': ['52400427.0'], 'EndTimes': [], 'Restarts': 0, 'RecordedSite': True, 'State': 'running', 'ResidentSetSize': [2716], 'TotalUserCpuTimeHistory': [0.0], 'SiteHistory': ['Unknown', 'T2_KR_KISTI'], 'TotalSysCpuTimeHistory': [0.0]}, '0-3': {'Retries': 0, 'WallDurations': [9.0, 169.15120196342468], 'StartTimes': [1599018196.0], 'SubmitTimes': [1599017996.0], 'JobIds': ['52400424.0'], 'EndTimes': [], 'Restarts': 0, 'RecordedSite': True, 'State': 'running', 'ResidentSetSize': [1128], 'TotalUserCpuTimeHistory': [0.0], 'SiteHistory': ['Unknown', 'T2_KR_KISTI'], 'TotalSysCpuTimeHistory': [0.0]}}
INFO 2020-09-02 03:51:02.729 UTC: 	 Status on the scheduler:	SUBMITTED
INFO 2020-09-02 03:51:02.729 UTC: 	 
The job splitting of this task is 'Automatic', please refer to this FAQ for a description of the jobs status summary:
https://twiki.cern.ch/twiki/bin/view/CMSPublic/CRAB3FAQ#What_is_the_Automatic_splitting
INFO 2020-09-02 03:51:02.729 UTC: 	 Probe stage log:		https://cmsweb.cern.ch/scheddmon/0198/cms838/200902_033740:ecannaer_crab_semilept_ttbar_QCD_background_00/AutomaticSplitting_Log0.txt
INFO 2020-09-02 03:51:02.729 UTC: 	 
No publication information (publication has been disabled in the CRAB configuration file)
INFO 2020-09-02 03:51:02.732 UTC: 	 Log file is /uscms_data/d3/cannaert/src/thrust/CMSSW_10_2_4_patch1/src/crab_projects/crab_semilept_ttbar_QCD_background_00/crab.log
DEBUG 2020-09-02 04:17:00.419 UTC: 	 CRAB Client version: v3.200812
DEBUG 2020-09-02 04:17:00.419 UTC: 	 Running on: Linux cmslpc135.fnal.gov 3.10.0-1127.10.1.el7.x86_64 #1 SMP Tue Jun 2 10:05:57 CDT 2020 x86_64 x86_64 x86_64 GNU/Linux - Scientific Linux 7.8 (Nitrogen)
DEBUG 2020-09-02 04:17:00.419 UTC: 	 Executing command: 'status'
DEBUG 2020-09-02 04:17:00.419 UTC: 	 Found CRAB cache file /uscms/home/cannaert/.crab3
DEBUG 2020-09-02 04:17:00.436 UTC: 	 Checking credentials
DEBUG 2020-09-02 04:17:00.437 UTC: 	 Found proxy file /uscms/home/cannaert/x509up_u54552
DEBUG 2020-09-02 04:17:00.437 UTC: 	 Getting proxy life time left
DEBUG 2020-09-02 04:17:00.539 UTC: 	 Executing : 
 command : voms-proxy-info -file /uscms/home/cannaert/x509up_u54552 -timeleft
 output : 40753

 error: 
 retcode : 0
DEBUG 2020-09-02 04:17:00.642 UTC: 	 Executing : 
 command : voms-proxy-info -file /uscms/home/cannaert/x509up_u54552 -actimeleft
 output : 40753

 error: 
 retcode : 0
DEBUG 2020-09-02 04:17:00.642 UTC: 	 Proxy valid for 11:19:13 hours
DEBUG 2020-09-02 04:17:20.537 UTC: 	 Registering user credentials for server /DC=ch/DC=cern/OU=computers/CN=vocms0105.cern.ch|/DC=ch/DC=cern/OU=computers/CN=crab-(preprod|prod|dev)-tw(02|01).cern.ch|/DC=ch/DC=cern/OU=computers/CN=(ddi|ddidk|mytw).cern.ch|/DC=ch/DC=cern/OU=computers/CN=stefanov(m|m2).cern.ch
DEBUG 2020-09-02 04:17:20.649 UTC: 	 Executing : 
 command : voms-proxy-info -file /uscms/home/cannaert/x509up_u54552 -identity
 output : /DC=ch/DC=cern/OU=Organic Units/OU=Users/CN=ecannaer/CN=832417/CN=Ethan Cannaert

 error: 
 retcode : 0
DEBUG 2020-09-02 04:17:20.649 UTC: 	 Getting myproxy life time left for myproxy.cern.ch
DEBUG 2020-09-02 04:17:20.649 UTC: 	 Calculating hash of /DC=ch/DC=cern/OU=Organic Units/OU=Users/CN=ecannaer/CN=832417/CN=Ethan Cannaert_cmsweb.cern.ch for credential name
DEBUG 2020-09-02 04:17:21.552 UTC: 	 Executing : 
 command : myproxy-info -l dfb5f39d91e4adee325d1dda7edfeb9d4bdd1a42 -s myproxy.cern.ch
 output : username: dfb5f39d91e4adee325d1dda7edfeb9d4bdd1a42
owner: /DC=ch/DC=cern/OU=Organic Units/OU=Users/CN=ecannaer/CN=832417/CN=Ethan Cannaert
  renewal policy: /DC=ch/DC=cern/OU=computers/CN=vocms0105.cern.ch|/DC=ch/DC=cern/OU=computers/CN=crab-(preprod|prod|dev)-tw(02|01).cern.ch|/DC=ch/DC=cern/OU=computers/CN=(ddi|ddidk|mytw).cern.ch|/DC=ch/DC=cern/OU=computers/CN=stefanov(m|m2).cern.ch
  trusted retrieval policy: /DC=ch/DC=cern/OU=computers/CN=vocms0105.cern.ch|/DC=ch/DC=cern/OU=computers/CN=crab-(preprod|prod|dev)-tw(02|01).cern.ch|/DC=ch/DC=cern/OU=computers/CN=(ddi|ddidk|mytw).cern.ch|/DC=ch/DC=cern/OU=computers/CN=stefanov(m|m2).cern.ch
  timeleft: 377:40:21  (15.7 days)

 error: 
 retcode : 0
DEBUG 2020-09-02 04:17:21.553 UTC: 	 Myproxy is valid: 1359621
DEBUG 2020-09-02 04:17:21.553 UTC: 	 Retrieving username ...
DEBUG 2020-09-02 04:17:21.553 UTC: 	 Retrieving username from CRIC...
DEBUG 2020-09-02 04:17:23.000 UTC: 	 username is ecannaer
DEBUG 2020-09-02 04:17:23.003 UTC: 	 Getting myproxy life time left for myproxy.cern.ch
DEBUG 2020-09-02 04:17:23.003 UTC: 	 using ecannaer_CRAB as credential login name
DEBUG 2020-09-02 04:17:23.809 UTC: 	 Executing : 
 command : myproxy-info -l ecannaer_CRAB -s myproxy.cern.ch
 output : username: ecannaer_CRAB
owner: /DC=ch/DC=cern/OU=Organic Units/OU=Users/CN=ecannaer/CN=832417/CN=Ethan Cannaert
  renewal policy: /DC=ch/DC=cern/OU=computers/CN=vocms0105.cern.ch|/DC=ch/DC=cern/OU=computers/CN=crab-(preprod|prod|dev)-tw(02|01).cern.ch|/DC=ch/DC=cern/OU=computers/CN=(ddi|ddidk|mytw).cern.ch|/DC=ch/DC=cern/OU=computers/CN=stefanov(m|m2).cern.ch
  trusted retrieval policy: /DC=ch/DC=cern/OU=computers/CN=vocms0105.cern.ch|/DC=ch/DC=cern/OU=computers/CN=crab-(preprod|prod|dev)-tw(02|01).cern.ch|/DC=ch/DC=cern/OU=computers/CN=(ddi|ddidk|mytw).cern.ch|/DC=ch/DC=cern/OU=computers/CN=stefanov(m|m2).cern.ch
  timeleft: 377:40:37  (15.7 days)

 error: 
 retcode : 0
DEBUG 2020-09-02 04:17:23.809 UTC: 	 Myproxy is valid: 1359637
DEBUG 2020-09-02 04:17:23.809 UTC: 	 Command use: status
DEBUG 2020-09-02 04:17:23.810 UTC: 	 Options use: ['-d', 'crab_projects/crab_semilept_ttbar_QCD_background_00']
DEBUG 2020-09-02 04:17:41.270 UTC: 	 CRABClient version: v3.200812
DEBUG 2020-09-02 04:17:41.270 UTC: 	 Instance is prod
DEBUG 2020-09-02 04:17:41.270 UTC: 	 Server base url is cmsweb.cern.ch
DEBUG 2020-09-02 04:17:41.270 UTC: 	 Command url /crabserver/prod/workflow
DEBUG 2020-09-02 04:18:01.284 UTC: 	 Got information from server oracle database: {u'result': [u'200902_033740:ecannaer_crab_semilept_ttbar_QCD_background_00', u'None', u'None', u'SUBMITTED', u'SUBMIT', u'2020-09-02 03:37:40.483302', u'None', u'2020-09-02 03:39:36.297002', u'None', u'CMSSW_10_2_4_patch1', u'slc7_amd64_gcc700', u'/TTToSemiLeptonic_widthx1p15_TuneCP5_13TeV-powheg-pythia8/RunIIAutumn18MiniAOD-102X_upgrade2018_realistic_v15-v1/MINIAODSIM', u'F', u'0', u'[]', u'[]', u'Automatic', u"{'splitOnRun': False, 'minutes_per_job': 480, 'halt_job_on_file_boundaries': False, 'runs': [], 'lumis': []}", u'df2f26ee7e1a182f68a5879c27bfabacf816ad689adbc77fd4c49ec14d8ba47c.tar.gz', u'https://cmsweb.cern.ch/crabcache', u'ecannaer', u'/DC=ch/DC=cern/OU=Organic Units/OU=Users/CN=ecannaer/CN=832417/CN=Ethan Cannaert', u'cms', u'None', u'None', u'semilept_ttbar_QCD_background-00000000000000000000000000000000', u'F', u'T3_US_FNALLPC', u'https://cmsweb.cern.ch/dbs/prod/global/DBSReader', u'https://cmsweb.cern.ch/dbs/prod/phys03/DBSWriter', u'F', u'[]', u"['QCD_ttbar_test.root']", u'[]', u'Analysis', u'pythia', u'None', u'{}', u'[]', u'F', u'crab-prod-tw01', u'[]', u'1250', u'1', u'2000', u'10', u'None', u'[]', u'http://vocms0198.cern.ch/mon/cms838/200902_033740:ecannaer_crab_semilept_ttbar_QCD_background_00', u'None', u'[]', u'[]', u'https://cmsweb.cern.ch/crabserver/prod', u'cmsgwms-collector-global.cern.ch:9620,cmsgwms-collector-global.fnal.gov', u'crab3@vocms0198.cern.ch', u'F', u'[]', u'T', u'/store/user/ecannaer/', u'F', u'None', u'F', u'None', u'TTToSemiLeptonic_widthx1p15_TuneCP5_13TeV-powheg-pythia8', u'None', u'2bcd4bab56801c54f74b7628af4c9d8052de5791893492318af744356982b920.tar.gz', u'52400422', u'filetransfers', u'F', u'188.184.101.220', u'0.0', u'None'], u'desc': {u'columns': [u'tm_taskname', u'tm_activity', u'panda_jobset_id', u'tm_task_status', u'tm_task_command', u'tm_start_time', u'tm_start_injection', u'tm_end_injection', u'tm_task_failure', u'tm_job_sw', u'tm_job_arch', u'tm_input_dataset', u'tm_nonvalid_input_dataset', u'tm_use_parent', u'tm_site_whitelist', u'tm_site_blacklist', u'tm_split_algo', u'tm_split_args', u'tm_user_sandbox', u'tm_cache_url', u'tm_username', u'tm_user_dn', u'tm_user_vo', u'tm_user_role', u'tm_user_group', u'tm_publish_name', u'tm_publish_groupname', u'tm_asyncdest', u'tm_dbs_url', u'tm_publish_dbs_url', u'tm_publication', u'tm_outfiles', u'tm_tfile_outfiles', u'tm_edm_outfiles', u'tm_job_type', u'tm_generator', u'tm_events_per_lumi', u'tm_arguments', u'panda_resubmitted_jobs', u'tm_save_logs', u'tw_name', u'tm_user_infiles', u'tm_maxjobruntime', u'tm_numcores', u'tm_maxmemory', u'tm_priority', u'tm_output_dataset', u'tm_task_warnings', u'tm_user_webdir', u'tm_scriptexe', u'tm_scriptargs', u'tm_extrajdl', u'tm_asourl', u'tm_collector', u'tm_schedd', u'tm_dry_run', u'tm_user_files', u'tm_transfer_outputs', u'tm_output_lfn', u'tm_ignore_locality', u'tm_fail_limit', u'tm_one_event_mode', u'tm_secondary_input_dataset', u'tm_primary_dataset', u'tm_last_publication', u'tm_debug_files', u'clusterid', u'tm_asodb', u'tm_ignore_global_blacklist', u'tm_submitter_ip_addr', u'tm_totalunits', u'tm_ddm_reqid']}}
INFO 2020-09-02 04:18:01.284 UTC: 	 CRAB project directory:		/uscms_data/d3/cannaert/src/thrust/CMSSW_10_2_4_patch1/src/crab_projects/crab_semilept_ttbar_QCD_background_00
INFO 2020-09-02 04:18:01.284 UTC: 	 Task name:			200902_033740:ecannaer_crab_semilept_ttbar_QCD_background_00
INFO 2020-09-02 04:18:01.284 UTC: 	 Grid scheduler - Task Worker:	crab3@vocms0198.cern.ch - crab-prod-tw01
INFO 2020-09-02 04:18:01.284 UTC: 	 Status on the CRAB server:	SUBMITTED
INFO 2020-09-02 04:18:01.285 UTC: 	 Task URL to use for HELP:	https://cmsweb.cern.ch/crabserver/ui/task/200902_033740%3Aecannaer_crab_semilept_ttbar_QCD_background_00
INFO 2020-09-02 04:18:01.290 UTC: 	 Dashboard monitoring URL:	https://monit-grafana.cern.ch/d/cmsTMDetail/cms-task-monitoring-task-view?orgId=11&var-user=ecannaer&var-task=200902_033740%3Aecannaer_crab_semilept_ttbar_QCD_background_00&from=1599017860000&to=now
INFO 2020-09-02 04:18:01.290 UTC: 	 In case of issues with the dashboard, please provide feedback to hn-cms-computing-tools@cern.ch
DEBUG 2020-09-02 04:18:01.290 UTC: 	 The CRAB server submitted your task to the Grid scheduler (cluster ID: 52400422)
DEBUG 2020-09-02 04:18:01.290 UTC: 	 Webdir is located at http://vocms0198.cern.ch/mon/cms838/200902_033740:ecannaer_crab_semilept_ttbar_QCD_background_00
DEBUG 2020-09-02 04:18:26.272 UTC: 	 Proxied webdir is located at https://cmsweb.cern.ch/scheddmon/0198/cms838/200902_033740:ecannaer_crab_semilept_ttbar_QCD_background_00
DEBUG 2020-09-02 04:18:26.272 UTC: 	 Retrieving 'status_cache' file from https://cmsweb.cern.ch/scheddmon/0198/cms838/200902_033740:ecannaer_crab_semilept_ttbar_QCD_background_00/status_cache
DEBUG 2020-09-02 04:18:26.825 UTC: 	 Got information from status cache file: {'0-4': {'Retries': 0, 'WallDurations': [8.0, 916.0], 'StartTimes': [1599018195.0], 'SubmitTimes': [1599017996.0], 'JobIds': ['52400425.0'], 'EndTimes': [1599019111.0], 'Restarts': 0, 'RecordedSite': True, 'State': 'failed', 'ResidentSetSize': [4785924], 'Error': [50660, 'Job killed by HTCondor due to excessive memory use (RSS=5000 MB). Will not retry it.', {}], 'TotalUserCpuTimeHistory': [281.0], 'SiteHistory': ['Unknown', 'T2_KR_KISTI'], 'TotalSysCpuTimeHistory': [23.0]}, '0-5': {'Retries': 0, 'WallDurations': [9.0, 616.0], 'StartTimes': [1599018194.0], 'SubmitTimes': [1599017997.0], 'JobIds': ['52400428.0'], 'TotalUserCpuTimeHistory': [84.0], 'EndTimes': [1599018810.0], 'Restarts': 0, 'RecordedSite': True, 'State': 'failed', 'ResidentSetSize': [2317496], 'Error': [50660, 'Job killed by HTCondor due to excessive memory use (RSS=2500 MB). Will not retry it.', {}], 'SiteHistory': ['Unknown', 'T2_KR_KISTI'], 'TotalSysCpuTimeHistory': [4.0]}, '0-1': {'Retries': 0, 'WallDurations': [9.0, 614.0], 'StartTimes': [1599018198.0], 'SubmitTimes': [1599017997.0], 'JobIds': ['52400426.0'], 'TotalUserCpuTimeHistory': [91.0], 'EndTimes': [1599018812.0], 'Restarts': 0, 'RecordedSite': True, 'State': 'failed', 'ResidentSetSize': [2142108], 'Error': [50660, 'Job killed by HTCondor due to excessive memory use (RSS=2250 MB). Will not retry it.', {}], 'SiteHistory': ['Unknown', 'T2_KR_KISTI'], 'TotalSysCpuTimeHistory': [5.0]}, '0-2': {'Retries': 0, 'WallDurations': [9.0, 915.0], 'StartTimes': [1599018194.0], 'SubmitTimes': [1599017997.0], 'JobIds': ['52400427.0'], 'EndTimes': [1599019109.0], 'Restarts': 0, 'RecordedSite': True, 'State': 'failed', 'ResidentSetSize': [4112368], 'Error': [50660, 'Job killed by HTCondor due to excessive memory use (RSS=4250 MB). Will not retry it.', {}], 'TotalUserCpuTimeHistory': [265.0], 'SiteHistory': ['Unknown', 'T2_KR_KISTI'], 'TotalSysCpuTimeHistory': [94.0]}, '0-3': {'Retries': 0, 'WallDurations': [9.0, 915.0], 'StartTimes': [1599018196.0], 'SubmitTimes': [1599017996.0], 'JobIds': ['52400424.0'], 'EndTimes': [1599019111.0], 'Restarts': 0, 'RecordedSite': True, 'State': 'failed', 'ResidentSetSize': [5084748], 'Error': [50660, 'Job killed by HTCondor due to excessive memory use (RSS=7500 MB). Will not retry it.', {}], 'TotalUserCpuTimeHistory': [314.0], 'SiteHistory': ['Unknown', 'T2_KR_KISTI'], 'TotalSysCpuTimeHistory': [42.0]}}
INFO 2020-09-02 04:18:26.825 UTC: 	 Status on the scheduler:	FAILED
INFO 2020-09-02 04:18:26.825 UTC: 	 
The job splitting of this task is 'Automatic', please refer to this FAQ for a description of the jobs status summary:
https://twiki.cern.ch/twiki/bin/view/CMSPublic/CRAB3FAQ#What_is_the_Automatic_splitting
INFO 2020-09-02 04:18:26.825 UTC: 	 Probe stage log:		https://cmsweb.cern.ch/scheddmon/0198/cms838/200902_033740:ecannaer_crab_semilept_ttbar_QCD_background_00/AutomaticSplitting_Log0.txt
INFO 2020-09-02 04:18:26.825 UTC: 	 
No publication information (publication has been disabled in the CRAB configuration file)
INFO 2020-09-02 04:18:26.829 UTC: 	 Log file is /uscms_data/d3/cannaert/src/thrust/CMSSW_10_2_4_patch1/src/crab_projects/crab_semilept_ttbar_QCD_background_00/crab.log
