DEBUG 2020-12-01 01:26:47.214 UTC: 	 CRAB Client version: v3.201110
DEBUG 2020-12-01 01:26:47.214 UTC: 	 Running on: Linux cmslpc130.fnal.gov 3.10.0-1127.19.1.el7.x86_64 #1 SMP Thu Aug 20 14:39:03 CDT 2020 x86_64 x86_64 x86_64 GNU/Linux - Scientific Linux 7.9 (Nitrogen)
DEBUG 2020-12-01 01:26:47.214 UTC: 	 Executing command: 'submit'
DEBUG 2020-12-01 01:26:47.214 UTC: 	 Found CRAB cache file /uscms/home/cannaert/.crab3
INFO 2020-12-01 01:26:47.217 UTC: 	 Will use CRAB configuration file crab_diquark_QCD_ccfg.py
DEBUG 2020-12-01 01:26:47.217 UTC: 	 Loading CRAB configuration file.
DEBUG 2020-12-01 01:26:47.227 UTC: 	 Will use CRAB Analysis plugin (i.e. will run an analysis job type).
DEBUG 2020-12-01 01:26:47.240 UTC: 	 Checking credentials
DEBUG 2020-12-01 01:26:47.241 UTC: 	 Found proxy file /uscms/home/cannaert/x509up_u54552
DEBUG 2020-12-01 01:26:47.241 UTC: 	 Getting proxy life time left
DEBUG 2020-12-01 01:26:47.344 UTC: 	 Executing : 
 command : voms-proxy-info -file /uscms/home/cannaert/x509up_u54552 -timeleft
 output : 40417

 error: 
 retcode : 0
DEBUG 2020-12-01 01:26:47.447 UTC: 	 Executing : 
 command : voms-proxy-info -file /uscms/home/cannaert/x509up_u54552 -actimeleft
 output : 40417

 error: 
 retcode : 0
DEBUG 2020-12-01 01:26:47.447 UTC: 	 Proxy valid for 11:13:37 hours
DEBUG 2020-12-01 01:26:47.550 UTC: 	 Executing : 
 command : env X509_USER_PROXY=/uscms/home/cannaert/x509up_u54552 voms-proxy-info -fqan
 output : /cms/Role=NULL/Capability=NULL

 error: 
 retcode : 0
DEBUG 2020-12-01 01:26:48.148 UTC: 	 Registering user credentials for server /DC=ch/DC=cern/OU=computers/CN=vocms0105.cern.ch|/DC=ch/DC=cern/OU=computers/CN=crab-(preprod|prod|dev)-tw(02|01).cern.ch|/DC=ch/DC=cern/OU=computers/CN=(ddi|ddidk|mytw).cern.ch|/DC=ch/DC=cern/OU=computers/CN=stefanov(m|m2).cern.ch
DEBUG 2020-12-01 01:26:48.254 UTC: 	 Executing : 
 command : voms-proxy-info -file /uscms/home/cannaert/x509up_u54552 -identity
 output : /DC=ch/DC=cern/OU=Organic Units/OU=Users/CN=ecannaer/CN=832417/CN=Ethan Cannaert

 error: 
 retcode : 0
DEBUG 2020-12-01 01:26:48.258 UTC: 	 Getting myproxy life time left for myproxy.cern.ch
DEBUG 2020-12-01 01:26:48.258 UTC: 	 using b7b51e0178e197a43a1d723fd43ab6570e42a3d5 as credential login name
DEBUG 2020-12-01 01:26:49.163 UTC: 	 Executing : 
 command : myproxy-info -l b7b51e0178e197a43a1d723fd43ab6570e42a3d5 -s myproxy.cern.ch
 output : username: b7b51e0178e197a43a1d723fd43ab6570e42a3d5
owner: /DC=ch/DC=cern/OU=Organic Units/OU=Users/CN=ecannaer/CN=832417/CN=Ethan Cannaert
  renewal policy: /DC=ch/DC=cern/OU=computers/CN=vocms0105.cern.ch|/DC=ch/DC=cern/OU=computers/CN=crab-(preprod|prod|dev)-tw(02|01).cern.ch|/DC=ch/DC=cern/OU=computers/CN=(ddi|ddidk|mytw).cern.ch|/DC=ch/DC=cern/OU=computers/CN=stefanov(m|m2).cern.ch
  trusted retrieval policy: /DC=ch/DC=cern/OU=computers/CN=vocms0105.cern.ch|/DC=ch/DC=cern/OU=computers/CN=crab-(preprod|prod|dev)-tw(02|01).cern.ch|/DC=ch/DC=cern/OU=computers/CN=(ddi|ddidk|mytw).cern.ch|/DC=ch/DC=cern/OU=computers/CN=stefanov(m|m2).cern.ch
  timeleft: 719:26:33  (30.0 days)

 error: 
 retcode : 0
DEBUG 2020-12-01 01:26:49.163 UTC: 	 Myproxy is valid: 2589993
DEBUG 2020-12-01 01:26:49.164 UTC: 	 Retrieving username ...
DEBUG 2020-12-01 01:26:49.164 UTC: 	 Retrieving username from CRIC...
DEBUG 2020-12-01 01:26:51.495 UTC: 	 username is ecannaer
DEBUG 2020-12-01 01:26:51.499 UTC: 	 Getting myproxy life time left for myproxy.cern.ch
DEBUG 2020-12-01 01:26:51.499 UTC: 	 using ecannaer_CRAB as credential login name
DEBUG 2020-12-01 01:26:52.704 UTC: 	 Executing : 
 command : myproxy-info -l ecannaer_CRAB -s myproxy.cern.ch
 output : username: ecannaer_CRAB
owner: /DC=ch/DC=cern/OU=Organic Units/OU=Users/CN=ecannaer/CN=832417/CN=Ethan Cannaert
  renewal policy: /DC=ch/DC=cern/OU=computers/CN=vocms0105.cern.ch|/DC=ch/DC=cern/OU=computers/CN=crab-(preprod|prod|dev)-tw(02|01).cern.ch|/DC=ch/DC=cern/OU=computers/CN=(ddi|ddidk|mytw).cern.ch|/DC=ch/DC=cern/OU=computers/CN=stefanov(m|m2).cern.ch
  trusted retrieval policy: /DC=ch/DC=cern/OU=computers/CN=vocms0105.cern.ch|/DC=ch/DC=cern/OU=computers/CN=crab-(preprod|prod|dev)-tw(02|01).cern.ch|/DC=ch/DC=cern/OU=computers/CN=(ddi|ddidk|mytw).cern.ch|/DC=ch/DC=cern/OU=computers/CN=stefanov(m|m2).cern.ch
  timeleft: 719:26:40  (30.0 days)

 error: 
 retcode : 0
DEBUG 2020-12-01 01:26:52.704 UTC: 	 Myproxy is valid: 2590000
DEBUG 2020-12-01 01:26:52.705 UTC: 	 Result of myproxy credential check:
  Credential exists on myproxy: username: b7b51e0178e197a43a1d723fd43ab6570e42a3d5  - validity: 29 days, 23:26:33
  Credential exists on myproxy: username: ecannaer_CRAB  - validity: 29 days, 23:26:40
DEBUG 2020-12-01 01:26:52.705 UTC: 	 Command use: submit
DEBUG 2020-12-01 01:26:52.705 UTC: 	 Options use: ['-c', 'crab_diquark_QCD_ccfg.py']
DEBUG 2020-12-01 01:26:53.270 UTC: 	 CRABClient version: v3.201110
DEBUG 2020-12-01 01:26:53.270 UTC: 	 Instance is prod
DEBUG 2020-12-01 01:26:53.270 UTC: 	 Server base url is cmsweb.cern.ch
DEBUG 2020-12-01 01:26:53.270 UTC: 	 Command url /crabserver/prod/workflow
DEBUG 2020-12-01 01:26:53.270 UTC: 	 Started submission
DEBUG 2020-12-01 01:26:53.270 UTC: 	 Working on /uscms_data/d3/cannaert/src/thrust/CMSSW_10_6_0/src/crab_projects/crab_diquark_QCD_background_2000toINF_MC_0001
DEBUG 2020-12-01 01:26:53.894 UTC: 	 Loading required information from the environment
DEBUG 2020-12-01 01:26:53.895 UTC: 	 Found CMSSW_10_6_0 for slc7_amd64_gcc820 with base /uscms_data/d3/cannaert/src/thrust/CMSSW_10_6_0
DEBUG 2020-12-01 01:26:53.895 UTC: 	 Loading required information from the environment
DEBUG 2020-12-01 01:26:53.895 UTC: 	 Found CMSSW_10_6_0 for slc7_amd64_gcc820 with base /uscms_data/d3/cannaert/src/thrust/CMSSW_10_6_0
DEBUG 2020-12-01 01:26:53.895 UTC: 	 UNIQUE NAME: tarUUID 15035b39-8162-4214-b743-9a5c2ba48537 
DEBUG 2020-12-01 01:26:53.895 UTC: 	 self.config: from WMCore.Configuration import Configuration
config = Configuration()
config.section_('General')
config.General.transferOutputs = True
config.General.workArea = 'crab_projects'
config.General.requestName = 'diquark_QCD_background_2000toINF_MC_0001'
config.section_('JobType')
config.JobType.psetName = '/uscms_data/d3/cannaert/src/thrust/CMSSW_10_6_0/src/diquarkAnalyzer_cfg.py'
config.JobType.pluginName = 'Analysis'
config.JobType.allowUndistributedCMSSW = True
config.section_('Data')
config.Data.inputDataset = '/QCD_HT2000toInf_TuneCP5_13TeV-madgraphMLM-pythia8/RunIIAutumn18MiniAOD-102X_upgrade2018_realistic_v15-v1/MINIAODSIM'
config.Data.outputDatasetTag = 'diquark_QCD_background'
config.Data.publication = False
config.Data.unitsPerJob = 10
config.Data.splitting = 'FileBased'
config.Data.inputDBS = 'global'
config.section_('Site')
config.Site.storageSite = 'T3_US_FNALLPC'
config.section_('User')
config.section_('Debug')

DEBUG 2020-12-01 01:26:53.895 UTC: 	 self.config.JobType.psetName: /uscms_data/d3/cannaert/src/thrust/CMSSW_10_6_0/src/diquarkAnalyzer_cfg.py
INFO 2020-12-01 01:26:53.895 UTC: 	 Importing CMSSW configuration /uscms_data/d3/cannaert/src/thrust/CMSSW_10_6_0/src/diquarkAnalyzer_cfg.py
INFO 2020-12-01 01:26:54.220 UTC: 	 Finished importing CMSSW configuration /uscms_data/d3/cannaert/src/thrust/CMSSW_10_6_0/src/diquarkAnalyzer_cfg.py
DEBUG 2020-12-01 01:26:54.220 UTC: 	 Writing CMSSW configuration to /uscms_data/d3/cannaert/src/thrust/CMSSW_10_6_0/src/crab_projects/crab_diquark_QCD_background_2000toINF_MC_0001/inputs/PSet.py
DEBUG 2020-12-01 01:26:54.291 UTC: 	 The following EDM output files will be collected: []
DEBUG 2020-12-01 01:26:54.291 UTC: 	 The following TFile output files will be collected: ['diquark_QCD_BR_MC.root']
DEBUG 2020-12-01 01:26:54.291 UTC: 	 The following user output files (not listed as PoolOuputModule or TFileService in the CMSSW PSet) will be collected: 
DEBUG 2020-12-01 01:26:54.291 UTC: 	 Loading required information from the environment
DEBUG 2020-12-01 01:26:54.291 UTC: 	 Found CMSSW_10_6_0 for slc7_amd64_gcc820 with base /uscms_data/d3/cannaert/src/thrust/CMSSW_10_6_0
DEBUG 2020-12-01 01:26:54.291 UTC: 	 Making tarball in /uscms_data/d3/cannaert/src/thrust/CMSSW_10_6_0/src/crab_projects/crab_diquark_QCD_background_2000toINF_MC_0001/inputs/15035b39-8162-4214-b743-9a5c2ba48537default.tgz
DEBUG 2020-12-01 01:26:54.302 UTC: 	 Checking directory /uscms_data/d3/cannaert/src/thrust/CMSSW_10_6_0/lib
DEBUG 2020-12-01 01:26:54.302 UTC: 	 Adding directory /uscms_data/d3/cannaert/src/thrust/CMSSW_10_6_0/lib to tarball
DEBUG 2020-12-01 01:26:54.311 UTC: 	 Checking directory /uscms_data/d3/cannaert/src/thrust/CMSSW_10_6_0/biglib
DEBUG 2020-12-01 01:26:54.311 UTC: 	 Adding directory /uscms_data/d3/cannaert/src/thrust/CMSSW_10_6_0/biglib to tarball
DEBUG 2020-12-01 01:26:54.313 UTC: 	 Checking directory /uscms_data/d3/cannaert/src/thrust/CMSSW_10_6_0/module
DEBUG 2020-12-01 01:26:54.413 UTC: 	 Uploading archive /uscms_data/d3/cannaert/src/thrust/CMSSW_10_6_0/src/crab_projects/crab_diquark_QCD_background_2000toINF_MC_0001/inputs/15035b39-8162-4214-b743-9a5c2ba48537default.tgz (102 KB) to the CRAB cache. Using URI https://cmsweb-k8s-prod.cern.ch/crabcache
DEBUG 2020-12-01 01:26:55.373 UTC: 	 Loading required information from the environment
DEBUG 2020-12-01 01:26:55.373 UTC: 	 Found CMSSW_10_6_0 for slc7_amd64_gcc820 with base /uscms_data/d3/cannaert/src/thrust/CMSSW_10_6_0
DEBUG 2020-12-01 01:26:55.373 UTC: 	 Making tarball in /uscms_data/d3/cannaert/src/thrust/CMSSW_10_6_0/src/crab_projects/crab_diquark_QCD_background_2000toINF_MC_0001/inputs/debugFiles.tgz
DEBUG 2020-12-01 01:26:55.387 UTC: 	 Uploading archive /uscms_data/d3/cannaert/src/thrust/CMSSW_10_6_0/src/crab_projects/crab_diquark_QCD_background_2000toINF_MC_0001/inputs/debugFiles.tgz (1 KB) to the CRAB cache. Using URI https://cmsweb-k8s-prod.cern.ch/crabcache
DEBUG 2020-12-01 01:26:56.132 UTC: 	 Result uploading input files: ddb6c86ea4a217e8c85154c7caaacad32b2969eaf74e6c363fc05bba8f8aa807.tar.gz 
INFO 2020-12-01 01:26:56.133 UTC: 	 Sending the request to the server at cmsweb.cern.ch
DEBUG 2020-12-01 01:26:56.133 UTC: 	 Submitting {'maxjobruntime': 1250, 'extrajdl': [], 'ignorelocality': 0, 'savelogsflag': 0, 'useparent': 0, 'asyncdest': 'T3_US_FNALLPC', 'algoargs': 10, 'cachefilename': 'ddb6c86ea4a217e8c85154c7caaacad32b2969eaf74e6c363fc05bba8f8aa807.tar.gz', 'numcores': 1, 'addoutputfiles': [], 'generator': 'pythia', 'maxmemory': 2000, 'publishdbsurl': 'https://cmsweb.cern.ch/dbs/prod/phys03/DBSWriter', 'priority': 10, 'jobsw': 'CMSSW_10_6_0', 'edmoutfiles': [], 'userfiles': [], 'primarydataset': '', 'inputdata': '/QCD_HT2000toInf_TuneCP5_13TeV-madgraphMLM-pythia8/RunIIAutumn18MiniAOD-102X_upgrade2018_realistic_v15-v1/MINIAODSIM', 'dryrun': 0, 'workflow': 'crab_diquark_QCD_background_2000toINF_MC_0001', 'cacheurl': u'https://cmsweb-k8s-prod.cern.ch/crabcache', 'nonprodsw': 1, 'tfileoutfiles': ['diquark_QCD_BR_MC.root'], 'oneEventMode': 0, 'debugfilename': '34b8421fc3e5768832ff22f9bebf7f887c093d4238dbcd2f7618777f4cf52a77.tar.gz', 'saveoutput': 1, 'publication': 0, 'jobarch': 'slc7_amd64_gcc820', 'totalunits': 0, 'splitalgo': 'FileBased', 'ignoreglobalblacklist': 0, 'nonvaliddata': 0, 'dbsurl': 'https://cmsweb.cern.ch/dbs/prod/global/DBSReader', 'publishgroupname': 0, 'jobtype': 'Analysis', 'publishname2': 'diquark_QCD_background'} 
DEBUG 2020-12-01 01:26:56.133 UTC: 	 Encoded submit request: maxjobruntime=1250&ignorelocality=0&savelogsflag=0&useparent=0&asyncdest=T3_US_FNALLPC&algoargs=10&cachefilename=ddb6c86ea4a217e8c85154c7caaacad32b2969eaf74e6c363fc05bba8f8aa807.tar.gz&numcores=1&generator=pythia&maxmemory=2000&publishdbsurl=https%3A%2F%2Fcmsweb.cern.ch%2Fdbs%2Fprod%2Fphys03%2FDBSWriter&priority=10&jobsw=CMSSW_10_6_0&primarydataset=&inputdata=%2FQCD_HT2000toInf_TuneCP5_13TeV-madgraphMLM-pythia8%2FRunIIAutumn18MiniAOD-102X_upgrade2018_realistic_v15-v1%2FMINIAODSIM&dryrun=0&workflow=crab_diquark_QCD_background_2000toINF_MC_0001&cacheurl=https%3A%2F%2Fcmsweb-k8s-prod.cern.ch%2Fcrabcache&nonprodsw=1&oneEventMode=0&debugfilename=34b8421fc3e5768832ff22f9bebf7f887c093d4238dbcd2f7618777f4cf52a77.tar.gz&saveoutput=1&publication=0&jobarch=slc7_amd64_gcc820&totalunits=0&splitalgo=FileBased&ignoreglobalblacklist=0&nonvaliddata=0&dbsurl=https%3A%2F%2Fcmsweb.cern.ch%2Fdbs%2Fprod%2Fglobal%2FDBSReader&publishgroupname=0&jobtype=Analysis&publishname2=diquark_QCD_background&tfileoutfiles=diquark_QCD_BR_MC.root
DEBUG 2020-12-01 01:26:56.757 UTC: 	 Result: {u'result': [{u'RequestName': u'201201_012656:ecannaer_crab_diquark_QCD_background_2000toINF_MC_0001'}]}
INFO 2020-12-01 01:26:56.761 UTC: 	 Success: Your task has been delivered to the prod CRAB3 server.
INFO 2020-12-01 01:26:56.761 UTC: 	 Task name: 201201_012656:ecannaer_crab_diquark_QCD_background_2000toINF_MC_0001
INFO 2020-12-01 01:26:56.761 UTC: 	 Project dir: crab_projects/crab_diquark_QCD_background_2000toINF_MC_0001
INFO 2020-12-01 01:26:56.761 UTC: 	 Please use ' crab status -d crab_projects/crab_diquark_QCD_background_2000toINF_MC_0001 ' to check how the submission process proceeds.
DEBUG 2020-12-01 01:26:56.761 UTC: 	 About to return
INFO 2020-12-01 01:26:56.764 UTC: 	 Log file is /uscms_data/d3/cannaert/src/thrust/CMSSW_10_6_0/src/crab_projects/crab_diquark_QCD_background_2000toINF_MC_0001/crab.log
DEBUG 2020-12-01 04:02:31.883 UTC: 	 CRAB Client version: v3.201110
DEBUG 2020-12-01 04:02:31.883 UTC: 	 Running on: Linux cmslpc112.fnal.gov 3.10.0-1127.19.1.el7.x86_64 #1 SMP Thu Aug 20 14:39:03 CDT 2020 x86_64 x86_64 x86_64 GNU/Linux - Scientific Linux 7.9 (Nitrogen)
DEBUG 2020-12-01 04:02:31.883 UTC: 	 Executing command: 'status'
DEBUG 2020-12-01 04:02:31.883 UTC: 	 Found CRAB cache file /uscms/home/cannaert/.crab3
DEBUG 2020-12-01 04:02:31.904 UTC: 	 Checking credentials
DEBUG 2020-12-01 04:02:31.905 UTC: 	 Found proxy file /uscms/home/cannaert/x509up_u54552
DEBUG 2020-12-01 04:02:31.905 UTC: 	 Getting proxy life time left
DEBUG 2020-12-01 04:02:32.008 UTC: 	 Executing : 
 command : voms-proxy-info -file /uscms/home/cannaert/x509up_u54552 -timeleft
 output : 43167

 error: 
 retcode : 0
DEBUG 2020-12-01 04:02:32.112 UTC: 	 Executing : 
 command : voms-proxy-info -file /uscms/home/cannaert/x509up_u54552 -actimeleft
 output : 43166

 error: 
 retcode : 0
DEBUG 2020-12-01 04:02:32.112 UTC: 	 Proxy lifetime 43167 secs is different from voms extension lifetime 43166 secs for proxy: /uscms/home/cannaert/x509up_u54552
DEBUG 2020-12-01 04:02:32.112 UTC: 	 Proxy valid for 11:59:26 hours
DEBUG 2020-12-01 04:02:32.692 UTC: 	 Registering user credentials for server /DC=ch/DC=cern/OU=computers/CN=vocms0105.cern.ch|/DC=ch/DC=cern/OU=computers/CN=crab-(preprod|prod|dev)-tw(02|01).cern.ch|/DC=ch/DC=cern/OU=computers/CN=(ddi|ddidk|mytw).cern.ch|/DC=ch/DC=cern/OU=computers/CN=stefanov(m|m2).cern.ch
DEBUG 2020-12-01 04:02:32.801 UTC: 	 Executing : 
 command : voms-proxy-info -file /uscms/home/cannaert/x509up_u54552 -identity
 output : /DC=ch/DC=cern/OU=Organic Units/OU=Users/CN=ecannaer/CN=832417/CN=Ethan Cannaert

 error: 
 retcode : 0
DEBUG 2020-12-01 04:02:32.806 UTC: 	 Getting myproxy life time left for myproxy.cern.ch
DEBUG 2020-12-01 04:02:32.806 UTC: 	 using b7b51e0178e197a43a1d723fd43ab6570e42a3d5 as credential login name
DEBUG 2020-12-01 04:02:33.811 UTC: 	 Executing : 
 command : myproxy-info -l b7b51e0178e197a43a1d723fd43ab6570e42a3d5 -s myproxy.cern.ch
 output : username: b7b51e0178e197a43a1d723fd43ab6570e42a3d5
owner: /DC=ch/DC=cern/OU=Organic Units/OU=Users/CN=ecannaer/CN=832417/CN=Ethan Cannaert
  renewal policy: /DC=ch/DC=cern/OU=computers/CN=vocms0105.cern.ch|/DC=ch/DC=cern/OU=computers/CN=crab-(preprod|prod|dev)-tw(02|01).cern.ch|/DC=ch/DC=cern/OU=computers/CN=(ddi|ddidk|mytw).cern.ch|/DC=ch/DC=cern/OU=computers/CN=stefanov(m|m2).cern.ch
  trusted retrieval policy: /DC=ch/DC=cern/OU=computers/CN=vocms0105.cern.ch|/DC=ch/DC=cern/OU=computers/CN=crab-(preprod|prod|dev)-tw(02|01).cern.ch|/DC=ch/DC=cern/OU=computers/CN=(ddi|ddidk|mytw).cern.ch|/DC=ch/DC=cern/OU=computers/CN=stefanov(m|m2).cern.ch
  timeleft: 716:50:49  (29.9 days)

 error: 
 retcode : 0
DEBUG 2020-12-01 04:02:33.812 UTC: 	 Myproxy is valid: 2580649
DEBUG 2020-12-01 04:02:33.812 UTC: 	 Retrieving username ...
DEBUG 2020-12-01 04:02:33.812 UTC: 	 Retrieving username from CRIC...
DEBUG 2020-12-01 04:02:40.035 UTC: 	 username is ecannaer
DEBUG 2020-12-01 04:02:40.040 UTC: 	 Getting myproxy life time left for myproxy.cern.ch
DEBUG 2020-12-01 04:02:40.040 UTC: 	 using ecannaer_CRAB as credential login name
DEBUG 2020-12-01 04:02:41.246 UTC: 	 Executing : 
 command : myproxy-info -l ecannaer_CRAB -s myproxy.cern.ch
 output : username: ecannaer_CRAB
owner: /DC=ch/DC=cern/OU=Organic Units/OU=Users/CN=ecannaer/CN=832417/CN=Ethan Cannaert
  renewal policy: /DC=ch/DC=cern/OU=computers/CN=vocms0105.cern.ch|/DC=ch/DC=cern/OU=computers/CN=crab-(preprod|prod|dev)-tw(02|01).cern.ch|/DC=ch/DC=cern/OU=computers/CN=(ddi|ddidk|mytw).cern.ch|/DC=ch/DC=cern/OU=computers/CN=stefanov(m|m2).cern.ch
  trusted retrieval policy: /DC=ch/DC=cern/OU=computers/CN=vocms0105.cern.ch|/DC=ch/DC=cern/OU=computers/CN=crab-(preprod|prod|dev)-tw(02|01).cern.ch|/DC=ch/DC=cern/OU=computers/CN=(ddi|ddidk|mytw).cern.ch|/DC=ch/DC=cern/OU=computers/CN=stefanov(m|m2).cern.ch
  timeleft: 716:50:51  (29.9 days)

 error: 
 retcode : 0
DEBUG 2020-12-01 04:02:41.247 UTC: 	 Myproxy is valid: 2580651
DEBUG 2020-12-01 04:02:41.247 UTC: 	 Result of myproxy credential check:
  Credential exists on myproxy: username: b7b51e0178e197a43a1d723fd43ab6570e42a3d5  - validity: 29 days, 20:50:49
  Credential exists on myproxy: username: ecannaer_CRAB  - validity: 29 days, 20:50:51
DEBUG 2020-12-01 04:02:41.247 UTC: 	 Command use: status
DEBUG 2020-12-01 04:02:41.248 UTC: 	 Options use: ['-d', 'crab_projects/crab_diquark_QCD_background_2000toINF_MC_0001']
DEBUG 2020-12-01 04:02:41.814 UTC: 	 CRABClient version: v3.201110
DEBUG 2020-12-01 04:02:41.814 UTC: 	 Instance is prod
DEBUG 2020-12-01 04:02:41.814 UTC: 	 Server base url is cmsweb.cern.ch
DEBUG 2020-12-01 04:02:41.814 UTC: 	 Command url /crabserver/prod/workflow
DEBUG 2020-12-01 04:02:42.414 UTC: 	 Got information from server oracle database: {u'result': [u'201201_012656:ecannaer_crab_diquark_QCD_background_2000toINF_MC_0001', u'None', u'None', u'SUBMITTED', u'SUBMIT', u'2020-12-01 01:26:56.699750', u'None', u'2020-12-01 01:27:23.684851', u'None', u'CMSSW_10_6_0', u'slc7_amd64_gcc820', u'/QCD_HT2000toInf_TuneCP5_13TeV-madgraphMLM-pythia8/RunIIAutumn18MiniAOD-102X_upgrade2018_realistic_v15-v1/MINIAODSIM', u'F', u'0', u'[]', u'[]', u'FileBased', u"{'splitOnRun': False, 'halt_job_on_file_boundaries': False, 'files_per_job': 10, 'runs': [], 'lumis': []}", u'ddb6c86ea4a217e8c85154c7caaacad32b2969eaf74e6c363fc05bba8f8aa807.tar.gz', u'https://cmsweb-k8s-prod.cern.ch/crabcache', u'ecannaer', u'/DC=ch/DC=cern/OU=Organic Units/OU=Users/CN=ecannaer/CN=832417/CN=Ethan Cannaert', u'cms', u'None', u'None', u'diquark_QCD_background-00000000000000000000000000000000', u'F', u'T3_US_FNALLPC', u'https://cmsweb.cern.ch/dbs/prod/global/DBSReader', u'https://cmsweb.cern.ch/dbs/prod/phys03/DBSWriter', u'F', u'[]', u"['diquark_QCD_BR_MC.root']", u'[]', u'Analysis', u'pythia', u'None', u'{}', u'[]', u'F', u'crab-prod-tw01', u'[]', u'1250', u'1', u'2000', u'10', u'None', u'[]', u'http://vocms0196.cern.ch/mon/cms838/201201_012656:ecannaer_crab_diquark_QCD_background_2000toINF_MC_0001', u'None', u'[]', u'[]', u'https://cmsweb.cern.ch/crabserver/prod', u'cmsgwms-collector-global.cern.ch:9620,cmsgwms-collector-global.fnal.gov', u'crab3@vocms0196.cern.ch', u'F', u'[]', u'T', u'/store/user/ecannaer/', u'F', u'None', u'F', u'None', u'QCD_HT2000toInf_TuneCP5_13TeV-madgraphMLM-pythia8', u'None', u'34b8421fc3e5768832ff22f9bebf7f887c093d4238dbcd2f7618777f4cf52a77.tar.gz', u'58548408', u'filetransfers', u'F', u'131.225.189.111', u'0.0', u'None'], u'desc': {u'columns': [u'tm_taskname', u'tm_activity', u'panda_jobset_id', u'tm_task_status', u'tm_task_command', u'tm_start_time', u'tm_start_injection', u'tm_end_injection', u'tm_task_failure', u'tm_job_sw', u'tm_job_arch', u'tm_input_dataset', u'tm_nonvalid_input_dataset', u'tm_use_parent', u'tm_site_whitelist', u'tm_site_blacklist', u'tm_split_algo', u'tm_split_args', u'tm_user_sandbox', u'tm_cache_url', u'tm_username', u'tm_user_dn', u'tm_user_vo', u'tm_user_role', u'tm_user_group', u'tm_publish_name', u'tm_publish_groupname', u'tm_asyncdest', u'tm_dbs_url', u'tm_publish_dbs_url', u'tm_publication', u'tm_outfiles', u'tm_tfile_outfiles', u'tm_edm_outfiles', u'tm_job_type', u'tm_generator', u'tm_events_per_lumi', u'tm_arguments', u'panda_resubmitted_jobs', u'tm_save_logs', u'tw_name', u'tm_user_infiles', u'tm_maxjobruntime', u'tm_numcores', u'tm_maxmemory', u'tm_priority', u'tm_output_dataset', u'tm_task_warnings', u'tm_user_webdir', u'tm_scriptexe', u'tm_scriptargs', u'tm_extrajdl', u'tm_asourl', u'tm_collector', u'tm_schedd', u'tm_dry_run', u'tm_user_files', u'tm_transfer_outputs', u'tm_output_lfn', u'tm_ignore_locality', u'tm_fail_limit', u'tm_one_event_mode', u'tm_secondary_input_dataset', u'tm_primary_dataset', u'tm_last_publication', u'tm_debug_files', u'clusterid', u'tm_asodb', u'tm_ignore_global_blacklist', u'tm_submitter_ip_addr', u'tm_totalunits', u'tm_ddm_reqid']}}
INFO 2020-12-01 04:02:42.415 UTC: 	 CRAB project directory:		/uscms_data/d3/cannaert/src/thrust/CMSSW_10_6_0/src/crab_projects/crab_diquark_QCD_background_2000toINF_MC_0001
INFO 2020-12-01 04:02:42.415 UTC: 	 Task name:			201201_012656:ecannaer_crab_diquark_QCD_background_2000toINF_MC_0001
INFO 2020-12-01 04:02:42.415 UTC: 	 Grid scheduler - Task Worker:	crab3@vocms0196.cern.ch - crab-prod-tw01
INFO 2020-12-01 04:02:42.415 UTC: 	 Status on the CRAB server:	SUBMITTED
INFO 2020-12-01 04:02:42.415 UTC: 	 Task URL to use for HELP:	https://cmsweb.cern.ch/crabserver/ui/task/201201_012656%3Aecannaer_crab_diquark_QCD_background_2000toINF_MC_0001
INFO 2020-12-01 04:02:42.430 UTC: 	 Dashboard monitoring URL:	https://monit-grafana.cern.ch/d/cmsTMDetail/cms-task-monitoring-task-view?orgId=11&var-user=ecannaer&var-task=201201_012656%3Aecannaer_crab_diquark_QCD_background_2000toINF_MC_0001&from=1606782416000&to=now
INFO 2020-12-01 04:02:42.430 UTC: 	 In case of issues with the dashboard, please provide feedback to hn-cms-computing-tools@cern.ch
DEBUG 2020-12-01 04:02:42.431 UTC: 	 The CRAB server submitted your task to the Grid scheduler (cluster ID: 58548408)
DEBUG 2020-12-01 04:02:42.431 UTC: 	 Webdir is located at http://vocms0196.cern.ch/mon/cms838/201201_012656:ecannaer_crab_diquark_QCD_background_2000toINF_MC_0001
DEBUG 2020-12-01 04:02:42.998 UTC: 	 Proxied webdir is located at https://cmsweb.cern.ch/scheddmon/0196/cms838/201201_012656:ecannaer_crab_diquark_QCD_background_2000toINF_MC_0001
DEBUG 2020-12-01 04:02:42.999 UTC: 	 Retrieving 'status_cache' file from https://cmsweb.cern.ch/scheddmon/0196/cms838/201201_012656:ecannaer_crab_diquark_QCD_background_2000toINF_MC_0001/status_cache
DEBUG 2020-12-01 04:02:43.548 UTC: 	 Got information from status cache file: {'11': {'Retries': 0, 'WallDurations': [9.0, 228.62620210647583, 5423.0], 'StartTimes': [1606786182.0], 'SubmitTimes': [1606786049.0], 'JobIds': ['58548421.0'], 'EndTimes': [], 'Restarts': 0, 'RecordedSite': True, 'State': 'failed', 'ResidentSetSize': [2101048], 'Error': [50660, 'Job killed by HTCondor due to excessive memory use (RSS=2250 MB). Will not retry it.', {}], 'TotalUserCpuTimeHistory': [4005.0], 'SiteHistory': ['Unknown', 'T2_US_Nebraska', 'T2_US_Nebraska'], 'TotalSysCpuTimeHistory': [149.0]}, '10': {'Retries': 0, 'WallDurations': [8.0, 234.62620210647583, 3618.0], 'StartTimes': [1606786176.0], 'SubmitTimes': [1606786049.0], 'JobIds': ['58548420.0'], 'EndTimes': [], 'Restarts': 0, 'RecordedSite': True, 'State': 'failed', 'ResidentSetSize': [2064252], 'Error': [50660, 'Job killed by HTCondor due to excessive memory use (RSS=2250 MB). Will not retry it.', {}], 'TotalUserCpuTimeHistory': [2820.0], 'SiteHistory': ['Unknown', 'T2_US_MIT', 'T2_US_MIT'], 'TotalSysCpuTimeHistory': [58.0]}, '13': {'Retries': 0, 'WallDurations': [9.0, 225.62620210647583, 5418.0], 'StartTimes': [1606786185.0], 'SubmitTimes': [1606786056.0], 'JobIds': ['58548425.0'], 'EndTimes': [], 'Restarts': 0, 'RecordedSite': True, 'State': 'failed', 'ResidentSetSize': [2115556], 'Error': [50660, 'Job killed by HTCondor due to excessive memory use (RSS=2250 MB). Will not retry it.', {}], 'TotalUserCpuTimeHistory': [3971.0], 'SiteHistory': ['Unknown', 'T2_US_Nebraska', 'T2_US_Nebraska'], 'TotalSysCpuTimeHistory': [138.0]}, '12': {'Retries': 0, 'WallDurations': [10.0, 236.62620210647583, 2115.0], 'StartTimes': [1606786174.0], 'SubmitTimes': [1606786050.0], 'JobIds': ['58548422.0'], 'TotalUserCpuTimeHistory': [1975.0], 'EndTimes': [], 'Restarts': 0, 'RecordedSite': True, 'State': 'failed', 'ResidentSetSize': [2280104], 'Error': [50660, 'Job killed by HTCondor due to excessive memory use (RSS=2500 MB). Will not retry it.', {}], 'SiteHistory': ['Unknown', 'T2_US_Florida', 'T2_US_Florida'], 'TotalSysCpuTimeHistory': [24.0]}, '15': {'Retries': 0, 'WallDurations': [9.0, 236.62620210647583, 1814.0], 'StartTimes': [1606786174.0], 'SubmitTimes': [1606786056.0], 'JobIds': ['58548427.0'], 'EndTimes': [], 'Restarts': 0, 'RecordedSite': True, 'State': 'failed', 'ResidentSetSize': [2267964], 'Error': [50660, 'Job killed by HTCondor due to excessive memory use (RSS=2500 MB). Will not retry it.', {}], 'TotalUserCpuTimeHistory': [1720.0], 'SiteHistory': ['Unknown', 'T2_US_Florida', 'T2_US_Florida'], 'TotalSysCpuTimeHistory': [20.0]}, '14': {'Retries': 0, 'WallDurations': [8.0, 234.62620210647583, 2717.0], 'StartTimes': [1606786176.0], 'SubmitTimes': [1606786056.0], 'JobIds': ['58548426.0'], 'TotalUserCpuTimeHistory': [2565.0], 'EndTimes': [], 'Restarts': 0, 'RecordedSite': True, 'State': 'failed', 'ResidentSetSize': [2299816], 'Error': [50660, 'Job killed by HTCondor due to excessive memory use (RSS=2500 MB). Will not retry it.', {}], 'SiteHistory': ['Unknown', 'T2_US_Florida', 'T2_US_Florida'], 'TotalSysCpuTimeHistory': [52.0]}, '17': {'Retries': 0, 'WallDurations': [9.0, 235.62620210647583, 2029.0], 'StartTimes': [1606786175.0], 'SubmitTimes': [1606786056.0], 'JobIds': ['58548429.0'], 'EndTimes': [1606788204.0], 'Restarts': 0, 'RecordedSite': True, 'State': 'finished', 'ResidentSetSize': [1949988], 'TotalUserCpuTimeHistory': [1666], 'SiteHistory': ['Unknown', 'T2_US_Florida', 'T2_US_Florida'], 'TotalSysCpuTimeHistory': [20]}, '16': {'Retries': 0, 'WallDurations': [9.0, 109.62620210647583, 1814.0], 'StartTimes': [1606786301.0], 'SubmitTimes': [1606786056.0], 'JobIds': ['58548428.0'], 'EndTimes': [], 'Restarts': 0, 'RecordedSite': True, 'State': 'failed', 'ResidentSetSize': [2110920], 'Error': [50660, 'Job killed by HTCondor due to excessive memory use (RSS=2250 MB). Will not retry it.', {}], 'TotalUserCpuTimeHistory': [1712.0], 'SiteHistory': ['Unknown', 'T2_US_Florida', 'T2_US_Florida'], 'TotalSysCpuTimeHistory': [21.0]}, '1': {'Retries': 0, 'WallDurations': [8.0, 109.62620210647583, 2112.0], 'StartTimes': [1606786301.0], 'SubmitTimes': [1606786048.0], 'JobIds': ['58548411.0'], 'TotalUserCpuTimeHistory': [1950.0], 'EndTimes': [], 'Restarts': 0, 'RecordedSite': True, 'State': 'failed', 'ResidentSetSize': [2344972], 'Error': [50660, 'Job killed by HTCondor due to excessive memory use (RSS=2500 MB). Will not retry it.', {}], 'SiteHistory': ['Unknown', 'T2_US_Florida', 'T2_US_Florida'], 'TotalSysCpuTimeHistory': [23.0]}, '3': {'Retries': 0, 'WallDurations': [9.0, 109.62620210647583, 2114.0], 'StartTimes': [1606786301.0], 'SubmitTimes': [1606786048.0], 'JobIds': ['58548413.0'], 'TotalUserCpuTimeHistory': [1921.0], 'EndTimes': [], 'Restarts': 0, 'RecordedSite': True, 'State': 'failed', 'ResidentSetSize': [2355216], 'Error': [50660, 'Job killed by HTCondor due to excessive memory use (RSS=2500 MB). Will not retry it.', {}], 'SiteHistory': ['Unknown', 'T2_US_Florida', 'T2_US_Florida'], 'TotalSysCpuTimeHistory': [30.0]}, '2': {'Retries': 0, 'WallDurations': [10.0, 92.62620210647583, 4219.0], 'StartTimes': [1606786318.0], 'SubmitTimes': [1606786048.0], 'JobIds': ['58548412.0'], 'EndTimes': [], 'Restarts': 0, 'RecordedSite': True, 'State': 'failed', 'ResidentSetSize': [2110076], 'Error': [50660, 'Job killed by HTCondor due to excessive memory use (RSS=2250 MB). Will not retry it.', {}], 'TotalUserCpuTimeHistory': [3498.0], 'SiteHistory': ['Unknown', 'T2_US_Nebraska', 'T2_US_Nebraska'], 'TotalSysCpuTimeHistory': [91.0]}, '5': {'Retries': 0, 'WallDurations': [9.0, 110.62620210647583, 2114.0], 'StartTimes': [1606786300.0], 'SubmitTimes': [1606786048.0], 'JobIds': ['58548415.0'], 'TotalUserCpuTimeHistory': [1941.0], 'EndTimes': [], 'Restarts': 0, 'RecordedSite': True, 'State': 'failed', 'ResidentSetSize': [2350624], 'Error': [50660, 'Job killed by HTCondor due to excessive memory use (RSS=2500 MB). Will not retry it.', {}], 'SiteHistory': ['Unknown', 'T2_US_Florida', 'T2_US_Florida'], 'TotalSysCpuTimeHistory': [24.0]}, '4': {'Retries': 0, 'WallDurations': [8.0, 108.62620210647583, 3614.0], 'StartTimes': [1606786302.0], 'SubmitTimes': [1606786048.0], 'JobIds': ['58548414.0'], 'EndTimes': [], 'Restarts': 0, 'RecordedSite': True, 'State': 'failed', 'ResidentSetSize': [2136664], 'Error': [50660, 'Job killed by HTCondor due to excessive memory use (RSS=2250 MB). Will not retry it.', {}], 'TotalUserCpuTimeHistory': [2913.0], 'SiteHistory': ['Unknown', 'T2_US_Wisconsin', 'T2_US_Wisconsin'], 'TotalSysCpuTimeHistory': [93.0]}, '7': {'Retries': 0, 'WallDurations': [8.0, 236.62620210647583, 3013.0], 'StartTimes': [1606786174.0], 'SubmitTimes': [1606786049.0], 'JobIds': ['58548417.0'], 'EndTimes': [], 'Restarts': 0, 'RecordedSite': True, 'State': 'failed', 'ResidentSetSize': [2130900], 'Error': [50660, 'Job killed by HTCondor due to excessive memory use (RSS=2250 MB). Will not retry it.', {}], 'TotalUserCpuTimeHistory': [2723.0], 'SiteHistory': ['Unknown', 'T2_US_MIT', 'T2_US_MIT'], 'TotalSysCpuTimeHistory': [47.0]}, '6': {'Retries': 0, 'WallDurations': [9.0, 236.62620210647583, 3015.0], 'StartTimes': [1606786174.0], 'SubmitTimes': [1606786048.0], 'JobIds': ['58548416.0'], 'EndTimes': [], 'Restarts': 0, 'RecordedSite': True, 'State': 'failed', 'ResidentSetSize': [2156036], 'Error': [50660, 'Job killed by HTCondor due to excessive memory use (RSS=2250 MB). Will not retry it.', {}], 'TotalUserCpuTimeHistory': [2690.0], 'SiteHistory': ['Unknown', 'T2_US_Wisconsin', 'T2_US_Wisconsin'], 'TotalSysCpuTimeHistory': [91.0]}, '9': {'Retries': 0, 'WallDurations': [10.0, 236.62620210647583, 2419.0], 'StartTimes': [1606786174.0], 'SubmitTimes': [1606786049.0], 'JobIds': ['58548419.0'], 'EndTimes': [], 'Restarts': 0, 'RecordedSite': True, 'State': 'failed', 'ResidentSetSize': [2141992], 'Error': [50660, 'Job killed by HTCondor due to excessive memory use (RSS=2250 MB). Will not retry it.', {}], 'TotalUserCpuTimeHistory': [1951.0], 'SiteHistory': ['Unknown', 'T2_US_MIT', 'T2_US_MIT'], 'TotalSysCpuTimeHistory': [46.0]}, '8': {'Retries': 0, 'WallDurations': [9.0, 220.62620210647583, 2718.0], 'StartTimes': [1606786190.0], 'SubmitTimes': [1606786049.0], 'JobIds': ['58548418.0'], 'TotalUserCpuTimeHistory': [2083.0], 'EndTimes': [], 'Restarts': 0, 'RecordedSite': True, 'State': 'failed', 'ResidentSetSize': [2178528], 'Error': [50660, 'Job killed by HTCondor due to excessive memory use (RSS=2250 MB). Will not retry it.', {}], 'SiteHistory': ['Unknown', 'T2_US_Nebraska', 'T2_US_Nebraska'], 'TotalSysCpuTimeHistory': [78.0]}}
INFO 2020-12-01 04:02:43.548 UTC: 	 Status on the scheduler:	FAILED
INFO 2020-12-01 04:02:43.548 UTC: 	 
Jobs status:                    failed       		 94.1% (16/17)
INFO 2020-12-01 04:02:43.548 UTC: 	 				finished     		  5.9% ( 1/17)
INFO 2020-12-01 04:02:43.548 UTC: 	 
No publication information (publication has been disabled in the CRAB configuration file)
INFO 2020-12-01 04:02:43.549 UTC: 	 
Error Summary: (use crab status --verboseErrors for details about the errors)

16 jobs failed with exit code 50660

Have a look at https://twiki.cern.ch/twiki/bin/viewauth/CMSPublic/JobExitCodes for a description of the exit codes.
INFO 2020-12-01 04:02:43.549 UTC: 	 
Warning: the max jobs runtime is less than 30% of the task requested value (1250 min), please consider to request a lower value for failed jobs (allowed through crab resubmit) and/or improve the jobs splitting (e.g. config.Data.splitting = 'Automatic') in a new task.
INFO 2020-12-01 04:02:43.549 UTC: 	 
Summary of run jobs:
 * Memory: 1904MB min, 2300MB max, 2131MB ave
 * Runtime: 0:30:14 min, 1:30:23 max, 0:49:18 ave
 * CPU eff: 76% min, 96% max, 86% ave
 * Waste: 0:55:54 (6% of total)

INFO 2020-12-01 04:02:43.552 UTC: 	 Log file is /uscms_data/d3/cannaert/src/thrust/CMSSW_10_6_0/src/crab_projects/crab_diquark_QCD_background_2000toINF_MC_0001/crab.log
