DEBUG 2020-12-01 01:24:59.043 UTC: 	 CRAB Client version: v3.201110
DEBUG 2020-12-01 01:24:59.043 UTC: 	 Running on: Linux cmslpc130.fnal.gov 3.10.0-1127.19.1.el7.x86_64 #1 SMP Thu Aug 20 14:39:03 CDT 2020 x86_64 x86_64 x86_64 GNU/Linux - Scientific Linux 7.9 (Nitrogen)
DEBUG 2020-12-01 01:24:59.043 UTC: 	 Executing command: 'submit'
DEBUG 2020-12-01 01:24:59.044 UTC: 	 Found CRAB cache file /uscms/home/cannaert/.crab3
INFO 2020-12-01 01:24:59.054 UTC: 	 Will use CRAB configuration file crab_diquark_QCD_ccfg.py
DEBUG 2020-12-01 01:24:59.054 UTC: 	 Loading CRAB configuration file.
DEBUG 2020-12-01 01:24:59.066 UTC: 	 Will use CRAB Analysis plugin (i.e. will run an analysis job type).
DEBUG 2020-12-01 01:24:59.083 UTC: 	 Checking credentials
DEBUG 2020-12-01 01:24:59.084 UTC: 	 Found proxy file /uscms/home/cannaert/x509up_u54552
DEBUG 2020-12-01 01:24:59.084 UTC: 	 Getting proxy life time left
DEBUG 2020-12-01 01:24:59.188 UTC: 	 Executing : 
 command : voms-proxy-info -file /uscms/home/cannaert/x509up_u54552 -timeleft
 output : 40525

 error: 
 retcode : 0
DEBUG 2020-12-01 01:24:59.292 UTC: 	 Executing : 
 command : voms-proxy-info -file /uscms/home/cannaert/x509up_u54552 -actimeleft
 output : 40525

 error: 
 retcode : 0
DEBUG 2020-12-01 01:24:59.293 UTC: 	 Proxy valid for 11:15:25 hours
DEBUG 2020-12-01 01:24:59.396 UTC: 	 Executing : 
 command : env X509_USER_PROXY=/uscms/home/cannaert/x509up_u54552 voms-proxy-info -fqan
 output : /cms/Role=NULL/Capability=NULL

 error: 
 retcode : 0
DEBUG 2020-12-01 01:24:59.975 UTC: 	 Registering user credentials for server /DC=ch/DC=cern/OU=computers/CN=vocms0105.cern.ch|/DC=ch/DC=cern/OU=computers/CN=crab-(preprod|prod|dev)-tw(02|01).cern.ch|/DC=ch/DC=cern/OU=computers/CN=(ddi|ddidk|mytw).cern.ch|/DC=ch/DC=cern/OU=computers/CN=stefanov(m|m2).cern.ch
DEBUG 2020-12-01 01:25:00.081 UTC: 	 Executing : 
 command : voms-proxy-info -file /uscms/home/cannaert/x509up_u54552 -identity
 output : /DC=ch/DC=cern/OU=Organic Units/OU=Users/CN=ecannaer/CN=832417/CN=Ethan Cannaert

 error: 
 retcode : 0
DEBUG 2020-12-01 01:25:00.085 UTC: 	 Getting myproxy life time left for myproxy.cern.ch
DEBUG 2020-12-01 01:25:00.085 UTC: 	 using b7b51e0178e197a43a1d723fd43ab6570e42a3d5 as credential login name
DEBUG 2020-12-01 01:25:00.989 UTC: 	 Executing : 
 command : myproxy-info -l b7b51e0178e197a43a1d723fd43ab6570e42a3d5 -s myproxy.cern.ch
 output : username: b7b51e0178e197a43a1d723fd43ab6570e42a3d5
owner: /DC=ch/DC=cern/OU=Organic Units/OU=Users/CN=ecannaer/CN=832417/CN=Ethan Cannaert
  renewal policy: /DC=ch/DC=cern/OU=computers/CN=vocms0105.cern.ch|/DC=ch/DC=cern/OU=computers/CN=crab-(preprod|prod|dev)-tw(02|01).cern.ch|/DC=ch/DC=cern/OU=computers/CN=(ddi|ddidk|mytw).cern.ch|/DC=ch/DC=cern/OU=computers/CN=stefanov(m|m2).cern.ch
  trusted retrieval policy: /DC=ch/DC=cern/OU=computers/CN=vocms0105.cern.ch|/DC=ch/DC=cern/OU=computers/CN=crab-(preprod|prod|dev)-tw(02|01).cern.ch|/DC=ch/DC=cern/OU=computers/CN=(ddi|ddidk|mytw).cern.ch|/DC=ch/DC=cern/OU=computers/CN=stefanov(m|m2).cern.ch
  timeleft: 719:28:22  (30.0 days)

 error: 
 retcode : 0
DEBUG 2020-12-01 01:25:00.990 UTC: 	 Myproxy is valid: 2590102
DEBUG 2020-12-01 01:25:00.990 UTC: 	 Retrieving username ...
DEBUG 2020-12-01 01:25:00.990 UTC: 	 Retrieving username from CRIC...
DEBUG 2020-12-01 01:25:02.454 UTC: 	 username is ecannaer
DEBUG 2020-12-01 01:25:02.458 UTC: 	 Getting myproxy life time left for myproxy.cern.ch
DEBUG 2020-12-01 01:25:02.458 UTC: 	 using ecannaer_CRAB as credential login name
DEBUG 2020-12-01 01:25:03.363 UTC: 	 Executing : 
 command : myproxy-info -l ecannaer_CRAB -s myproxy.cern.ch
 output : username: ecannaer_CRAB
owner: /DC=ch/DC=cern/OU=Organic Units/OU=Users/CN=ecannaer/CN=832417/CN=Ethan Cannaert
  renewal policy: /DC=ch/DC=cern/OU=computers/CN=vocms0105.cern.ch|/DC=ch/DC=cern/OU=computers/CN=crab-(preprod|prod|dev)-tw(02|01).cern.ch|/DC=ch/DC=cern/OU=computers/CN=(ddi|ddidk|mytw).cern.ch|/DC=ch/DC=cern/OU=computers/CN=stefanov(m|m2).cern.ch
  trusted retrieval policy: /DC=ch/DC=cern/OU=computers/CN=vocms0105.cern.ch|/DC=ch/DC=cern/OU=computers/CN=crab-(preprod|prod|dev)-tw(02|01).cern.ch|/DC=ch/DC=cern/OU=computers/CN=(ddi|ddidk|mytw).cern.ch|/DC=ch/DC=cern/OU=computers/CN=stefanov(m|m2).cern.ch
  timeleft: 719:28:29  (30.0 days)

 error: 
 retcode : 0
DEBUG 2020-12-01 01:25:03.363 UTC: 	 Myproxy is valid: 2590109
DEBUG 2020-12-01 01:25:03.364 UTC: 	 Result of myproxy credential check:
  Credential exists on myproxy: username: b7b51e0178e197a43a1d723fd43ab6570e42a3d5  - validity: 29 days, 23:28:22
  Credential exists on myproxy: username: ecannaer_CRAB  - validity: 29 days, 23:28:29
DEBUG 2020-12-01 01:25:03.364 UTC: 	 Command use: submit
DEBUG 2020-12-01 01:25:03.364 UTC: 	 Options use: ['-c', 'crab_diquark_QCD_ccfg.py']
DEBUG 2020-12-01 01:25:03.950 UTC: 	 CRABClient version: v3.201110
DEBUG 2020-12-01 01:25:03.950 UTC: 	 Instance is prod
DEBUG 2020-12-01 01:25:03.950 UTC: 	 Server base url is cmsweb.cern.ch
DEBUG 2020-12-01 01:25:03.950 UTC: 	 Command url /crabserver/prod/workflow
DEBUG 2020-12-01 01:25:03.950 UTC: 	 Started submission
DEBUG 2020-12-01 01:25:03.950 UTC: 	 Working on /uscms_data/d3/cannaert/src/thrust/CMSSW_10_6_0/src/crab_projects/crab_diquark_QCD_background_1000to1500_MC_0001
DEBUG 2020-12-01 01:25:04.573 UTC: 	 Loading required information from the environment
DEBUG 2020-12-01 01:25:04.573 UTC: 	 Found CMSSW_10_6_0 for slc7_amd64_gcc820 with base /uscms_data/d3/cannaert/src/thrust/CMSSW_10_6_0
DEBUG 2020-12-01 01:25:04.573 UTC: 	 Loading required information from the environment
DEBUG 2020-12-01 01:25:04.573 UTC: 	 Found CMSSW_10_6_0 for slc7_amd64_gcc820 with base /uscms_data/d3/cannaert/src/thrust/CMSSW_10_6_0
DEBUG 2020-12-01 01:25:04.573 UTC: 	 UNIQUE NAME: tarUUID a11bbc36-0cee-479e-9b8c-598a03558da2 
DEBUG 2020-12-01 01:25:04.573 UTC: 	 self.config: from WMCore.Configuration import Configuration
config = Configuration()
config.section_('General')
config.General.transferOutputs = True
config.General.workArea = 'crab_projects'
config.General.requestName = 'diquark_QCD_background_1000to1500_MC_0001'
config.section_('JobType')
config.JobType.psetName = '/uscms_data/d3/cannaert/src/thrust/CMSSW_10_6_0/src/diquarkAnalyzer_cfg.py'
config.JobType.pluginName = 'Analysis'
config.JobType.allowUndistributedCMSSW = True
config.section_('Data')
config.Data.inputDataset = '/QCD_HT1000to1500_TuneCP5_13TeV-madgraphMLM-pythia8/RunIIAutumn18MiniAOD-102X_upgrade2018_realistic_v15-v1/MINIAODSIM'
config.Data.outputDatasetTag = 'diquark_QCD_background'
config.Data.publication = False
config.Data.unitsPerJob = 10
config.Data.splitting = 'FileBased'
config.Data.inputDBS = 'global'
config.section_('Site')
config.Site.storageSite = 'T3_US_FNALLPC'
config.section_('User')
config.section_('Debug')

DEBUG 2020-12-01 01:25:04.573 UTC: 	 self.config.JobType.psetName: /uscms_data/d3/cannaert/src/thrust/CMSSW_10_6_0/src/diquarkAnalyzer_cfg.py
INFO 2020-12-01 01:25:04.574 UTC: 	 Importing CMSSW configuration /uscms_data/d3/cannaert/src/thrust/CMSSW_10_6_0/src/diquarkAnalyzer_cfg.py
INFO 2020-12-01 01:25:04.931 UTC: 	 Finished importing CMSSW configuration /uscms_data/d3/cannaert/src/thrust/CMSSW_10_6_0/src/diquarkAnalyzer_cfg.py
DEBUG 2020-12-01 01:25:04.931 UTC: 	 Writing CMSSW configuration to /uscms_data/d3/cannaert/src/thrust/CMSSW_10_6_0/src/crab_projects/crab_diquark_QCD_background_1000to1500_MC_0001/inputs/PSet.py
DEBUG 2020-12-01 01:25:04.980 UTC: 	 The following EDM output files will be collected: []
DEBUG 2020-12-01 01:25:04.980 UTC: 	 The following TFile output files will be collected: ['diquark_QCD_BR_MC.root']
DEBUG 2020-12-01 01:25:04.980 UTC: 	 The following user output files (not listed as PoolOuputModule or TFileService in the CMSSW PSet) will be collected: 
DEBUG 2020-12-01 01:25:04.980 UTC: 	 Loading required information from the environment
DEBUG 2020-12-01 01:25:04.980 UTC: 	 Found CMSSW_10_6_0 for slc7_amd64_gcc820 with base /uscms_data/d3/cannaert/src/thrust/CMSSW_10_6_0
DEBUG 2020-12-01 01:25:04.980 UTC: 	 Making tarball in /uscms_data/d3/cannaert/src/thrust/CMSSW_10_6_0/src/crab_projects/crab_diquark_QCD_background_1000to1500_MC_0001/inputs/a11bbc36-0cee-479e-9b8c-598a03558da2default.tgz
DEBUG 2020-12-01 01:25:04.982 UTC: 	 Checking directory /uscms_data/d3/cannaert/src/thrust/CMSSW_10_6_0/lib
DEBUG 2020-12-01 01:25:04.982 UTC: 	 Adding directory /uscms_data/d3/cannaert/src/thrust/CMSSW_10_6_0/lib to tarball
DEBUG 2020-12-01 01:25:04.992 UTC: 	 Checking directory /uscms_data/d3/cannaert/src/thrust/CMSSW_10_6_0/biglib
DEBUG 2020-12-01 01:25:04.992 UTC: 	 Adding directory /uscms_data/d3/cannaert/src/thrust/CMSSW_10_6_0/biglib to tarball
DEBUG 2020-12-01 01:25:04.993 UTC: 	 Checking directory /uscms_data/d3/cannaert/src/thrust/CMSSW_10_6_0/module
DEBUG 2020-12-01 01:25:05.165 UTC: 	 Uploading archive /uscms_data/d3/cannaert/src/thrust/CMSSW_10_6_0/src/crab_projects/crab_diquark_QCD_background_1000to1500_MC_0001/inputs/a11bbc36-0cee-479e-9b8c-598a03558da2default.tgz (102 KB) to the CRAB cache. Using URI https://cmsweb-k8s-prod.cern.ch/crabcache
DEBUG 2020-12-01 01:25:06.125 UTC: 	 Loading required information from the environment
DEBUG 2020-12-01 01:25:06.125 UTC: 	 Found CMSSW_10_6_0 for slc7_amd64_gcc820 with base /uscms_data/d3/cannaert/src/thrust/CMSSW_10_6_0
DEBUG 2020-12-01 01:25:06.125 UTC: 	 Making tarball in /uscms_data/d3/cannaert/src/thrust/CMSSW_10_6_0/src/crab_projects/crab_diquark_QCD_background_1000to1500_MC_0001/inputs/debugFiles.tgz
DEBUG 2020-12-01 01:25:06.132 UTC: 	 Uploading archive /uscms_data/d3/cannaert/src/thrust/CMSSW_10_6_0/src/crab_projects/crab_diquark_QCD_background_1000to1500_MC_0001/inputs/debugFiles.tgz (1 KB) to the CRAB cache. Using URI https://cmsweb-k8s-prod.cern.ch/crabcache
DEBUG 2020-12-01 01:25:06.822 UTC: 	 Result uploading input files: ddb6c86ea4a217e8c85154c7caaacad32b2969eaf74e6c363fc05bba8f8aa807.tar.gz 
INFO 2020-12-01 01:25:06.823 UTC: 	 Sending the request to the server at cmsweb.cern.ch
DEBUG 2020-12-01 01:25:06.823 UTC: 	 Submitting {'maxjobruntime': 1250, 'extrajdl': [], 'ignorelocality': 0, 'savelogsflag': 0, 'useparent': 0, 'asyncdest': 'T3_US_FNALLPC', 'algoargs': 10, 'cachefilename': 'ddb6c86ea4a217e8c85154c7caaacad32b2969eaf74e6c363fc05bba8f8aa807.tar.gz', 'numcores': 1, 'addoutputfiles': [], 'generator': 'pythia', 'maxmemory': 2000, 'publishdbsurl': 'https://cmsweb.cern.ch/dbs/prod/phys03/DBSWriter', 'priority': 10, 'jobsw': 'CMSSW_10_6_0', 'edmoutfiles': [], 'userfiles': [], 'primarydataset': '', 'inputdata': '/QCD_HT1000to1500_TuneCP5_13TeV-madgraphMLM-pythia8/RunIIAutumn18MiniAOD-102X_upgrade2018_realistic_v15-v1/MINIAODSIM', 'dryrun': 0, 'workflow': 'crab_diquark_QCD_background_1000to1500_MC_0001', 'cacheurl': u'https://cmsweb-k8s-prod.cern.ch/crabcache', 'nonprodsw': 1, 'tfileoutfiles': ['diquark_QCD_BR_MC.root'], 'oneEventMode': 0, 'debugfilename': '8ae37d5af79099c1e9a1aa1b28526d873ebcbd5ced0b24deb2c34dc3cf23e383.tar.gz', 'saveoutput': 1, 'publication': 0, 'jobarch': 'slc7_amd64_gcc820', 'totalunits': 0, 'splitalgo': 'FileBased', 'ignoreglobalblacklist': 0, 'nonvaliddata': 0, 'dbsurl': 'https://cmsweb.cern.ch/dbs/prod/global/DBSReader', 'publishgroupname': 0, 'jobtype': 'Analysis', 'publishname2': 'diquark_QCD_background'} 
DEBUG 2020-12-01 01:25:06.823 UTC: 	 Encoded submit request: maxjobruntime=1250&ignorelocality=0&savelogsflag=0&useparent=0&asyncdest=T3_US_FNALLPC&algoargs=10&cachefilename=ddb6c86ea4a217e8c85154c7caaacad32b2969eaf74e6c363fc05bba8f8aa807.tar.gz&numcores=1&generator=pythia&maxmemory=2000&publishdbsurl=https%3A%2F%2Fcmsweb.cern.ch%2Fdbs%2Fprod%2Fphys03%2FDBSWriter&priority=10&jobsw=CMSSW_10_6_0&primarydataset=&inputdata=%2FQCD_HT1000to1500_TuneCP5_13TeV-madgraphMLM-pythia8%2FRunIIAutumn18MiniAOD-102X_upgrade2018_realistic_v15-v1%2FMINIAODSIM&dryrun=0&workflow=crab_diquark_QCD_background_1000to1500_MC_0001&cacheurl=https%3A%2F%2Fcmsweb-k8s-prod.cern.ch%2Fcrabcache&nonprodsw=1&oneEventMode=0&debugfilename=8ae37d5af79099c1e9a1aa1b28526d873ebcbd5ced0b24deb2c34dc3cf23e383.tar.gz&saveoutput=1&publication=0&jobarch=slc7_amd64_gcc820&totalunits=0&splitalgo=FileBased&ignoreglobalblacklist=0&nonvaliddata=0&dbsurl=https%3A%2F%2Fcmsweb.cern.ch%2Fdbs%2Fprod%2Fglobal%2FDBSReader&publishgroupname=0&jobtype=Analysis&publishname2=diquark_QCD_background&tfileoutfiles=diquark_QCD_BR_MC.root
DEBUG 2020-12-01 01:25:07.558 UTC: 	 Result: {u'result': [{u'RequestName': u'201201_012507:ecannaer_crab_diquark_QCD_background_1000to1500_MC_0001'}]}
INFO 2020-12-01 01:25:07.562 UTC: 	 Success: Your task has been delivered to the prod CRAB3 server.
INFO 2020-12-01 01:25:07.562 UTC: 	 Task name: 201201_012507:ecannaer_crab_diquark_QCD_background_1000to1500_MC_0001
INFO 2020-12-01 01:25:07.562 UTC: 	 Project dir: crab_projects/crab_diquark_QCD_background_1000to1500_MC_0001
INFO 2020-12-01 01:25:07.562 UTC: 	 Please use ' crab status -d crab_projects/crab_diquark_QCD_background_1000to1500_MC_0001 ' to check how the submission process proceeds.
DEBUG 2020-12-01 01:25:07.562 UTC: 	 About to return
INFO 2020-12-01 01:25:07.571 UTC: 	 Log file is /uscms_data/d3/cannaert/src/thrust/CMSSW_10_6_0/src/crab_projects/crab_diquark_QCD_background_1000to1500_MC_0001/crab.log
DEBUG 2020-12-01 01:37:15.876 UTC: 	 CRAB Client version: v3.201110
DEBUG 2020-12-01 01:37:15.876 UTC: 	 Running on: Linux cmslpc130.fnal.gov 3.10.0-1127.19.1.el7.x86_64 #1 SMP Thu Aug 20 14:39:03 CDT 2020 x86_64 x86_64 x86_64 GNU/Linux - Scientific Linux 7.9 (Nitrogen)
DEBUG 2020-12-01 01:37:15.876 UTC: 	 Executing command: 'status'
DEBUG 2020-12-01 01:37:15.876 UTC: 	 Found CRAB cache file /uscms/home/cannaert/.crab3
WARNING 2020-12-01 01:37:15.886 UTC: 	 Warning: 'crab status' command takes no arguments, 1 given. Ignoring arguments ['status'].
DEBUG 2020-12-01 01:37:15.895 UTC: 	 Checking credentials
DEBUG 2020-12-01 01:37:15.895 UTC: 	 Found proxy file /uscms/home/cannaert/x509up_u54552
DEBUG 2020-12-01 01:37:15.895 UTC: 	 Getting proxy life time left
DEBUG 2020-12-01 01:37:15.998 UTC: 	 Executing : 
 command : voms-proxy-info -file /uscms/home/cannaert/x509up_u54552 -timeleft
 output : 39789

 error: 
 retcode : 0
DEBUG 2020-12-01 01:37:16.103 UTC: 	 Executing : 
 command : voms-proxy-info -file /uscms/home/cannaert/x509up_u54552 -actimeleft
 output : 39788

 error: 
 retcode : 0
DEBUG 2020-12-01 01:37:16.103 UTC: 	 Proxy lifetime 39789 secs is different from voms extension lifetime 39788 secs for proxy: /uscms/home/cannaert/x509up_u54552
DEBUG 2020-12-01 01:37:16.103 UTC: 	 Proxy valid for 11:03:08 hours
DEBUG 2020-12-01 01:37:16.928 UTC: 	 Registering user credentials for server /DC=ch/DC=cern/OU=computers/CN=vocms0105.cern.ch|/DC=ch/DC=cern/OU=computers/CN=crab-(preprod|prod|dev)-tw(02|01).cern.ch|/DC=ch/DC=cern/OU=computers/CN=(ddi|ddidk|mytw).cern.ch|/DC=ch/DC=cern/OU=computers/CN=stefanov(m|m2).cern.ch
DEBUG 2020-12-01 01:37:17.036 UTC: 	 Executing : 
 command : voms-proxy-info -file /uscms/home/cannaert/x509up_u54552 -identity
 output : /DC=ch/DC=cern/OU=Organic Units/OU=Users/CN=ecannaer/CN=832417/CN=Ethan Cannaert

 error: 
 retcode : 0
DEBUG 2020-12-01 01:37:17.041 UTC: 	 Getting myproxy life time left for myproxy.cern.ch
DEBUG 2020-12-01 01:37:17.041 UTC: 	 using b7b51e0178e197a43a1d723fd43ab6570e42a3d5 as credential login name
DEBUG 2020-12-01 01:37:18.046 UTC: 	 Executing : 
 command : myproxy-info -l b7b51e0178e197a43a1d723fd43ab6570e42a3d5 -s myproxy.cern.ch
 output : username: b7b51e0178e197a43a1d723fd43ab6570e42a3d5
owner: /DC=ch/DC=cern/OU=Organic Units/OU=Users/CN=ecannaer/CN=832417/CN=Ethan Cannaert
  renewal policy: /DC=ch/DC=cern/OU=computers/CN=vocms0105.cern.ch|/DC=ch/DC=cern/OU=computers/CN=crab-(preprod|prod|dev)-tw(02|01).cern.ch|/DC=ch/DC=cern/OU=computers/CN=(ddi|ddidk|mytw).cern.ch|/DC=ch/DC=cern/OU=computers/CN=stefanov(m|m2).cern.ch
  trusted retrieval policy: /DC=ch/DC=cern/OU=computers/CN=vocms0105.cern.ch|/DC=ch/DC=cern/OU=computers/CN=crab-(preprod|prod|dev)-tw(02|01).cern.ch|/DC=ch/DC=cern/OU=computers/CN=(ddi|ddidk|mytw).cern.ch|/DC=ch/DC=cern/OU=computers/CN=stefanov(m|m2).cern.ch
  timeleft: 719:16:05  (30.0 days)

 error: 
 retcode : 0
DEBUG 2020-12-01 01:37:18.047 UTC: 	 Myproxy is valid: 2589365
DEBUG 2020-12-01 01:37:18.047 UTC: 	 Retrieving username ...
DEBUG 2020-12-01 01:37:18.047 UTC: 	 Retrieving username from CRIC...
DEBUG 2020-12-01 01:37:19.442 UTC: 	 username is ecannaer
DEBUG 2020-12-01 01:37:19.445 UTC: 	 Getting myproxy life time left for myproxy.cern.ch
DEBUG 2020-12-01 01:37:19.445 UTC: 	 using ecannaer_CRAB as credential login name
DEBUG 2020-12-01 01:37:20.451 UTC: 	 Executing : 
 command : myproxy-info -l ecannaer_CRAB -s myproxy.cern.ch
 output : username: ecannaer_CRAB
owner: /DC=ch/DC=cern/OU=Organic Units/OU=Users/CN=ecannaer/CN=832417/CN=Ethan Cannaert
  renewal policy: /DC=ch/DC=cern/OU=computers/CN=vocms0105.cern.ch|/DC=ch/DC=cern/OU=computers/CN=crab-(preprod|prod|dev)-tw(02|01).cern.ch|/DC=ch/DC=cern/OU=computers/CN=(ddi|ddidk|mytw).cern.ch|/DC=ch/DC=cern/OU=computers/CN=stefanov(m|m2).cern.ch
  trusted retrieval policy: /DC=ch/DC=cern/OU=computers/CN=vocms0105.cern.ch|/DC=ch/DC=cern/OU=computers/CN=crab-(preprod|prod|dev)-tw(02|01).cern.ch|/DC=ch/DC=cern/OU=computers/CN=(ddi|ddidk|mytw).cern.ch|/DC=ch/DC=cern/OU=computers/CN=stefanov(m|m2).cern.ch
  timeleft: 719:16:12  (30.0 days)

 error: 
 retcode : 0
DEBUG 2020-12-01 01:37:20.451 UTC: 	 Myproxy is valid: 2589372
DEBUG 2020-12-01 01:37:20.452 UTC: 	 Result of myproxy credential check:
  Credential exists on myproxy: username: b7b51e0178e197a43a1d723fd43ab6570e42a3d5  - validity: 29 days, 23:16:05
  Credential exists on myproxy: username: ecannaer_CRAB  - validity: 29 days, 23:16:12
DEBUG 2020-12-01 01:37:20.452 UTC: 	 Command use: status
DEBUG 2020-12-01 01:37:20.452 UTC: 	 Options use: ['-d', 'crab_projects/crab_diquark_QCD_background_data_0000crab', 'status', '-d', 'crab_projects/crab_diquark_QCD_background_1000to1500_MC_0001']
ERROR 2020-12-01 01:37:21.248 UTC: 	 Keyboard Interrupted
INFO 2020-12-01 01:37:21.250 UTC: 	 Log file is /uscms_data/d3/cannaert/src/thrust/CMSSW_10_6_0/src/crab_projects/crab_diquark_QCD_background_1000to1500_MC_0001/crab.log
DEBUG 2020-12-01 01:37:32.459 UTC: 	 CRAB Client version: v3.201110
DEBUG 2020-12-01 01:37:32.459 UTC: 	 Running on: Linux cmslpc130.fnal.gov 3.10.0-1127.19.1.el7.x86_64 #1 SMP Thu Aug 20 14:39:03 CDT 2020 x86_64 x86_64 x86_64 GNU/Linux - Scientific Linux 7.9 (Nitrogen)
DEBUG 2020-12-01 01:37:32.460 UTC: 	 Executing command: 'status'
DEBUG 2020-12-01 01:37:32.460 UTC: 	 Found CRAB cache file /uscms/home/cannaert/.crab3
DEBUG 2020-12-01 01:37:32.471 UTC: 	 Checking credentials
DEBUG 2020-12-01 01:37:32.471 UTC: 	 Found proxy file /uscms/home/cannaert/x509up_u54552
DEBUG 2020-12-01 01:37:32.471 UTC: 	 Getting proxy life time left
DEBUG 2020-12-01 01:37:32.574 UTC: 	 Executing : 
 command : voms-proxy-info -file /uscms/home/cannaert/x509up_u54552 -timeleft
 output : 39772

 error: 
 retcode : 0
DEBUG 2020-12-01 01:37:32.677 UTC: 	 Executing : 
 command : voms-proxy-info -file /uscms/home/cannaert/x509up_u54552 -actimeleft
 output : 39772

 error: 
 retcode : 0
DEBUG 2020-12-01 01:37:32.677 UTC: 	 Proxy valid for 11:02:52 hours
DEBUG 2020-12-01 01:37:33.499 UTC: 	 Registering user credentials for server /DC=ch/DC=cern/OU=computers/CN=vocms0105.cern.ch|/DC=ch/DC=cern/OU=computers/CN=crab-(preprod|prod|dev)-tw(02|01).cern.ch|/DC=ch/DC=cern/OU=computers/CN=(ddi|ddidk|mytw).cern.ch|/DC=ch/DC=cern/OU=computers/CN=stefanov(m|m2).cern.ch
DEBUG 2020-12-01 01:37:33.607 UTC: 	 Executing : 
 command : voms-proxy-info -file /uscms/home/cannaert/x509up_u54552 -identity
 output : /DC=ch/DC=cern/OU=Organic Units/OU=Users/CN=ecannaer/CN=832417/CN=Ethan Cannaert

 error: 
 retcode : 0
DEBUG 2020-12-01 01:37:33.612 UTC: 	 Getting myproxy life time left for myproxy.cern.ch
DEBUG 2020-12-01 01:37:33.612 UTC: 	 using b7b51e0178e197a43a1d723fd43ab6570e42a3d5 as credential login name
DEBUG 2020-12-01 01:37:34.517 UTC: 	 Executing : 
 command : myproxy-info -l b7b51e0178e197a43a1d723fd43ab6570e42a3d5 -s myproxy.cern.ch
 output : username: b7b51e0178e197a43a1d723fd43ab6570e42a3d5
owner: /DC=ch/DC=cern/OU=Organic Units/OU=Users/CN=ecannaer/CN=832417/CN=Ethan Cannaert
  renewal policy: /DC=ch/DC=cern/OU=computers/CN=vocms0105.cern.ch|/DC=ch/DC=cern/OU=computers/CN=crab-(preprod|prod|dev)-tw(02|01).cern.ch|/DC=ch/DC=cern/OU=computers/CN=(ddi|ddidk|mytw).cern.ch|/DC=ch/DC=cern/OU=computers/CN=stefanov(m|m2).cern.ch
  trusted retrieval policy: /DC=ch/DC=cern/OU=computers/CN=vocms0105.cern.ch|/DC=ch/DC=cern/OU=computers/CN=crab-(preprod|prod|dev)-tw(02|01).cern.ch|/DC=ch/DC=cern/OU=computers/CN=(ddi|ddidk|mytw).cern.ch|/DC=ch/DC=cern/OU=computers/CN=stefanov(m|m2).cern.ch
  timeleft: 719:15:48  (30.0 days)

 error: 
 retcode : 0
DEBUG 2020-12-01 01:37:34.518 UTC: 	 Myproxy is valid: 2589348
DEBUG 2020-12-01 01:37:34.518 UTC: 	 Retrieving username ...
DEBUG 2020-12-01 01:37:34.518 UTC: 	 Retrieving username from CRIC...
DEBUG 2020-12-01 01:37:37.192 UTC: 	 username is ecannaer
DEBUG 2020-12-01 01:37:37.197 UTC: 	 Getting myproxy life time left for myproxy.cern.ch
DEBUG 2020-12-01 01:37:37.197 UTC: 	 using ecannaer_CRAB as credential login name
DEBUG 2020-12-01 01:37:38.004 UTC: 	 Executing : 
 command : myproxy-info -l ecannaer_CRAB -s myproxy.cern.ch
 output : username: ecannaer_CRAB
owner: /DC=ch/DC=cern/OU=Organic Units/OU=Users/CN=ecannaer/CN=832417/CN=Ethan Cannaert
  renewal policy: /DC=ch/DC=cern/OU=computers/CN=vocms0105.cern.ch|/DC=ch/DC=cern/OU=computers/CN=crab-(preprod|prod|dev)-tw(02|01).cern.ch|/DC=ch/DC=cern/OU=computers/CN=(ddi|ddidk|mytw).cern.ch|/DC=ch/DC=cern/OU=computers/CN=stefanov(m|m2).cern.ch
  trusted retrieval policy: /DC=ch/DC=cern/OU=computers/CN=vocms0105.cern.ch|/DC=ch/DC=cern/OU=computers/CN=crab-(preprod|prod|dev)-tw(02|01).cern.ch|/DC=ch/DC=cern/OU=computers/CN=(ddi|ddidk|mytw).cern.ch|/DC=ch/DC=cern/OU=computers/CN=stefanov(m|m2).cern.ch
  timeleft: 719:15:55  (30.0 days)

 error: 
 retcode : 0
DEBUG 2020-12-01 01:37:38.004 UTC: 	 Myproxy is valid: 2589355
DEBUG 2020-12-01 01:37:38.004 UTC: 	 Result of myproxy credential check:
  Credential exists on myproxy: username: b7b51e0178e197a43a1d723fd43ab6570e42a3d5  - validity: 29 days, 23:15:48
  Credential exists on myproxy: username: ecannaer_CRAB  - validity: 29 days, 23:15:55
DEBUG 2020-12-01 01:37:38.005 UTC: 	 Command use: status
DEBUG 2020-12-01 01:37:38.005 UTC: 	 Options use: ['-d', 'crab_projects/crab_diquark_QCD_background_1000to1500_MC_0001']
DEBUG 2020-12-01 01:37:38.598 UTC: 	 CRABClient version: v3.201110
DEBUG 2020-12-01 01:37:38.599 UTC: 	 Instance is prod
DEBUG 2020-12-01 01:37:38.599 UTC: 	 Server base url is cmsweb.cern.ch
DEBUG 2020-12-01 01:37:38.599 UTC: 	 Command url /crabserver/prod/workflow
DEBUG 2020-12-01 01:37:39.183 UTC: 	 Got information from server oracle database: {u'result': [u'201201_012507:ecannaer_crab_diquark_QCD_background_1000to1500_MC_0001', u'None', u'None', u'SUBMITTED', u'SUBMIT', u'2020-12-01 01:25:07.499382', u'None', u'2020-12-01 01:25:35.234650', u'None', u'CMSSW_10_6_0', u'slc7_amd64_gcc820', u'/QCD_HT1000to1500_TuneCP5_13TeV-madgraphMLM-pythia8/RunIIAutumn18MiniAOD-102X_upgrade2018_realistic_v15-v1/MINIAODSIM', u'F', u'0', u'[]', u'[]', u'FileBased', u"{'splitOnRun': False, 'halt_job_on_file_boundaries': False, 'files_per_job': 10, 'runs': [], 'lumis': []}", u'ddb6c86ea4a217e8c85154c7caaacad32b2969eaf74e6c363fc05bba8f8aa807.tar.gz', u'https://cmsweb-k8s-prod.cern.ch/crabcache', u'ecannaer', u'/DC=ch/DC=cern/OU=Organic Units/OU=Users/CN=ecannaer/CN=832417/CN=Ethan Cannaert', u'cms', u'None', u'None', u'diquark_QCD_background-00000000000000000000000000000000', u'F', u'T3_US_FNALLPC', u'https://cmsweb.cern.ch/dbs/prod/global/DBSReader', u'https://cmsweb.cern.ch/dbs/prod/phys03/DBSWriter', u'F', u'[]', u"['diquark_QCD_BR_MC.root']", u'[]', u'Analysis', u'pythia', u'None', u'{}', u'[]', u'F', u'crab-prod-tw01', u'[]', u'1250', u'1', u'2000', u'10', u'None', u'[]', u'http://vocms0106.cern.ch/mon/cms838/201201_012507:ecannaer_crab_diquark_QCD_background_1000to1500_MC_0001', u'None', u'[]', u'[]', u'https://cmsweb.cern.ch/crabserver/prod', u'cmsgwms-collector-global.cern.ch:9620,cmsgwms-collector-global.fnal.gov', u'crab3@vocms0106.cern.ch', u'F', u'[]', u'T', u'/store/user/ecannaer/', u'F', u'None', u'F', u'None', u'QCD_HT1000to1500_TuneCP5_13TeV-madgraphMLM-pythia8', u'None', u'8ae37d5af79099c1e9a1aa1b28526d873ebcbd5ced0b24deb2c34dc3cf23e383.tar.gz', u'49304925', u'filetransfers', u'F', u'131.225.189.111', u'0.0', u'None'], u'desc': {u'columns': [u'tm_taskname', u'tm_activity', u'panda_jobset_id', u'tm_task_status', u'tm_task_command', u'tm_start_time', u'tm_start_injection', u'tm_end_injection', u'tm_task_failure', u'tm_job_sw', u'tm_job_arch', u'tm_input_dataset', u'tm_nonvalid_input_dataset', u'tm_use_parent', u'tm_site_whitelist', u'tm_site_blacklist', u'tm_split_algo', u'tm_split_args', u'tm_user_sandbox', u'tm_cache_url', u'tm_username', u'tm_user_dn', u'tm_user_vo', u'tm_user_role', u'tm_user_group', u'tm_publish_name', u'tm_publish_groupname', u'tm_asyncdest', u'tm_dbs_url', u'tm_publish_dbs_url', u'tm_publication', u'tm_outfiles', u'tm_tfile_outfiles', u'tm_edm_outfiles', u'tm_job_type', u'tm_generator', u'tm_events_per_lumi', u'tm_arguments', u'panda_resubmitted_jobs', u'tm_save_logs', u'tw_name', u'tm_user_infiles', u'tm_maxjobruntime', u'tm_numcores', u'tm_maxmemory', u'tm_priority', u'tm_output_dataset', u'tm_task_warnings', u'tm_user_webdir', u'tm_scriptexe', u'tm_scriptargs', u'tm_extrajdl', u'tm_asourl', u'tm_collector', u'tm_schedd', u'tm_dry_run', u'tm_user_files', u'tm_transfer_outputs', u'tm_output_lfn', u'tm_ignore_locality', u'tm_fail_limit', u'tm_one_event_mode', u'tm_secondary_input_dataset', u'tm_primary_dataset', u'tm_last_publication', u'tm_debug_files', u'clusterid', u'tm_asodb', u'tm_ignore_global_blacklist', u'tm_submitter_ip_addr', u'tm_totalunits', u'tm_ddm_reqid']}}
INFO 2020-12-01 01:37:39.184 UTC: 	 CRAB project directory:		/uscms_data/d3/cannaert/src/thrust/CMSSW_10_6_0/src/crab_projects/crab_diquark_QCD_background_1000to1500_MC_0001
INFO 2020-12-01 01:37:39.184 UTC: 	 Task name:			201201_012507:ecannaer_crab_diquark_QCD_background_1000to1500_MC_0001
INFO 2020-12-01 01:37:39.184 UTC: 	 Grid scheduler - Task Worker:	crab3@vocms0106.cern.ch - crab-prod-tw01
INFO 2020-12-01 01:37:39.184 UTC: 	 Status on the CRAB server:	SUBMITTED
INFO 2020-12-01 01:37:39.184 UTC: 	 Task URL to use for HELP:	https://cmsweb.cern.ch/crabserver/ui/task/201201_012507%3Aecannaer_crab_diquark_QCD_background_1000to1500_MC_0001
INFO 2020-12-01 01:37:39.188 UTC: 	 Dashboard monitoring URL:	https://monit-grafana.cern.ch/d/cmsTMDetail/cms-task-monitoring-task-view?orgId=11&var-user=ecannaer&var-task=201201_012507%3Aecannaer_crab_diquark_QCD_background_1000to1500_MC_0001&from=1606782307000&to=now
INFO 2020-12-01 01:37:39.188 UTC: 	 In case of issues with the dashboard, please provide feedback to hn-cms-computing-tools@cern.ch
DEBUG 2020-12-01 01:37:39.188 UTC: 	 The CRAB server submitted your task to the Grid scheduler (cluster ID: 49304925)
DEBUG 2020-12-01 01:37:39.188 UTC: 	 Webdir is located at http://vocms0106.cern.ch/mon/cms838/201201_012507:ecannaer_crab_diquark_QCD_background_1000to1500_MC_0001
DEBUG 2020-12-01 01:37:40.039 UTC: 	 Proxied webdir is located at https://cmsweb.cern.ch/scheddmon/0106/cms838/201201_012507:ecannaer_crab_diquark_QCD_background_1000to1500_MC_0001
DEBUG 2020-12-01 01:37:40.039 UTC: 	 Retrieving 'status_cache' file from https://cmsweb.cern.ch/scheddmon/0106/cms838/201201_012507:ecannaer_crab_diquark_QCD_background_1000to1500_MC_0001/status_cache
DEBUG 2020-12-01 01:37:40.596 UTC: 	 Got information from status cache file: {'42': {'Retries': 0, 'WallDurations': [8.0, 110.21164393424988, 308.0], 'StartTimes': [1606786193.0], 'SubmitTimes': [1606785950.0], 'JobIds': ['49304968.0'], 'EndTimes': [], 'Restarts': 0, 'RecordedSite': True, 'State': 'running', 'ResidentSetSize': [636476], 'TotalUserCpuTimeHistory': [217.0], 'SiteHistory': ['Unknown', 'T3_UK_London_QMUL', 'T3_UK_London_QMUL'], 'TotalSysCpuTimeHistory': [6.0]}, '24': {'Retries': 0, 'WallDurations': [9.0, 111.21164393424988, 310.0], 'StartTimes': [1606786192.0], 'SubmitTimes': [1606785947.0], 'JobIds': ['49304951.0'], 'EndTimes': [], 'Restarts': 0, 'RecordedSite': True, 'State': 'running', 'ResidentSetSize': [691960], 'TotalUserCpuTimeHistory': [257.0], 'SiteHistory': ['Unknown', 'T3_UK_London_QMUL', 'T3_UK_London_QMUL'], 'TotalSysCpuTimeHistory': [6.0]}, '25': {'Retries': 0, 'WallDurations': [8.0, 110.21164393424988, 308.0], 'StartTimes': [1606786193.0], 'SubmitTimes': [1606785947.0], 'JobIds': ['49304952.0'], 'EndTimes': [], 'Restarts': 0, 'RecordedSite': True, 'State': 'running', 'ResidentSetSize': [652756], 'TotalUserCpuTimeHistory': [250.0], 'SiteHistory': ['Unknown', 'T3_UK_London_QMUL', 'T3_UK_London_QMUL'], 'TotalSysCpuTimeHistory': [6.0]}, '26': {'Retries': 0, 'WallDurations': [8.0, 110.21164393424988, 308.0], 'StartTimes': [1606786193.0], 'SubmitTimes': [1606785947.0], 'JobIds': ['49304953.0'], 'EndTimes': [], 'Restarts': 0, 'RecordedSite': True, 'State': 'running', 'ResidentSetSize': [653588], 'TotalUserCpuTimeHistory': [244.0], 'SiteHistory': ['Unknown', 'T3_UK_London_QMUL', 'T3_UK_London_QMUL'], 'TotalSysCpuTimeHistory': [6.0]}, '27': {'Retries': 0, 'WallDurations': [9.0, 110.21164393424988, 310.0], 'StartTimes': [1606786193.0], 'SubmitTimes': [1606785947.0], 'JobIds': ['49304954.0'], 'EndTimes': [], 'Restarts': 0, 'RecordedSite': True, 'State': 'running', 'ResidentSetSize': [658148], 'TotalUserCpuTimeHistory': [248.0], 'SiteHistory': ['Unknown', 'T2_UK_London_IC', 'T2_UK_London_IC'], 'TotalSysCpuTimeHistory': [5.0]}, '20': {'Retries': 0, 'WallDurations': [9.0, 111.21164393424988, 310.0], 'StartTimes': [1606786192.0], 'SubmitTimes': [1606785947.0], 'JobIds': ['49304947.0'], 'EndTimes': [], 'Restarts': 0, 'RecordedSite': True, 'State': 'running', 'ResidentSetSize': [565828], 'TotalUserCpuTimeHistory': [221.0], 'SiteHistory': ['Unknown', 'T2_UK_London_IC', 'T2_UK_London_IC'], 'TotalSysCpuTimeHistory': [8.0]}, '21': {'Retries': 0, 'WallDurations': [9.0, 110.21164393424988, 310.0], 'StartTimes': [1606786193.0], 'SubmitTimes': [1606785947.0], 'JobIds': ['49304948.0'], 'EndTimes': [], 'Restarts': 0, 'RecordedSite': True, 'State': 'running', 'ResidentSetSize': [632588], 'TotalUserCpuTimeHistory': [194.0], 'SiteHistory': ['Unknown', 'T2_UK_London_IC', 'T2_UK_London_IC'], 'TotalSysCpuTimeHistory': [7.0]}, '22': {'Retries': 0, 'WallDurations': [8.0, 109.21164393424988, 309.0], 'StartTimes': [1606786194.0], 'SubmitTimes': [1606785947.0], 'JobIds': ['49304949.0'], 'EndTimes': [], 'Restarts': 0, 'RecordedSite': True, 'State': 'running', 'ResidentSetSize': [639036], 'TotalUserCpuTimeHistory': [218.0], 'SiteHistory': ['Unknown', 'T2_UK_London_IC', 'T2_UK_London_IC'], 'TotalSysCpuTimeHistory': [5.0]}, '23': {'Retries': 0, 'WallDurations': [9.0, 111.21164393424988, 311.0], 'StartTimes': [1606786192.0], 'SubmitTimes': [1606785947.0], 'JobIds': ['49304950.0'], 'EndTimes': [], 'Restarts': 0, 'RecordedSite': True, 'State': 'running', 'ResidentSetSize': [641224], 'TotalUserCpuTimeHistory': [202.0], 'SiteHistory': ['Unknown', 'T2_UK_London_IC', 'T2_UK_London_IC'], 'TotalSysCpuTimeHistory': [8.0]}, '28': {'Retries': 0, 'WallDurations': [9.0, 110.21164393424988, 310.0], 'StartTimes': [1606786193.0], 'SubmitTimes': [1606785948.0], 'JobIds': ['49304955.0'], 'EndTimes': [], 'Restarts': 0, 'RecordedSite': True, 'State': 'running', 'ResidentSetSize': [693364], 'TotalUserCpuTimeHistory': [234.0], 'SiteHistory': ['Unknown', 'T3_UK_London_QMUL', 'T3_UK_London_QMUL'], 'TotalSysCpuTimeHistory': [7.0]}, '29': {'Retries': 0, 'WallDurations': [9.0, 111.21164393424988, 311.0], 'StartTimes': [1606786192.0], 'SubmitTimes': [1606785948.0], 'JobIds': ['49304956.0'], 'EndTimes': [], 'Restarts': 0, 'RecordedSite': True, 'State': 'running', 'ResidentSetSize': [738212], 'TotalUserCpuTimeHistory': [239.0], 'SiteHistory': ['Unknown', 'T2_UK_London_IC', 'T2_UK_London_IC'], 'TotalSysCpuTimeHistory': [10.0]}, '40': {'Retries': 0, 'WallDurations': [9.0, 107.21164393424988, 309.0], 'StartTimes': [1606786196.0], 'SubmitTimes': [1606785950.0], 'JobIds': ['49304966.0'], 'EndTimes': [], 'Restarts': 0, 'RecordedSite': True, 'State': 'running', 'ResidentSetSize': [582752], 'TotalUserCpuTimeHistory': [122.0], 'SiteHistory': ['Unknown', 'T2_IT_Pisa', 'T2_IT_Pisa'], 'TotalSysCpuTimeHistory': [4.0]}, '41': {'Retries': 0, 'WallDurations': [9.0, 110.21164393424988, 309.0], 'StartTimes': [1606786193.0], 'SubmitTimes': [1606785950.0], 'JobIds': ['49304967.0'], 'EndTimes': [], 'Restarts': 0, 'RecordedSite': True, 'State': 'running', 'ResidentSetSize': [598288], 'TotalUserCpuTimeHistory': [115.0], 'SiteHistory': ['Unknown', 'T2_IT_Pisa', 'T2_IT_Pisa'], 'TotalSysCpuTimeHistory': [3.0]}, '1': {'Retries': 0, 'WallDurations': [9.0, 111.21164393424988, 310.0], 'StartTimes': [1606786192.0], 'SubmitTimes': [1606785939.0], 'JobIds': ['49304927.0'], 'EndTimes': [], 'Restarts': 0, 'RecordedSite': True, 'State': 'running', 'ResidentSetSize': [636740], 'TotalUserCpuTimeHistory': [137.0], 'SiteHistory': ['Unknown', 'T3_UK_ScotGrid_GLA', 'T3_UK_ScotGrid_GLA'], 'TotalSysCpuTimeHistory': [4.0]}, '3': {'Retries': 0, 'WallDurations': [9.0, 81.21164393424988, 120.0, 46.0], 'StartTimes': [1606786222.0, 1606786427.0], 'SubmitTimes': [1606785939.0, -1], 'JobIds': ['49304929.0', '49304929.0'], 'EndTimes': [1606786342.0], 'Restarts': 1, 'RecordedSite': True, 'State': 'running', 'ResidentSetSize': [2228, 32136], 'TotalUserCpuTimeHistory': [0.0, 0.0], 'SiteHistory': ['Unknown', 'T2_IT_Rome', 'T2_IT_Rome', 'T3_UK_London_QMUL'], 'TotalSysCpuTimeHistory': [0.0, 0.0]}, '2': {'Retries': 0, 'WallDurations': [10.0, 110.21164393424988, 310.0], 'StartTimes': [1606786193.0], 'SubmitTimes': [1606785939.0], 'JobIds': ['49304928.0'], 'EndTimes': [], 'Restarts': 0, 'RecordedSite': True, 'State': 'running', 'ResidentSetSize': [625884], 'TotalUserCpuTimeHistory': [176.0], 'SiteHistory': ['Unknown', 'T3_UK_London_QMUL', 'T3_UK_London_QMUL'], 'TotalSysCpuTimeHistory': [6.0]}, '5': {'Retries': 0, 'WallDurations': [9.0, 110.21164393424988, 311.0], 'StartTimes': [1606786193.0], 'SubmitTimes': [1606785939.0], 'JobIds': ['49304931.0'], 'EndTimes': [], 'Restarts': 0, 'RecordedSite': True, 'State': 'running', 'ResidentSetSize': [651904], 'TotalUserCpuTimeHistory': [222.0], 'SiteHistory': ['Unknown', 'T3_UK_London_QMUL', 'T3_UK_London_QMUL'], 'TotalSysCpuTimeHistory': [6.0]}, '4': {'Retries': 0, 'WallDurations': [8.0, 110.21164393424988, 308.0], 'StartTimes': [1606786193.0], 'SubmitTimes': [1606785939.0], 'JobIds': ['49304930.0'], 'EndTimes': [], 'Restarts': 0, 'RecordedSite': True, 'State': 'running', 'ResidentSetSize': [640668], 'TotalUserCpuTimeHistory': [219.0], 'SiteHistory': ['Unknown', 'T3_UK_London_QMUL', 'T3_UK_London_QMUL'], 'TotalSysCpuTimeHistory': [5.0]}, '7': {'Retries': 0, 'WallDurations': [9.0, 234.21164393424988, 310.0], 'StartTimes': [1606786069.0], 'SubmitTimes': [1606785940.0], 'JobIds': ['49304933.0'], 'EndTimes': [], 'Restarts': 0, 'RecordedSite': True, 'State': 'running', 'ResidentSetSize': [723308], 'TotalUserCpuTimeHistory': [189.0], 'SiteHistory': ['Unknown', 'T2_UK_London_IC', 'T2_UK_London_IC'], 'TotalSysCpuTimeHistory': [5.0]}, '6': {'Retries': 1, 'WallDurations': [148.0, 0, 8.0, 288.36231803894043, 288.36231803894043], 'StartTimes': [1606786069.0, 1606786315.0], 'SubmitTimes': [1606785939.0, 1606786287.0], 'JobIds': ['49304932.0', '49305040.0'], 'EndTimes': [1606786217.0], 'Restarts': 0, 'RecordedSite': True, 'State': 'running', 'ResidentSetSize': [15836, 2828], 'TotalUserCpuTimeHistory': [1, 0.0], 'SiteHistory': ['Unknown', 'T2_IT_Rome', 'T2_IT_Rome', 'T2_UK_London_IC', 'T2_UK_London_IC'], 'TotalSysCpuTimeHistory': [0, 0.0]}, '9': {'Retries': 0, 'WallDurations': [9.0, 233.21164393424988, 310.0], 'StartTimes': [1606786070.0], 'SubmitTimes': [1606785940.0], 'JobIds': ['49304935.0'], 'EndTimes': [], 'Restarts': 0, 'RecordedSite': True, 'State': 'running', 'ResidentSetSize': [621824], 'TotalUserCpuTimeHistory': [203.0], 'SiteHistory': ['Unknown', 'T3_UK_London_QMUL', 'T3_UK_London_QMUL'], 'TotalSysCpuTimeHistory': [5.0]}, '8': {'Retries': 0, 'WallDurations': [8.0, 234.21164393424988, 308.0], 'StartTimes': [1606786069.0], 'SubmitTimes': [1606785940.0], 'JobIds': ['49304934.0'], 'EndTimes': [], 'Restarts': 0, 'RecordedSite': True, 'State': 'running', 'ResidentSetSize': [568152], 'TotalUserCpuTimeHistory': [238.0], 'SiteHistory': ['Unknown', 'T2_UK_London_IC', 'T2_UK_London_IC'], 'TotalSysCpuTimeHistory': [8.0]}, '13': {'Retries': 0, 'WallDurations': [9.0, 233.21164393424988, 310.0], 'StartTimes': [1606786070.0], 'SubmitTimes': [1606785946.0], 'JobIds': ['49304939.0'], 'EndTimes': [], 'Restarts': 0, 'RecordedSite': True, 'State': 'running', 'ResidentSetSize': [583440], 'TotalUserCpuTimeHistory': [184.0], 'SiteHistory': ['Unknown', 'T3_UK_London_QMUL', 'T3_UK_London_QMUL'], 'TotalSysCpuTimeHistory': [5.0]}, '12': {'Retries': 0, 'WallDurations': [8.0, 233.21164393424988, 309.0], 'StartTimes': [1606786070.0], 'SubmitTimes': [1606785946.0], 'JobIds': ['49304938.0'], 'EndTimes': [], 'Restarts': 0, 'RecordedSite': True, 'State': 'running', 'ResidentSetSize': [649604], 'TotalUserCpuTimeHistory': [217.0], 'SiteHistory': ['Unknown', 'T3_UK_London_QMUL', 'T3_UK_London_QMUL'], 'TotalSysCpuTimeHistory': [5.0]}, '11': {'Retries': 0, 'WallDurations': [10.0, 235.21164393424988, 310.0], 'StartTimes': [1606786068.0], 'SubmitTimes': [1606785946.0], 'JobIds': ['49304937.0'], 'EndTimes': [], 'Restarts': 0, 'RecordedSite': True, 'State': 'running', 'ResidentSetSize': [640128], 'TotalUserCpuTimeHistory': [222.0], 'SiteHistory': ['Unknown', 'T3_UK_London_QMUL', 'T3_UK_London_QMUL'], 'TotalSysCpuTimeHistory': [5.0]}, '10': {'Retries': 0, 'WallDurations': [9.0, 235.21164393424988, 310.0], 'StartTimes': [1606786068.0], 'SubmitTimes': [1606785940.0], 'JobIds': ['49304936.0'], 'EndTimes': [], 'Restarts': 0, 'RecordedSite': True, 'State': 'running', 'ResidentSetSize': [545180], 'TotalUserCpuTimeHistory': [182.0], 'SiteHistory': ['Unknown', 'T3_UK_London_QMUL', 'T3_UK_London_QMUL'], 'TotalSysCpuTimeHistory': [5.0]}, '39': {'Retries': 0, 'WallDurations': [10.0, 109.21164393424988, 311.0], 'StartTimes': [1606786194.0], 'SubmitTimes': [1606785950.0], 'JobIds': ['49304965.0'], 'EndTimes': [], 'Restarts': 0, 'RecordedSite': True, 'State': 'running', 'ResidentSetSize': [728240], 'TotalUserCpuTimeHistory': [191.0], 'SiteHistory': ['Unknown', 'T3_UK_London_QMUL', 'T3_UK_London_QMUL'], 'TotalSysCpuTimeHistory': [5.0]}, '38': {'Retries': 0, 'WallDurations': [9.0, 83.21164393424988, 121.0, 120.0, 120.0, 0], 'StartTimes': [1606786220.0, 1606786346.0, 1606786471.0, 1606786600.0], 'SubmitTimes': [1606785949.0, -1, -1, -1], 'JobIds': ['49304964.0', '49304964.0', '49304964.0', '49304964.0'], 'EndTimes': [1606786341.0, 1606786466.0, 1606786591.0], 'Restarts': 3, 'RecordedSite': True, 'State': 'running', 'ResidentSetSize': [2228, 2804, 2232, 0], 'TotalUserCpuTimeHistory': [0.0, 0.0, 0.0, 0.0], 'SiteHistory': ['Unknown', 'T2_IT_Rome', 'T2_IT_Rome', 'T2_IT_Rome', 'T2_IT_Rome', 'T2_IT_Rome'], 'TotalSysCpuTimeHistory': [0.0, 0.0, 0.0, 0.0]}, '15': {'Retries': 0, 'WallDurations': [8.0, 231.21164393424988, 309.0], 'StartTimes': [1606786072.0], 'SubmitTimes': [1606785946.0], 'JobIds': ['49304942.0'], 'EndTimes': [], 'Restarts': 0, 'RecordedSite': True, 'State': 'running', 'ResidentSetSize': [638064], 'TotalUserCpuTimeHistory': [210.0], 'SiteHistory': ['Unknown', 'T3_UK_London_QMUL', 'T3_UK_London_QMUL'], 'TotalSysCpuTimeHistory': [5.0]}, '14': {'Retries': 0, 'WallDurations': [9.0, 232.21164393424988, 310.0], 'StartTimes': [1606786071.0], 'SubmitTimes': [1606785946.0], 'JobIds': ['49304940.0'], 'EndTimes': [], 'Restarts': 0, 'RecordedSite': True, 'State': 'running', 'ResidentSetSize': [624936], 'TotalUserCpuTimeHistory': [209.0], 'SiteHistory': ['Unknown', 'T3_UK_London_QMUL', 'T3_UK_London_QMUL'], 'TotalSysCpuTimeHistory': [5.0]}, '17': {'Retries': 0, 'WallDurations': [9.0, 111.21164393424988, 309.0], 'StartTimes': [1606786192.0], 'SubmitTimes': [1606785946.0], 'JobIds': ['49304944.0'], 'EndTimes': [], 'Restarts': 0, 'RecordedSite': True, 'State': 'running', 'ResidentSetSize': [635020], 'TotalUserCpuTimeHistory': [155.0], 'SiteHistory': ['Unknown', 'T3_UK_London_QMUL', 'T3_UK_London_QMUL'], 'TotalSysCpuTimeHistory': [5.0]}, '16': {'Retries': 0, 'WallDurations': [10.0, 111.21164393424988, 310.0], 'StartTimes': [1606786192.0], 'SubmitTimes': [1606785946.0], 'JobIds': ['49304943.0'], 'EndTimes': [], 'Restarts': 0, 'RecordedSite': True, 'State': 'running', 'ResidentSetSize': [638456], 'TotalUserCpuTimeHistory': [221.0], 'SiteHistory': ['Unknown', 'T3_UK_London_QMUL', 'T3_UK_London_QMUL'], 'TotalSysCpuTimeHistory': [5.0]}, '19': {'Retries': 0, 'WallDurations': [8.0, 110.21164393424988, 308.0], 'StartTimes': [1606786193.0], 'SubmitTimes': [1606785947.0], 'JobIds': ['49304946.0'], 'EndTimes': [], 'Restarts': 0, 'RecordedSite': True, 'State': 'running', 'ResidentSetSize': [671768], 'TotalUserCpuTimeHistory': [234.0], 'SiteHistory': ['Unknown', 'T3_UK_London_QMUL', 'T3_UK_London_QMUL'], 'TotalSysCpuTimeHistory': [6.0]}, '18': {'Retries': 0, 'WallDurations': [9.0, 111.21164393424988, 310.0], 'StartTimes': [1606786192.0], 'SubmitTimes': [1606785946.0], 'JobIds': ['49304945.0'], 'EndTimes': [], 'Restarts': 0, 'RecordedSite': True, 'State': 'running', 'ResidentSetSize': [653588], 'TotalUserCpuTimeHistory': [153.0], 'SiteHistory': ['Unknown', 'T3_UK_ScotGrid_GLA', 'T3_UK_ScotGrid_GLA'], 'TotalSysCpuTimeHistory': [4.0]}, '31': {'Retries': 0, 'WallDurations': [9.0, 107.21164393424988, 310.0], 'StartTimes': [1606786196.0], 'SubmitTimes': [1606785950.0], 'JobIds': ['49304969.0'], 'EndTimes': [], 'Restarts': 0, 'RecordedSite': True, 'State': 'running', 'ResidentSetSize': [667020], 'TotalUserCpuTimeHistory': [230.0], 'SiteHistory': ['Unknown', 'T3_UK_London_QMUL', 'T3_UK_London_QMUL'], 'TotalSysCpuTimeHistory': [8.0]}, '30': {'Retries': 0, 'WallDurations': [8.0, 110.21164393424988, 309.0], 'StartTimes': [1606786193.0], 'SubmitTimes': [1606785948.0], 'JobIds': ['49304957.0'], 'EndTimes': [], 'Restarts': 0, 'RecordedSite': True, 'State': 'running', 'ResidentSetSize': [621324], 'TotalUserCpuTimeHistory': [207.0], 'SiteHistory': ['Unknown', 'T3_UK_London_QMUL', 'T3_UK_London_QMUL'], 'TotalSysCpuTimeHistory': [6.0]}, '37': {'Retries': 0, 'WallDurations': [9.0, 110.21164393424988, 310.0], 'StartTimes': [1606786193.0], 'SubmitTimes': [1606785949.0], 'JobIds': ['49304963.0'], 'EndTimes': [], 'Restarts': 0, 'RecordedSite': True, 'State': 'running', 'ResidentSetSize': [744412], 'TotalUserCpuTimeHistory': [248.0], 'SiteHistory': ['Unknown', 'T2_UK_London_IC', 'T2_UK_London_IC'], 'TotalSysCpuTimeHistory': [6.0]}, '36': {'Retries': 0, 'WallDurations': [8.0, 109.21164393424988, 308.0], 'StartTimes': [1606786194.0], 'SubmitTimes': [1606785949.0], 'JobIds': ['49304962.0'], 'EndTimes': [], 'Restarts': 0, 'RecordedSite': True, 'State': 'running', 'ResidentSetSize': [643088], 'TotalUserCpuTimeHistory': [235.0], 'SiteHistory': ['Unknown', 'T2_UK_London_IC', 'T2_UK_London_IC'], 'TotalSysCpuTimeHistory': [7.0]}, '35': {'Retries': 0, 'WallDurations': [8.0, 109.21164393424988, 308.0], 'StartTimes': [1606786194.0], 'SubmitTimes': [1606785949.0], 'JobIds': ['49304961.0'], 'EndTimes': [], 'Restarts': 0, 'RecordedSite': True, 'State': 'running', 'ResidentSetSize': [642116], 'TotalUserCpuTimeHistory': [226.0], 'SiteHistory': ['Unknown', 'T2_UK_London_IC', 'T2_UK_London_IC'], 'TotalSysCpuTimeHistory': [5.0]}, '34': {'Retries': 0, 'WallDurations': [8.0, 110.21164393424988, 308.0], 'StartTimes': [1606786193.0], 'SubmitTimes': [1606785948.0], 'JobIds': ['49304960.0'], 'EndTimes': [], 'Restarts': 0, 'RecordedSite': True, 'State': 'running', 'ResidentSetSize': [643064], 'TotalUserCpuTimeHistory': [207.0], 'SiteHistory': ['Unknown', 'T2_UK_London_IC', 'T2_UK_London_IC'], 'TotalSysCpuTimeHistory': [5.0]}, '33': {'Retries': 0, 'WallDurations': [9.0, 110.21164393424988, 310.0], 'StartTimes': [1606786193.0], 'SubmitTimes': [1606785948.0], 'JobIds': ['49304959.0'], 'EndTimes': [], 'Restarts': 0, 'RecordedSite': True, 'State': 'running', 'ResidentSetSize': [748208], 'TotalUserCpuTimeHistory': [232.0], 'SiteHistory': ['Unknown', 'T3_UK_London_QMUL', 'T3_UK_London_QMUL'], 'TotalSysCpuTimeHistory': [5.0]}, '32': {'Retries': 0, 'WallDurations': [10.0, 111.21164393424988, 310.0], 'StartTimes': [1606786192.0], 'SubmitTimes': [1606785948.0], 'JobIds': ['49304958.0'], 'EndTimes': [], 'Restarts': 0, 'RecordedSite': True, 'State': 'running', 'ResidentSetSize': [653564], 'TotalUserCpuTimeHistory': [246.0], 'SiteHistory': ['Unknown', 'T3_UK_London_QMUL', 'T3_UK_London_QMUL'], 'TotalSysCpuTimeHistory': [6.0]}}
INFO 2020-12-01 01:37:40.596 UTC: 	 Status on the scheduler:	SUBMITTED
INFO 2020-12-01 01:37:40.596 UTC: 	 
Jobs status:                    running      		100.0% (42/42)
INFO 2020-12-01 01:37:40.596 UTC: 	 
No publication information (publication has been disabled in the CRAB configuration file)
INFO 2020-12-01 01:37:40.602 UTC: 	 Log file is /uscms_data/d3/cannaert/src/thrust/CMSSW_10_6_0/src/crab_projects/crab_diquark_QCD_background_1000to1500_MC_0001/crab.log
DEBUG 2020-12-01 04:30:14.421 UTC: 	 CRAB Client version: v3.201110
DEBUG 2020-12-01 04:30:14.421 UTC: 	 Running on: Linux cmslpc128.fnal.gov 3.10.0-1127.19.1.el7.x86_64 #1 SMP Thu Aug 20 14:39:03 CDT 2020 x86_64 x86_64 x86_64 GNU/Linux - Scientific Linux 7.9 (Nitrogen)
DEBUG 2020-12-01 04:30:14.421 UTC: 	 Executing command: 'status'
DEBUG 2020-12-01 04:30:14.421 UTC: 	 Found CRAB cache file /uscms/home/cannaert/.crab3
DEBUG 2020-12-01 04:30:14.446 UTC: 	 Checking credentials
DEBUG 2020-12-01 04:30:14.447 UTC: 	 Found proxy file /uscms/home/cannaert/x509up_u54552
DEBUG 2020-12-01 04:30:14.447 UTC: 	 Getting proxy life time left
DEBUG 2020-12-01 04:30:14.549 UTC: 	 Executing : 
 command : voms-proxy-info -file /uscms/home/cannaert/x509up_u54552 -timeleft
 output : 42085

 error: 
 retcode : 0
DEBUG 2020-12-01 04:30:14.653 UTC: 	 Executing : 
 command : voms-proxy-info -file /uscms/home/cannaert/x509up_u54552 -actimeleft
 output : 42085

 error: 
 retcode : 0
DEBUG 2020-12-01 04:30:14.653 UTC: 	 Proxy valid for 11:41:25 hours
DEBUG 2020-12-01 04:30:15.257 UTC: 	 Registering user credentials for server /DC=ch/DC=cern/OU=computers/CN=vocms0105.cern.ch|/DC=ch/DC=cern/OU=computers/CN=crab-(preprod|prod|dev)-tw(02|01).cern.ch|/DC=ch/DC=cern/OU=computers/CN=(ddi|ddidk|mytw).cern.ch|/DC=ch/DC=cern/OU=computers/CN=stefanov(m|m2).cern.ch
DEBUG 2020-12-01 04:30:15.368 UTC: 	 Executing : 
 command : voms-proxy-info -file /uscms/home/cannaert/x509up_u54552 -identity
 output : /DC=ch/DC=cern/OU=Organic Units/OU=Users/CN=ecannaer/CN=832417/CN=Ethan Cannaert

 error: 
 retcode : 0
DEBUG 2020-12-01 04:30:15.374 UTC: 	 Getting myproxy life time left for myproxy.cern.ch
DEBUG 2020-12-01 04:30:15.374 UTC: 	 using b7b51e0178e197a43a1d723fd43ab6570e42a3d5 as credential login name
DEBUG 2020-12-01 04:30:16.281 UTC: 	 Executing : 
 command : myproxy-info -l b7b51e0178e197a43a1d723fd43ab6570e42a3d5 -s myproxy.cern.ch
 output : username: b7b51e0178e197a43a1d723fd43ab6570e42a3d5
owner: /DC=ch/DC=cern/OU=Organic Units/OU=Users/CN=ecannaer/CN=832417/CN=Ethan Cannaert
  renewal policy: /DC=ch/DC=cern/OU=computers/CN=vocms0105.cern.ch|/DC=ch/DC=cern/OU=computers/CN=crab-(preprod|prod|dev)-tw(02|01).cern.ch|/DC=ch/DC=cern/OU=computers/CN=(ddi|ddidk|mytw).cern.ch|/DC=ch/DC=cern/OU=computers/CN=stefanov(m|m2).cern.ch
  trusted retrieval policy: /DC=ch/DC=cern/OU=computers/CN=vocms0105.cern.ch|/DC=ch/DC=cern/OU=computers/CN=crab-(preprod|prod|dev)-tw(02|01).cern.ch|/DC=ch/DC=cern/OU=computers/CN=(ddi|ddidk|mytw).cern.ch|/DC=ch/DC=cern/OU=computers/CN=stefanov(m|m2).cern.ch
  timeleft: 716:23:06  (29.8 days)

 error: 
 retcode : 0
DEBUG 2020-12-01 04:30:16.282 UTC: 	 Myproxy is valid: 2578986
DEBUG 2020-12-01 04:30:16.282 UTC: 	 Retrieving username ...
DEBUG 2020-12-01 04:30:16.282 UTC: 	 Retrieving username from CRIC...
DEBUG 2020-12-01 04:30:17.575 UTC: 	 username is ecannaer
DEBUG 2020-12-01 04:30:17.580 UTC: 	 Getting myproxy life time left for myproxy.cern.ch
DEBUG 2020-12-01 04:30:17.580 UTC: 	 using ecannaer_CRAB as credential login name
DEBUG 2020-12-01 04:30:18.385 UTC: 	 Executing : 
 command : myproxy-info -l ecannaer_CRAB -s myproxy.cern.ch
 output : username: ecannaer_CRAB
owner: /DC=ch/DC=cern/OU=Organic Units/OU=Users/CN=ecannaer/CN=832417/CN=Ethan Cannaert
  renewal policy: /DC=ch/DC=cern/OU=computers/CN=vocms0105.cern.ch|/DC=ch/DC=cern/OU=computers/CN=crab-(preprod|prod|dev)-tw(02|01).cern.ch|/DC=ch/DC=cern/OU=computers/CN=(ddi|ddidk|mytw).cern.ch|/DC=ch/DC=cern/OU=computers/CN=stefanov(m|m2).cern.ch
  trusted retrieval policy: /DC=ch/DC=cern/OU=computers/CN=vocms0105.cern.ch|/DC=ch/DC=cern/OU=computers/CN=crab-(preprod|prod|dev)-tw(02|01).cern.ch|/DC=ch/DC=cern/OU=computers/CN=(ddi|ddidk|mytw).cern.ch|/DC=ch/DC=cern/OU=computers/CN=stefanov(m|m2).cern.ch
  timeleft: 716:23:14  (29.8 days)

 error: 
 retcode : 0
DEBUG 2020-12-01 04:30:18.386 UTC: 	 Myproxy is valid: 2578994
DEBUG 2020-12-01 04:30:18.386 UTC: 	 Result of myproxy credential check:
  Credential exists on myproxy: username: b7b51e0178e197a43a1d723fd43ab6570e42a3d5  - validity: 29 days, 20:23:06
  Credential exists on myproxy: username: ecannaer_CRAB  - validity: 29 days, 20:23:14
DEBUG 2020-12-01 04:30:18.387 UTC: 	 Command use: status
DEBUG 2020-12-01 04:30:18.387 UTC: 	 Options use: ['-d', 'crab_projects/crab_diquark_QCD_background_1000to1500_MC_0001']
DEBUG 2020-12-01 04:30:19.015 UTC: 	 CRABClient version: v3.201110
DEBUG 2020-12-01 04:30:19.015 UTC: 	 Instance is prod
DEBUG 2020-12-01 04:30:19.015 UTC: 	 Server base url is cmsweb.cern.ch
DEBUG 2020-12-01 04:30:19.015 UTC: 	 Command url /crabserver/prod/workflow
DEBUG 2020-12-01 04:30:19.601 UTC: 	 Got information from server oracle database: {u'result': [u'201201_012507:ecannaer_crab_diquark_QCD_background_1000to1500_MC_0001', u'None', u'None', u'SUBMITTED', u'SUBMIT', u'2020-12-01 01:25:07.499382', u'None', u'2020-12-01 01:25:35.234650', u'None', u'CMSSW_10_6_0', u'slc7_amd64_gcc820', u'/QCD_HT1000to1500_TuneCP5_13TeV-madgraphMLM-pythia8/RunIIAutumn18MiniAOD-102X_upgrade2018_realistic_v15-v1/MINIAODSIM', u'F', u'0', u'[]', u'[]', u'FileBased', u"{'splitOnRun': False, 'halt_job_on_file_boundaries': False, 'files_per_job': 10, 'runs': [], 'lumis': []}", u'ddb6c86ea4a217e8c85154c7caaacad32b2969eaf74e6c363fc05bba8f8aa807.tar.gz', u'https://cmsweb-k8s-prod.cern.ch/crabcache', u'ecannaer', u'/DC=ch/DC=cern/OU=Organic Units/OU=Users/CN=ecannaer/CN=832417/CN=Ethan Cannaert', u'cms', u'None', u'None', u'diquark_QCD_background-00000000000000000000000000000000', u'F', u'T3_US_FNALLPC', u'https://cmsweb.cern.ch/dbs/prod/global/DBSReader', u'https://cmsweb.cern.ch/dbs/prod/phys03/DBSWriter', u'F', u'[]', u"['diquark_QCD_BR_MC.root']", u'[]', u'Analysis', u'pythia', u'None', u'{}', u'[]', u'F', u'crab-prod-tw01', u'[]', u'1250', u'1', u'2000', u'10', u'None', u'[]', u'http://vocms0106.cern.ch/mon/cms838/201201_012507:ecannaer_crab_diquark_QCD_background_1000to1500_MC_0001', u'None', u'[]', u'[]', u'https://cmsweb.cern.ch/crabserver/prod', u'cmsgwms-collector-global.cern.ch:9620,cmsgwms-collector-global.fnal.gov', u'crab3@vocms0106.cern.ch', u'F', u'[]', u'T', u'/store/user/ecannaer/', u'F', u'None', u'F', u'None', u'QCD_HT1000to1500_TuneCP5_13TeV-madgraphMLM-pythia8', u'None', u'8ae37d5af79099c1e9a1aa1b28526d873ebcbd5ced0b24deb2c34dc3cf23e383.tar.gz', u'49304925', u'filetransfers', u'F', u'131.225.189.111', u'0.0', u'None'], u'desc': {u'columns': [u'tm_taskname', u'tm_activity', u'panda_jobset_id', u'tm_task_status', u'tm_task_command', u'tm_start_time', u'tm_start_injection', u'tm_end_injection', u'tm_task_failure', u'tm_job_sw', u'tm_job_arch', u'tm_input_dataset', u'tm_nonvalid_input_dataset', u'tm_use_parent', u'tm_site_whitelist', u'tm_site_blacklist', u'tm_split_algo', u'tm_split_args', u'tm_user_sandbox', u'tm_cache_url', u'tm_username', u'tm_user_dn', u'tm_user_vo', u'tm_user_role', u'tm_user_group', u'tm_publish_name', u'tm_publish_groupname', u'tm_asyncdest', u'tm_dbs_url', u'tm_publish_dbs_url', u'tm_publication', u'tm_outfiles', u'tm_tfile_outfiles', u'tm_edm_outfiles', u'tm_job_type', u'tm_generator', u'tm_events_per_lumi', u'tm_arguments', u'panda_resubmitted_jobs', u'tm_save_logs', u'tw_name', u'tm_user_infiles', u'tm_maxjobruntime', u'tm_numcores', u'tm_maxmemory', u'tm_priority', u'tm_output_dataset', u'tm_task_warnings', u'tm_user_webdir', u'tm_scriptexe', u'tm_scriptargs', u'tm_extrajdl', u'tm_asourl', u'tm_collector', u'tm_schedd', u'tm_dry_run', u'tm_user_files', u'tm_transfer_outputs', u'tm_output_lfn', u'tm_ignore_locality', u'tm_fail_limit', u'tm_one_event_mode', u'tm_secondary_input_dataset', u'tm_primary_dataset', u'tm_last_publication', u'tm_debug_files', u'clusterid', u'tm_asodb', u'tm_ignore_global_blacklist', u'tm_submitter_ip_addr', u'tm_totalunits', u'tm_ddm_reqid']}}
INFO 2020-12-01 04:30:19.602 UTC: 	 CRAB project directory:		/uscms_data/d3/cannaert/src/thrust/CMSSW_10_6_0/src/crab_projects/crab_diquark_QCD_background_1000to1500_MC_0001
INFO 2020-12-01 04:30:19.602 UTC: 	 Task name:			201201_012507:ecannaer_crab_diquark_QCD_background_1000to1500_MC_0001
INFO 2020-12-01 04:30:19.602 UTC: 	 Grid scheduler - Task Worker:	crab3@vocms0106.cern.ch - crab-prod-tw01
INFO 2020-12-01 04:30:19.602 UTC: 	 Status on the CRAB server:	SUBMITTED
INFO 2020-12-01 04:30:19.602 UTC: 	 Task URL to use for HELP:	https://cmsweb.cern.ch/crabserver/ui/task/201201_012507%3Aecannaer_crab_diquark_QCD_background_1000to1500_MC_0001
INFO 2020-12-01 04:30:19.605 UTC: 	 Dashboard monitoring URL:	https://monit-grafana.cern.ch/d/cmsTMDetail/cms-task-monitoring-task-view?orgId=11&var-user=ecannaer&var-task=201201_012507%3Aecannaer_crab_diquark_QCD_background_1000to1500_MC_0001&from=1606782307000&to=now
INFO 2020-12-01 04:30:19.605 UTC: 	 In case of issues with the dashboard, please provide feedback to hn-cms-computing-tools@cern.ch
DEBUG 2020-12-01 04:30:19.606 UTC: 	 The CRAB server submitted your task to the Grid scheduler (cluster ID: 49304925)
DEBUG 2020-12-01 04:30:19.606 UTC: 	 Webdir is located at http://vocms0106.cern.ch/mon/cms838/201201_012507:ecannaer_crab_diquark_QCD_background_1000to1500_MC_0001
DEBUG 2020-12-01 04:30:20.192 UTC: 	 Proxied webdir is located at https://cmsweb.cern.ch/scheddmon/0106/cms838/201201_012507:ecannaer_crab_diquark_QCD_background_1000to1500_MC_0001
DEBUG 2020-12-01 04:30:20.192 UTC: 	 Retrieving 'status_cache' file from https://cmsweb.cern.ch/scheddmon/0106/cms838/201201_012507:ecannaer_crab_diquark_QCD_background_1000to1500_MC_0001/status_cache
DEBUG 2020-12-01 04:30:20.757 UTC: 	 Got information from status cache file: {'42': {'Retries': 0, 'WallDurations': [8.0, 110.21164393424988, 3977.0], 'StartTimes': [1606786193.0], 'SubmitTimes': [1606785950.0], 'JobIds': ['49304968.0'], 'EndTimes': [1606790170.0], 'Restarts': 0, 'RecordedSite': True, 'State': 'finished', 'ResidentSetSize': [1565412], 'TotalUserCpuTimeHistory': [3228], 'SiteHistory': ['Unknown', 'T3_UK_London_QMUL', 'T3_UK_London_QMUL'], 'TotalSysCpuTimeHistory': [74]}, '24': {'Retries': 0, 'WallDurations': [9.0, 111.21164393424988, 2837.0], 'StartTimes': [1606786192.0], 'SubmitTimes': [1606785947.0], 'JobIds': ['49304951.0'], 'EndTimes': [1606789029.0], 'Restarts': 0, 'RecordedSite': True, 'State': 'finished', 'ResidentSetSize': [1827208], 'TotalUserCpuTimeHistory': [2575], 'SiteHistory': ['Unknown', 'T3_UK_London_QMUL', 'T3_UK_London_QMUL'], 'TotalSysCpuTimeHistory': [55]}, '25': {'Retries': 0, 'WallDurations': [8.0, 110.21164393424988, 4235.0], 'StartTimes': [1606786193.0], 'SubmitTimes': [1606785947.0], 'JobIds': ['49304952.0'], 'EndTimes': [1606790428.0], 'Restarts': 0, 'RecordedSite': True, 'State': 'finished', 'ResidentSetSize': [1744804], 'TotalUserCpuTimeHistory': [3727], 'SiteHistory': ['Unknown', 'T3_UK_London_QMUL', 'T3_UK_London_QMUL'], 'TotalSysCpuTimeHistory': [90]}, '26': {'Retries': 0, 'WallDurations': [8.0, 110.21164393424988, 2967.0], 'StartTimes': [1606786193.0], 'SubmitTimes': [1606785947.0], 'JobIds': ['49304953.0'], 'EndTimes': [1606789160.0], 'Restarts': 0, 'RecordedSite': True, 'State': 'finished', 'ResidentSetSize': [1198996], 'TotalUserCpuTimeHistory': [2596], 'SiteHistory': ['Unknown', 'T3_UK_London_QMUL', 'T3_UK_London_QMUL'], 'TotalSysCpuTimeHistory': [67]}, '27': {'Retries': 0, 'WallDurations': [9.0, 110.21164393424988, 3470.0], 'StartTimes': [1606786193.0], 'SubmitTimes': [1606785947.0], 'JobIds': ['49304954.0'], 'EndTimes': [1606789663.0], 'Restarts': 0, 'RecordedSite': True, 'State': 'finished', 'ResidentSetSize': [1774800], 'TotalUserCpuTimeHistory': [3096], 'SiteHistory': ['Unknown', 'T2_UK_London_IC', 'T2_UK_London_IC'], 'TotalSysCpuTimeHistory': [58]}, '20': {'Retries': 0, 'WallDurations': [9.0, 111.21164393424988, 3547.0], 'StartTimes': [1606786192.0], 'SubmitTimes': [1606785947.0], 'JobIds': ['49304947.0'], 'EndTimes': [1606789739.0], 'Restarts': 0, 'RecordedSite': True, 'State': 'finished', 'ResidentSetSize': [1668588], 'TotalUserCpuTimeHistory': [2873], 'SiteHistory': ['Unknown', 'T2_UK_London_IC', 'T2_UK_London_IC'], 'TotalSysCpuTimeHistory': [104]}, '21': {'Retries': 0, 'WallDurations': [9.0, 110.21164393424988, 4127.0], 'StartTimes': [1606786193.0], 'SubmitTimes': [1606785947.0], 'JobIds': ['49304948.0'], 'EndTimes': [1606790320.0], 'Restarts': 0, 'RecordedSite': True, 'State': 'finished', 'ResidentSetSize': [1744336], 'TotalUserCpuTimeHistory': [3086], 'SiteHistory': ['Unknown', 'T2_UK_London_IC', 'T2_UK_London_IC'], 'TotalSysCpuTimeHistory': [109]}, '22': {'Retries': 0, 'WallDurations': [8.0, 109.21164393424988, 5129.0], 'StartTimes': [1606786194.0], 'SubmitTimes': [1606785947.0], 'JobIds': ['49304949.0'], 'EndTimes': [1606791323.0], 'Restarts': 0, 'RecordedSite': True, 'State': 'finished', 'ResidentSetSize': [1920080], 'TotalUserCpuTimeHistory': [4226], 'SiteHistory': ['Unknown', 'T2_UK_London_IC', 'T2_UK_London_IC'], 'TotalSysCpuTimeHistory': [96]}, '23': {'Retries': 0, 'WallDurations': [9.0, 111.21164393424988, 3938.0], 'StartTimes': [1606786192.0], 'SubmitTimes': [1606785947.0], 'JobIds': ['49304950.0'], 'EndTimes': [1606790130.0], 'Restarts': 0, 'RecordedSite': True, 'State': 'finished', 'ResidentSetSize': [1796388], 'TotalUserCpuTimeHistory': [2930], 'SiteHistory': ['Unknown', 'T2_UK_London_IC', 'T2_UK_London_IC'], 'TotalSysCpuTimeHistory': [106]}, '28': {'Retries': 0, 'WallDurations': [9.0, 110.21164393424988, 2289.0], 'StartTimes': [1606786193.0], 'SubmitTimes': [1606785948.0], 'JobIds': ['49304955.0'], 'EndTimes': [1606788482.0], 'Restarts': 0, 'RecordedSite': True, 'State': 'finished', 'ResidentSetSize': [1284060], 'TotalUserCpuTimeHistory': [1915], 'SiteHistory': ['Unknown', 'T3_UK_London_QMUL', 'T3_UK_London_QMUL'], 'TotalSysCpuTimeHistory': [49]}, '29': {'Retries': 0, 'WallDurations': [9.0, 111.21164393424988, 1917.0], 'StartTimes': [1606786192.0], 'SubmitTimes': [1606785948.0], 'JobIds': ['49304956.0'], 'EndTimes': [1606788109.0], 'Restarts': 0, 'RecordedSite': True, 'State': 'finished', 'ResidentSetSize': [1196092], 'TotalUserCpuTimeHistory': [1628], 'SiteHistory': ['Unknown', 'T2_UK_London_IC', 'T2_UK_London_IC'], 'TotalSysCpuTimeHistory': [53]}, '40': {'Retries': 0, 'WallDurations': [9.0, 107.21164393424988, 3910.0], 'StartTimes': [1606786196.0], 'SubmitTimes': [1606785950.0], 'JobIds': ['49304966.0'], 'EndTimes': [1606790106.0], 'Restarts': 0, 'RecordedSite': True, 'State': 'finished', 'ResidentSetSize': [1563988], 'TotalUserCpuTimeHistory': [3199], 'SiteHistory': ['Unknown', 'T2_IT_Pisa', 'T2_IT_Pisa'], 'TotalSysCpuTimeHistory': [90]}, '41': {'Retries': 0, 'WallDurations': [9.0, 110.21164393424988, 4493.0], 'StartTimes': [1606786193.0], 'SubmitTimes': [1606785950.0], 'JobIds': ['49304967.0'], 'EndTimes': [1606790686.0], 'Restarts': 0, 'RecordedSite': True, 'State': 'finished', 'ResidentSetSize': [1517680], 'TotalUserCpuTimeHistory': [3275], 'SiteHistory': ['Unknown', 'T2_IT_Pisa', 'T2_IT_Pisa'], 'TotalSysCpuTimeHistory': [82]}, '1': {'Retries': 0, 'WallDurations': [9.0, 111.21164393424988, 2971.0], 'StartTimes': [1606786192.0], 'SubmitTimes': [1606785939.0], 'JobIds': ['49304927.0'], 'EndTimes': [1606789163.0], 'Restarts': 0, 'RecordedSite': True, 'State': 'finished', 'ResidentSetSize': [1356732], 'TotalUserCpuTimeHistory': [2168], 'SiteHistory': ['Unknown', 'T3_UK_ScotGrid_GLA', 'T3_UK_ScotGrid_GLA'], 'TotalSysCpuTimeHistory': [54]}, '3': {'Retries': 0, 'WallDurations': [9.0, 81.21164393424988, 120.0, 3093.0], 'StartTimes': [1606786222.0, 1606786427.0], 'SubmitTimes': [1606785939.0, -1], 'JobIds': ['49304929.0', '49304929.0'], 'EndTimes': [1606786342.0, 1606789520.0], 'Restarts': 1, 'RecordedSite': True, 'State': 'finished', 'ResidentSetSize': [2228, 1573668], 'TotalUserCpuTimeHistory': [0.0, 2715], 'SiteHistory': ['Unknown', 'T2_IT_Rome', 'T2_IT_Rome', 'T3_UK_London_QMUL'], 'TotalSysCpuTimeHistory': [0.0, 63]}, '2': {'Retries': 0, 'WallDurations': [10.0, 110.21164393424988, 4549.0], 'StartTimes': [1606786193.0], 'SubmitTimes': [1606785939.0], 'JobIds': ['49304928.0'], 'EndTimes': [1606790742.0], 'Restarts': 0, 'RecordedSite': True, 'State': 'finished', 'ResidentSetSize': [1638028], 'TotalUserCpuTimeHistory': [3408], 'SiteHistory': ['Unknown', 'T3_UK_London_QMUL', 'T3_UK_London_QMUL'], 'TotalSysCpuTimeHistory': [88]}, '5': {'Retries': 0, 'WallDurations': [9.0, 110.21164393424988, 3259.0], 'StartTimes': [1606786193.0], 'SubmitTimes': [1606785939.0], 'JobIds': ['49304931.0'], 'EndTimes': [1606789452.0], 'Restarts': 0, 'RecordedSite': True, 'State': 'finished', 'ResidentSetSize': [1589660], 'TotalUserCpuTimeHistory': [2737], 'SiteHistory': ['Unknown', 'T3_UK_London_QMUL', 'T3_UK_London_QMUL'], 'TotalSysCpuTimeHistory': [73]}, '4': {'Retries': 0, 'WallDurations': [8.0, 110.21164393424988, 3277.0], 'StartTimes': [1606786193.0], 'SubmitTimes': [1606785939.0], 'JobIds': ['49304930.0'], 'EndTimes': [1606789470.0], 'Restarts': 0, 'RecordedSite': True, 'State': 'finished', 'ResidentSetSize': [1241912], 'TotalUserCpuTimeHistory': [2572], 'SiteHistory': ['Unknown', 'T3_UK_London_QMUL', 'T3_UK_London_QMUL'], 'TotalSysCpuTimeHistory': [57]}, '7': {'Retries': 0, 'WallDurations': [9.0, 234.21164393424988, 4616.0], 'StartTimes': [1606786069.0], 'SubmitTimes': [1606785940.0], 'JobIds': ['49304933.0'], 'EndTimes': [1606790685.0], 'Restarts': 0, 'RecordedSite': True, 'State': 'finished', 'ResidentSetSize': [1654560], 'TotalUserCpuTimeHistory': [3876], 'SiteHistory': ['Unknown', 'T2_UK_London_IC', 'T2_UK_London_IC'], 'TotalSysCpuTimeHistory': [85]}, '6': {'Retries': 1, 'WallDurations': [148.0, 0, 8.0, 288.36231803894043, 2147.0], 'StartTimes': [1606786069.0, 1606786315.0], 'SubmitTimes': [1606785939.0, 1606786287.0], 'JobIds': ['49304932.0', '49305040.0'], 'EndTimes': [1606786217.0, 1606788462.0], 'Restarts': 0, 'RecordedSite': True, 'State': 'finished', 'ResidentSetSize': [15836, 1619172], 'TotalUserCpuTimeHistory': [1, 1893], 'SiteHistory': ['Unknown', 'T2_IT_Rome', 'T2_IT_Rome', 'T2_UK_London_IC', 'T2_UK_London_IC'], 'TotalSysCpuTimeHistory': [0, 40]}, '9': {'Retries': 0, 'WallDurations': [9.0, 233.21164393424988, 4861.0], 'StartTimes': [1606786070.0], 'SubmitTimes': [1606785940.0], 'JobIds': ['49304935.0'], 'EndTimes': [1606790931.0], 'Restarts': 0, 'RecordedSite': True, 'State': 'finished', 'ResidentSetSize': [1708604], 'TotalUserCpuTimeHistory': [3826], 'SiteHistory': ['Unknown', 'T3_UK_London_QMUL', 'T3_UK_London_QMUL'], 'TotalSysCpuTimeHistory': [87]}, '8': {'Retries': 0, 'WallDurations': [8.0, 234.21164393424988, 3069.0], 'StartTimes': [1606786069.0], 'SubmitTimes': [1606785940.0], 'JobIds': ['49304934.0'], 'EndTimes': [1606789138.0], 'Restarts': 0, 'RecordedSite': True, 'State': 'finished', 'ResidentSetSize': [1672792], 'TotalUserCpuTimeHistory': [2561], 'SiteHistory': ['Unknown', 'T2_UK_London_IC', 'T2_UK_London_IC'], 'TotalSysCpuTimeHistory': [87]}, '13': {'Retries': 0, 'WallDurations': [9.0, 233.21164393424988, 4885.0], 'StartTimes': [1606786070.0], 'SubmitTimes': [1606785946.0], 'JobIds': ['49304939.0'], 'EndTimes': [1606790955.0], 'Restarts': 0, 'RecordedSite': True, 'State': 'finished', 'ResidentSetSize': [1655940], 'TotalUserCpuTimeHistory': [3681], 'SiteHistory': ['Unknown', 'T3_UK_London_QMUL', 'T3_UK_London_QMUL'], 'TotalSysCpuTimeHistory': [86]}, '12': {'Retries': 0, 'WallDurations': [8.0, 233.21164393424988, 4326.0], 'StartTimes': [1606786070.0], 'SubmitTimes': [1606785946.0], 'JobIds': ['49304938.0'], 'EndTimes': [1606790396.0], 'Restarts': 0, 'RecordedSite': True, 'State': 'finished', 'ResidentSetSize': [1739256], 'TotalUserCpuTimeHistory': [3387], 'SiteHistory': ['Unknown', 'T3_UK_London_QMUL', 'T3_UK_London_QMUL'], 'TotalSysCpuTimeHistory': [84]}, '11': {'Retries': 0, 'WallDurations': [10.0, 235.21164393424988, 4327.0], 'StartTimes': [1606786068.0], 'SubmitTimes': [1606785946.0], 'JobIds': ['49304937.0'], 'EndTimes': [1606790395.0], 'Restarts': 0, 'RecordedSite': True, 'State': 'finished', 'ResidentSetSize': [1813288], 'TotalUserCpuTimeHistory': [3347], 'SiteHistory': ['Unknown', 'T3_UK_London_QMUL', 'T3_UK_London_QMUL'], 'TotalSysCpuTimeHistory': [83]}, '10': {'Retries': 0, 'WallDurations': [9.0, 235.21164393424988, 5300.0], 'StartTimes': [1606786068.0], 'SubmitTimes': [1606785940.0], 'JobIds': ['49304936.0'], 'EndTimes': [1606791368.0], 'Restarts': 0, 'RecordedSite': True, 'State': 'finished', 'ResidentSetSize': [1866784], 'TotalUserCpuTimeHistory': [3954], 'SiteHistory': ['Unknown', 'T3_UK_London_QMUL', 'T3_UK_London_QMUL'], 'TotalSysCpuTimeHistory': [94]}, '39': {'Retries': 0, 'WallDurations': [10.0, 109.21164393424988, 4263.0], 'StartTimes': [1606786194.0], 'SubmitTimes': [1606785950.0], 'JobIds': ['49304965.0'], 'EndTimes': [1606790457.0], 'Restarts': 0, 'RecordedSite': True, 'State': 'finished', 'ResidentSetSize': [1588436], 'TotalUserCpuTimeHistory': [3365], 'SiteHistory': ['Unknown', 'T3_UK_London_QMUL', 'T3_UK_London_QMUL'], 'TotalSysCpuTimeHistory': [84]}, '38': {'Retries': 0, 'WallDurations': [9.0, 83.21164393424988, 121.0, 120.0, 120.0, 124.0, 123.0, 8.0, 4518.0], 'StartTimes': [1606786220.0, 1606786346.0, 1606786471.0, 1606786600.0, 1606786728.0, 1606787079.0], 'SubmitTimes': [1606785949.0, -1, -1, -1, -1, -1], 'JobIds': ['49304964.0', '49304964.0', '49304964.0', '49304964.0', '49304964.0', '49304964.0'], 'EndTimes': [1606786341.0, 1606786466.0, 1606786591.0, 1606786724.0, 1606786851.0, 1606791597.0], 'Restarts': 5, 'RecordedSite': True, 'State': 'finished', 'ResidentSetSize': [2228, 2804, 2232, 2236, 1664, 1777008], 'TotalUserCpuTimeHistory': [0.0, 0.0, 0.0, 0.0, 0.0, 3390], 'SiteHistory': ['Unknown', 'T2_IT_Rome', 'T2_IT_Rome', 'T2_IT_Rome', 'T2_IT_Rome', 'T2_IT_Rome', 'T2_IT_Rome', 'Unknown', 'T3_UK_London_QMUL'], 'TotalSysCpuTimeHistory': [0.0, 0.0, 0.0, 0.0, 0.0, 86]}, '15': {'Retries': 0, 'WallDurations': [8.0, 231.21164393424988, 5001.0], 'StartTimes': [1606786072.0], 'SubmitTimes': [1606785946.0], 'JobIds': ['49304942.0'], 'EndTimes': [1606791073.0], 'Restarts': 0, 'RecordedSite': True, 'State': 'finished', 'ResidentSetSize': [1764348], 'TotalUserCpuTimeHistory': [3990], 'SiteHistory': ['Unknown', 'T3_UK_London_QMUL', 'T3_UK_London_QMUL'], 'TotalSysCpuTimeHistory': [89]}, '14': {'Retries': 0, 'WallDurations': [9.0, 232.21164393424988, 5257.0], 'StartTimes': [1606786071.0], 'SubmitTimes': [1606785946.0], 'JobIds': ['49304940.0'], 'EndTimes': [1606791328.0], 'Restarts': 0, 'RecordedSite': True, 'State': 'finished', 'ResidentSetSize': [1855040], 'TotalUserCpuTimeHistory': [4156], 'SiteHistory': ['Unknown', 'T3_UK_London_QMUL', 'T3_UK_London_QMUL'], 'TotalSysCpuTimeHistory': [95]}, '17': {'Retries': 0, 'WallDurations': [9.0, 111.21164393424988, 4218.0], 'StartTimes': [1606786192.0], 'SubmitTimes': [1606785946.0], 'JobIds': ['49304944.0'], 'EndTimes': [1606790410.0], 'Restarts': 0, 'RecordedSite': True, 'State': 'finished', 'ResidentSetSize': [1826944], 'TotalUserCpuTimeHistory': [3050], 'SiteHistory': ['Unknown', 'T3_UK_London_QMUL', 'T3_UK_London_QMUL'], 'TotalSysCpuTimeHistory': [81]}, '16': {'Retries': 0, 'WallDurations': [10.0, 111.21164393424988, 4353.0], 'StartTimes': [1606786192.0], 'SubmitTimes': [1606785946.0], 'JobIds': ['49304943.0'], 'EndTimes': [1606790545.0], 'Restarts': 0, 'RecordedSite': True, 'State': 'finished', 'ResidentSetSize': [1608204], 'TotalUserCpuTimeHistory': [3451], 'SiteHistory': ['Unknown', 'T3_UK_London_QMUL', 'T3_UK_London_QMUL'], 'TotalSysCpuTimeHistory': [78]}, '19': {'Retries': 0, 'WallDurations': [8.0, 110.21164393424988, 3669.0], 'StartTimes': [1606786193.0], 'SubmitTimes': [1606785947.0], 'JobIds': ['49304946.0'], 'EndTimes': [1606789862.0], 'Restarts': 0, 'RecordedSite': True, 'State': 'finished', 'ResidentSetSize': [1908968], 'TotalUserCpuTimeHistory': [3117], 'SiteHistory': ['Unknown', 'T3_UK_London_QMUL', 'T3_UK_London_QMUL'], 'TotalSysCpuTimeHistory': [76]}, '18': {'Retries': 0, 'WallDurations': [9.0, 111.21164393424988, 3139.0], 'StartTimes': [1606786192.0], 'SubmitTimes': [1606785946.0], 'JobIds': ['49304945.0'], 'EndTimes': [1606789331.0], 'Restarts': 0, 'RecordedSite': True, 'State': 'finished', 'ResidentSetSize': [1795600], 'TotalUserCpuTimeHistory': [2664], 'SiteHistory': ['Unknown', 'T3_UK_ScotGrid_GLA', 'T3_UK_ScotGrid_GLA'], 'TotalSysCpuTimeHistory': [60]}, '31': {'Retries': 0, 'WallDurations': [9.0, 107.21164393424988, 2930.0], 'StartTimes': [1606786196.0], 'SubmitTimes': [1606785950.0], 'JobIds': ['49304969.0'], 'EndTimes': [1606789126.0], 'Restarts': 0, 'RecordedSite': True, 'State': 'finished', 'ResidentSetSize': [1318716], 'TotalUserCpuTimeHistory': [2527], 'SiteHistory': ['Unknown', 'T3_UK_London_QMUL', 'T3_UK_London_QMUL'], 'TotalSysCpuTimeHistory': [74]}, '30': {'Retries': 0, 'WallDurations': [8.0, 110.21164393424988, 4877.0], 'StartTimes': [1606786193.0], 'SubmitTimes': [1606785948.0], 'JobIds': ['49304957.0'], 'EndTimes': [1606791070.0], 'Restarts': 0, 'RecordedSite': True, 'State': 'finished', 'ResidentSetSize': [1796244], 'TotalUserCpuTimeHistory': [3998], 'SiteHistory': ['Unknown', 'T3_UK_London_QMUL', 'T3_UK_London_QMUL'], 'TotalSysCpuTimeHistory': [101]}, '37': {'Retries': 0, 'WallDurations': [9.0, 110.21164393424988, 4464.0], 'StartTimes': [1606786193.0], 'SubmitTimes': [1606785949.0], 'JobIds': ['49304963.0'], 'EndTimes': [1606790657.0], 'Restarts': 0, 'RecordedSite': True, 'State': 'finished', 'ResidentSetSize': [1759844], 'TotalUserCpuTimeHistory': [3995], 'SiteHistory': ['Unknown', 'T2_UK_London_IC', 'T2_UK_London_IC'], 'TotalSysCpuTimeHistory': [82]}, '36': {'Retries': 0, 'WallDurations': [8.0, 109.21164393424988, 3480.0], 'StartTimes': [1606786194.0], 'SubmitTimes': [1606785949.0], 'JobIds': ['49304962.0'], 'EndTimes': [1606789674.0], 'Restarts': 0, 'RecordedSite': True, 'State': 'finished', 'ResidentSetSize': [1732392], 'TotalUserCpuTimeHistory': [3000], 'SiteHistory': ['Unknown', 'T2_UK_London_IC', 'T2_UK_London_IC'], 'TotalSysCpuTimeHistory': [75]}, '35': {'Retries': 0, 'WallDurations': [8.0, 109.21164393424988, 4880.0], 'StartTimes': [1606786194.0], 'SubmitTimes': [1606785949.0], 'JobIds': ['49304961.0'], 'EndTimes': [1606791074.0], 'Restarts': 0, 'RecordedSite': True, 'State': 'finished', 'ResidentSetSize': [1752500], 'TotalUserCpuTimeHistory': [4273], 'SiteHistory': ['Unknown', 'T2_UK_London_IC', 'T2_UK_London_IC'], 'TotalSysCpuTimeHistory': [97]}, '34': {'Retries': 0, 'WallDurations': [8.0, 110.21164393424988, 3223.0], 'StartTimes': [1606786193.0], 'SubmitTimes': [1606785948.0], 'JobIds': ['49304960.0'], 'EndTimes': [1606789416.0], 'Restarts': 0, 'RecordedSite': True, 'State': 'finished', 'ResidentSetSize': [1283668], 'TotalUserCpuTimeHistory': [2585], 'SiteHistory': ['Unknown', 'T2_UK_London_IC', 'T2_UK_London_IC'], 'TotalSysCpuTimeHistory': [60]}, '33': {'Retries': 0, 'WallDurations': [9.0, 110.21164393424988, 3420.0], 'StartTimes': [1606786193.0], 'SubmitTimes': [1606785948.0], 'JobIds': ['49304959.0'], 'EndTimes': [1606789613.0], 'Restarts': 0, 'RecordedSite': True, 'State': 'finished', 'ResidentSetSize': [1633816], 'TotalUserCpuTimeHistory': [2849], 'SiteHistory': ['Unknown', 'T3_UK_London_QMUL', 'T3_UK_London_QMUL'], 'TotalSysCpuTimeHistory': [66]}, '32': {'Retries': 0, 'WallDurations': [10.0, 111.21164393424988, 3862.0], 'StartTimes': [1606786192.0], 'SubmitTimes': [1606785948.0], 'JobIds': ['49304958.0'], 'EndTimes': [1606790054.0], 'Restarts': 0, 'RecordedSite': True, 'State': 'finished', 'ResidentSetSize': [1833836], 'TotalUserCpuTimeHistory': [3328], 'SiteHistory': ['Unknown', 'T3_UK_London_QMUL', 'T3_UK_London_QMUL'], 'TotalSysCpuTimeHistory': [69]}}
INFO 2020-12-01 04:30:20.757 UTC: 	 Status on the scheduler:	COMPLETED
INFO 2020-12-01 04:30:20.757 UTC: 	 
Jobs status:                    finished     		100.0% (42/42)
INFO 2020-12-01 04:30:20.757 UTC: 	 
No publication information (publication has been disabled in the CRAB configuration file)
INFO 2020-12-01 04:30:20.759 UTC: 	 
Warning: the max jobs runtime is less than 30% of the task requested value (1250 min), please consider to request a lower value for failed jobs (allowed through crab resubmit) and/or improve the jobs splitting (e.g. config.Data.splitting = 'Automatic') in a new task.
INFO 2020-12-01 04:30:20.759 UTC: 	 
Summary of run jobs:
 * Memory: 1324MB min, 1875MB max, 1608MB ave
 * Runtime: 0:31:57 min, 1:28:20 max, 1:04:42 ave
 * CPU eff: 74% min, 93% max, 83% ave
 * Waste: 1:58:33 (4% of total)

INFO 2020-12-01 04:30:20.763 UTC: 	 Log file is /uscms_data/d3/cannaert/src/thrust/CMSSW_10_6_0/src/crab_projects/crab_diquark_QCD_background_1000to1500_MC_0001/crab.log
