DEBUG 2021-04-16 08:54:53.856 UTC: 	 CRAB Client version: v3.210323
DEBUG 2021-04-16 08:54:53.856 UTC: 	 Running on: Linux cmslpc150.fnal.gov 3.10.0-1160.6.1.el7.x86_64 #1 SMP Tue Nov 10 08:19:23 CST 2020 x86_64 x86_64 x86_64 GNU/Linux - Scientific Linux 7.9 (Nitrogen)
DEBUG 2021-04-16 08:54:53.856 UTC: 	 Executing command: 'status'
DEBUG 2021-04-16 08:54:53.857 UTC: 	 Found CRAB cache file /uscms/home/cannaert/.crab3
ERROR 2021-04-16 08:54:53.858 UTC: 	 Error: crab_diquark_HLT_prod_cfg.py is not a valid CRAB project directory.
ERROR 2021-04-16 08:54:53.858 UTC: 	 Caught ClientException exception
Traceback (most recent call last):
  File "/cvmfs/cms.cern.ch/share/cms/crab-prod/v3.210323.00/bin/crab", line 165, in <module>
    client()
  File "/cvmfs/cms.cern.ch/share/cms/crab-prod/v3.210323.00/bin/crab", line 150, in __call__
    self.cmd = sub_cmd(self.logger, args[1:])
  File "/cvmfs/cms.cern.ch/share/cms/crab-prod/v3.210323.00/lib/CRABClient/Commands/status.py", line 39, in __init__
    SubCommand.__init__(self, logger, cmdargs)
  File "/cvmfs/cms.cern.ch/share/cms/crab-prod/v3.210323.00/lib/CRABClient/Commands/SubCommand.py", line 270, in __init__
    SubCommand.validateOptions(self)
  File "/cvmfs/cms.cern.ch/share/cms/crab-prod/v3.210323.00/lib/CRABClient/Commands/SubCommand.py", line 639, in validateOptions
    raise ConfigurationException(msg)
ConfigurationException: [91mError[0m: crab_diquark_HLT_prod_cfg.py is not a valid CRAB project directory.
INFO 2021-04-16 08:54:53.861 UTC: 	 Log file is /uscms_data/d3/cannaert/UL2018_genproduction/Suu8TeV_chi3TeV/CMSSW_10_2_16_UL/src/crab.log
DEBUG 2021-04-16 08:55:01.083 UTC: 	 CRAB Client version: v3.210323
DEBUG 2021-04-16 08:55:01.083 UTC: 	 Running on: Linux cmslpc150.fnal.gov 3.10.0-1160.6.1.el7.x86_64 #1 SMP Tue Nov 10 08:19:23 CST 2020 x86_64 x86_64 x86_64 GNU/Linux - Scientific Linux 7.9 (Nitrogen)
DEBUG 2021-04-16 08:55:01.083 UTC: 	 Executing command: 'submit'
DEBUG 2021-04-16 08:55:01.084 UTC: 	 Found CRAB cache file /uscms/home/cannaert/.crab3
DEBUG 2021-04-16 08:55:06.537 UTC: 	 CRAB Client version: v3.210323
DEBUG 2021-04-16 08:55:06.538 UTC: 	 Running on: Linux cmslpc150.fnal.gov 3.10.0-1160.6.1.el7.x86_64 #1 SMP Tue Nov 10 08:19:23 CST 2020 x86_64 x86_64 x86_64 GNU/Linux - Scientific Linux 7.9 (Nitrogen)
DEBUG 2021-04-16 08:55:06.538 UTC: 	 Executing command: 'submit'
DEBUG 2021-04-16 08:55:06.538 UTC: 	 Found CRAB cache file /uscms/home/cannaert/.crab3
INFO 2021-04-16 08:55:06.538 UTC: 	 Will use CRAB configuration file crab_diquark_HLT_prod_cfg.py
DEBUG 2021-04-16 08:55:06.539 UTC: 	 Loading CRAB configuration file.
ERROR 2021-04-16 08:55:06.560 UTC: 	 Error while loading CRAB configuration:
invalid syntax (crab_diquark_HLT_prod_cfg.py, line 1)
Please refer to https://twiki.cern.ch/twiki/bin/view/CMSPublic/CRAB3CommonErrors#Syntax_error_in_CRAB_configurati
See the ./crab.log file for more details.
The documentation about the CRAB configuration file can be found in https://twiki.cern.ch/twiki/bin/view/CMSPublic/CRAB3ConfigurationFile
ERROR 2021-04-16 08:55:06.560 UTC: 	 Caught ClientException exception
Traceback (most recent call last):
  File "/cvmfs/cms.cern.ch/share/cms/crab-prod/v3.210323.00/bin/crab", line 165, in <module>
    client()
  File "/cvmfs/cms.cern.ch/share/cms/crab-prod/v3.210323.00/bin/crab", line 150, in __call__
    self.cmd = sub_cmd(self.logger, args[1:])
  File "/cvmfs/cms.cern.ch/share/cms/crab-prod/v3.210323.00/lib/CRABClient/Commands/submit.py", line 34, in __init__
    SubCommand.__init__(self, logger, cmdargs, disable_interspersed_args=True)
  File "/cvmfs/cms.cern.ch/share/cms/crab-prod/v3.210323.00/lib/CRABClient/Commands/SubCommand.py", line 311, in __init__
    self.loadConfig(self.options.config, self.args)
  File "/cvmfs/cms.cern.ch/share/cms/crab-prod/v3.210323.00/lib/CRABClient/Commands/SubCommand.py", line 90, in loadConfig
    raise ConfigurationException(configmsg)
ConfigurationException: Error while loading CRAB configuration:
invalid syntax (crab_diquark_HLT_prod_cfg.py, line 1)
Please refer to https://twiki.cern.ch/twiki/bin/view/CMSPublic/CRAB3CommonErrors#Syntax_error_in_CRAB_configurati
See the ./crab.log file for more details.
The documentation about the CRAB configuration file can be found in https://twiki.cern.ch/twiki/bin/view/CMSPublic/CRAB3ConfigurationFile
INFO 2021-04-16 08:55:06.562 UTC: 	 Log file is /uscms_data/d3/cannaert/UL2018_genproduction/Suu8TeV_chi3TeV/CMSSW_10_2_16_UL/src/crab.log
