DEBUG 2021-09-03 15:08:14.101 UTC: 	 CRAB Client version: v3.210825
DEBUG 2021-09-03 15:08:14.101 UTC: 	 Running on: Linux cmslpc112.fnal.gov 3.10.0-1160.36.2.el7.x86_64 #1 SMP Mon Jul 26 08:21:44 CDT 2021 x86_64 x86_64 x86_64 GNU/Linux - Scientific Linux 7.9 (Nitrogen)
DEBUG 2021-09-03 15:08:14.101 UTC: 	 Executing command: 'submit'
DEBUG 2021-09-03 15:08:14.102 UTC: 	 Found CRAB cache file /uscms/home/cannaert/.crab3
INFO 2021-09-03 15:08:14.104 UTC: 	 Will use CRAB configuration file crab_diquark_GENSIM_prod_cfg.py
DEBUG 2021-09-03 15:08:14.104 UTC: 	 Loading CRAB configuration file.
DEBUG 2021-09-03 15:08:14.106 UTC: 	 Will use CRAB PrivateMC plugin (i.e. will run a MC generation job type).
ERROR 2021-09-03 15:08:14.106 UTC: 	 Working area '/uscms_data/d3/cannaert/UL2018_genproduction/totalProcess/Suu4TeV_chi1p5TeV/CMSSW_10_6_18/src/crab_projects/crab_MC_prod_chi4TeV_Suu1p5TeV_ALLDECAY_GENSIM_0001' already exists 
Please change the requestName in the config file
ERROR 2021-09-03 15:08:14.106 UTC: 	 Caught ClientException exception
Traceback (most recent call last):
  File "/cvmfs/cms.cern.ch/share/cms/crab-prod/v3.210825.00/bin/crab", line 151, in <module>
    client()
  File "/cvmfs/cms.cern.ch/share/cms/crab-prod/v3.210825.00/bin/crab", line 136, in __call__
    self.cmd = sub_cmd(self.logger, args[1:])
  File "/cvmfs/cms.cern.ch/share/cms/crab-prod/v3.210825.00/lib/CRABClient/Commands/submit.py", line 34, in __init__
    SubCommand.__init__(self, logger, cmdargs, disable_interspersed_args=True)
  File "/cvmfs/cms.cern.ch/share/cms/crab-prod/v3.210825.00/lib/CRABClient/Commands/SubCommand.py", line 315, in __init__
    getattr(self.configuration.General, 'requestName', None))
  File "/cvmfs/cms.cern.ch/share/cms/crab-prod/v3.210825.00/lib/CRABClient/ClientUtilities.py", line 394, in createWorkArea
    raise ConfigException("Working area '%s' already exists \nPlease change the requestName in the config file" % fullpath)
ConfigException: Working area '/uscms_data/d3/cannaert/UL2018_genproduction/totalProcess/Suu4TeV_chi1p5TeV/CMSSW_10_6_18/src/crab_projects/crab_MC_prod_chi4TeV_Suu1p5TeV_ALLDECAY_GENSIM_0001' already exists 
Please change the requestName in the config file
INFO 2021-09-03 15:08:14.119 UTC: 	 Log file is /uscms_data/d3/cannaert/UL2018_genproduction/totalProcess/Suu4TeV_chi1p5TeV/CMSSW_10_6_18/src/crab.log
DEBUG 2021-09-03 15:35:20.445 UTC: 	 CRAB Client version: v3.210825
DEBUG 2021-09-03 15:35:20.445 UTC: 	 Running on: Linux cmslpc112.fnal.gov 3.10.0-1160.36.2.el7.x86_64 #1 SMP Mon Jul 26 08:21:44 CDT 2021 x86_64 x86_64 x86_64 GNU/Linux - Scientific Linux 7.9 (Nitrogen)
DEBUG 2021-09-03 15:35:20.446 UTC: 	 Executing command: 'status'
DEBUG 2021-09-03 15:35:20.446 UTC: 	 Found CRAB cache file /uscms/home/cannaert/.crab3
ERROR 2021-09-03 15:35:20.457 UTC: 	 Cannot find .requestcache file in CRAB project directory /uscms_data/d3/cannaert/UL2018_genproduction/totalProcess/Suu4TeV_chi1p5TeV/CMSSW_10_6_18/src/crab_projects
ERROR 2021-09-03 15:35:20.457 UTC: 	 Caught ClientException exception
Traceback (most recent call last):
  File "/cvmfs/cms.cern.ch/share/cms/crab-prod/v3.210825.00/bin/crab", line 151, in <module>
    client()
  File "/cvmfs/cms.cern.ch/share/cms/crab-prod/v3.210825.00/bin/crab", line 136, in __call__
    self.cmd = sub_cmd(self.logger, args[1:])
  File "/cvmfs/cms.cern.ch/share/cms/crab-prod/v3.210825.00/lib/CRABClient/Commands/status.py", line 39, in __init__
    SubCommand.__init__(self, logger, cmdargs)
  File "/cvmfs/cms.cern.ch/share/cms/crab-prod/v3.210825.00/lib/CRABClient/Commands/SubCommand.py", line 270, in __init__
    SubCommand.validateOptions(self)
  File "/cvmfs/cms.cern.ch/share/cms/crab-prod/v3.210825.00/lib/CRABClient/Commands/SubCommand.py", line 650, in validateOptions
    self.loadLocalCache()
  File "/cvmfs/cms.cern.ch/share/cms/crab-prod/v3.210825.00/lib/CRABClient/Commands/SubCommand.py", line 512, in loadLocalCache
    raise ex
CachefileNotFoundException: Cannot find .requestcache file in CRAB project directory /uscms_data/d3/cannaert/UL2018_genproduction/totalProcess/Suu4TeV_chi1p5TeV/CMSSW_10_6_18/src/crab_projects
INFO 2021-09-03 15:35:20.459 UTC: 	 Log file is /uscms_data/d3/cannaert/UL2018_genproduction/totalProcess/Suu4TeV_chi1p5TeV/CMSSW_10_6_18/src/crab.log
