DEBUG 2020-09-09 06:17:32.642 UTC: 	 CRAB Client version: v3.200812
DEBUG 2020-09-09 06:17:32.642 UTC: 	 Running on: Linux cmslpc140.fnal.gov 3.10.0-1127.10.1.el7.x86_64 #1 SMP Tue Jun 2 10:05:57 CDT 2020 x86_64 x86_64 x86_64 GNU/Linux - Scientific Linux 7.8 (Nitrogen)
DEBUG 2020-09-09 06:17:32.642 UTC: 	 Executing command: 'submit'
DEBUG 2020-09-09 06:17:32.643 UTC: 	 Found CRAB cache file /uscms/home/cannaert/.crab3
INFO 2020-09-09 06:17:32.646 UTC: 	 Will use CRAB configuration file crab_diquark_QCD_ccfg.py
DEBUG 2020-09-09 06:17:32.646 UTC: 	 Loading CRAB configuration file.
DEBUG 2020-09-09 06:17:32.655 UTC: 	 Will use CRAB Analysis plugin (i.e. will run an analysis job type).
DEBUG 2020-09-09 06:17:32.691 UTC: 	 Checking credentials
DEBUG 2020-09-09 06:17:32.693 UTC: 	 Found proxy file /uscms/home/cannaert/x509up_u54552
DEBUG 2020-09-09 06:17:32.693 UTC: 	 Getting proxy life time left
DEBUG 2020-09-09 06:17:32.795 UTC: 	 Executing : 
 command : voms-proxy-info -file /uscms/home/cannaert/x509up_u54552 -timeleft
 output : 33440

 error: 
 retcode : 0
DEBUG 2020-09-09 06:17:32.898 UTC: 	 Executing : 
 command : voms-proxy-info -file /uscms/home/cannaert/x509up_u54552 -actimeleft
 output : 33440

 error: 
 retcode : 0
DEBUG 2020-09-09 06:17:32.898 UTC: 	 Proxy valid for 09:17:20 hours
DEBUG 2020-09-09 06:17:33.001 UTC: 	 Executing : 
 command : env X509_USER_PROXY=/uscms/home/cannaert/x509up_u54552 voms-proxy-info -fqan
 output : /cms/Role=NULL/Capability=NULL

 error: 
 retcode : 0
DEBUG 2020-09-09 06:17:33.582 UTC: 	 Registering user credentials for server /DC=ch/DC=cern/OU=computers/CN=vocms0105.cern.ch|/DC=ch/DC=cern/OU=computers/CN=crab-(preprod|prod|dev)-tw(02|01).cern.ch|/DC=ch/DC=cern/OU=computers/CN=(ddi|ddidk|mytw).cern.ch|/DC=ch/DC=cern/OU=computers/CN=stefanov(m|m2).cern.ch
DEBUG 2020-09-09 06:17:33.688 UTC: 	 Executing : 
 command : voms-proxy-info -file /uscms/home/cannaert/x509up_u54552 -identity
 output : /DC=ch/DC=cern/OU=Organic Units/OU=Users/CN=ecannaer/CN=832417/CN=Ethan Cannaert

 error: 
 retcode : 0
DEBUG 2020-09-09 06:17:33.688 UTC: 	 Getting myproxy life time left for myproxy.cern.ch
DEBUG 2020-09-09 06:17:33.688 UTC: 	 Calculating hash of /DC=ch/DC=cern/OU=Organic Units/OU=Users/CN=ecannaer/CN=832417/CN=Ethan Cannaert_cmsweb.cern.ch for credential name
DEBUG 2020-09-09 06:17:34.592 UTC: 	 Executing : 
 command : myproxy-info -l dfb5f39d91e4adee325d1dda7edfeb9d4bdd1a42 -s myproxy.cern.ch
 output : username: dfb5f39d91e4adee325d1dda7edfeb9d4bdd1a42
owner: /DC=ch/DC=cern/OU=Organic Units/OU=Users/CN=ecannaer/CN=832417/CN=Ethan Cannaert
  renewal policy: /DC=ch/DC=cern/OU=computers/CN=vocms0105.cern.ch|/DC=ch/DC=cern/OU=computers/CN=crab-(preprod|prod|dev)-tw(02|01).cern.ch|/DC=ch/DC=cern/OU=computers/CN=(ddi|ddidk|mytw).cern.ch|/DC=ch/DC=cern/OU=computers/CN=stefanov(m|m2).cern.ch
  trusted retrieval policy: /DC=ch/DC=cern/OU=computers/CN=vocms0105.cern.ch|/DC=ch/DC=cern/OU=computers/CN=crab-(preprod|prod|dev)-tw(02|01).cern.ch|/DC=ch/DC=cern/OU=computers/CN=(ddi|ddidk|mytw).cern.ch|/DC=ch/DC=cern/OU=computers/CN=stefanov(m|m2).cern.ch
  timeleft: 690:16:40  (28.8 days)

 error: 
 retcode : 0
DEBUG 2020-09-09 06:17:34.593 UTC: 	 Myproxy is valid: 2485000
DEBUG 2020-09-09 06:17:34.593 UTC: 	 Retrieving username ...
DEBUG 2020-09-09 06:17:34.593 UTC: 	 Retrieving username from CRIC...
DEBUG 2020-09-09 06:17:35.904 UTC: 	 username is ecannaer
DEBUG 2020-09-09 06:17:35.908 UTC: 	 Getting myproxy life time left for myproxy.cern.ch
DEBUG 2020-09-09 06:17:35.908 UTC: 	 using ecannaer_CRAB as credential login name
DEBUG 2020-09-09 06:17:36.713 UTC: 	 Executing : 
 command : myproxy-info -l ecannaer_CRAB -s myproxy.cern.ch
 output : username: ecannaer_CRAB
owner: /DC=ch/DC=cern/OU=Organic Units/OU=Users/CN=ecannaer/CN=832417/CN=Ethan Cannaert
  renewal policy: /DC=ch/DC=cern/OU=computers/CN=vocms0105.cern.ch|/DC=ch/DC=cern/OU=computers/CN=crab-(preprod|prod|dev)-tw(02|01).cern.ch|/DC=ch/DC=cern/OU=computers/CN=(ddi|ddidk|mytw).cern.ch|/DC=ch/DC=cern/OU=computers/CN=stefanov(m|m2).cern.ch
  trusted retrieval policy: /DC=ch/DC=cern/OU=computers/CN=vocms0105.cern.ch|/DC=ch/DC=cern/OU=computers/CN=crab-(preprod|prod|dev)-tw(02|01).cern.ch|/DC=ch/DC=cern/OU=computers/CN=(ddi|ddidk|mytw).cern.ch|/DC=ch/DC=cern/OU=computers/CN=stefanov(m|m2).cern.ch
  timeleft: 690:16:49  (28.8 days)

 error: 
 retcode : 0
DEBUG 2020-09-09 06:17:36.713 UTC: 	 Myproxy is valid: 2485009
DEBUG 2020-09-09 06:17:36.713 UTC: 	 Command use: submit
DEBUG 2020-09-09 06:17:36.713 UTC: 	 Options use: ['-c', 'crab_diquark_QCD_ccfg.py']
DEBUG 2020-09-09 06:17:37.317 UTC: 	 CRABClient version: v3.200812
DEBUG 2020-09-09 06:17:37.317 UTC: 	 Instance is prod
DEBUG 2020-09-09 06:17:37.317 UTC: 	 Server base url is cmsweb.cern.ch
DEBUG 2020-09-09 06:17:37.317 UTC: 	 Command url /crabserver/prod/workflow
DEBUG 2020-09-09 06:17:37.317 UTC: 	 Started submission
DEBUG 2020-09-09 06:17:37.317 UTC: 	 Working on /uscms_data/d3/cannaert/src/thrust/CMSSW_10_2_4_patch1/src/crab_projects/crab_semilept_ttbar_QCD_background_06
DEBUG 2020-09-09 06:17:37.957 UTC: 	 Loading required information from the environment
DEBUG 2020-09-09 06:17:37.957 UTC: 	 Found CMSSW_10_2_4_patch1 for slc7_amd64_gcc700 with base /uscms_data/d3/cannaert/src/thrust/CMSSW_10_2_4_patch1
DEBUG 2020-09-09 06:17:37.957 UTC: 	 Loading required information from the environment
DEBUG 2020-09-09 06:17:37.958 UTC: 	 Found CMSSW_10_2_4_patch1 for slc7_amd64_gcc700 with base /uscms_data/d3/cannaert/src/thrust/CMSSW_10_2_4_patch1
DEBUG 2020-09-09 06:17:37.958 UTC: 	 UNIQUE NAME: tarUUID 71603a9f-f939-45e0-91e5-87584cee2867 
DEBUG 2020-09-09 06:17:37.958 UTC: 	 self.config: from WMCore.Configuration import Configuration
config = Configuration()
config.section_('General')
config.General.transferOutputs = True
config.General.workArea = 'crab_projects'
config.General.requestName = 'semilept_ttbar_QCD_background_06'
config.section_('JobType')
config.JobType.psetName = 'ttbarAnalyzer_cfg.py'
config.JobType.pluginName = 'Analysis'
config.JobType.allowUndistributedCMSSW = True
config.section_('Data')
config.Data.inputDataset = '/TTToSemiLeptonic_TuneCP5_13TeV-powheg-pythia8/RunIIAutumn18MiniAOD-102X_upgrade2018_realistic_v15-v1/MINIAODSIM'
config.Data.outputDatasetTag = 'semilept_ttbar_QCD_background'
config.Data.splitting = 'Automatic'
config.Data.publication = False
config.Data.inputDBS = 'global'
config.section_('Site')
config.Site.storageSite = 'T3_US_FNALLPC'
config.section_('User')
config.section_('Debug')

DEBUG 2020-09-09 06:17:37.958 UTC: 	 self.config.JobType.psetName: ttbarAnalyzer_cfg.py
INFO 2020-09-09 06:17:37.958 UTC: 	 Importing CMSSW configuration ttbarAnalyzer_cfg.py
INFO 2020-09-09 06:17:38.084 UTC: 	 Finished importing CMSSW configuration ttbarAnalyzer_cfg.py
DEBUG 2020-09-09 06:17:38.084 UTC: 	 Writing CMSSW configuration to /uscms_data/d3/cannaert/src/thrust/CMSSW_10_2_4_patch1/src/crab_projects/crab_semilept_ttbar_QCD_background_06/inputs/PSet.py
DEBUG 2020-09-09 06:17:38.145 UTC: 	 The following EDM output files will be collected: []
DEBUG 2020-09-09 06:17:38.145 UTC: 	 The following TFile output files will be collected: ['QCD_ttbar_test.root']
DEBUG 2020-09-09 06:17:38.145 UTC: 	 The following user output files (not listed as PoolOuputModule or TFileService in the CMSSW PSet) will be collected: 
DEBUG 2020-09-09 06:17:38.145 UTC: 	 Loading required information from the environment
DEBUG 2020-09-09 06:17:38.145 UTC: 	 Found CMSSW_10_2_4_patch1 for slc7_amd64_gcc700 with base /uscms_data/d3/cannaert/src/thrust/CMSSW_10_2_4_patch1
DEBUG 2020-09-09 06:17:38.145 UTC: 	 Making tarball in /uscms_data/d3/cannaert/src/thrust/CMSSW_10_2_4_patch1/src/crab_projects/crab_semilept_ttbar_QCD_background_06/inputs/71603a9f-f939-45e0-91e5-87584cee2867default.tgz
DEBUG 2020-09-09 06:17:38.146 UTC: 	 Checking directory /uscms_data/d3/cannaert/src/thrust/CMSSW_10_2_4_patch1/lib
DEBUG 2020-09-09 06:17:38.146 UTC: 	 Adding directory /uscms_data/d3/cannaert/src/thrust/CMSSW_10_2_4_patch1/lib to tarball
DEBUG 2020-09-09 06:17:38.152 UTC: 	 Checking directory /uscms_data/d3/cannaert/src/thrust/CMSSW_10_2_4_patch1/biglib
DEBUG 2020-09-09 06:17:38.152 UTC: 	 Adding directory /uscms_data/d3/cannaert/src/thrust/CMSSW_10_2_4_patch1/biglib to tarball
DEBUG 2020-09-09 06:17:38.153 UTC: 	 Checking directory /uscms_data/d3/cannaert/src/thrust/CMSSW_10_2_4_patch1/module
DEBUG 2020-09-09 06:17:38.192 UTC: 	 Uploading archive /uscms_data/d3/cannaert/src/thrust/CMSSW_10_2_4_patch1/src/crab_projects/crab_semilept_ttbar_QCD_background_06/inputs/71603a9f-f939-45e0-91e5-87584cee2867default.tgz (47 KB) to the CRAB cache. Using URI https://cmsweb.cern.ch/crabcache
DEBUG 2020-09-09 06:17:39.015 UTC: 	 Loading required information from the environment
DEBUG 2020-09-09 06:17:39.015 UTC: 	 Found CMSSW_10_2_4_patch1 for slc7_amd64_gcc700 with base /uscms_data/d3/cannaert/src/thrust/CMSSW_10_2_4_patch1
DEBUG 2020-09-09 06:17:39.015 UTC: 	 Making tarball in /uscms_data/d3/cannaert/src/thrust/CMSSW_10_2_4_patch1/src/crab_projects/crab_semilept_ttbar_QCD_background_06/inputs/debugFiles.tgz
DEBUG 2020-09-09 06:17:39.022 UTC: 	 Uploading archive /uscms_data/d3/cannaert/src/thrust/CMSSW_10_2_4_patch1/src/crab_projects/crab_semilept_ttbar_QCD_background_06/inputs/debugFiles.tgz (2 KB) to the CRAB cache. Using URI https://cmsweb.cern.ch/crabcache
DEBUG 2020-09-09 06:17:39.752 UTC: 	 Result uploading input files: a214dc3cfc307713ae5b9dfb70d857762fe921ff9ef73e759f644f663ffb4931.tar.gz 
INFO 2020-09-09 06:17:39.752 UTC: 	 Sending the request to the server at cmsweb.cern.ch
DEBUG 2020-09-09 06:17:39.752 UTC: 	 Submitting {'maxjobruntime': 1250, 'extrajdl': [], 'ignorelocality': 0, 'savelogsflag': 0, 'useparent': 0, 'asyncdest': 'T3_US_FNALLPC', 'algoargs': 480, 'cachefilename': 'a214dc3cfc307713ae5b9dfb70d857762fe921ff9ef73e759f644f663ffb4931.tar.gz', 'numcores': 1, 'addoutputfiles': [], 'generator': 'pythia', 'maxmemory': 2000, 'publishdbsurl': 'https://cmsweb.cern.ch/dbs/prod/phys03/DBSWriter', 'priority': 10, 'jobsw': 'CMSSW_10_2_4_patch1', 'edmoutfiles': [], 'userfiles': [], 'primarydataset': '', 'inputdata': '/TTToSemiLeptonic_TuneCP5_13TeV-powheg-pythia8/RunIIAutumn18MiniAOD-102X_upgrade2018_realistic_v15-v1/MINIAODSIM', 'dryrun': 0, 'workflow': 'crab_semilept_ttbar_QCD_background_06', 'cacheurl': u'https://cmsweb.cern.ch/crabcache', 'nonprodsw': 1, 'tfileoutfiles': ['QCD_ttbar_test.root'], 'oneEventMode': 0, 'debugfilename': '3f4c4402c61b262c8edcd1acae94b09ff256ea247461982f68c45eeef1fb7113.tar.gz', 'saveoutput': 1, 'publication': 0, 'jobarch': 'slc7_amd64_gcc700', 'totalunits': 0, 'splitalgo': 'Automatic', 'ignoreglobalblacklist': 0, 'nonvaliddata': 0, 'dbsurl': 'https://cmsweb.cern.ch/dbs/prod/global/DBSReader', 'publishgroupname': 0, 'jobtype': 'Analysis', 'publishname2': 'semilept_ttbar_QCD_background'} 
DEBUG 2020-09-09 06:17:39.752 UTC: 	 Encoded submit request: maxjobruntime=1250&ignorelocality=0&savelogsflag=0&useparent=0&asyncdest=T3_US_FNALLPC&algoargs=480&cachefilename=a214dc3cfc307713ae5b9dfb70d857762fe921ff9ef73e759f644f663ffb4931.tar.gz&numcores=1&generator=pythia&maxmemory=2000&publishdbsurl=https%3A%2F%2Fcmsweb.cern.ch%2Fdbs%2Fprod%2Fphys03%2FDBSWriter&priority=10&jobsw=CMSSW_10_2_4_patch1&primarydataset=&inputdata=%2FTTToSemiLeptonic_TuneCP5_13TeV-powheg-pythia8%2FRunIIAutumn18MiniAOD-102X_upgrade2018_realistic_v15-v1%2FMINIAODSIM&dryrun=0&workflow=crab_semilept_ttbar_QCD_background_06&cacheurl=https%3A%2F%2Fcmsweb.cern.ch%2Fcrabcache&nonprodsw=1&oneEventMode=0&debugfilename=3f4c4402c61b262c8edcd1acae94b09ff256ea247461982f68c45eeef1fb7113.tar.gz&saveoutput=1&publication=0&jobarch=slc7_amd64_gcc700&totalunits=0&splitalgo=Automatic&ignoreglobalblacklist=0&nonvaliddata=0&dbsurl=https%3A%2F%2Fcmsweb.cern.ch%2Fdbs%2Fprod%2Fglobal%2FDBSReader&publishgroupname=0&jobtype=Analysis&publishname2=semilept_ttbar_QCD_background&tfileoutfiles=QCD_ttbar_test.root
DEBUG 2020-09-09 06:17:40.816 UTC: 	 Result: {u'result': [{u'RequestName': u'200909_061740:ecannaer_crab_semilept_ttbar_QCD_background_06'}]}
INFO 2020-09-09 06:17:40.839 UTC: 	 Success: Your task has been delivered to the prod CRAB3 server.
INFO 2020-09-09 06:17:40.840 UTC: 	 Task name: 200909_061740:ecannaer_crab_semilept_ttbar_QCD_background_06
INFO 2020-09-09 06:17:40.840 UTC: 	 Project dir: crab_projects/crab_semilept_ttbar_QCD_background_06
INFO 2020-09-09 06:17:40.840 UTC: 	 Please use ' crab status -d crab_projects/crab_semilept_ttbar_QCD_background_06 ' to check how the submission process proceeds.
DEBUG 2020-09-09 06:17:40.840 UTC: 	 About to return
INFO 2020-09-09 06:17:40.848 UTC: 	 Log file is /uscms_data/d3/cannaert/src/thrust/CMSSW_10_2_4_patch1/src/crab_projects/crab_semilept_ttbar_QCD_background_06/crab.log
DEBUG 2020-09-09 06:17:56.892 UTC: 	 CRAB Client version: v3.200812
DEBUG 2020-09-09 06:17:56.892 UTC: 	 Running on: Linux cmslpc140.fnal.gov 3.10.0-1127.10.1.el7.x86_64 #1 SMP Tue Jun 2 10:05:57 CDT 2020 x86_64 x86_64 x86_64 GNU/Linux - Scientific Linux 7.8 (Nitrogen)
DEBUG 2020-09-09 06:17:56.892 UTC: 	 Executing command: 'status'
DEBUG 2020-09-09 06:17:56.893 UTC: 	 Found CRAB cache file /uscms/home/cannaert/.crab3
DEBUG 2020-09-09 06:17:56.917 UTC: 	 Checking credentials
DEBUG 2020-09-09 06:17:56.917 UTC: 	 Found proxy file /uscms/home/cannaert/x509up_u54552
DEBUG 2020-09-09 06:17:56.917 UTC: 	 Getting proxy life time left
DEBUG 2020-09-09 06:17:57.019 UTC: 	 Executing : 
 command : voms-proxy-info -file /uscms/home/cannaert/x509up_u54552 -timeleft
 output : 33416

 error: 
 retcode : 0
DEBUG 2020-09-09 06:17:57.122 UTC: 	 Executing : 
 command : voms-proxy-info -file /uscms/home/cannaert/x509up_u54552 -actimeleft
 output : 33415

 error: 
 retcode : 0
DEBUG 2020-09-09 06:17:57.122 UTC: 	 Proxy lifetime 33416 secs is different from voms extension lifetime 33415 secs for proxy: /uscms/home/cannaert/x509up_u54552
DEBUG 2020-09-09 06:17:57.122 UTC: 	 Proxy valid for 09:16:55 hours
DEBUG 2020-09-09 06:17:57.793 UTC: 	 Registering user credentials for server /DC=ch/DC=cern/OU=computers/CN=vocms0105.cern.ch|/DC=ch/DC=cern/OU=computers/CN=crab-(preprod|prod|dev)-tw(02|01).cern.ch|/DC=ch/DC=cern/OU=computers/CN=(ddi|ddidk|mytw).cern.ch|/DC=ch/DC=cern/OU=computers/CN=stefanov(m|m2).cern.ch
DEBUG 2020-09-09 06:17:57.899 UTC: 	 Executing : 
 command : voms-proxy-info -file /uscms/home/cannaert/x509up_u54552 -identity
 output : /DC=ch/DC=cern/OU=Organic Units/OU=Users/CN=ecannaer/CN=832417/CN=Ethan Cannaert

 error: 
 retcode : 0
DEBUG 2020-09-09 06:17:57.899 UTC: 	 Getting myproxy life time left for myproxy.cern.ch
DEBUG 2020-09-09 06:17:57.899 UTC: 	 Calculating hash of /DC=ch/DC=cern/OU=Organic Units/OU=Users/CN=ecannaer/CN=832417/CN=Ethan Cannaert_cmsweb.cern.ch for credential name
DEBUG 2020-09-09 06:17:58.803 UTC: 	 Executing : 
 command : myproxy-info -l dfb5f39d91e4adee325d1dda7edfeb9d4bdd1a42 -s myproxy.cern.ch
 output : username: dfb5f39d91e4adee325d1dda7edfeb9d4bdd1a42
owner: /DC=ch/DC=cern/OU=Organic Units/OU=Users/CN=ecannaer/CN=832417/CN=Ethan Cannaert
  renewal policy: /DC=ch/DC=cern/OU=computers/CN=vocms0105.cern.ch|/DC=ch/DC=cern/OU=computers/CN=crab-(preprod|prod|dev)-tw(02|01).cern.ch|/DC=ch/DC=cern/OU=computers/CN=(ddi|ddidk|mytw).cern.ch|/DC=ch/DC=cern/OU=computers/CN=stefanov(m|m2).cern.ch
  trusted retrieval policy: /DC=ch/DC=cern/OU=computers/CN=vocms0105.cern.ch|/DC=ch/DC=cern/OU=computers/CN=crab-(preprod|prod|dev)-tw(02|01).cern.ch|/DC=ch/DC=cern/OU=computers/CN=(ddi|ddidk|mytw).cern.ch|/DC=ch/DC=cern/OU=computers/CN=stefanov(m|m2).cern.ch
  timeleft: 690:16:16  (28.8 days)

 error: 
 retcode : 0
DEBUG 2020-09-09 06:17:58.803 UTC: 	 Myproxy is valid: 2484976
DEBUG 2020-09-09 06:17:58.804 UTC: 	 Retrieving username ...
DEBUG 2020-09-09 06:17:58.804 UTC: 	 Retrieving username from CRIC...
DEBUG 2020-09-09 06:18:00.171 UTC: 	 username is ecannaer
DEBUG 2020-09-09 06:18:00.174 UTC: 	 Getting myproxy life time left for myproxy.cern.ch
DEBUG 2020-09-09 06:18:00.174 UTC: 	 using ecannaer_CRAB as credential login name
DEBUG 2020-09-09 06:18:00.978 UTC: 	 Executing : 
 command : myproxy-info -l ecannaer_CRAB -s myproxy.cern.ch
 output : username: ecannaer_CRAB
owner: /DC=ch/DC=cern/OU=Organic Units/OU=Users/CN=ecannaer/CN=832417/CN=Ethan Cannaert
  renewal policy: /DC=ch/DC=cern/OU=computers/CN=vocms0105.cern.ch|/DC=ch/DC=cern/OU=computers/CN=crab-(preprod|prod|dev)-tw(02|01).cern.ch|/DC=ch/DC=cern/OU=computers/CN=(ddi|ddidk|mytw).cern.ch|/DC=ch/DC=cern/OU=computers/CN=stefanov(m|m2).cern.ch
  trusted retrieval policy: /DC=ch/DC=cern/OU=computers/CN=vocms0105.cern.ch|/DC=ch/DC=cern/OU=computers/CN=crab-(preprod|prod|dev)-tw(02|01).cern.ch|/DC=ch/DC=cern/OU=computers/CN=(ddi|ddidk|mytw).cern.ch|/DC=ch/DC=cern/OU=computers/CN=stefanov(m|m2).cern.ch
  timeleft: 690:16:25  (28.8 days)

 error: 
 retcode : 0
DEBUG 2020-09-09 06:18:00.978 UTC: 	 Myproxy is valid: 2484985
DEBUG 2020-09-09 06:18:00.978 UTC: 	 Command use: status
DEBUG 2020-09-09 06:18:00.978 UTC: 	 Options use: ['-d', 'crab_projects/crab_semilept_ttbar_QCD_background_06']
DEBUG 2020-09-09 06:18:01.590 UTC: 	 CRABClient version: v3.200812
DEBUG 2020-09-09 06:18:01.590 UTC: 	 Instance is prod
DEBUG 2020-09-09 06:18:01.590 UTC: 	 Server base url is cmsweb.cern.ch
DEBUG 2020-09-09 06:18:01.590 UTC: 	 Command url /crabserver/prod/workflow
DEBUG 2020-09-09 06:18:02.274 UTC: 	 Got information from server oracle database: {u'result': [u'200909_061740:ecannaer_crab_semilept_ttbar_QCD_background_06', u'None', u'None', u'NEW', u'SUBMIT', u'2020-09-09 06:17:40.358945', u'None', u'None', u'None', u'CMSSW_10_2_4_patch1', u'slc7_amd64_gcc700', u'/TTToSemiLeptonic_TuneCP5_13TeV-powheg-pythia8/RunIIAutumn18MiniAOD-102X_upgrade2018_realistic_v15-v1/MINIAODSIM', u'F', u'0', u'[]', u'[]', u'Automatic', u"{'splitOnRun': False, 'minutes_per_job': 480, 'halt_job_on_file_boundaries': False, 'runs': [], 'lumis': []}", u'a214dc3cfc307713ae5b9dfb70d857762fe921ff9ef73e759f644f663ffb4931.tar.gz', u'https://cmsweb.cern.ch/crabcache', u'ecannaer', u'/DC=ch/DC=cern/OU=Organic Units/OU=Users/CN=ecannaer/CN=832417/CN=Ethan Cannaert', u'cms', u'None', u'None', u'semilept_ttbar_QCD_background-00000000000000000000000000000000', u'F', u'T3_US_FNALLPC', u'https://cmsweb.cern.ch/dbs/prod/global/DBSReader', u'https://cmsweb.cern.ch/dbs/prod/phys03/DBSWriter', u'F', u'[]', u"['QCD_ttbar_test.root']", u'[]', u'Analysis', u'pythia', u'None', u'{}', u'[]', u'F', u'None', u'[]', u'1250', u'1', u'2000', u'10', u'None', u'[]', u'None', u'None', u'[]', u'[]', u'https://cmsweb.cern.ch/crabserver/prod', u'cmsgwms-collector-global.cern.ch:9620,cmsgwms-collector-global.fnal.gov', u'None', u'F', u'[]', u'T', u'/store/user/ecannaer/', u'F', u'None', u'F', u'None', u'TTToSemiLeptonic_TuneCP5_13TeV-powheg-pythia8', u'None', u'3f4c4402c61b262c8edcd1acae94b09ff256ea247461982f68c45eeef1fb7113.tar.gz', u'None', u'filetransfers', u'F', u'131.225.189.149', u'0.0', u'None'], u'desc': {u'columns': [u'tm_taskname', u'tm_activity', u'panda_jobset_id', u'tm_task_status', u'tm_task_command', u'tm_start_time', u'tm_start_injection', u'tm_end_injection', u'tm_task_failure', u'tm_job_sw', u'tm_job_arch', u'tm_input_dataset', u'tm_nonvalid_input_dataset', u'tm_use_parent', u'tm_site_whitelist', u'tm_site_blacklist', u'tm_split_algo', u'tm_split_args', u'tm_user_sandbox', u'tm_cache_url', u'tm_username', u'tm_user_dn', u'tm_user_vo', u'tm_user_role', u'tm_user_group', u'tm_publish_name', u'tm_publish_groupname', u'tm_asyncdest', u'tm_dbs_url', u'tm_publish_dbs_url', u'tm_publication', u'tm_outfiles', u'tm_tfile_outfiles', u'tm_edm_outfiles', u'tm_job_type', u'tm_generator', u'tm_events_per_lumi', u'tm_arguments', u'panda_resubmitted_jobs', u'tm_save_logs', u'tw_name', u'tm_user_infiles', u'tm_maxjobruntime', u'tm_numcores', u'tm_maxmemory', u'tm_priority', u'tm_output_dataset', u'tm_task_warnings', u'tm_user_webdir', u'tm_scriptexe', u'tm_scriptargs', u'tm_extrajdl', u'tm_asourl', u'tm_collector', u'tm_schedd', u'tm_dry_run', u'tm_user_files', u'tm_transfer_outputs', u'tm_output_lfn', u'tm_ignore_locality', u'tm_fail_limit', u'tm_one_event_mode', u'tm_secondary_input_dataset', u'tm_primary_dataset', u'tm_last_publication', u'tm_debug_files', u'clusterid', u'tm_asodb', u'tm_ignore_global_blacklist', u'tm_submitter_ip_addr', u'tm_totalunits', u'tm_ddm_reqid']}}
INFO 2020-09-09 06:18:02.274 UTC: 	 CRAB project directory:		/uscms_data/d3/cannaert/src/thrust/CMSSW_10_2_4_patch1/src/crab_projects/crab_semilept_ttbar_QCD_background_06
INFO 2020-09-09 06:18:02.274 UTC: 	 Task name:			200909_061740:ecannaer_crab_semilept_ttbar_QCD_background_06
INFO 2020-09-09 06:18:02.274 UTC: 	 Grid scheduler - Task Worker:	N/A yet - N/A yet
INFO 2020-09-09 06:18:02.274 UTC: 	 Status on the CRAB server:	NEW on command SUBMIT
INFO 2020-09-09 06:18:02.274 UTC: 	 Task URL to use for HELP:	https://cmsweb.cern.ch/crabserver/ui/task/200909_061740%3Aecannaer_crab_semilept_ttbar_QCD_background_06
INFO 2020-09-09 06:18:02.279 UTC: 	 Dashboard monitoring URL:	https://monit-grafana.cern.ch/d/cmsTMDetail/cms-task-monitoring-task-view?orgId=11&var-user=ecannaer&var-task=200909_061740%3Aecannaer_crab_semilept_ttbar_QCD_background_06&from=1599632260000&to=now
INFO 2020-09-09 06:18:02.279 UTC: 	 In case of issues with the dashboard, please provide feedback to hn-cms-computing-tools@cern.ch
DEBUG 2020-09-09 06:18:02.279 UTC: 	 The task has not been submitted to the Grid scheduler yet. Not printing job information.
INFO 2020-09-09 06:18:02.282 UTC: 	 Log file is /uscms_data/d3/cannaert/src/thrust/CMSSW_10_2_4_patch1/src/crab_projects/crab_semilept_ttbar_QCD_background_06/crab.log
DEBUG 2020-09-09 06:19:21.477 UTC: 	 CRAB Client version: v3.200812
DEBUG 2020-09-09 06:19:21.478 UTC: 	 Running on: Linux cmslpc140.fnal.gov 3.10.0-1127.10.1.el7.x86_64 #1 SMP Tue Jun 2 10:05:57 CDT 2020 x86_64 x86_64 x86_64 GNU/Linux - Scientific Linux 7.8 (Nitrogen)
DEBUG 2020-09-09 06:19:21.478 UTC: 	 Executing command: 'status'
DEBUG 2020-09-09 06:19:21.479 UTC: 	 Found CRAB cache file /uscms/home/cannaert/.crab3
DEBUG 2020-09-09 06:19:21.521 UTC: 	 Checking credentials
DEBUG 2020-09-09 06:19:21.525 UTC: 	 Found proxy file /uscms/home/cannaert/x509up_u54552
DEBUG 2020-09-09 06:19:21.525 UTC: 	 Getting proxy life time left
DEBUG 2020-09-09 06:19:21.627 UTC: 	 Executing : 
 command : voms-proxy-info -file /uscms/home/cannaert/x509up_u54552 -timeleft
 output : 33331

 error: 
 retcode : 0
DEBUG 2020-09-09 06:19:21.729 UTC: 	 Executing : 
 command : voms-proxy-info -file /uscms/home/cannaert/x509up_u54552 -actimeleft
 output : 33331

 error: 
 retcode : 0
DEBUG 2020-09-09 06:19:21.729 UTC: 	 Proxy valid for 09:15:31 hours
DEBUG 2020-09-09 06:19:22.342 UTC: 	 Registering user credentials for server /DC=ch/DC=cern/OU=computers/CN=vocms0105.cern.ch|/DC=ch/DC=cern/OU=computers/CN=crab-(preprod|prod|dev)-tw(02|01).cern.ch|/DC=ch/DC=cern/OU=computers/CN=(ddi|ddidk|mytw).cern.ch|/DC=ch/DC=cern/OU=computers/CN=stefanov(m|m2).cern.ch
DEBUG 2020-09-09 06:19:22.447 UTC: 	 Executing : 
 command : voms-proxy-info -file /uscms/home/cannaert/x509up_u54552 -identity
 output : /DC=ch/DC=cern/OU=Organic Units/OU=Users/CN=ecannaer/CN=832417/CN=Ethan Cannaert

 error: 
 retcode : 0
DEBUG 2020-09-09 06:19:22.447 UTC: 	 Getting myproxy life time left for myproxy.cern.ch
DEBUG 2020-09-09 06:19:22.447 UTC: 	 Calculating hash of /DC=ch/DC=cern/OU=Organic Units/OU=Users/CN=ecannaer/CN=832417/CN=Ethan Cannaert_cmsweb.cern.ch for credential name
DEBUG 2020-09-09 06:19:23.251 UTC: 	 Executing : 
 command : myproxy-info -l dfb5f39d91e4adee325d1dda7edfeb9d4bdd1a42 -s myproxy.cern.ch
 output : username: dfb5f39d91e4adee325d1dda7edfeb9d4bdd1a42
owner: /DC=ch/DC=cern/OU=Organic Units/OU=Users/CN=ecannaer/CN=832417/CN=Ethan Cannaert
  renewal policy: /DC=ch/DC=cern/OU=computers/CN=vocms0105.cern.ch|/DC=ch/DC=cern/OU=computers/CN=crab-(preprod|prod|dev)-tw(02|01).cern.ch|/DC=ch/DC=cern/OU=computers/CN=(ddi|ddidk|mytw).cern.ch|/DC=ch/DC=cern/OU=computers/CN=stefanov(m|m2).cern.ch
  trusted retrieval policy: /DC=ch/DC=cern/OU=computers/CN=vocms0105.cern.ch|/DC=ch/DC=cern/OU=computers/CN=crab-(preprod|prod|dev)-tw(02|01).cern.ch|/DC=ch/DC=cern/OU=computers/CN=(ddi|ddidk|mytw).cern.ch|/DC=ch/DC=cern/OU=computers/CN=stefanov(m|m2).cern.ch
  timeleft: 690:14:51  (28.8 days)

 error: 
 retcode : 0
DEBUG 2020-09-09 06:19:23.252 UTC: 	 Myproxy is valid: 2484891
DEBUG 2020-09-09 06:19:23.252 UTC: 	 Retrieving username ...
DEBUG 2020-09-09 06:19:23.252 UTC: 	 Retrieving username from CRIC...
DEBUG 2020-09-09 06:19:24.434 UTC: 	 username is ecannaer
DEBUG 2020-09-09 06:19:24.438 UTC: 	 Getting myproxy life time left for myproxy.cern.ch
DEBUG 2020-09-09 06:19:24.438 UTC: 	 using ecannaer_CRAB as credential login name
DEBUG 2020-09-09 06:19:25.243 UTC: 	 Executing : 
 command : myproxy-info -l ecannaer_CRAB -s myproxy.cern.ch
 output : username: ecannaer_CRAB
owner: /DC=ch/DC=cern/OU=Organic Units/OU=Users/CN=ecannaer/CN=832417/CN=Ethan Cannaert
  renewal policy: /DC=ch/DC=cern/OU=computers/CN=vocms0105.cern.ch|/DC=ch/DC=cern/OU=computers/CN=crab-(preprod|prod|dev)-tw(02|01).cern.ch|/DC=ch/DC=cern/OU=computers/CN=(ddi|ddidk|mytw).cern.ch|/DC=ch/DC=cern/OU=computers/CN=stefanov(m|m2).cern.ch
  trusted retrieval policy: /DC=ch/DC=cern/OU=computers/CN=vocms0105.cern.ch|/DC=ch/DC=cern/OU=computers/CN=crab-(preprod|prod|dev)-tw(02|01).cern.ch|/DC=ch/DC=cern/OU=computers/CN=(ddi|ddidk|mytw).cern.ch|/DC=ch/DC=cern/OU=computers/CN=stefanov(m|m2).cern.ch
  timeleft: 690:15:00  (28.8 days)

 error: 
 retcode : 0
DEBUG 2020-09-09 06:19:25.243 UTC: 	 Myproxy is valid: 2484900
DEBUG 2020-09-09 06:19:25.244 UTC: 	 Command use: status
DEBUG 2020-09-09 06:19:25.244 UTC: 	 Options use: ['-d', 'crab_projects/crab_semilept_ttbar_QCD_background_06']
DEBUG 2020-09-09 06:19:25.811 UTC: 	 CRABClient version: v3.200812
DEBUG 2020-09-09 06:19:25.811 UTC: 	 Instance is prod
DEBUG 2020-09-09 06:19:25.811 UTC: 	 Server base url is cmsweb.cern.ch
DEBUG 2020-09-09 06:19:25.811 UTC: 	 Command url /crabserver/prod/workflow
DEBUG 2020-09-09 06:19:26.389 UTC: 	 Got information from server oracle database: {u'result': [u'200909_061740:ecannaer_crab_semilept_ttbar_QCD_background_06', u'None', u'None', u'SUBMITTED', u'SUBMIT', u'2020-09-09 06:17:40.358945', u'None', u'2020-09-09 06:18:35.164618', u'None', u'CMSSW_10_2_4_patch1', u'slc7_amd64_gcc700', u'/TTToSemiLeptonic_TuneCP5_13TeV-powheg-pythia8/RunIIAutumn18MiniAOD-102X_upgrade2018_realistic_v15-v1/MINIAODSIM', u'F', u'0', u'[]', u'[]', u'Automatic', u"{'splitOnRun': False, 'minutes_per_job': 480, 'halt_job_on_file_boundaries': False, 'runs': [], 'lumis': []}", u'a214dc3cfc307713ae5b9dfb70d857762fe921ff9ef73e759f644f663ffb4931.tar.gz', u'https://cmsweb.cern.ch/crabcache', u'ecannaer', u'/DC=ch/DC=cern/OU=Organic Units/OU=Users/CN=ecannaer/CN=832417/CN=Ethan Cannaert', u'cms', u'None', u'None', u'semilept_ttbar_QCD_background-00000000000000000000000000000000', u'F', u'T3_US_FNALLPC', u'https://cmsweb.cern.ch/dbs/prod/global/DBSReader', u'https://cmsweb.cern.ch/dbs/prod/phys03/DBSWriter', u'F', u'[]', u"['QCD_ttbar_test.root']", u'[]', u'Analysis', u'pythia', u'None', u'{}', u'[]', u'F', u'crab-prod-tw01', u'[]', u'1250', u'1', u'2000', u'10', u'None', u'[]', u'http://vocms0198.cern.ch/mon/cms838/200909_061740:ecannaer_crab_semilept_ttbar_QCD_background_06', u'None', u'[]', u'[]', u'https://cmsweb.cern.ch/crabserver/prod', u'cmsgwms-collector-global.cern.ch:9620,cmsgwms-collector-global.fnal.gov', u'crab3@vocms0198.cern.ch', u'F', u'[]', u'T', u'/store/user/ecannaer/', u'F', u'None', u'F', u'None', u'TTToSemiLeptonic_TuneCP5_13TeV-powheg-pythia8', u'None', u'3f4c4402c61b262c8edcd1acae94b09ff256ea247461982f68c45eeef1fb7113.tar.gz', u'52661171', u'filetransfers', u'F', u'131.225.189.149', u'0.0', u'None'], u'desc': {u'columns': [u'tm_taskname', u'tm_activity', u'panda_jobset_id', u'tm_task_status', u'tm_task_command', u'tm_start_time', u'tm_start_injection', u'tm_end_injection', u'tm_task_failure', u'tm_job_sw', u'tm_job_arch', u'tm_input_dataset', u'tm_nonvalid_input_dataset', u'tm_use_parent', u'tm_site_whitelist', u'tm_site_blacklist', u'tm_split_algo', u'tm_split_args', u'tm_user_sandbox', u'tm_cache_url', u'tm_username', u'tm_user_dn', u'tm_user_vo', u'tm_user_role', u'tm_user_group', u'tm_publish_name', u'tm_publish_groupname', u'tm_asyncdest', u'tm_dbs_url', u'tm_publish_dbs_url', u'tm_publication', u'tm_outfiles', u'tm_tfile_outfiles', u'tm_edm_outfiles', u'tm_job_type', u'tm_generator', u'tm_events_per_lumi', u'tm_arguments', u'panda_resubmitted_jobs', u'tm_save_logs', u'tw_name', u'tm_user_infiles', u'tm_maxjobruntime', u'tm_numcores', u'tm_maxmemory', u'tm_priority', u'tm_output_dataset', u'tm_task_warnings', u'tm_user_webdir', u'tm_scriptexe', u'tm_scriptargs', u'tm_extrajdl', u'tm_asourl', u'tm_collector', u'tm_schedd', u'tm_dry_run', u'tm_user_files', u'tm_transfer_outputs', u'tm_output_lfn', u'tm_ignore_locality', u'tm_fail_limit', u'tm_one_event_mode', u'tm_secondary_input_dataset', u'tm_primary_dataset', u'tm_last_publication', u'tm_debug_files', u'clusterid', u'tm_asodb', u'tm_ignore_global_blacklist', u'tm_submitter_ip_addr', u'tm_totalunits', u'tm_ddm_reqid']}}
INFO 2020-09-09 06:19:26.389 UTC: 	 CRAB project directory:		/uscms_data/d3/cannaert/src/thrust/CMSSW_10_2_4_patch1/src/crab_projects/crab_semilept_ttbar_QCD_background_06
INFO 2020-09-09 06:19:26.390 UTC: 	 Task name:			200909_061740:ecannaer_crab_semilept_ttbar_QCD_background_06
INFO 2020-09-09 06:19:26.390 UTC: 	 Grid scheduler - Task Worker:	crab3@vocms0198.cern.ch - crab-prod-tw01
INFO 2020-09-09 06:19:26.390 UTC: 	 Status on the CRAB server:	SUBMITTED
INFO 2020-09-09 06:19:26.390 UTC: 	 Task URL to use for HELP:	https://cmsweb.cern.ch/crabserver/ui/task/200909_061740%3Aecannaer_crab_semilept_ttbar_QCD_background_06
INFO 2020-09-09 06:19:26.395 UTC: 	 Dashboard monitoring URL:	https://monit-grafana.cern.ch/d/cmsTMDetail/cms-task-monitoring-task-view?orgId=11&var-user=ecannaer&var-task=200909_061740%3Aecannaer_crab_semilept_ttbar_QCD_background_06&from=1599632260000&to=now
INFO 2020-09-09 06:19:26.395 UTC: 	 In case of issues with the dashboard, please provide feedback to hn-cms-computing-tools@cern.ch
DEBUG 2020-09-09 06:19:26.395 UTC: 	 The CRAB server submitted your task to the Grid scheduler (cluster ID: 52661171)
DEBUG 2020-09-09 06:19:26.395 UTC: 	 Webdir is located at http://vocms0198.cern.ch/mon/cms838/200909_061740:ecannaer_crab_semilept_ttbar_QCD_background_06
DEBUG 2020-09-09 06:19:27.005 UTC: 	 Proxied webdir is located at https://cmsweb.cern.ch/scheddmon/0198/cms838/200909_061740:ecannaer_crab_semilept_ttbar_QCD_background_06
DEBUG 2020-09-09 06:19:27.005 UTC: 	 Retrieving 'status_cache' file from https://cmsweb.cern.ch/scheddmon/0198/cms838/200909_061740:ecannaer_crab_semilept_ttbar_QCD_background_06/status_cache
INFO 2020-09-09 06:19:27.554 UTC: 	 Waiting for the Grid scheduler to report back the status of your task
ERROR 2020-09-09 06:19:27.554 UTC: 	 Cannot retrieve the status_cache file. Maybe the task process has not run yet? Got:
url=https://cmsweb.cern.ch/scheddmon/0198/cms838/200909_061740:ecannaer_crab_semilept_ttbar_QCD_background_06/status_cache, code=403, reason=Forbidden, headers={'Content-Length': '368', 'Set-Cookie': 'cms-auth=1b578dd18138cdc8107b49a793679340cc90372e51b213f59b143a5b2546cd920bf4624eb7eb05cd;path=/;secure;httponly;expires=Thu, 01-Jan-1970 00:00:01 GMT', 'Server': 'Apache/2.4.6 (CentOS)', 'Date': 'Wed, 09 Sep 2020 06:19:27 GMT', 'Content-Type': 'text/html; charset=iso-8859-1', 'CMS-Server-Time': 'D=3941 t=1599632367497517'}
ERROR 2020-09-09 06:19:27.554 UTC: 	 url=https://cmsweb.cern.ch/scheddmon/0198/cms838/200909_061740:ecannaer_crab_semilept_ttbar_QCD_background_06/status_cache, code=403, reason=Forbidden, headers={'Content-Length': '368', 'Set-Cookie': 'cms-auth=1b578dd18138cdc8107b49a793679340cc90372e51b213f59b143a5b2546cd920bf4624eb7eb05cd;path=/;secure;httponly;expires=Thu, 01-Jan-1970 00:00:01 GMT', 'Server': 'Apache/2.4.6 (CentOS)', 'Date': 'Wed, 09 Sep 2020 06:19:27 GMT', 'Content-Type': 'text/html; charset=iso-8859-1', 'CMS-Server-Time': 'D=3941 t=1599632367497517'}
Traceback (most recent call last):
  File "/cvmfs/cms.cern.ch/share/cms/crab-prod/v3.200812.00/lib/CRABClient/Commands/status.py", line 117, in __call__
    statusCacheData = getDataFromURL(url, self.proxyfilename)
  File "/cvmfs/cms.cern.ch/share/cms/crab-prod/v3.200812.00/lib/CRABClient/UserUtilities.py", line 163, in getDataFromURL
    capath=HTTPRequests.getCACertPath())
  File "/cvmfs/cms.cern.ch/share/cms/crab-prod/v3.200812.00/lib/WMCore/Services/pycurl_manager.py", line 280, in request
    raise exc
HTTPException: url=https://cmsweb.cern.ch/scheddmon/0198/cms838/200909_061740:ecannaer_crab_semilept_ttbar_QCD_background_06/status_cache, code=403, reason=Forbidden, headers={'Content-Length': '368', 'Set-Cookie': 'cms-auth=1b578dd18138cdc8107b49a793679340cc90372e51b213f59b143a5b2546cd920bf4624eb7eb05cd;path=/;secure;httponly;expires=Thu, 01-Jan-1970 00:00:01 GMT', 'Server': 'Apache/2.4.6 (CentOS)', 'Date': 'Wed, 09 Sep 2020 06:19:27 GMT', 'Content-Type': 'text/html; charset=iso-8859-1', 'CMS-Server-Time': 'D=3941 t=1599632367497517'}
INFO 2020-09-09 06:19:27.559 UTC: 	 Log file is /uscms_data/d3/cannaert/src/thrust/CMSSW_10_2_4_patch1/src/crab_projects/crab_semilept_ttbar_QCD_background_06/crab.log
DEBUG 2020-09-09 06:22:09.407 UTC: 	 CRAB Client version: v3.200812
DEBUG 2020-09-09 06:22:09.407 UTC: 	 Running on: Linux cmslpc140.fnal.gov 3.10.0-1127.10.1.el7.x86_64 #1 SMP Tue Jun 2 10:05:57 CDT 2020 x86_64 x86_64 x86_64 GNU/Linux - Scientific Linux 7.8 (Nitrogen)
DEBUG 2020-09-09 06:22:09.407 UTC: 	 Executing command: 'status'
DEBUG 2020-09-09 06:22:09.412 UTC: 	 Found CRAB cache file /uscms/home/cannaert/.crab3
DEBUG 2020-09-09 06:22:09.448 UTC: 	 Checking credentials
DEBUG 2020-09-09 06:22:09.452 UTC: 	 Found proxy file /uscms/home/cannaert/x509up_u54552
DEBUG 2020-09-09 06:22:09.452 UTC: 	 Getting proxy life time left
DEBUG 2020-09-09 06:22:09.554 UTC: 	 Executing : 
 command : voms-proxy-info -file /uscms/home/cannaert/x509up_u54552 -timeleft
 output : 33163

 error: 
 retcode : 0
DEBUG 2020-09-09 06:22:09.656 UTC: 	 Executing : 
 command : voms-proxy-info -file /uscms/home/cannaert/x509up_u54552 -actimeleft
 output : 33163

 error: 
 retcode : 0
DEBUG 2020-09-09 06:22:09.657 UTC: 	 Proxy valid for 09:12:43 hours
DEBUG 2020-09-09 06:22:10.249 UTC: 	 Registering user credentials for server /DC=ch/DC=cern/OU=computers/CN=vocms0105.cern.ch|/DC=ch/DC=cern/OU=computers/CN=crab-(preprod|prod|dev)-tw(02|01).cern.ch|/DC=ch/DC=cern/OU=computers/CN=(ddi|ddidk|mytw).cern.ch|/DC=ch/DC=cern/OU=computers/CN=stefanov(m|m2).cern.ch
DEBUG 2020-09-09 06:22:10.354 UTC: 	 Executing : 
 command : voms-proxy-info -file /uscms/home/cannaert/x509up_u54552 -identity
 output : /DC=ch/DC=cern/OU=Organic Units/OU=Users/CN=ecannaer/CN=832417/CN=Ethan Cannaert

 error: 
 retcode : 0
DEBUG 2020-09-09 06:22:10.354 UTC: 	 Getting myproxy life time left for myproxy.cern.ch
DEBUG 2020-09-09 06:22:10.354 UTC: 	 Calculating hash of /DC=ch/DC=cern/OU=Organic Units/OU=Users/CN=ecannaer/CN=832417/CN=Ethan Cannaert_cmsweb.cern.ch for credential name
DEBUG 2020-09-09 06:22:11.258 UTC: 	 Executing : 
 command : myproxy-info -l dfb5f39d91e4adee325d1dda7edfeb9d4bdd1a42 -s myproxy.cern.ch
 output : username: dfb5f39d91e4adee325d1dda7edfeb9d4bdd1a42
owner: /DC=ch/DC=cern/OU=Organic Units/OU=Users/CN=ecannaer/CN=832417/CN=Ethan Cannaert
  renewal policy: /DC=ch/DC=cern/OU=computers/CN=vocms0105.cern.ch|/DC=ch/DC=cern/OU=computers/CN=crab-(preprod|prod|dev)-tw(02|01).cern.ch|/DC=ch/DC=cern/OU=computers/CN=(ddi|ddidk|mytw).cern.ch|/DC=ch/DC=cern/OU=computers/CN=stefanov(m|m2).cern.ch
  trusted retrieval policy: /DC=ch/DC=cern/OU=computers/CN=vocms0105.cern.ch|/DC=ch/DC=cern/OU=computers/CN=crab-(preprod|prod|dev)-tw(02|01).cern.ch|/DC=ch/DC=cern/OU=computers/CN=(ddi|ddidk|mytw).cern.ch|/DC=ch/DC=cern/OU=computers/CN=stefanov(m|m2).cern.ch
  timeleft: 690:12:03  (28.8 days)

 error: 
 retcode : 0
DEBUG 2020-09-09 06:22:11.259 UTC: 	 Myproxy is valid: 2484723
DEBUG 2020-09-09 06:22:11.260 UTC: 	 Retrieving username ...
DEBUG 2020-09-09 06:22:11.260 UTC: 	 Retrieving username from CRIC...
DEBUG 2020-09-09 06:22:12.807 UTC: 	 username is ecannaer
DEBUG 2020-09-09 06:22:12.811 UTC: 	 Getting myproxy life time left for myproxy.cern.ch
DEBUG 2020-09-09 06:22:12.811 UTC: 	 using ecannaer_CRAB as credential login name
DEBUG 2020-09-09 06:22:13.616 UTC: 	 Executing : 
 command : myproxy-info -l ecannaer_CRAB -s myproxy.cern.ch
 output : username: ecannaer_CRAB
owner: /DC=ch/DC=cern/OU=Organic Units/OU=Users/CN=ecannaer/CN=832417/CN=Ethan Cannaert
  renewal policy: /DC=ch/DC=cern/OU=computers/CN=vocms0105.cern.ch|/DC=ch/DC=cern/OU=computers/CN=crab-(preprod|prod|dev)-tw(02|01).cern.ch|/DC=ch/DC=cern/OU=computers/CN=(ddi|ddidk|mytw).cern.ch|/DC=ch/DC=cern/OU=computers/CN=stefanov(m|m2).cern.ch
  trusted retrieval policy: /DC=ch/DC=cern/OU=computers/CN=vocms0105.cern.ch|/DC=ch/DC=cern/OU=computers/CN=crab-(preprod|prod|dev)-tw(02|01).cern.ch|/DC=ch/DC=cern/OU=computers/CN=(ddi|ddidk|mytw).cern.ch|/DC=ch/DC=cern/OU=computers/CN=stefanov(m|m2).cern.ch
  timeleft: 690:12:12  (28.8 days)

 error: 
 retcode : 0
DEBUG 2020-09-09 06:22:13.616 UTC: 	 Myproxy is valid: 2484732
DEBUG 2020-09-09 06:22:13.617 UTC: 	 Command use: status
DEBUG 2020-09-09 06:22:13.617 UTC: 	 Options use: ['-d', 'crab_projects/crab_semilept_ttbar_QCD_background_06']
DEBUG 2020-09-09 06:22:14.195 UTC: 	 CRABClient version: v3.200812
DEBUG 2020-09-09 06:22:14.195 UTC: 	 Instance is prod
DEBUG 2020-09-09 06:22:14.195 UTC: 	 Server base url is cmsweb.cern.ch
DEBUG 2020-09-09 06:22:14.195 UTC: 	 Command url /crabserver/prod/workflow
DEBUG 2020-09-09 06:22:14.846 UTC: 	 Got information from server oracle database: {u'result': [u'200909_061740:ecannaer_crab_semilept_ttbar_QCD_background_06', u'None', u'None', u'SUBMITTED', u'SUBMIT', u'2020-09-09 06:17:40.358945', u'None', u'2020-09-09 06:18:35.164618', u'None', u'CMSSW_10_2_4_patch1', u'slc7_amd64_gcc700', u'/TTToSemiLeptonic_TuneCP5_13TeV-powheg-pythia8/RunIIAutumn18MiniAOD-102X_upgrade2018_realistic_v15-v1/MINIAODSIM', u'F', u'0', u'[]', u'[]', u'Automatic', u"{'splitOnRun': False, 'minutes_per_job': 480, 'halt_job_on_file_boundaries': False, 'runs': [], 'lumis': []}", u'a214dc3cfc307713ae5b9dfb70d857762fe921ff9ef73e759f644f663ffb4931.tar.gz', u'https://cmsweb.cern.ch/crabcache', u'ecannaer', u'/DC=ch/DC=cern/OU=Organic Units/OU=Users/CN=ecannaer/CN=832417/CN=Ethan Cannaert', u'cms', u'None', u'None', u'semilept_ttbar_QCD_background-00000000000000000000000000000000', u'F', u'T3_US_FNALLPC', u'https://cmsweb.cern.ch/dbs/prod/global/DBSReader', u'https://cmsweb.cern.ch/dbs/prod/phys03/DBSWriter', u'F', u'[]', u"['QCD_ttbar_test.root']", u'[]', u'Analysis', u'pythia', u'None', u'{}', u'[]', u'F', u'crab-prod-tw01', u'[]', u'1250', u'1', u'2000', u'10', u'None', u'[]', u'http://vocms0198.cern.ch/mon/cms838/200909_061740:ecannaer_crab_semilept_ttbar_QCD_background_06', u'None', u'[]', u'[]', u'https://cmsweb.cern.ch/crabserver/prod', u'cmsgwms-collector-global.cern.ch:9620,cmsgwms-collector-global.fnal.gov', u'crab3@vocms0198.cern.ch', u'F', u'[]', u'T', u'/store/user/ecannaer/', u'F', u'None', u'F', u'None', u'TTToSemiLeptonic_TuneCP5_13TeV-powheg-pythia8', u'None', u'3f4c4402c61b262c8edcd1acae94b09ff256ea247461982f68c45eeef1fb7113.tar.gz', u'52661171', u'filetransfers', u'F', u'131.225.189.149', u'0.0', u'None'], u'desc': {u'columns': [u'tm_taskname', u'tm_activity', u'panda_jobset_id', u'tm_task_status', u'tm_task_command', u'tm_start_time', u'tm_start_injection', u'tm_end_injection', u'tm_task_failure', u'tm_job_sw', u'tm_job_arch', u'tm_input_dataset', u'tm_nonvalid_input_dataset', u'tm_use_parent', u'tm_site_whitelist', u'tm_site_blacklist', u'tm_split_algo', u'tm_split_args', u'tm_user_sandbox', u'tm_cache_url', u'tm_username', u'tm_user_dn', u'tm_user_vo', u'tm_user_role', u'tm_user_group', u'tm_publish_name', u'tm_publish_groupname', u'tm_asyncdest', u'tm_dbs_url', u'tm_publish_dbs_url', u'tm_publication', u'tm_outfiles', u'tm_tfile_outfiles', u'tm_edm_outfiles', u'tm_job_type', u'tm_generator', u'tm_events_per_lumi', u'tm_arguments', u'panda_resubmitted_jobs', u'tm_save_logs', u'tw_name', u'tm_user_infiles', u'tm_maxjobruntime', u'tm_numcores', u'tm_maxmemory', u'tm_priority', u'tm_output_dataset', u'tm_task_warnings', u'tm_user_webdir', u'tm_scriptexe', u'tm_scriptargs', u'tm_extrajdl', u'tm_asourl', u'tm_collector', u'tm_schedd', u'tm_dry_run', u'tm_user_files', u'tm_transfer_outputs', u'tm_output_lfn', u'tm_ignore_locality', u'tm_fail_limit', u'tm_one_event_mode', u'tm_secondary_input_dataset', u'tm_primary_dataset', u'tm_last_publication', u'tm_debug_files', u'clusterid', u'tm_asodb', u'tm_ignore_global_blacklist', u'tm_submitter_ip_addr', u'tm_totalunits', u'tm_ddm_reqid']}}
INFO 2020-09-09 06:22:14.846 UTC: 	 CRAB project directory:		/uscms_data/d3/cannaert/src/thrust/CMSSW_10_2_4_patch1/src/crab_projects/crab_semilept_ttbar_QCD_background_06
INFO 2020-09-09 06:22:14.846 UTC: 	 Task name:			200909_061740:ecannaer_crab_semilept_ttbar_QCD_background_06
INFO 2020-09-09 06:22:14.846 UTC: 	 Grid scheduler - Task Worker:	crab3@vocms0198.cern.ch - crab-prod-tw01
INFO 2020-09-09 06:22:14.847 UTC: 	 Status on the CRAB server:	SUBMITTED
INFO 2020-09-09 06:22:14.847 UTC: 	 Task URL to use for HELP:	https://cmsweb.cern.ch/crabserver/ui/task/200909_061740%3Aecannaer_crab_semilept_ttbar_QCD_background_06
INFO 2020-09-09 06:22:14.851 UTC: 	 Dashboard monitoring URL:	https://monit-grafana.cern.ch/d/cmsTMDetail/cms-task-monitoring-task-view?orgId=11&var-user=ecannaer&var-task=200909_061740%3Aecannaer_crab_semilept_ttbar_QCD_background_06&from=1599632260000&to=now
INFO 2020-09-09 06:22:14.851 UTC: 	 In case of issues with the dashboard, please provide feedback to hn-cms-computing-tools@cern.ch
DEBUG 2020-09-09 06:22:14.851 UTC: 	 The CRAB server submitted your task to the Grid scheduler (cluster ID: 52661171)
DEBUG 2020-09-09 06:22:14.851 UTC: 	 Webdir is located at http://vocms0198.cern.ch/mon/cms838/200909_061740:ecannaer_crab_semilept_ttbar_QCD_background_06
DEBUG 2020-09-09 06:22:15.441 UTC: 	 Proxied webdir is located at https://cmsweb.cern.ch/scheddmon/0198/cms838/200909_061740:ecannaer_crab_semilept_ttbar_QCD_background_06
DEBUG 2020-09-09 06:22:15.441 UTC: 	 Retrieving 'status_cache' file from https://cmsweb.cern.ch/scheddmon/0198/cms838/200909_061740:ecannaer_crab_semilept_ttbar_QCD_background_06/status_cache
DEBUG 2020-09-09 06:22:15.999 UTC: 	 Got information from status cache file: {'0-4': {'Retries': 0, 'WallDurations': [0], 'StartTimes': [], 'SubmitTimes': [1599632329.0], 'JobIds': ['52661177.0'], 'EndTimes': [], 'Restarts': 0, 'RecordedSite': False, 'State': 'idle', 'ResidentSetSize': [0], 'TotalUserCpuTimeHistory': [0.0], 'SiteHistory': ['Unknown'], 'TotalSysCpuTimeHistory': [0.0]}, '0-5': {'Retries': 0, 'WallDurations': [0], 'StartTimes': [], 'SubmitTimes': [1599632329.0], 'JobIds': ['52661176.0'], 'EndTimes': [], 'Restarts': 0, 'RecordedSite': False, 'State': 'idle', 'ResidentSetSize': [0], 'TotalUserCpuTimeHistory': [0.0], 'SiteHistory': ['Unknown'], 'TotalSysCpuTimeHistory': [0.0]}, '0-1': {'Retries': 0, 'WallDurations': [0], 'StartTimes': [], 'SubmitTimes': [1599632328.0], 'JobIds': ['52661173.0'], 'EndTimes': [], 'Restarts': 0, 'RecordedSite': False, 'State': 'idle', 'ResidentSetSize': [0], 'TotalUserCpuTimeHistory': [0.0], 'SiteHistory': ['Unknown'], 'TotalSysCpuTimeHistory': [0.0]}, '0-2': {'Retries': 0, 'WallDurations': [0], 'StartTimes': [], 'SubmitTimes': [1599632329.0], 'JobIds': ['52661175.0'], 'EndTimes': [], 'Restarts': 0, 'RecordedSite': False, 'State': 'idle', 'ResidentSetSize': [0], 'TotalUserCpuTimeHistory': [0.0], 'SiteHistory': ['Unknown'], 'TotalSysCpuTimeHistory': [0.0]}, '0-3': {'Retries': 0, 'WallDurations': [0], 'StartTimes': [], 'SubmitTimes': [1599632329.0], 'JobIds': ['52661174.0'], 'EndTimes': [], 'Restarts': 0, 'RecordedSite': False, 'State': 'idle', 'ResidentSetSize': [0], 'TotalUserCpuTimeHistory': [0.0], 'SiteHistory': ['Unknown'], 'TotalSysCpuTimeHistory': [0.0]}}
INFO 2020-09-09 06:22:15.999 UTC: 	 Status on the scheduler:	SUBMITTED
INFO 2020-09-09 06:22:15.999 UTC: 	 
The job splitting of this task is 'Automatic', please refer to this FAQ for a description of the jobs status summary:
https://twiki.cern.ch/twiki/bin/view/CMSPublic/CRAB3FAQ#What_is_the_Automatic_splitting
INFO 2020-09-09 06:22:15.999 UTC: 	 Probe stage log:		https://cmsweb.cern.ch/scheddmon/0198/cms838/200909_061740:ecannaer_crab_semilept_ttbar_QCD_background_06/AutomaticSplitting_Log0.txt
INFO 2020-09-09 06:22:15.999 UTC: 	 
No publication information (publication has been disabled in the CRAB configuration file)
INFO 2020-09-09 06:22:16.003 UTC: 	 Log file is /uscms_data/d3/cannaert/src/thrust/CMSSW_10_2_4_patch1/src/crab_projects/crab_semilept_ttbar_QCD_background_06/crab.log
DEBUG 2020-09-09 14:17:58.707 UTC: 	 CRAB Client version: v3.200812
DEBUG 2020-09-09 14:17:58.707 UTC: 	 Running on: Linux cmslpc140.fnal.gov 3.10.0-1127.10.1.el7.x86_64 #1 SMP Tue Jun 2 10:05:57 CDT 2020 x86_64 x86_64 x86_64 GNU/Linux - Scientific Linux 7.8 (Nitrogen)
DEBUG 2020-09-09 14:17:58.707 UTC: 	 Executing command: 'status'
DEBUG 2020-09-09 14:17:58.718 UTC: 	 Found CRAB cache file /uscms/home/cannaert/.crab3
DEBUG 2020-09-09 14:17:58.778 UTC: 	 Checking credentials
DEBUG 2020-09-09 14:17:58.802 UTC: 	 Found proxy file /uscms/home/cannaert/x509up_u54552
DEBUG 2020-09-09 14:17:58.802 UTC: 	 Getting proxy life time left
DEBUG 2020-09-09 14:17:58.906 UTC: 	 Executing : 
 command : voms-proxy-info -file /uscms/home/cannaert/x509up_u54552 -timeleft
 output : 4614

 error: 
 retcode : 0
DEBUG 2020-09-09 14:17:59.009 UTC: 	 Executing : 
 command : voms-proxy-info -file /uscms/home/cannaert/x509up_u54552 -actimeleft
 output : 4614

 error: 
 retcode : 0
DEBUG 2020-09-09 14:17:59.009 UTC: 	 Proxy valid for 01:16:54 hours
DEBUG 2020-09-09 14:17:59.651 UTC: 	 Registering user credentials for server /DC=ch/DC=cern/OU=computers/CN=vocms0105.cern.ch|/DC=ch/DC=cern/OU=computers/CN=crab-(preprod|prod|dev)-tw(02|01).cern.ch|/DC=ch/DC=cern/OU=computers/CN=(ddi|ddidk|mytw).cern.ch|/DC=ch/DC=cern/OU=computers/CN=stefanov(m|m2).cern.ch
DEBUG 2020-09-09 14:17:59.758 UTC: 	 Executing : 
 command : voms-proxy-info -file /uscms/home/cannaert/x509up_u54552 -identity
 output : /DC=ch/DC=cern/OU=Organic Units/OU=Users/CN=ecannaer/CN=832417/CN=Ethan Cannaert

 error: 
 retcode : 0
DEBUG 2020-09-09 14:17:59.758 UTC: 	 Getting myproxy life time left for myproxy.cern.ch
DEBUG 2020-09-09 14:17:59.758 UTC: 	 Calculating hash of /DC=ch/DC=cern/OU=Organic Units/OU=Users/CN=ecannaer/CN=832417/CN=Ethan Cannaert_cmsweb.cern.ch for credential name
DEBUG 2020-09-09 14:18:00.762 UTC: 	 Executing : 
 command : myproxy-info -l dfb5f39d91e4adee325d1dda7edfeb9d4bdd1a42 -s myproxy.cern.ch
 output : username: dfb5f39d91e4adee325d1dda7edfeb9d4bdd1a42
owner: /DC=ch/DC=cern/OU=Organic Units/OU=Users/CN=ecannaer/CN=832417/CN=Ethan Cannaert
  renewal policy: /DC=ch/DC=cern/OU=computers/CN=vocms0105.cern.ch|/DC=ch/DC=cern/OU=computers/CN=crab-(preprod|prod|dev)-tw(02|01).cern.ch|/DC=ch/DC=cern/OU=computers/CN=(ddi|ddidk|mytw).cern.ch|/DC=ch/DC=cern/OU=computers/CN=stefanov(m|m2).cern.ch
  trusted retrieval policy: /DC=ch/DC=cern/OU=computers/CN=vocms0105.cern.ch|/DC=ch/DC=cern/OU=computers/CN=crab-(preprod|prod|dev)-tw(02|01).cern.ch|/DC=ch/DC=cern/OU=computers/CN=(ddi|ddidk|mytw).cern.ch|/DC=ch/DC=cern/OU=computers/CN=stefanov(m|m2).cern.ch
  timeleft: 682:16:14  (28.4 days)

 error: 
 retcode : 0
DEBUG 2020-09-09 14:18:00.763 UTC: 	 Myproxy is valid: 2456174
DEBUG 2020-09-09 14:18:00.763 UTC: 	 Retrieving username ...
DEBUG 2020-09-09 14:18:00.763 UTC: 	 Retrieving username from CRIC...
DEBUG 2020-09-09 14:18:02.050 UTC: 	 username is ecannaer
DEBUG 2020-09-09 14:18:02.054 UTC: 	 Getting myproxy life time left for myproxy.cern.ch
DEBUG 2020-09-09 14:18:02.054 UTC: 	 using ecannaer_CRAB as credential login name
DEBUG 2020-09-09 14:18:02.960 UTC: 	 Executing : 
 command : myproxy-info -l ecannaer_CRAB -s myproxy.cern.ch
 output : username: ecannaer_CRAB
owner: /DC=ch/DC=cern/OU=Organic Units/OU=Users/CN=ecannaer/CN=832417/CN=Ethan Cannaert
  renewal policy: /DC=ch/DC=cern/OU=computers/CN=vocms0105.cern.ch|/DC=ch/DC=cern/OU=computers/CN=crab-(preprod|prod|dev)-tw(02|01).cern.ch|/DC=ch/DC=cern/OU=computers/CN=(ddi|ddidk|mytw).cern.ch|/DC=ch/DC=cern/OU=computers/CN=stefanov(m|m2).cern.ch
  trusted retrieval policy: /DC=ch/DC=cern/OU=computers/CN=vocms0105.cern.ch|/DC=ch/DC=cern/OU=computers/CN=crab-(preprod|prod|dev)-tw(02|01).cern.ch|/DC=ch/DC=cern/OU=computers/CN=(ddi|ddidk|mytw).cern.ch|/DC=ch/DC=cern/OU=computers/CN=stefanov(m|m2).cern.ch
  timeleft: 682:16:23  (28.4 days)

 error: 
 retcode : 0
DEBUG 2020-09-09 14:18:02.960 UTC: 	 Myproxy is valid: 2456183
DEBUG 2020-09-09 14:18:02.961 UTC: 	 Command use: status
DEBUG 2020-09-09 14:18:02.961 UTC: 	 Options use: ['-d', 'crab_projects/crab_semilept_ttbar_QCD_background_06']
DEBUG 2020-09-09 14:18:03.604 UTC: 	 CRABClient version: v3.200812
DEBUG 2020-09-09 14:18:03.604 UTC: 	 Instance is prod
DEBUG 2020-09-09 14:18:03.604 UTC: 	 Server base url is cmsweb.cern.ch
DEBUG 2020-09-09 14:18:03.604 UTC: 	 Command url /crabserver/prod/workflow
DEBUG 2020-09-09 14:18:04.211 UTC: 	 Got information from server oracle database: {u'result': [u'200909_061740:ecannaer_crab_semilept_ttbar_QCD_background_06', u'None', u'None', u'SUBMITTED', u'SUBMIT', u'2020-09-09 06:17:40.358945', u'None', u'2020-09-09 06:18:35.164618', u'None', u'CMSSW_10_2_4_patch1', u'slc7_amd64_gcc700', u'/TTToSemiLeptonic_TuneCP5_13TeV-powheg-pythia8/RunIIAutumn18MiniAOD-102X_upgrade2018_realistic_v15-v1/MINIAODSIM', u'F', u'0', u'[]', u'[]', u'Automatic', u"{'splitOnRun': False, 'minutes_per_job': 480, 'halt_job_on_file_boundaries': False, 'runs': [], 'lumis': []}", u'a214dc3cfc307713ae5b9dfb70d857762fe921ff9ef73e759f644f663ffb4931.tar.gz', u'https://cmsweb.cern.ch/crabcache', u'ecannaer', u'/DC=ch/DC=cern/OU=Organic Units/OU=Users/CN=ecannaer/CN=832417/CN=Ethan Cannaert', u'cms', u'None', u'None', u'semilept_ttbar_QCD_background-00000000000000000000000000000000', u'F', u'T3_US_FNALLPC', u'https://cmsweb.cern.ch/dbs/prod/global/DBSReader', u'https://cmsweb.cern.ch/dbs/prod/phys03/DBSWriter', u'F', u'[]', u"['QCD_ttbar_test.root']", u'[]', u'Analysis', u'pythia', u'None', u'{}', u'[]', u'F', u'crab-prod-tw01', u'[]', u'1250', u'1', u'2000', u'10', u'None', u'[]', u'http://vocms0198.cern.ch/mon/cms838/200909_061740:ecannaer_crab_semilept_ttbar_QCD_background_06', u'None', u'[]', u'[]', u'https://cmsweb.cern.ch/crabserver/prod', u'cmsgwms-collector-global.cern.ch:9620,cmsgwms-collector-global.fnal.gov', u'crab3@vocms0198.cern.ch', u'F', u'[]', u'T', u'/store/user/ecannaer/', u'F', u'None', u'F', u'None', u'TTToSemiLeptonic_TuneCP5_13TeV-powheg-pythia8', u'None', u'3f4c4402c61b262c8edcd1acae94b09ff256ea247461982f68c45eeef1fb7113.tar.gz', u'52661171', u'filetransfers', u'F', u'131.225.189.149', u'0.0', u'None'], u'desc': {u'columns': [u'tm_taskname', u'tm_activity', u'panda_jobset_id', u'tm_task_status', u'tm_task_command', u'tm_start_time', u'tm_start_injection', u'tm_end_injection', u'tm_task_failure', u'tm_job_sw', u'tm_job_arch', u'tm_input_dataset', u'tm_nonvalid_input_dataset', u'tm_use_parent', u'tm_site_whitelist', u'tm_site_blacklist', u'tm_split_algo', u'tm_split_args', u'tm_user_sandbox', u'tm_cache_url', u'tm_username', u'tm_user_dn', u'tm_user_vo', u'tm_user_role', u'tm_user_group', u'tm_publish_name', u'tm_publish_groupname', u'tm_asyncdest', u'tm_dbs_url', u'tm_publish_dbs_url', u'tm_publication', u'tm_outfiles', u'tm_tfile_outfiles', u'tm_edm_outfiles', u'tm_job_type', u'tm_generator', u'tm_events_per_lumi', u'tm_arguments', u'panda_resubmitted_jobs', u'tm_save_logs', u'tw_name', u'tm_user_infiles', u'tm_maxjobruntime', u'tm_numcores', u'tm_maxmemory', u'tm_priority', u'tm_output_dataset', u'tm_task_warnings', u'tm_user_webdir', u'tm_scriptexe', u'tm_scriptargs', u'tm_extrajdl', u'tm_asourl', u'tm_collector', u'tm_schedd', u'tm_dry_run', u'tm_user_files', u'tm_transfer_outputs', u'tm_output_lfn', u'tm_ignore_locality', u'tm_fail_limit', u'tm_one_event_mode', u'tm_secondary_input_dataset', u'tm_primary_dataset', u'tm_last_publication', u'tm_debug_files', u'clusterid', u'tm_asodb', u'tm_ignore_global_blacklist', u'tm_submitter_ip_addr', u'tm_totalunits', u'tm_ddm_reqid']}}
INFO 2020-09-09 14:18:04.212 UTC: 	 CRAB project directory:		/uscms_data/d3/cannaert/src/thrust/CMSSW_10_2_4_patch1/src/crab_projects/crab_semilept_ttbar_QCD_background_06
INFO 2020-09-09 14:18:04.212 UTC: 	 Task name:			200909_061740:ecannaer_crab_semilept_ttbar_QCD_background_06
INFO 2020-09-09 14:18:04.212 UTC: 	 Grid scheduler - Task Worker:	crab3@vocms0198.cern.ch - crab-prod-tw01
INFO 2020-09-09 14:18:04.212 UTC: 	 Status on the CRAB server:	SUBMITTED
INFO 2020-09-09 14:18:04.212 UTC: 	 Task URL to use for HELP:	https://cmsweb.cern.ch/crabserver/ui/task/200909_061740%3Aecannaer_crab_semilept_ttbar_QCD_background_06
INFO 2020-09-09 14:18:04.216 UTC: 	 Dashboard monitoring URL:	https://monit-grafana.cern.ch/d/cmsTMDetail/cms-task-monitoring-task-view?orgId=11&var-user=ecannaer&var-task=200909_061740%3Aecannaer_crab_semilept_ttbar_QCD_background_06&from=1599632260000&to=now
INFO 2020-09-09 14:18:04.216 UTC: 	 In case of issues with the dashboard, please provide feedback to hn-cms-computing-tools@cern.ch
DEBUG 2020-09-09 14:18:04.216 UTC: 	 The CRAB server submitted your task to the Grid scheduler (cluster ID: 52661171)
DEBUG 2020-09-09 14:18:04.216 UTC: 	 Webdir is located at http://vocms0198.cern.ch/mon/cms838/200909_061740:ecannaer_crab_semilept_ttbar_QCD_background_06
DEBUG 2020-09-09 14:18:04.829 UTC: 	 Proxied webdir is located at https://cmsweb.cern.ch/scheddmon/0198/cms838/200909_061740:ecannaer_crab_semilept_ttbar_QCD_background_06
DEBUG 2020-09-09 14:18:04.829 UTC: 	 Retrieving 'status_cache' file from https://cmsweb.cern.ch/scheddmon/0198/cms838/200909_061740:ecannaer_crab_semilept_ttbar_QCD_background_06/status_cache
DEBUG 2020-09-09 14:18:05.420 UTC: 	 Got information from status cache file: {'20': {'Retries': 0, 'WallDurations': [9.0, 17371.0], 'StartTimes': [1599634254.0], 'SubmitTimes': [1599634162.0], 'JobIds': ['52661920.0'], 'EndTimes': [1599651625.0], 'Restarts': 0, 'RecordedSite': True, 'State': 'finished', 'ResidentSetSize': [830028], 'TotalUserCpuTimeHistory': [15107], 'SiteHistory': ['Unknown', 'T2_DE_DESY'], 'TotalSysCpuTimeHistory': [426]}, '21': {'Retries': 0, 'WallDurations': [9.0, 18589.0], 'StartTimes': [1599634254.0], 'SubmitTimes': [1599634162.0], 'JobIds': ['52661921.0'], 'EndTimes': [1599652843.0], 'Restarts': 0, 'RecordedSite': True, 'State': 'finished', 'ResidentSetSize': [851512], 'TotalUserCpuTimeHistory': [16141], 'SiteHistory': ['Unknown', 'T2_DE_DESY'], 'TotalSysCpuTimeHistory': [472]}, '22': {'Retries': 0, 'WallDurations': [10.0, 11690.0], 'StartTimes': [1599634252.0], 'SubmitTimes': [1599634163.0], 'JobIds': ['52661922.0'], 'EndTimes': [1599645942.0], 'Restarts': 0, 'RecordedSite': True, 'State': 'finished', 'ResidentSetSize': [847272], 'TotalUserCpuTimeHistory': [10317], 'SiteHistory': ['Unknown', 'T2_DE_DESY'], 'TotalSysCpuTimeHistory': [303]}, '1': {'Retries': 0, 'WallDurations': [9.0, 22886.0], 'StartTimes': [1599634254.0], 'SubmitTimes': [1599634153.0], 'JobIds': ['52661863.0'], 'EndTimes': [1599657140.0], 'Restarts': 0, 'RecordedSite': True, 'State': 'finished', 'ResidentSetSize': [832368], 'TotalUserCpuTimeHistory': [18761], 'SiteHistory': ['Unknown', 'T2_DE_DESY'], 'TotalSysCpuTimeHistory': [1006]}, '3': {'Retries': 0, 'WallDurations': [9.0, 4516.0], 'StartTimes': [1599634251.0], 'SubmitTimes': [1599634153.0], 'JobIds': ['52661865.0'], 'EndTimes': [], 'Restarts': 0, 'RecordedSite': True, 'State': 'running', 'ResidentSetSize': [822012], 'TotalUserCpuTimeHistory': [3598.0], 'SiteHistory': ['Unknown', 'T2_DE_RWTH'], 'TotalSysCpuTimeHistory': [284.0]}, '2': {'Retries': 0, 'WallDurations': [8.0, 15072.0], 'StartTimes': [1599634253.0], 'SubmitTimes': [1599634153.0], 'JobIds': ['52661864.0'], 'EndTimes': [1599649325.0], 'Restarts': 0, 'RecordedSite': True, 'State': 'finished', 'ResidentSetSize': [921096], 'TotalUserCpuTimeHistory': [12880], 'SiteHistory': ['Unknown', 'T2_FR_IPHC'], 'TotalSysCpuTimeHistory': [447]}, '5': {'Retries': 0, 'WallDurations': [8.0, 15235.0], 'StartTimes': [1599634253.0], 'SubmitTimes': [1599634159.0], 'JobIds': ['52661900.0'], 'EndTimes': [1599649488.0], 'Restarts': 0, 'RecordedSite': True, 'State': 'finished', 'ResidentSetSize': [922096], 'TotalUserCpuTimeHistory': [13011], 'SiteHistory': ['Unknown', 'T2_FR_IPHC'], 'TotalSysCpuTimeHistory': [451]}, '4': {'Retries': 0, 'WallDurations': [8.0, 1209.0], 'StartTimes': [1599634253.0], 'SubmitTimes': [1599634154.0], 'JobIds': ['52661866.0'], 'EndTimes': [], 'Restarts': 0, 'RecordedSite': True, 'State': 'running', 'ResidentSetSize': [818128], 'TotalUserCpuTimeHistory': [979.0], 'SiteHistory': ['Unknown', 'T2_DE_RWTH'], 'TotalSysCpuTimeHistory': [82.0]}, '7': {'Retries': 0, 'WallDurations': [9.0, 18744.0], 'StartTimes': [1599634253.0], 'SubmitTimes': [1599634159.0], 'JobIds': ['52661904.0'], 'EndTimes': [1599652997.0], 'Restarts': 0, 'RecordedSite': True, 'State': 'finished', 'ResidentSetSize': [819828], 'TotalUserCpuTimeHistory': [16048], 'SiteHistory': ['Unknown', 'T2_DE_DESY'], 'TotalSysCpuTimeHistory': [462]}, '6': {'Retries': 0, 'WallDurations': [9.0, 23593.0], 'StartTimes': [1599634253.0], 'SubmitTimes': [1599634159.0], 'JobIds': ['52661902.0'], 'EndTimes': [1599657846.0], 'Restarts': 0, 'RecordedSite': True, 'State': 'finished', 'ResidentSetSize': [818160], 'TotalUserCpuTimeHistory': [18995], 'SiteHistory': ['Unknown', 'T2_DE_DESY'], 'TotalSysCpuTimeHistory': [1187]}, '9': {'Retries': 0, 'WallDurations': [9.0, 12983.0], 'StartTimes': [1599634253.0], 'SubmitTimes': [1599634160.0], 'JobIds': ['52661908.0'], 'EndTimes': [1599647236.0], 'Restarts': 0, 'RecordedSite': True, 'State': 'finished', 'ResidentSetSize': [848128], 'TotalUserCpuTimeHistory': [10512], 'SiteHistory': ['Unknown', 'T2_DE_DESY'], 'TotalSysCpuTimeHistory': [315]}, '8': {'Retries': 0, 'WallDurations': [9.0, 23417.0], 'StartTimes': [1599634253.0], 'SubmitTimes': [1599634159.0], 'JobIds': ['52661906.0'], 'EndTimes': [1599657670.0], 'Restarts': 0, 'RecordedSite': True, 'State': 'finished', 'ResidentSetSize': [836904], 'TotalUserCpuTimeHistory': [19199], 'SiteHistory': ['Unknown', 'T2_DE_DESY'], 'TotalSysCpuTimeHistory': [1093]}, '0-4': {'Retries': 0, 'WallDurations': [8.0, 977.0], 'StartTimes': [1599632499.0], 'SubmitTimes': [1599632329.0], 'JobIds': ['52661177.0'], 'EndTimes': [1599633476.0], 'Restarts': 0, 'RecordedSite': True, 'State': 'finished', 'ResidentSetSize': [891428], 'TotalUserCpuTimeHistory': [566], 'SiteHistory': ['Unknown', 'T2_US_Florida'], 'TotalSysCpuTimeHistory': [22]}, '0-5': {'Retries': 0, 'WallDurations': [9.0, 1069.0], 'StartTimes': [1599632516.0], 'SubmitTimes': [1599632329.0], 'JobIds': ['52661176.0'], 'EndTimes': [1599633585.0], 'Restarts': 0, 'RecordedSite': True, 'State': 'finished', 'ResidentSetSize': [718904], 'TotalUserCpuTimeHistory': [623], 'SiteHistory': ['Unknown', 'T2_US_Nebraska'], 'TotalSysCpuTimeHistory': [24]}, '0-1': {'Retries': 0, 'WallDurations': [8.0, 1125.0], 'StartTimes': [1599632498.0], 'SubmitTimes': [1599632328.0], 'JobIds': ['52661173.0'], 'EndTimes': [1599633623.0], 'Restarts': 0, 'RecordedSite': True, 'State': 'finished', 'ResidentSetSize': [819828], 'TotalUserCpuTimeHistory': [693], 'SiteHistory': ['Unknown', 'T2_US_UCSD'], 'TotalSysCpuTimeHistory': [23]}, '0-2': {'Retries': 0, 'WallDurations': [9.0, 1006.0], 'StartTimes': [1599632608.0], 'SubmitTimes': [1599632329.0], 'JobIds': ['52661175.0'], 'EndTimes': [1599633614.0], 'Restarts': 0, 'RecordedSite': True, 'State': 'finished', 'ResidentSetSize': [903260], 'TotalUserCpuTimeHistory': [725], 'SiteHistory': ['Unknown', 'T2_US_Wisconsin'], 'TotalSysCpuTimeHistory': [37]}, '0-3': {'Retries': 0, 'WallDurations': [9.0, 1049.0], 'StartTimes': [1599632495.0], 'SubmitTimes': [1599632329.0], 'JobIds': ['52661174.0'], 'EndTimes': [1599633544.0], 'Restarts': 0, 'RecordedSite': True, 'State': 'finished', 'ResidentSetSize': [896408], 'TotalUserCpuTimeHistory': [476], 'SiteHistory': ['Unknown', 'T2_US_Florida'], 'TotalSysCpuTimeHistory': [14]}, '11': {'Retries': 0, 'WallDurations': [8.0, 17946.0], 'StartTimes': [1599634253.0], 'SubmitTimes': [1599634160.0], 'JobIds': ['52661911.0'], 'EndTimes': [1599652199.0], 'Restarts': 0, 'RecordedSite': True, 'State': 'finished', 'ResidentSetSize': [829088], 'TotalUserCpuTimeHistory': [15710], 'SiteHistory': ['Unknown', 'T2_DE_DESY'], 'TotalSysCpuTimeHistory': [485]}, '10': {'Retries': 0, 'WallDurations': [9.0, 17792.0], 'StartTimes': [1599634254.0], 'SubmitTimes': [1599634160.0], 'JobIds': ['52661910.0'], 'EndTimes': [1599652046.0], 'Restarts': 0, 'RecordedSite': True, 'State': 'finished', 'ResidentSetSize': [844480], 'TotalUserCpuTimeHistory': [15511], 'SiteHistory': ['Unknown', 'T2_DE_DESY'], 'TotalSysCpuTimeHistory': [455]}, '13': {'Retries': 0, 'WallDurations': [9.0, 17948.0], 'StartTimes': [1599634253.0], 'SubmitTimes': [1599634160.0], 'JobIds': ['52661913.0'], 'EndTimes': [1599652201.0], 'Restarts': 0, 'RecordedSite': True, 'State': 'finished', 'ResidentSetSize': [834664], 'TotalUserCpuTimeHistory': [15686], 'SiteHistory': ['Unknown', 'T2_DE_DESY'], 'TotalSysCpuTimeHistory': [460]}, '12': {'Retries': 0, 'WallDurations': [8.0, 18350.0], 'StartTimes': [1599634253.0], 'SubmitTimes': [1599634160.0], 'JobIds': ['52661912.0'], 'EndTimes': [1599652603.0], 'Restarts': 0, 'RecordedSite': True, 'State': 'finished', 'ResidentSetSize': [836300], 'TotalUserCpuTimeHistory': [15898], 'SiteHistory': ['Unknown', 'T2_DE_DESY'], 'TotalSysCpuTimeHistory': [470]}, '15': {'Retries': 0, 'WallDurations': [8.0, 12567.0], 'StartTimes': [1599634253.0], 'SubmitTimes': [1599634161.0], 'JobIds': ['52661915.0'], 'EndTimes': [1599646820.0], 'Restarts': 0, 'RecordedSite': True, 'State': 'finished', 'ResidentSetSize': [839512], 'TotalUserCpuTimeHistory': [10792], 'SiteHistory': ['Unknown', 'T2_DE_DESY'], 'TotalSysCpuTimeHistory': [277]}, '14': {'Retries': 0, 'WallDurations': [9.0, 22301.0], 'StartTimes': [1599634254.0], 'SubmitTimes': [1599634161.0], 'JobIds': ['52661914.0'], 'EndTimes': [1599656555.0], 'Restarts': 0, 'RecordedSite': True, 'State': 'finished', 'ResidentSetSize': [830512], 'TotalUserCpuTimeHistory': [18768], 'SiteHistory': ['Unknown', 'T2_DE_DESY'], 'TotalSysCpuTimeHistory': [1017]}, '17': {'Retries': 0, 'WallDurations': [8.0, 5154.0], 'StartTimes': [1599634253.0], 'SubmitTimes': [1599634161.0], 'JobIds': ['52661917.0'], 'EndTimes': [1599639407.0], 'Restarts': 0, 'RecordedSite': True, 'State': 'failed', 'ResidentSetSize': [856788], 'Error': [8028, 'CmsRunFailure\nCMSSW error message follows.\nFatal Exception\nAn exception of category \'FallbackFileOpenError\' occurred while\n   [0] Calling InputSource::readFile_\n   [1] Calling RootFileSequenceBase::initTheFile()\n   [2] Calling StorageFactory::open()\n   [3] Calling XrdFile::open()\nException Message:\nFailed to open the file \'root://xrootd-cms.infn.it//store/mc/RunIIAutumn18MiniAOD/TTToSemiLeptonic_TuneCP5_13TeV-powheg-pythia8/MINIAODSIM/102X_upgrade2018_realistic_v15-v1/80000/FA89F66F-1243-EE45-9B9A-072B947E573B.root\'\n   Additional Info:\n      [a] dc_open(name=\'dcap://dcache-cms-dcap.desy.de//pnfs/desy.de/cms/tier2/store/mc/RunIIAutumn18MiniAOD/TTToSemiLeptonic_TuneCP5_13TeV-powheg-pythia8/MINIAODSIM/102X_upgrade2018_realistic_v15-v1/80000/FA89F66F-1243-EE45-9B9A-072B947E573B.root\', flags=0x0, permissions=0666) => error \'"No such file or directory"\' (dc_errno=30)\n      [b] Input file dcap://dcache-cms-dcap.desy.de//pnfs/desy.de/cms/tier2/store/mc/RunIIAutumn18MiniAOD/TTToSemiLeptonic_TuneCP5_13TeV-powheg-pythia8/MINIAODSIM/102X_upgrade2018_realistic_v15-v1/80000/FA89F66F-1243-EE45-9B9A-072B947E573B.root could not be opened.\nFallback Input file root://xrootd-cms.infn.it//store/mc/RunIIAutumn18MiniAOD/TTToSemiLeptonic_TuneCP5_13TeV-powheg-pythia8/MINIAODSIM/102X_upgrade2018_realistic_v15-v1/80000/FA89F66F-1243-EE45-9B9A-072B947E573B.root also could not be opened.\nOriginal exception info is above; fallback exception info is below.\n      [c] XrdCl::File::Open(name=\'root://xrootd-cms.infn.it//store/mc/RunIIAutumn18MiniAOD/TTToSemiLeptonic_TuneCP5_13TeV-powheg-pythia8/MINIAODSIM/102X_upgrade2018_realistic_v15-v1/80000/FA89F66F-1243-EE45-9B9A-072B947E573B.root\', flags=0x10, permissions=0660) => error \'[ERROR] Operation expired\' (errno=0, code=206). No additional data servers were found.\n      [d] Last URL tried: root://grid-cms-xrootd.physik.rwth-aachen.de:1094//store/mc/RunIIAutumn18MiniAOD/TTToSemiLeptonic_TuneCP5_13TeV-powheg-pythia8/MINIAODSIM/102X_upgrade2018_realistic_v15-v1/80000/FA89F66F-1243-EE45-9B9A-072B947E573B.root?tried=\n      [e] Problematic data server: grid-cms-xrootd.physik.rwth-aachen.de:1094\n      [f] Disabled source: grid-cms-xrootd.physik.rwth-aachen.de:1094\n', {'type': 'Fatal Exception', 'details': 'An exception of category \'FallbackFileOpenError\' occurred while\n   [0] Calling InputSource::readFile_\n   [1] Calling RootFileSequenceBase::initTheFile()\n   [2] Calling StorageFactory::open()\n   [3] Calling XrdFile::open()\nException Message:\nFailed to open the file \'root://xrootd-cms.infn.it//store/mc/RunIIAutumn18MiniAOD/TTToSemiLeptonic_TuneCP5_13TeV-powheg-pythia8/MINIAODSIM/102X_upgrade2018_realistic_v15-v1/80000/FA89F66F-1243-EE45-9B9A-072B947E573B.root\'\n   Additional Info:\n      [a] dc_open(name=\'dcap://dcache-cms-dcap.desy.de//pnfs/desy.de/cms/tier2/store/mc/RunIIAutumn18MiniAOD/TTToSemiLeptonic_TuneCP5_13TeV-powheg-pythia8/MINIAODSIM/102X_upgrade2018_realistic_v15-v1/80000/FA89F66F-1243-EE45-9B9A-072B947E573B.root\', flags=0x0, permissions=0666) => error \'"No such file or directory"\' (dc_errno=30)\n      [b] Input file dcap://dcache-cms-dcap.desy.de//pnfs/desy.de/cms/tier2/store/mc/RunIIAutumn18MiniAOD/TTToSemiLeptonic_TuneCP5_13TeV-powheg-pythia8/MINIAODSIM/102X_upgrade2018_realistic_v15-v1/80000/FA89F66F-1243-EE45-9B9A-072B947E573B.root could not be opened.\nFallback Input file root://xrootd-cms.infn.it//store/mc/RunIIAutumn18MiniAOD/TTToSemiLeptonic_TuneCP5_13TeV-powheg-pythia8/MINIAODSIM/102X_upgrade2018_realistic_v15-v1/80000/FA89F66F-1243-EE45-9B9A-072B947E573B.root also could not be opened.\nOriginal exception info is above; fallback exception info is below.\n      [c] XrdCl::File::Open(name=\'root://xrootd-cms.infn.it//store/mc/RunIIAutumn18MiniAOD/TTToSemiLeptonic_TuneCP5_13TeV-powheg-pythia8/MINIAODSIM/102X_upgrade2018_realistic_v15-v1/80000/FA89F66F-1243-EE45-9B9A-072B947E573B.root\', flags=0x10, permissions=0660) => error \'[ERROR] Operation expired\' (errno=0, code=206). No additional data servers were found.\n      [d] Last URL tried: root://grid-cms-xrootd.physik.rwth-aachen.de:1094//store/mc/RunIIAutumn18MiniAOD/TTToSemiLeptonic_TuneCP5_13TeV-powheg-pythia8/MINIAODSIM/102X_upgrade2018_realistic_v15-v1/80000/FA89F66F-1243-EE45-9B9A-072B947E573B.root?tried=\n      [e] Problematic data server: grid-cms-xrootd.physik.rwth-aachen.de:1094\n      [f] Disabled source: grid-cms-xrootd.physik.rwth-aachen.de:1094', 'exitCode': 8028}], 'TotalUserCpuTimeHistory': [4102], 'SiteHistory': ['Unknown', 'T2_DE_DESY'], 'TotalSysCpuTimeHistory': [115]}, '16': {'Retries': 0, 'WallDurations': [8.0, 13044.0], 'StartTimes': [1599634253.0], 'SubmitTimes': [1599634161.0], 'JobIds': ['52661916.0'], 'EndTimes': [1599647297.0], 'Restarts': 0, 'RecordedSite': True, 'State': 'finished', 'ResidentSetSize': [886968], 'TotalUserCpuTimeHistory': [10714], 'SiteHistory': ['Unknown', 'T2_DE_DESY'], 'TotalSysCpuTimeHistory': [316]}, '19': {'Retries': 0, 'WallDurations': [8.0, 3912.0], 'StartTimes': [1599634253.0], 'SubmitTimes': [1599634162.0], 'JobIds': ['52661919.0'], 'EndTimes': [], 'Restarts': 0, 'RecordedSite': True, 'State': 'running', 'ResidentSetSize': [821532], 'TotalUserCpuTimeHistory': [2502.0], 'SiteHistory': ['Unknown', 'T2_DE_RWTH'], 'TotalSysCpuTimeHistory': [85.0]}, '18': {'Retries': 0, 'WallDurations': [8.0, 17478.0], 'StartTimes': [1599634253.0], 'SubmitTimes': [1599634162.0], 'JobIds': ['52661918.0'], 'EndTimes': [1599651731.0], 'Restarts': 0, 'RecordedSite': True, 'State': 'finished', 'ResidentSetSize': [829296], 'TotalUserCpuTimeHistory': [15244], 'SiteHistory': ['Unknown', 'T2_DE_DESY'], 'TotalSysCpuTimeHistory': [447]}}
INFO 2020-09-09 14:18:05.420 UTC: 	 Status on the scheduler:	SUBMITTED
INFO 2020-09-09 14:18:05.420 UTC: 	 
The job splitting of this task is 'Automatic', please refer to this FAQ for a description of the jobs status summary:
https://twiki.cern.ch/twiki/bin/view/CMSPublic/CRAB3FAQ#What_is_the_Automatic_splitting
INFO 2020-09-09 14:18:05.420 UTC: 	 
Jobs status:                    finished     		 81.8% (18/22)
INFO 2020-09-09 14:18:05.420 UTC: 	 				rescheduled as tail jobs		  4.5% ( 1/22)
INFO 2020-09-09 14:18:05.421 UTC: 	 				running      		 13.6% ( 3/22)
INFO 2020-09-09 14:18:05.421 UTC: 	 
No publication information (publication has been disabled in the CRAB configuration file)
INFO 2020-09-09 14:18:05.422 UTC: 	 
Summary of run jobs:
 * Memory: 800MB min, 900MB max, 828MB ave
 * Runtime: 0:16:17 min, 6:33:13 max, 4:42:35 ave
 * CPU eff: 82% min, 91% max, 88% ave
 * Waste: 0:02:44 (0% of total)

INFO 2020-09-09 14:18:05.425 UTC: 	 Log file is /uscms_data/d3/cannaert/src/thrust/CMSSW_10_2_4_patch1/src/crab_projects/crab_semilept_ttbar_QCD_background_06/crab.log
DEBUG 2020-09-09 14:35:21.466 UTC: 	 CRAB Client version: v3.200812
DEBUG 2020-09-09 14:35:21.466 UTC: 	 Running on: Linux cmslpc140.fnal.gov 3.10.0-1127.10.1.el7.x86_64 #1 SMP Tue Jun 2 10:05:57 CDT 2020 x86_64 x86_64 x86_64 GNU/Linux - Scientific Linux 7.8 (Nitrogen)
DEBUG 2020-09-09 14:35:21.466 UTC: 	 Executing command: 'status'
DEBUG 2020-09-09 14:35:21.471 UTC: 	 Found CRAB cache file /uscms/home/cannaert/.crab3
DEBUG 2020-09-09 14:35:21.524 UTC: 	 Checking credentials
DEBUG 2020-09-09 14:35:21.529 UTC: 	 Found proxy file /uscms/home/cannaert/x509up_u54552
DEBUG 2020-09-09 14:35:21.529 UTC: 	 Getting proxy life time left
DEBUG 2020-09-09 14:35:21.632 UTC: 	 Executing : 
 command : voms-proxy-info -file /uscms/home/cannaert/x509up_u54552 -timeleft
 output : 3571

 error: 
 retcode : 0
DEBUG 2020-09-09 14:35:21.734 UTC: 	 Executing : 
 command : voms-proxy-info -file /uscms/home/cannaert/x509up_u54552 -actimeleft
 output : 3571

 error: 
 retcode : 0
DEBUG 2020-09-09 14:35:21.735 UTC: 	 Proxy valid for 00:59:31 hours
DEBUG 2020-09-09 14:35:22.347 UTC: 	 Registering user credentials for server /DC=ch/DC=cern/OU=computers/CN=vocms0105.cern.ch|/DC=ch/DC=cern/OU=computers/CN=crab-(preprod|prod|dev)-tw(02|01).cern.ch|/DC=ch/DC=cern/OU=computers/CN=(ddi|ddidk|mytw).cern.ch|/DC=ch/DC=cern/OU=computers/CN=stefanov(m|m2).cern.ch
DEBUG 2020-09-09 14:35:22.454 UTC: 	 Executing : 
 command : voms-proxy-info -file /uscms/home/cannaert/x509up_u54552 -identity
 output : /DC=ch/DC=cern/OU=Organic Units/OU=Users/CN=ecannaer/CN=832417/CN=Ethan Cannaert

 error: 
 retcode : 0
DEBUG 2020-09-09 14:35:22.454 UTC: 	 Getting myproxy life time left for myproxy.cern.ch
DEBUG 2020-09-09 14:35:22.454 UTC: 	 Calculating hash of /DC=ch/DC=cern/OU=Organic Units/OU=Users/CN=ecannaer/CN=832417/CN=Ethan Cannaert_cmsweb.cern.ch for credential name
DEBUG 2020-09-09 14:35:23.761 UTC: 	 Executing : 
 command : myproxy-info -l dfb5f39d91e4adee325d1dda7edfeb9d4bdd1a42 -s myproxy.cern.ch
 output : username: dfb5f39d91e4adee325d1dda7edfeb9d4bdd1a42
owner: /DC=ch/DC=cern/OU=Organic Units/OU=Users/CN=ecannaer/CN=832417/CN=Ethan Cannaert
  renewal policy: /DC=ch/DC=cern/OU=computers/CN=vocms0105.cern.ch|/DC=ch/DC=cern/OU=computers/CN=crab-(preprod|prod|dev)-tw(02|01).cern.ch|/DC=ch/DC=cern/OU=computers/CN=(ddi|ddidk|mytw).cern.ch|/DC=ch/DC=cern/OU=computers/CN=stefanov(m|m2).cern.ch
  trusted retrieval policy: /DC=ch/DC=cern/OU=computers/CN=vocms0105.cern.ch|/DC=ch/DC=cern/OU=computers/CN=crab-(preprod|prod|dev)-tw(02|01).cern.ch|/DC=ch/DC=cern/OU=computers/CN=(ddi|ddidk|mytw).cern.ch|/DC=ch/DC=cern/OU=computers/CN=stefanov(m|m2).cern.ch
  timeleft: 681:58:51  (28.4 days)

 error: 
 retcode : 0
DEBUG 2020-09-09 14:35:23.762 UTC: 	 Myproxy is valid: 2455131
DEBUG 2020-09-09 14:35:23.762 UTC: 	 Retrieving username ...
DEBUG 2020-09-09 14:35:23.762 UTC: 	 Retrieving username from CRIC...
DEBUG 2020-09-09 14:35:25.142 UTC: 	 username is ecannaer
DEBUG 2020-09-09 14:35:25.146 UTC: 	 Getting myproxy life time left for myproxy.cern.ch
DEBUG 2020-09-09 14:35:25.146 UTC: 	 using ecannaer_CRAB as credential login name
DEBUG 2020-09-09 14:35:26.151 UTC: 	 Executing : 
 command : myproxy-info -l ecannaer_CRAB -s myproxy.cern.ch
 output : username: ecannaer_CRAB
owner: /DC=ch/DC=cern/OU=Organic Units/OU=Users/CN=ecannaer/CN=832417/CN=Ethan Cannaert
  renewal policy: /DC=ch/DC=cern/OU=computers/CN=vocms0105.cern.ch|/DC=ch/DC=cern/OU=computers/CN=crab-(preprod|prod|dev)-tw(02|01).cern.ch|/DC=ch/DC=cern/OU=computers/CN=(ddi|ddidk|mytw).cern.ch|/DC=ch/DC=cern/OU=computers/CN=stefanov(m|m2).cern.ch
  trusted retrieval policy: /DC=ch/DC=cern/OU=computers/CN=vocms0105.cern.ch|/DC=ch/DC=cern/OU=computers/CN=crab-(preprod|prod|dev)-tw(02|01).cern.ch|/DC=ch/DC=cern/OU=computers/CN=(ddi|ddidk|mytw).cern.ch|/DC=ch/DC=cern/OU=computers/CN=stefanov(m|m2).cern.ch
  timeleft: 681:58:59  (28.4 days)

 error: 
 retcode : 0
DEBUG 2020-09-09 14:35:26.152 UTC: 	 Myproxy is valid: 2455139
DEBUG 2020-09-09 14:35:26.152 UTC: 	 Command use: status
DEBUG 2020-09-09 14:35:26.152 UTC: 	 Options use: ['-d', 'crab_projects/crab_semilept_ttbar_QCD_background_06']
DEBUG 2020-09-09 14:35:26.832 UTC: 	 CRABClient version: v3.200812
DEBUG 2020-09-09 14:35:26.832 UTC: 	 Instance is prod
DEBUG 2020-09-09 14:35:26.832 UTC: 	 Server base url is cmsweb.cern.ch
DEBUG 2020-09-09 14:35:26.832 UTC: 	 Command url /crabserver/prod/workflow
DEBUG 2020-09-09 14:35:27.437 UTC: 	 Got information from server oracle database: {u'result': [u'200909_061740:ecannaer_crab_semilept_ttbar_QCD_background_06', u'None', u'None', u'SUBMITTED', u'SUBMIT', u'2020-09-09 06:17:40.358945', u'None', u'2020-09-09 06:18:35.164618', u'None', u'CMSSW_10_2_4_patch1', u'slc7_amd64_gcc700', u'/TTToSemiLeptonic_TuneCP5_13TeV-powheg-pythia8/RunIIAutumn18MiniAOD-102X_upgrade2018_realistic_v15-v1/MINIAODSIM', u'F', u'0', u'[]', u'[]', u'Automatic', u"{'splitOnRun': False, 'minutes_per_job': 480, 'halt_job_on_file_boundaries': False, 'runs': [], 'lumis': []}", u'a214dc3cfc307713ae5b9dfb70d857762fe921ff9ef73e759f644f663ffb4931.tar.gz', u'https://cmsweb.cern.ch/crabcache', u'ecannaer', u'/DC=ch/DC=cern/OU=Organic Units/OU=Users/CN=ecannaer/CN=832417/CN=Ethan Cannaert', u'cms', u'None', u'None', u'semilept_ttbar_QCD_background-00000000000000000000000000000000', u'F', u'T3_US_FNALLPC', u'https://cmsweb.cern.ch/dbs/prod/global/DBSReader', u'https://cmsweb.cern.ch/dbs/prod/phys03/DBSWriter', u'F', u'[]', u"['QCD_ttbar_test.root']", u'[]', u'Analysis', u'pythia', u'None', u'{}', u'[]', u'F', u'crab-prod-tw01', u'[]', u'1250', u'1', u'2000', u'10', u'None', u'[]', u'http://vocms0198.cern.ch/mon/cms838/200909_061740:ecannaer_crab_semilept_ttbar_QCD_background_06', u'None', u'[]', u'[]', u'https://cmsweb.cern.ch/crabserver/prod', u'cmsgwms-collector-global.cern.ch:9620,cmsgwms-collector-global.fnal.gov', u'crab3@vocms0198.cern.ch', u'F', u'[]', u'T', u'/store/user/ecannaer/', u'F', u'None', u'F', u'None', u'TTToSemiLeptonic_TuneCP5_13TeV-powheg-pythia8', u'None', u'3f4c4402c61b262c8edcd1acae94b09ff256ea247461982f68c45eeef1fb7113.tar.gz', u'52661171', u'filetransfers', u'F', u'131.225.189.149', u'0.0', u'None'], u'desc': {u'columns': [u'tm_taskname', u'tm_activity', u'panda_jobset_id', u'tm_task_status', u'tm_task_command', u'tm_start_time', u'tm_start_injection', u'tm_end_injection', u'tm_task_failure', u'tm_job_sw', u'tm_job_arch', u'tm_input_dataset', u'tm_nonvalid_input_dataset', u'tm_use_parent', u'tm_site_whitelist', u'tm_site_blacklist', u'tm_split_algo', u'tm_split_args', u'tm_user_sandbox', u'tm_cache_url', u'tm_username', u'tm_user_dn', u'tm_user_vo', u'tm_user_role', u'tm_user_group', u'tm_publish_name', u'tm_publish_groupname', u'tm_asyncdest', u'tm_dbs_url', u'tm_publish_dbs_url', u'tm_publication', u'tm_outfiles', u'tm_tfile_outfiles', u'tm_edm_outfiles', u'tm_job_type', u'tm_generator', u'tm_events_per_lumi', u'tm_arguments', u'panda_resubmitted_jobs', u'tm_save_logs', u'tw_name', u'tm_user_infiles', u'tm_maxjobruntime', u'tm_numcores', u'tm_maxmemory', u'tm_priority', u'tm_output_dataset', u'tm_task_warnings', u'tm_user_webdir', u'tm_scriptexe', u'tm_scriptargs', u'tm_extrajdl', u'tm_asourl', u'tm_collector', u'tm_schedd', u'tm_dry_run', u'tm_user_files', u'tm_transfer_outputs', u'tm_output_lfn', u'tm_ignore_locality', u'tm_fail_limit', u'tm_one_event_mode', u'tm_secondary_input_dataset', u'tm_primary_dataset', u'tm_last_publication', u'tm_debug_files', u'clusterid', u'tm_asodb', u'tm_ignore_global_blacklist', u'tm_submitter_ip_addr', u'tm_totalunits', u'tm_ddm_reqid']}}
INFO 2020-09-09 14:35:27.437 UTC: 	 CRAB project directory:		/uscms_data/d3/cannaert/src/thrust/CMSSW_10_2_4_patch1/src/crab_projects/crab_semilept_ttbar_QCD_background_06
INFO 2020-09-09 14:35:27.437 UTC: 	 Task name:			200909_061740:ecannaer_crab_semilept_ttbar_QCD_background_06
INFO 2020-09-09 14:35:27.437 UTC: 	 Grid scheduler - Task Worker:	crab3@vocms0198.cern.ch - crab-prod-tw01
INFO 2020-09-09 14:35:27.437 UTC: 	 Status on the CRAB server:	SUBMITTED
INFO 2020-09-09 14:35:27.437 UTC: 	 Task URL to use for HELP:	https://cmsweb.cern.ch/crabserver/ui/task/200909_061740%3Aecannaer_crab_semilept_ttbar_QCD_background_06
INFO 2020-09-09 14:35:27.442 UTC: 	 Dashboard monitoring URL:	https://monit-grafana.cern.ch/d/cmsTMDetail/cms-task-monitoring-task-view?orgId=11&var-user=ecannaer&var-task=200909_061740%3Aecannaer_crab_semilept_ttbar_QCD_background_06&from=1599632260000&to=now
INFO 2020-09-09 14:35:27.442 UTC: 	 In case of issues with the dashboard, please provide feedback to hn-cms-computing-tools@cern.ch
DEBUG 2020-09-09 14:35:27.442 UTC: 	 The CRAB server submitted your task to the Grid scheduler (cluster ID: 52661171)
DEBUG 2020-09-09 14:35:27.442 UTC: 	 Webdir is located at http://vocms0198.cern.ch/mon/cms838/200909_061740:ecannaer_crab_semilept_ttbar_QCD_background_06
DEBUG 2020-09-09 14:35:28.067 UTC: 	 Proxied webdir is located at https://cmsweb.cern.ch/scheddmon/0198/cms838/200909_061740:ecannaer_crab_semilept_ttbar_QCD_background_06
DEBUG 2020-09-09 14:35:28.067 UTC: 	 Retrieving 'status_cache' file from https://cmsweb.cern.ch/scheddmon/0198/cms838/200909_061740:ecannaer_crab_semilept_ttbar_QCD_background_06/status_cache
DEBUG 2020-09-09 14:35:28.655 UTC: 	 Got information from status cache file: {'20': {'Retries': 0, 'WallDurations': [9.0, 17371.0], 'StartTimes': [1599634254.0], 'SubmitTimes': [1599634162.0], 'JobIds': ['52661920.0'], 'EndTimes': [1599651625.0], 'Restarts': 0, 'RecordedSite': True, 'State': 'finished', 'ResidentSetSize': [830028], 'TotalUserCpuTimeHistory': [15107], 'SiteHistory': ['Unknown', 'T2_DE_DESY'], 'TotalSysCpuTimeHistory': [426]}, '21': {'Retries': 0, 'WallDurations': [9.0, 18589.0], 'StartTimes': [1599634254.0], 'SubmitTimes': [1599634162.0], 'JobIds': ['52661921.0'], 'EndTimes': [1599652843.0], 'Restarts': 0, 'RecordedSite': True, 'State': 'finished', 'ResidentSetSize': [851512], 'TotalUserCpuTimeHistory': [16141], 'SiteHistory': ['Unknown', 'T2_DE_DESY'], 'TotalSysCpuTimeHistory': [472]}, '22': {'Retries': 0, 'WallDurations': [10.0, 11690.0], 'StartTimes': [1599634252.0], 'SubmitTimes': [1599634163.0], 'JobIds': ['52661922.0'], 'EndTimes': [1599645942.0], 'Restarts': 0, 'RecordedSite': True, 'State': 'finished', 'ResidentSetSize': [847272], 'TotalUserCpuTimeHistory': [10317], 'SiteHistory': ['Unknown', 'T2_DE_DESY'], 'TotalSysCpuTimeHistory': [303]}, '1': {'Retries': 0, 'WallDurations': [9.0, 22886.0], 'StartTimes': [1599634254.0], 'SubmitTimes': [1599634153.0], 'JobIds': ['52661863.0'], 'EndTimes': [1599657140.0], 'Restarts': 0, 'RecordedSite': True, 'State': 'finished', 'ResidentSetSize': [832368], 'TotalUserCpuTimeHistory': [18761], 'SiteHistory': ['Unknown', 'T2_DE_DESY'], 'TotalSysCpuTimeHistory': [1006]}, '3': {'Retries': 0, 'WallDurations': [9.0, 4516.0], 'StartTimes': [1599634251.0], 'SubmitTimes': [1599634153.0], 'JobIds': ['52661865.0'], 'EndTimes': [], 'Restarts': 0, 'RecordedSite': True, 'State': 'running', 'ResidentSetSize': [822012], 'TotalUserCpuTimeHistory': [3598.0], 'SiteHistory': ['Unknown', 'T2_DE_RWTH'], 'TotalSysCpuTimeHistory': [284.0]}, '2': {'Retries': 0, 'WallDurations': [8.0, 15072.0], 'StartTimes': [1599634253.0], 'SubmitTimes': [1599634153.0], 'JobIds': ['52661864.0'], 'EndTimes': [1599649325.0], 'Restarts': 0, 'RecordedSite': True, 'State': 'finished', 'ResidentSetSize': [921096], 'TotalUserCpuTimeHistory': [12880], 'SiteHistory': ['Unknown', 'T2_FR_IPHC'], 'TotalSysCpuTimeHistory': [447]}, '5': {'Retries': 0, 'WallDurations': [8.0, 15235.0], 'StartTimes': [1599634253.0], 'SubmitTimes': [1599634159.0], 'JobIds': ['52661900.0'], 'EndTimes': [1599649488.0], 'Restarts': 0, 'RecordedSite': True, 'State': 'finished', 'ResidentSetSize': [922096], 'TotalUserCpuTimeHistory': [13011], 'SiteHistory': ['Unknown', 'T2_FR_IPHC'], 'TotalSysCpuTimeHistory': [451]}, '4': {'Retries': 0, 'WallDurations': [8.0, 1209.0], 'StartTimes': [1599634253.0], 'SubmitTimes': [1599634154.0], 'JobIds': ['52661866.0'], 'EndTimes': [], 'Restarts': 0, 'RecordedSite': True, 'State': 'running', 'ResidentSetSize': [818128], 'TotalUserCpuTimeHistory': [979.0], 'SiteHistory': ['Unknown', 'T2_DE_RWTH'], 'TotalSysCpuTimeHistory': [82.0]}, '7': {'Retries': 0, 'WallDurations': [9.0, 18744.0], 'StartTimes': [1599634253.0], 'SubmitTimes': [1599634159.0], 'JobIds': ['52661904.0'], 'EndTimes': [1599652997.0], 'Restarts': 0, 'RecordedSite': True, 'State': 'finished', 'ResidentSetSize': [819828], 'TotalUserCpuTimeHistory': [16048], 'SiteHistory': ['Unknown', 'T2_DE_DESY'], 'TotalSysCpuTimeHistory': [462]}, '6': {'Retries': 0, 'WallDurations': [9.0, 23593.0], 'StartTimes': [1599634253.0], 'SubmitTimes': [1599634159.0], 'JobIds': ['52661902.0'], 'EndTimes': [1599657846.0], 'Restarts': 0, 'RecordedSite': True, 'State': 'finished', 'ResidentSetSize': [818160], 'TotalUserCpuTimeHistory': [18995], 'SiteHistory': ['Unknown', 'T2_DE_DESY'], 'TotalSysCpuTimeHistory': [1187]}, '9': {'Retries': 0, 'WallDurations': [9.0, 12983.0], 'StartTimes': [1599634253.0], 'SubmitTimes': [1599634160.0], 'JobIds': ['52661908.0'], 'EndTimes': [1599647236.0], 'Restarts': 0, 'RecordedSite': True, 'State': 'finished', 'ResidentSetSize': [848128], 'TotalUserCpuTimeHistory': [10512], 'SiteHistory': ['Unknown', 'T2_DE_DESY'], 'TotalSysCpuTimeHistory': [315]}, '8': {'Retries': 0, 'WallDurations': [9.0, 23417.0], 'StartTimes': [1599634253.0], 'SubmitTimes': [1599634159.0], 'JobIds': ['52661906.0'], 'EndTimes': [1599657670.0], 'Restarts': 0, 'RecordedSite': True, 'State': 'finished', 'ResidentSetSize': [836904], 'TotalUserCpuTimeHistory': [19199], 'SiteHistory': ['Unknown', 'T2_DE_DESY'], 'TotalSysCpuTimeHistory': [1093]}, '0-4': {'Retries': 0, 'WallDurations': [8.0, 977.0], 'StartTimes': [1599632499.0], 'SubmitTimes': [1599632329.0], 'JobIds': ['52661177.0'], 'EndTimes': [1599633476.0], 'Restarts': 0, 'RecordedSite': True, 'State': 'finished', 'ResidentSetSize': [891428], 'TotalUserCpuTimeHistory': [566], 'SiteHistory': ['Unknown', 'T2_US_Florida'], 'TotalSysCpuTimeHistory': [22]}, '0-5': {'Retries': 0, 'WallDurations': [9.0, 1069.0], 'StartTimes': [1599632516.0], 'SubmitTimes': [1599632329.0], 'JobIds': ['52661176.0'], 'EndTimes': [1599633585.0], 'Restarts': 0, 'RecordedSite': True, 'State': 'finished', 'ResidentSetSize': [718904], 'TotalUserCpuTimeHistory': [623], 'SiteHistory': ['Unknown', 'T2_US_Nebraska'], 'TotalSysCpuTimeHistory': [24]}, '0-1': {'Retries': 0, 'WallDurations': [8.0, 1125.0], 'StartTimes': [1599632498.0], 'SubmitTimes': [1599632328.0], 'JobIds': ['52661173.0'], 'EndTimes': [1599633623.0], 'Restarts': 0, 'RecordedSite': True, 'State': 'finished', 'ResidentSetSize': [819828], 'TotalUserCpuTimeHistory': [693], 'SiteHistory': ['Unknown', 'T2_US_UCSD'], 'TotalSysCpuTimeHistory': [23]}, '0-2': {'Retries': 0, 'WallDurations': [9.0, 1006.0], 'StartTimes': [1599632608.0], 'SubmitTimes': [1599632329.0], 'JobIds': ['52661175.0'], 'EndTimes': [1599633614.0], 'Restarts': 0, 'RecordedSite': True, 'State': 'finished', 'ResidentSetSize': [903260], 'TotalUserCpuTimeHistory': [725], 'SiteHistory': ['Unknown', 'T2_US_Wisconsin'], 'TotalSysCpuTimeHistory': [37]}, '0-3': {'Retries': 0, 'WallDurations': [9.0, 1049.0], 'StartTimes': [1599632495.0], 'SubmitTimes': [1599632329.0], 'JobIds': ['52661174.0'], 'EndTimes': [1599633544.0], 'Restarts': 0, 'RecordedSite': True, 'State': 'finished', 'ResidentSetSize': [896408], 'TotalUserCpuTimeHistory': [476], 'SiteHistory': ['Unknown', 'T2_US_Florida'], 'TotalSysCpuTimeHistory': [14]}, '11': {'Retries': 0, 'WallDurations': [8.0, 17946.0], 'StartTimes': [1599634253.0], 'SubmitTimes': [1599634160.0], 'JobIds': ['52661911.0'], 'EndTimes': [1599652199.0], 'Restarts': 0, 'RecordedSite': True, 'State': 'finished', 'ResidentSetSize': [829088], 'TotalUserCpuTimeHistory': [15710], 'SiteHistory': ['Unknown', 'T2_DE_DESY'], 'TotalSysCpuTimeHistory': [485]}, '10': {'Retries': 0, 'WallDurations': [9.0, 17792.0], 'StartTimes': [1599634254.0], 'SubmitTimes': [1599634160.0], 'JobIds': ['52661910.0'], 'EndTimes': [1599652046.0], 'Restarts': 0, 'RecordedSite': True, 'State': 'finished', 'ResidentSetSize': [844480], 'TotalUserCpuTimeHistory': [15511], 'SiteHistory': ['Unknown', 'T2_DE_DESY'], 'TotalSysCpuTimeHistory': [455]}, '13': {'Retries': 0, 'WallDurations': [9.0, 17948.0], 'StartTimes': [1599634253.0], 'SubmitTimes': [1599634160.0], 'JobIds': ['52661913.0'], 'EndTimes': [1599652201.0], 'Restarts': 0, 'RecordedSite': True, 'State': 'finished', 'ResidentSetSize': [834664], 'TotalUserCpuTimeHistory': [15686], 'SiteHistory': ['Unknown', 'T2_DE_DESY'], 'TotalSysCpuTimeHistory': [460]}, '12': {'Retries': 0, 'WallDurations': [8.0, 18350.0], 'StartTimes': [1599634253.0], 'SubmitTimes': [1599634160.0], 'JobIds': ['52661912.0'], 'EndTimes': [1599652603.0], 'Restarts': 0, 'RecordedSite': True, 'State': 'finished', 'ResidentSetSize': [836300], 'TotalUserCpuTimeHistory': [15898], 'SiteHistory': ['Unknown', 'T2_DE_DESY'], 'TotalSysCpuTimeHistory': [470]}, '15': {'Retries': 0, 'WallDurations': [8.0, 12567.0], 'StartTimes': [1599634253.0], 'SubmitTimes': [1599634161.0], 'JobIds': ['52661915.0'], 'EndTimes': [1599646820.0], 'Restarts': 0, 'RecordedSite': True, 'State': 'finished', 'ResidentSetSize': [839512], 'TotalUserCpuTimeHistory': [10792], 'SiteHistory': ['Unknown', 'T2_DE_DESY'], 'TotalSysCpuTimeHistory': [277]}, '14': {'Retries': 0, 'WallDurations': [9.0, 22301.0], 'StartTimes': [1599634254.0], 'SubmitTimes': [1599634161.0], 'JobIds': ['52661914.0'], 'EndTimes': [1599656555.0], 'Restarts': 0, 'RecordedSite': True, 'State': 'finished', 'ResidentSetSize': [830512], 'TotalUserCpuTimeHistory': [18768], 'SiteHistory': ['Unknown', 'T2_DE_DESY'], 'TotalSysCpuTimeHistory': [1017]}, '17': {'Retries': 0, 'WallDurations': [8.0, 5154.0], 'StartTimes': [1599634253.0], 'SubmitTimes': [1599634161.0], 'JobIds': ['52661917.0'], 'TotalUserCpuTimeHistory': [4102], 'EndTimes': [1599639407.0], 'Restarts': 0, 'RecordedSite': True, 'State': 'failed', 'ResidentSetSize': [856788], 'Error': [8028, 'CmsRunFailure\nCMSSW error message follows.\nFatal Exception\nAn exception of category \'FallbackFileOpenError\' occurred while\n   [0] Calling InputSource::readFile_\n   [1] Calling RootFileSequenceBase::initTheFile()\n   [2] Calling StorageFactory::open()\n   [3] Calling XrdFile::open()\nException Message:\nFailed to open the file \'root://xrootd-cms.infn.it//store/mc/RunIIAutumn18MiniAOD/TTToSemiLeptonic_TuneCP5_13TeV-powheg-pythia8/MINIAODSIM/102X_upgrade2018_realistic_v15-v1/80000/FA89F66F-1243-EE45-9B9A-072B947E573B.root\'\n   Additional Info:\n      [a] dc_open(name=\'dcap://dcache-cms-dcap.desy.de//pnfs/desy.de/cms/tier2/store/mc/RunIIAutumn18MiniAOD/TTToSemiLeptonic_TuneCP5_13TeV-powheg-pythia8/MINIAODSIM/102X_upgrade2018_realistic_v15-v1/80000/FA89F66F-1243-EE45-9B9A-072B947E573B.root\', flags=0x0, permissions=0666) => error \'"No such file or directory"\' (dc_errno=30)\n      [b] Input file dcap://dcache-cms-dcap.desy.de//pnfs/desy.de/cms/tier2/store/mc/RunIIAutumn18MiniAOD/TTToSemiLeptonic_TuneCP5_13TeV-powheg-pythia8/MINIAODSIM/102X_upgrade2018_realistic_v15-v1/80000/FA89F66F-1243-EE45-9B9A-072B947E573B.root could not be opened.\nFallback Input file root://xrootd-cms.infn.it//store/mc/RunIIAutumn18MiniAOD/TTToSemiLeptonic_TuneCP5_13TeV-powheg-pythia8/MINIAODSIM/102X_upgrade2018_realistic_v15-v1/80000/FA89F66F-1243-EE45-9B9A-072B947E573B.root also could not be opened.\nOriginal exception info is above; fallback exception info is below.\n      [c] XrdCl::File::Open(name=\'root://xrootd-cms.infn.it//store/mc/RunIIAutumn18MiniAOD/TTToSemiLeptonic_TuneCP5_13TeV-powheg-pythia8/MINIAODSIM/102X_upgrade2018_realistic_v15-v1/80000/FA89F66F-1243-EE45-9B9A-072B947E573B.root\', flags=0x10, permissions=0660) => error \'[ERROR] Operation expired\' (errno=0, code=206). No additional data servers were found.\n      [d] Last URL tried: root://grid-cms-xrootd.physik.rwth-aachen.de:1094//store/mc/RunIIAutumn18MiniAOD/TTToSemiLeptonic_TuneCP5_13TeV-powheg-pythia8/MINIAODSIM/102X_upgrade2018_realistic_v15-v1/80000/FA89F66F-1243-EE45-9B9A-072B947E573B.root?tried=\n      [e] Problematic data server: grid-cms-xrootd.physik.rwth-aachen.de:1094\n      [f] Disabled source: grid-cms-xrootd.physik.rwth-aachen.de:1094\n', {'type': 'Fatal Exception', 'details': 'An exception of category \'FallbackFileOpenError\' occurred while\n   [0] Calling InputSource::readFile_\n   [1] Calling RootFileSequenceBase::initTheFile()\n   [2] Calling StorageFactory::open()\n   [3] Calling XrdFile::open()\nException Message:\nFailed to open the file \'root://xrootd-cms.infn.it//store/mc/RunIIAutumn18MiniAOD/TTToSemiLeptonic_TuneCP5_13TeV-powheg-pythia8/MINIAODSIM/102X_upgrade2018_realistic_v15-v1/80000/FA89F66F-1243-EE45-9B9A-072B947E573B.root\'\n   Additional Info:\n      [a] dc_open(name=\'dcap://dcache-cms-dcap.desy.de//pnfs/desy.de/cms/tier2/store/mc/RunIIAutumn18MiniAOD/TTToSemiLeptonic_TuneCP5_13TeV-powheg-pythia8/MINIAODSIM/102X_upgrade2018_realistic_v15-v1/80000/FA89F66F-1243-EE45-9B9A-072B947E573B.root\', flags=0x0, permissions=0666) => error \'"No such file or directory"\' (dc_errno=30)\n      [b] Input file dcap://dcache-cms-dcap.desy.de//pnfs/desy.de/cms/tier2/store/mc/RunIIAutumn18MiniAOD/TTToSemiLeptonic_TuneCP5_13TeV-powheg-pythia8/MINIAODSIM/102X_upgrade2018_realistic_v15-v1/80000/FA89F66F-1243-EE45-9B9A-072B947E573B.root could not be opened.\nFallback Input file root://xrootd-cms.infn.it//store/mc/RunIIAutumn18MiniAOD/TTToSemiLeptonic_TuneCP5_13TeV-powheg-pythia8/MINIAODSIM/102X_upgrade2018_realistic_v15-v1/80000/FA89F66F-1243-EE45-9B9A-072B947E573B.root also could not be opened.\nOriginal exception info is above; fallback exception info is below.\n      [c] XrdCl::File::Open(name=\'root://xrootd-cms.infn.it//store/mc/RunIIAutumn18MiniAOD/TTToSemiLeptonic_TuneCP5_13TeV-powheg-pythia8/MINIAODSIM/102X_upgrade2018_realistic_v15-v1/80000/FA89F66F-1243-EE45-9B9A-072B947E573B.root\', flags=0x10, permissions=0660) => error \'[ERROR] Operation expired\' (errno=0, code=206). No additional data servers were found.\n      [d] Last URL tried: root://grid-cms-xrootd.physik.rwth-aachen.de:1094//store/mc/RunIIAutumn18MiniAOD/TTToSemiLeptonic_TuneCP5_13TeV-powheg-pythia8/MINIAODSIM/102X_upgrade2018_realistic_v15-v1/80000/FA89F66F-1243-EE45-9B9A-072B947E573B.root?tried=\n      [e] Problematic data server: grid-cms-xrootd.physik.rwth-aachen.de:1094\n      [f] Disabled source: grid-cms-xrootd.physik.rwth-aachen.de:1094', 'exitCode': 8028}], 'SiteHistory': ['Unknown', 'T2_DE_DESY'], 'TotalSysCpuTimeHistory': [115]}, '16': {'Retries': 0, 'WallDurations': [8.0, 13044.0], 'StartTimes': [1599634253.0], 'SubmitTimes': [1599634161.0], 'JobIds': ['52661916.0'], 'EndTimes': [1599647297.0], 'Restarts': 0, 'RecordedSite': True, 'State': 'finished', 'ResidentSetSize': [886968], 'TotalUserCpuTimeHistory': [10714], 'SiteHistory': ['Unknown', 'T2_DE_DESY'], 'TotalSysCpuTimeHistory': [316]}, '19': {'Retries': 0, 'WallDurations': [8.0, 3912.0], 'StartTimes': [1599634253.0], 'SubmitTimes': [1599634162.0], 'JobIds': ['52661919.0'], 'EndTimes': [], 'Restarts': 0, 'RecordedSite': True, 'State': 'running', 'ResidentSetSize': [821532], 'TotalUserCpuTimeHistory': [2502.0], 'SiteHistory': ['Unknown', 'T2_DE_RWTH'], 'TotalSysCpuTimeHistory': [85.0]}, '18': {'Retries': 0, 'WallDurations': [8.0, 17478.0], 'StartTimes': [1599634253.0], 'SubmitTimes': [1599634162.0], 'JobIds': ['52661918.0'], 'EndTimes': [1599651731.0], 'Restarts': 0, 'RecordedSite': True, 'State': 'finished', 'ResidentSetSize': [829296], 'TotalUserCpuTimeHistory': [15244], 'SiteHistory': ['Unknown', 'T2_DE_DESY'], 'TotalSysCpuTimeHistory': [447]}}
INFO 2020-09-09 14:35:28.655 UTC: 	 Status on the scheduler:	SUBMITTED
INFO 2020-09-09 14:35:28.655 UTC: 	 
The job splitting of this task is 'Automatic', please refer to this FAQ for a description of the jobs status summary:
https://twiki.cern.ch/twiki/bin/view/CMSPublic/CRAB3FAQ#What_is_the_Automatic_splitting
INFO 2020-09-09 14:35:28.655 UTC: 	 
Jobs status:                    finished     		 81.8% (18/22)
INFO 2020-09-09 14:35:28.655 UTC: 	 				rescheduled as tail jobs		  4.5% ( 1/22)
INFO 2020-09-09 14:35:28.655 UTC: 	 				running      		 13.6% ( 3/22)
INFO 2020-09-09 14:35:28.655 UTC: 	 
No publication information (publication has been disabled in the CRAB configuration file)
INFO 2020-09-09 14:35:28.657 UTC: 	 
Summary of run jobs:
 * Memory: 800MB min, 900MB max, 828MB ave
 * Runtime: 0:16:17 min, 6:33:13 max, 4:42:35 ave
 * CPU eff: 82% min, 91% max, 88% ave
 * Waste: 0:02:44 (0% of total)

INFO 2020-09-09 14:35:28.660 UTC: 	 Log file is /uscms_data/d3/cannaert/src/thrust/CMSSW_10_2_4_patch1/src/crab_projects/crab_semilept_ttbar_QCD_background_06/crab.log
