DEBUG 2021-04-08 13:04:12.436 UTC: 	 CRAB Client version: v3.210127
DEBUG 2021-04-08 13:04:12.437 UTC: 	 Running on: Linux cmslpc129.fnal.gov 3.10.0-1160.15.2.el7.x86_64 #1 SMP Tue Feb 2 08:13:55 CST 2021 x86_64 x86_64 x86_64 GNU/Linux - Scientific Linux 7.9 (Nitrogen)
DEBUG 2021-04-08 13:04:12.437 UTC: 	 Executing command: 'submit'
DEBUG 2021-04-08 13:04:12.437 UTC: 	 Found CRAB cache file /uscms/home/cannaert/.crab3
DEBUG 2021-04-08 13:04:18.717 UTC: 	 CRAB Client version: v3.210127
DEBUG 2021-04-08 13:04:18.717 UTC: 	 Running on: Linux cmslpc129.fnal.gov 3.10.0-1160.15.2.el7.x86_64 #1 SMP Tue Feb 2 08:13:55 CST 2021 x86_64 x86_64 x86_64 GNU/Linux - Scientific Linux 7.9 (Nitrogen)
DEBUG 2021-04-08 13:04:18.717 UTC: 	 Executing command: 'submit'
DEBUG 2021-04-08 13:04:18.718 UTC: 	 Found CRAB cache file /uscms/home/cannaert/.crab3
INFO 2021-04-08 13:04:18.719 UTC: 	 Will use CRAB configuration file crab_diquark_GENSIM_prod_cfg.py
DEBUG 2021-04-08 13:04:18.720 UTC: 	 Loading CRAB configuration file.
ERROR 2021-04-08 13:04:18.723 UTC: 	 Error while loading CRAB configuration:
invalid syntax (crab_diquark_GENSIM_prod_cfg.py, line 1)
Please refer to https://twiki.cern.ch/twiki/bin/view/CMSPublic/CRAB3CommonErrors#Syntax_error_in_CRAB_configurati
See the ./crab.log file for more details.
The documentation about the CRAB configuration file can be found in https://twiki.cern.ch/twiki/bin/view/CMSPublic/CRAB3ConfigurationFile
ERROR 2021-04-08 13:04:18.723 UTC: 	 Caught ClientException exception
Traceback (most recent call last):
  File "/cvmfs/cms.cern.ch/share/cms/crab-prod/v3.210127.00/bin/crab", line 165, in <module>
    client()
  File "/cvmfs/cms.cern.ch/share/cms/crab-prod/v3.210127.00/bin/crab", line 150, in __call__
    self.cmd = sub_cmd(self.logger, args[1:])
  File "/cvmfs/cms.cern.ch/share/cms/crab-prod/v3.210127.00/lib/CRABClient/Commands/submit.py", line 34, in __init__
    SubCommand.__init__(self, logger, cmdargs, disable_interspersed_args=True)
  File "/cvmfs/cms.cern.ch/share/cms/crab-prod/v3.210127.00/lib/CRABClient/Commands/SubCommand.py", line 311, in __init__
    self.loadConfig(self.options.config, self.args)
  File "/cvmfs/cms.cern.ch/share/cms/crab-prod/v3.210127.00/lib/CRABClient/Commands/SubCommand.py", line 90, in loadConfig
    raise ConfigurationException(configmsg)
ConfigurationException: Error while loading CRAB configuration:
invalid syntax (crab_diquark_GENSIM_prod_cfg.py, line 1)
Please refer to https://twiki.cern.ch/twiki/bin/view/CMSPublic/CRAB3CommonErrors#Syntax_error_in_CRAB_configurati
See the ./crab.log file for more details.
The documentation about the CRAB configuration file can be found in https://twiki.cern.ch/twiki/bin/view/CMSPublic/CRAB3ConfigurationFile
INFO 2021-04-08 13:04:18.725 UTC: 	 Log file is /uscms_data/d3/cannaert/UL2018_genproduction/Suu6TeV_chi1TeV/CMSSW_10_6_18/src/crab.log
