DEBUG 2021-04-02 17:18:55.029 UTC: 	 CRAB Client version: v3.210127
DEBUG 2021-04-02 17:18:55.030 UTC: 	 Running on: Linux cmslpc136.fnal.gov 3.10.0-1160.6.1.el7.x86_64 #1 SMP Tue Nov 10 08:19:23 CST 2020 x86_64 x86_64 x86_64 GNU/Linux - Scientific Linux 7.9 (Nitrogen)
DEBUG 2021-04-02 17:18:55.030 UTC: 	 Executing command: 'submit'
DEBUG 2021-04-02 17:18:55.030 UTC: 	 Found CRAB cache file /uscms/home/cannaert/.crab3
INFO 2021-04-02 17:18:55.034 UTC: 	 Will use CRAB configuration file crab_diquark_DIGI_prod_cfg.py
DEBUG 2021-04-02 17:18:55.035 UTC: 	 Loading CRAB configuration file.
DEBUG 2021-04-02 17:18:55.036 UTC: 	 Will use CRAB Analysis plugin (i.e. will run an analysis job type).
ERROR 2021-04-02 17:18:55.037 UTC: 	 Working area '/uscms_data/d3/cannaert/UL2018_genproduction/Suu5TeV_Chi850GeV/CMSSW_10_6_17_patch1/src/crab_projects/crab_MC_prod_chi850GeV_Suu5TeV_DIGI_0001' already exists 
Please change the requestName in the config file
ERROR 2021-04-02 17:18:55.037 UTC: 	 Caught ClientException exception
Traceback (most recent call last):
  File "/cvmfs/cms.cern.ch/share/cms/crab-prod/v3.210127.00/bin/crab", line 165, in <module>
    client()
  File "/cvmfs/cms.cern.ch/share/cms/crab-prod/v3.210127.00/bin/crab", line 150, in __call__
    self.cmd = sub_cmd(self.logger, args[1:])
  File "/cvmfs/cms.cern.ch/share/cms/crab-prod/v3.210127.00/lib/CRABClient/Commands/submit.py", line 34, in __init__
    SubCommand.__init__(self, logger, cmdargs, disable_interspersed_args=True)
  File "/cvmfs/cms.cern.ch/share/cms/crab-prod/v3.210127.00/lib/CRABClient/Commands/SubCommand.py", line 315, in __init__
    getattr(self.configuration.General, 'requestName', None))
  File "/cvmfs/cms.cern.ch/share/cms/crab-prod/v3.210127.00/lib/CRABClient/ClientUtilities.py", line 402, in createWorkArea
    raise ConfigException("Working area '%s' already exists \nPlease change the requestName in the config file" % fullpath)
ConfigException: Working area '/uscms_data/d3/cannaert/UL2018_genproduction/Suu5TeV_Chi850GeV/CMSSW_10_6_17_patch1/src/crab_projects/crab_MC_prod_chi850GeV_Suu5TeV_DIGI_0001' already exists 
Please change the requestName in the config file
INFO 2021-04-02 17:18:55.040 UTC: 	 Log file is /uscms_data/d3/cannaert/UL2018_genproduction/Suu5TeV_Chi850GeV/CMSSW_10_6_17_patch1/src/crab.log
