DEBUG 2020-12-01 01:18:03.422 UTC: 	 CRAB Client version: v3.201110
DEBUG 2020-12-01 01:18:03.422 UTC: 	 Running on: Linux cmslpc130.fnal.gov 3.10.0-1127.19.1.el7.x86_64 #1 SMP Thu Aug 20 14:39:03 CDT 2020 x86_64 x86_64 x86_64 GNU/Linux - Scientific Linux 7.9 (Nitrogen)
DEBUG 2020-12-01 01:18:03.422 UTC: 	 Executing command: 'submit'
DEBUG 2020-12-01 01:18:03.425 UTC: 	 Found CRAB cache file /uscms/home/cannaert/.crab3
INFO 2020-12-01 01:18:03.429 UTC: 	 Will use CRAB configuration file crab_diquark_QCD_ccfg.py
DEBUG 2020-12-01 01:18:03.429 UTC: 	 Loading CRAB configuration file.
DEBUG 2020-12-01 01:18:03.437 UTC: 	 Will use CRAB Analysis plugin (i.e. will run an analysis job type).
DEBUG 2020-12-01 01:18:03.454 UTC: 	 Checking credentials
DEBUG 2020-12-01 01:18:03.454 UTC: 	 Found proxy file /uscms/home/cannaert/x509up_u54552
DEBUG 2020-12-01 01:18:03.454 UTC: 	 Getting proxy life time left
DEBUG 2020-12-01 01:18:03.557 UTC: 	 Executing : 
 command : voms-proxy-info -file /uscms/home/cannaert/x509up_u54552 -timeleft
 output : 40941

 error: 
 retcode : 0
DEBUG 2020-12-01 01:18:03.660 UTC: 	 Executing : 
 command : voms-proxy-info -file /uscms/home/cannaert/x509up_u54552 -actimeleft
 output : 40941

 error: 
 retcode : 0
DEBUG 2020-12-01 01:18:03.660 UTC: 	 Proxy valid for 11:22:21 hours
DEBUG 2020-12-01 01:18:03.762 UTC: 	 Executing : 
 command : env X509_USER_PROXY=/uscms/home/cannaert/x509up_u54552 voms-proxy-info -fqan
 output : /cms/Role=NULL/Capability=NULL

 error: 
 retcode : 0
DEBUG 2020-12-01 01:18:04.331 UTC: 	 Registering user credentials for server /DC=ch/DC=cern/OU=computers/CN=vocms0105.cern.ch|/DC=ch/DC=cern/OU=computers/CN=crab-(preprod|prod|dev)-tw(02|01).cern.ch|/DC=ch/DC=cern/OU=computers/CN=(ddi|ddidk|mytw).cern.ch|/DC=ch/DC=cern/OU=computers/CN=stefanov(m|m2).cern.ch
DEBUG 2020-12-01 01:18:04.437 UTC: 	 Executing : 
 command : voms-proxy-info -file /uscms/home/cannaert/x509up_u54552 -identity
 output : /DC=ch/DC=cern/OU=Organic Units/OU=Users/CN=ecannaer/CN=832417/CN=Ethan Cannaert

 error: 
 retcode : 0
DEBUG 2020-12-01 01:18:04.441 UTC: 	 Getting myproxy life time left for myproxy.cern.ch
DEBUG 2020-12-01 01:18:04.441 UTC: 	 using b7b51e0178e197a43a1d723fd43ab6570e42a3d5 as credential login name
DEBUG 2020-12-01 01:18:05.445 UTC: 	 Executing : 
 command : myproxy-info -l b7b51e0178e197a43a1d723fd43ab6570e42a3d5 -s myproxy.cern.ch
 output : username: b7b51e0178e197a43a1d723fd43ab6570e42a3d5
owner: /DC=ch/DC=cern/OU=Organic Units/OU=Users/CN=ecannaer/CN=832417/CN=Ethan Cannaert
  renewal policy: /DC=ch/DC=cern/OU=computers/CN=vocms0105.cern.ch|/DC=ch/DC=cern/OU=computers/CN=crab-(preprod|prod|dev)-tw(02|01).cern.ch|/DC=ch/DC=cern/OU=computers/CN=(ddi|ddidk|mytw).cern.ch|/DC=ch/DC=cern/OU=computers/CN=stefanov(m|m2).cern.ch
  trusted retrieval policy: /DC=ch/DC=cern/OU=computers/CN=vocms0105.cern.ch|/DC=ch/DC=cern/OU=computers/CN=crab-(preprod|prod|dev)-tw(02|01).cern.ch|/DC=ch/DC=cern/OU=computers/CN=(ddi|ddidk|mytw).cern.ch|/DC=ch/DC=cern/OU=computers/CN=stefanov(m|m2).cern.ch
  timeleft: 719:35:17  (30.0 days)

 error: 
 retcode : 0
DEBUG 2020-12-01 01:18:05.446 UTC: 	 Myproxy is valid: 2590517
DEBUG 2020-12-01 01:18:05.446 UTC: 	 Retrieving username ...
DEBUG 2020-12-01 01:18:05.446 UTC: 	 Retrieving username from CRIC...
DEBUG 2020-12-01 01:18:06.735 UTC: 	 username is ecannaer
DEBUG 2020-12-01 01:18:06.738 UTC: 	 Getting myproxy life time left for myproxy.cern.ch
DEBUG 2020-12-01 01:18:06.739 UTC: 	 using ecannaer_CRAB as credential login name
DEBUG 2020-12-01 01:18:07.544 UTC: 	 Executing : 
 command : myproxy-info -l ecannaer_CRAB -s myproxy.cern.ch
 output : username: ecannaer_CRAB
owner: /DC=ch/DC=cern/OU=Organic Units/OU=Users/CN=ecannaer/CN=832417/CN=Ethan Cannaert
  renewal policy: /DC=ch/DC=cern/OU=computers/CN=vocms0105.cern.ch|/DC=ch/DC=cern/OU=computers/CN=crab-(preprod|prod|dev)-tw(02|01).cern.ch|/DC=ch/DC=cern/OU=computers/CN=(ddi|ddidk|mytw).cern.ch|/DC=ch/DC=cern/OU=computers/CN=stefanov(m|m2).cern.ch
  trusted retrieval policy: /DC=ch/DC=cern/OU=computers/CN=vocms0105.cern.ch|/DC=ch/DC=cern/OU=computers/CN=crab-(preprod|prod|dev)-tw(02|01).cern.ch|/DC=ch/DC=cern/OU=computers/CN=(ddi|ddidk|mytw).cern.ch|/DC=ch/DC=cern/OU=computers/CN=stefanov(m|m2).cern.ch
  timeleft: 719:35:25  (30.0 days)

 error: 
 retcode : 0
DEBUG 2020-12-01 01:18:07.545 UTC: 	 Myproxy is valid: 2590525
DEBUG 2020-12-01 01:18:07.545 UTC: 	 Result of myproxy credential check:
  Credential exists on myproxy: username: b7b51e0178e197a43a1d723fd43ab6570e42a3d5  - validity: 29 days, 23:35:17
  Credential exists on myproxy: username: ecannaer_CRAB  - validity: 29 days, 23:35:25
DEBUG 2020-12-01 01:18:07.545 UTC: 	 Command use: submit
DEBUG 2020-12-01 01:18:07.545 UTC: 	 Options use: ['-c', 'crab_diquark_QCD_ccfg.py']
DEBUG 2020-12-01 01:18:08.171 UTC: 	 CRABClient version: v3.201110
DEBUG 2020-12-01 01:18:08.171 UTC: 	 Instance is prod
DEBUG 2020-12-01 01:18:08.171 UTC: 	 Server base url is cmsweb.cern.ch
DEBUG 2020-12-01 01:18:08.171 UTC: 	 Command url /crabserver/prod/workflow
DEBUG 2020-12-01 01:18:08.172 UTC: 	 Started submission
DEBUG 2020-12-01 01:18:08.172 UTC: 	 Working on /uscms_data/d3/cannaert/src/thrust/CMSSW_10_6_0/src/crab_projects/crab_diquark_QCD_background_1500to2000_MC_0000
DEBUG 2020-12-01 01:18:08.801 UTC: 	 Loading required information from the environment
DEBUG 2020-12-01 01:18:08.801 UTC: 	 Found CMSSW_10_6_0 for slc7_amd64_gcc820 with base /uscms_data/d3/cannaert/src/thrust/CMSSW_10_6_0
DEBUG 2020-12-01 01:18:08.801 UTC: 	 Loading required information from the environment
DEBUG 2020-12-01 01:18:08.801 UTC: 	 Found CMSSW_10_6_0 for slc7_amd64_gcc820 with base /uscms_data/d3/cannaert/src/thrust/CMSSW_10_6_0
DEBUG 2020-12-01 01:18:08.801 UTC: 	 UNIQUE NAME: tarUUID d792b93e-ca50-4792-a77a-d0201ebf3a03 
DEBUG 2020-12-01 01:18:08.801 UTC: 	 self.config: from WMCore.Configuration import Configuration
config = Configuration()
config.section_('General')
config.General.transferOutputs = True
config.General.workArea = 'crab_projects'
config.General.requestName = 'diquark_QCD_background_1500to2000_MC_0000'
config.section_('JobType')
config.JobType.psetName = '/uscms_data/d3/cannaert/src/thrust/CMSSW_10_6_0/src/diquarkAnalyzer_cfg.py'
config.JobType.pluginName = 'Analysis'
config.JobType.allowUndistributedCMSSW = True
config.section_('Data')
config.Data.inputDataset = '/QCD_HT1500to2000_TuneCP5_13TeV-madgraphMLM-pythia8/RunIIAutumn18MiniAOD-102X_upgrade2018_realistic_v15-v1/MINIAODSIM'
config.Data.outputDatasetTag = 'diquark_QCD_background'
config.Data.publication = False
config.Data.unitsPerJob = 10
config.Data.splitting = 'FileBased'
config.Data.inputDBS = 'global'
config.section_('Site')
config.Site.storageSite = 'T3_US_FNALLPC'
config.section_('User')
config.section_('Debug')

DEBUG 2020-12-01 01:18:08.801 UTC: 	 self.config.JobType.psetName: /uscms_data/d3/cannaert/src/thrust/CMSSW_10_6_0/src/diquarkAnalyzer_cfg.py
INFO 2020-12-01 01:18:08.802 UTC: 	 Importing CMSSW configuration /uscms_data/d3/cannaert/src/thrust/CMSSW_10_6_0/src/diquarkAnalyzer_cfg.py
INFO 2020-12-01 01:18:09.461 UTC: 	 Finished importing CMSSW configuration /uscms_data/d3/cannaert/src/thrust/CMSSW_10_6_0/src/diquarkAnalyzer_cfg.py
DEBUG 2020-12-01 01:18:09.461 UTC: 	 Writing CMSSW configuration to /uscms_data/d3/cannaert/src/thrust/CMSSW_10_6_0/src/crab_projects/crab_diquark_QCD_background_1500to2000_MC_0000/inputs/PSet.py
DEBUG 2020-12-01 01:18:09.510 UTC: 	 The following EDM output files will be collected: []
DEBUG 2020-12-01 01:18:09.510 UTC: 	 The following TFile output files will be collected: ['diquark_QCD_BR_MC.root']
DEBUG 2020-12-01 01:18:09.510 UTC: 	 The following user output files (not listed as PoolOuputModule or TFileService in the CMSSW PSet) will be collected: 
DEBUG 2020-12-01 01:18:09.510 UTC: 	 Loading required information from the environment
DEBUG 2020-12-01 01:18:09.510 UTC: 	 Found CMSSW_10_6_0 for slc7_amd64_gcc820 with base /uscms_data/d3/cannaert/src/thrust/CMSSW_10_6_0
DEBUG 2020-12-01 01:18:09.510 UTC: 	 Making tarball in /uscms_data/d3/cannaert/src/thrust/CMSSW_10_6_0/src/crab_projects/crab_diquark_QCD_background_1500to2000_MC_0000/inputs/d792b93e-ca50-4792-a77a-d0201ebf3a03default.tgz
DEBUG 2020-12-01 01:18:09.511 UTC: 	 Checking directory /uscms_data/d3/cannaert/src/thrust/CMSSW_10_6_0/lib
DEBUG 2020-12-01 01:18:09.511 UTC: 	 Adding directory /uscms_data/d3/cannaert/src/thrust/CMSSW_10_6_0/lib to tarball
DEBUG 2020-12-01 01:18:09.521 UTC: 	 Checking directory /uscms_data/d3/cannaert/src/thrust/CMSSW_10_6_0/biglib
DEBUG 2020-12-01 01:18:09.521 UTC: 	 Adding directory /uscms_data/d3/cannaert/src/thrust/CMSSW_10_6_0/biglib to tarball
DEBUG 2020-12-01 01:18:09.522 UTC: 	 Checking directory /uscms_data/d3/cannaert/src/thrust/CMSSW_10_6_0/module
DEBUG 2020-12-01 01:18:09.662 UTC: 	 Uploading archive /uscms_data/d3/cannaert/src/thrust/CMSSW_10_6_0/src/crab_projects/crab_diquark_QCD_background_1500to2000_MC_0000/inputs/d792b93e-ca50-4792-a77a-d0201ebf3a03default.tgz (102 KB) to the CRAB cache. Using URI https://cmsweb-k8s-prod.cern.ch/crabcache
DEBUG 2020-12-01 01:18:10.619 UTC: 	 Loading required information from the environment
DEBUG 2020-12-01 01:18:10.619 UTC: 	 Found CMSSW_10_6_0 for slc7_amd64_gcc820 with base /uscms_data/d3/cannaert/src/thrust/CMSSW_10_6_0
DEBUG 2020-12-01 01:18:10.619 UTC: 	 Making tarball in /uscms_data/d3/cannaert/src/thrust/CMSSW_10_6_0/src/crab_projects/crab_diquark_QCD_background_1500to2000_MC_0000/inputs/debugFiles.tgz
DEBUG 2020-12-01 01:18:10.625 UTC: 	 Uploading archive /uscms_data/d3/cannaert/src/thrust/CMSSW_10_6_0/src/crab_projects/crab_diquark_QCD_background_1500to2000_MC_0000/inputs/debugFiles.tgz (1 KB) to the CRAB cache. Using URI https://cmsweb-k8s-prod.cern.ch/crabcache
DEBUG 2020-12-01 01:18:11.301 UTC: 	 Result uploading input files: ddb6c86ea4a217e8c85154c7caaacad32b2969eaf74e6c363fc05bba8f8aa807.tar.gz 
INFO 2020-12-01 01:18:11.301 UTC: 	 Sending the request to the server at cmsweb.cern.ch
DEBUG 2020-12-01 01:18:11.301 UTC: 	 Submitting {'maxjobruntime': 1250, 'extrajdl': [], 'ignorelocality': 0, 'savelogsflag': 0, 'useparent': 0, 'asyncdest': 'T3_US_FNALLPC', 'algoargs': 10, 'cachefilename': 'ddb6c86ea4a217e8c85154c7caaacad32b2969eaf74e6c363fc05bba8f8aa807.tar.gz', 'numcores': 1, 'addoutputfiles': [], 'generator': 'pythia', 'maxmemory': 2000, 'publishdbsurl': 'https://cmsweb.cern.ch/dbs/prod/phys03/DBSWriter', 'priority': 10, 'jobsw': 'CMSSW_10_6_0', 'edmoutfiles': [], 'userfiles': [], 'primarydataset': '', 'inputdata': '/QCD_HT1500to2000_TuneCP5_13TeV-madgraphMLM-pythia8/RunIIAutumn18MiniAOD-102X_upgrade2018_realistic_v15-v1/MINIAODSIM', 'dryrun': 0, 'workflow': 'crab_diquark_QCD_background_1500to2000_MC_0000', 'cacheurl': u'https://cmsweb-k8s-prod.cern.ch/crabcache', 'nonprodsw': 1, 'tfileoutfiles': ['diquark_QCD_BR_MC.root'], 'oneEventMode': 0, 'debugfilename': 'c333e22087b451b94321e621d006d6a1ba65325c4a7f0819094127404031ed2e.tar.gz', 'saveoutput': 1, 'publication': 0, 'jobarch': 'slc7_amd64_gcc820', 'totalunits': 0, 'splitalgo': 'FileBased', 'ignoreglobalblacklist': 0, 'nonvaliddata': 0, 'dbsurl': 'https://cmsweb.cern.ch/dbs/prod/global/DBSReader', 'publishgroupname': 0, 'jobtype': 'Analysis', 'publishname2': 'diquark_QCD_background'} 
DEBUG 2020-12-01 01:18:11.302 UTC: 	 Encoded submit request: maxjobruntime=1250&ignorelocality=0&savelogsflag=0&useparent=0&asyncdest=T3_US_FNALLPC&algoargs=10&cachefilename=ddb6c86ea4a217e8c85154c7caaacad32b2969eaf74e6c363fc05bba8f8aa807.tar.gz&numcores=1&generator=pythia&maxmemory=2000&publishdbsurl=https%3A%2F%2Fcmsweb.cern.ch%2Fdbs%2Fprod%2Fphys03%2FDBSWriter&priority=10&jobsw=CMSSW_10_6_0&primarydataset=&inputdata=%2FQCD_HT1500to2000_TuneCP5_13TeV-madgraphMLM-pythia8%2FRunIIAutumn18MiniAOD-102X_upgrade2018_realistic_v15-v1%2FMINIAODSIM&dryrun=0&workflow=crab_diquark_QCD_background_1500to2000_MC_0000&cacheurl=https%3A%2F%2Fcmsweb-k8s-prod.cern.ch%2Fcrabcache&nonprodsw=1&oneEventMode=0&debugfilename=c333e22087b451b94321e621d006d6a1ba65325c4a7f0819094127404031ed2e.tar.gz&saveoutput=1&publication=0&jobarch=slc7_amd64_gcc820&totalunits=0&splitalgo=FileBased&ignoreglobalblacklist=0&nonvaliddata=0&dbsurl=https%3A%2F%2Fcmsweb.cern.ch%2Fdbs%2Fprod%2Fglobal%2FDBSReader&publishgroupname=0&jobtype=Analysis&publishname2=diquark_QCD_background&tfileoutfiles=diquark_QCD_BR_MC.root
DEBUG 2020-12-01 01:18:12.727 UTC: 	 Result: {u'result': [{u'RequestName': u'201201_011812:ecannaer_crab_diquark_QCD_background_1500to2000_MC_0000'}]}
INFO 2020-12-01 01:18:12.733 UTC: 	 Success: Your task has been delivered to the prod CRAB3 server.
INFO 2020-12-01 01:18:12.733 UTC: 	 Task name: 201201_011812:ecannaer_crab_diquark_QCD_background_1500to2000_MC_0000
INFO 2020-12-01 01:18:12.733 UTC: 	 Project dir: crab_projects/crab_diquark_QCD_background_1500to2000_MC_0000
INFO 2020-12-01 01:18:12.733 UTC: 	 Please use ' crab status -d crab_projects/crab_diquark_QCD_background_1500to2000_MC_0000 ' to check how the submission process proceeds.
DEBUG 2020-12-01 01:18:12.733 UTC: 	 About to return
INFO 2020-12-01 01:18:12.736 UTC: 	 Log file is /uscms_data/d3/cannaert/src/thrust/CMSSW_10_6_0/src/crab_projects/crab_diquark_QCD_background_1500to2000_MC_0000/crab.log
DEBUG 2020-12-01 04:06:26.548 UTC: 	 CRAB Client version: v3.201110
DEBUG 2020-12-01 04:06:26.549 UTC: 	 Running on: Linux cmslpc112.fnal.gov 3.10.0-1127.19.1.el7.x86_64 #1 SMP Thu Aug 20 14:39:03 CDT 2020 x86_64 x86_64 x86_64 GNU/Linux - Scientific Linux 7.9 (Nitrogen)
DEBUG 2020-12-01 04:06:26.549 UTC: 	 Executing command: 'status'
DEBUG 2020-12-01 04:06:26.549 UTC: 	 Found CRAB cache file /uscms/home/cannaert/.crab3
DEBUG 2020-12-01 04:06:26.575 UTC: 	 Checking credentials
DEBUG 2020-12-01 04:06:26.575 UTC: 	 Found proxy file /uscms/home/cannaert/x509up_u54552
DEBUG 2020-12-01 04:06:26.575 UTC: 	 Getting proxy life time left
DEBUG 2020-12-01 04:06:26.680 UTC: 	 Executing : 
 command : voms-proxy-info -file /uscms/home/cannaert/x509up_u54552 -timeleft
 output : 42932

 error: 
 retcode : 0
DEBUG 2020-12-01 04:06:26.788 UTC: 	 Executing : 
 command : voms-proxy-info -file /uscms/home/cannaert/x509up_u54552 -actimeleft
 output : 42932

 error: 
 retcode : 0
DEBUG 2020-12-01 04:06:26.788 UTC: 	 Proxy valid for 11:55:32 hours
DEBUG 2020-12-01 04:06:27.360 UTC: 	 Registering user credentials for server /DC=ch/DC=cern/OU=computers/CN=vocms0105.cern.ch|/DC=ch/DC=cern/OU=computers/CN=crab-(preprod|prod|dev)-tw(02|01).cern.ch|/DC=ch/DC=cern/OU=computers/CN=(ddi|ddidk|mytw).cern.ch|/DC=ch/DC=cern/OU=computers/CN=stefanov(m|m2).cern.ch
DEBUG 2020-12-01 04:06:27.469 UTC: 	 Executing : 
 command : voms-proxy-info -file /uscms/home/cannaert/x509up_u54552 -identity
 output : /DC=ch/DC=cern/OU=Organic Units/OU=Users/CN=ecannaer/CN=832417/CN=Ethan Cannaert

 error: 
 retcode : 0
DEBUG 2020-12-01 04:06:27.473 UTC: 	 Getting myproxy life time left for myproxy.cern.ch
DEBUG 2020-12-01 04:06:27.473 UTC: 	 using b7b51e0178e197a43a1d723fd43ab6570e42a3d5 as credential login name
DEBUG 2020-12-01 04:06:28.480 UTC: 	 Executing : 
 command : myproxy-info -l b7b51e0178e197a43a1d723fd43ab6570e42a3d5 -s myproxy.cern.ch
 output : username: b7b51e0178e197a43a1d723fd43ab6570e42a3d5
owner: /DC=ch/DC=cern/OU=Organic Units/OU=Users/CN=ecannaer/CN=832417/CN=Ethan Cannaert
  renewal policy: /DC=ch/DC=cern/OU=computers/CN=vocms0105.cern.ch|/DC=ch/DC=cern/OU=computers/CN=crab-(preprod|prod|dev)-tw(02|01).cern.ch|/DC=ch/DC=cern/OU=computers/CN=(ddi|ddidk|mytw).cern.ch|/DC=ch/DC=cern/OU=computers/CN=stefanov(m|m2).cern.ch
  trusted retrieval policy: /DC=ch/DC=cern/OU=computers/CN=vocms0105.cern.ch|/DC=ch/DC=cern/OU=computers/CN=crab-(preprod|prod|dev)-tw(02|01).cern.ch|/DC=ch/DC=cern/OU=computers/CN=(ddi|ddidk|mytw).cern.ch|/DC=ch/DC=cern/OU=computers/CN=stefanov(m|m2).cern.ch
  timeleft: 716:46:54  (29.9 days)

 error: 
 retcode : 0
DEBUG 2020-12-01 04:06:28.481 UTC: 	 Myproxy is valid: 2580414
DEBUG 2020-12-01 04:06:28.482 UTC: 	 Retrieving username ...
DEBUG 2020-12-01 04:06:28.482 UTC: 	 Retrieving username from CRIC...
DEBUG 2020-12-01 04:06:29.852 UTC: 	 username is ecannaer
DEBUG 2020-12-01 04:06:29.858 UTC: 	 Getting myproxy life time left for myproxy.cern.ch
DEBUG 2020-12-01 04:06:29.858 UTC: 	 using ecannaer_CRAB as credential login name
DEBUG 2020-12-01 04:06:30.864 UTC: 	 Executing : 
 command : myproxy-info -l ecannaer_CRAB -s myproxy.cern.ch
 output : username: ecannaer_CRAB
owner: /DC=ch/DC=cern/OU=Organic Units/OU=Users/CN=ecannaer/CN=832417/CN=Ethan Cannaert
  renewal policy: /DC=ch/DC=cern/OU=computers/CN=vocms0105.cern.ch|/DC=ch/DC=cern/OU=computers/CN=crab-(preprod|prod|dev)-tw(02|01).cern.ch|/DC=ch/DC=cern/OU=computers/CN=(ddi|ddidk|mytw).cern.ch|/DC=ch/DC=cern/OU=computers/CN=stefanov(m|m2).cern.ch
  trusted retrieval policy: /DC=ch/DC=cern/OU=computers/CN=vocms0105.cern.ch|/DC=ch/DC=cern/OU=computers/CN=crab-(preprod|prod|dev)-tw(02|01).cern.ch|/DC=ch/DC=cern/OU=computers/CN=(ddi|ddidk|mytw).cern.ch|/DC=ch/DC=cern/OU=computers/CN=stefanov(m|m2).cern.ch
  timeleft: 716:47:02  (29.9 days)

 error: 
 retcode : 0
DEBUG 2020-12-01 04:06:30.864 UTC: 	 Myproxy is valid: 2580422
DEBUG 2020-12-01 04:06:30.865 UTC: 	 Result of myproxy credential check:
  Credential exists on myproxy: username: b7b51e0178e197a43a1d723fd43ab6570e42a3d5  - validity: 29 days, 20:46:54
  Credential exists on myproxy: username: ecannaer_CRAB  - validity: 29 days, 20:47:02
DEBUG 2020-12-01 04:06:30.866 UTC: 	 Command use: status
DEBUG 2020-12-01 04:06:30.866 UTC: 	 Options use: ['-d', 'crab_projects/crab_diquark_QCD_background_1500to2000_MC_0000']
DEBUG 2020-12-01 04:06:31.448 UTC: 	 CRABClient version: v3.201110
DEBUG 2020-12-01 04:06:31.448 UTC: 	 Instance is prod
DEBUG 2020-12-01 04:06:31.448 UTC: 	 Server base url is cmsweb.cern.ch
DEBUG 2020-12-01 04:06:31.448 UTC: 	 Command url /crabserver/prod/workflow
DEBUG 2020-12-01 04:06:32.019 UTC: 	 Got information from server oracle database: {u'result': [u'201201_011812:ecannaer_crab_diquark_QCD_background_1500to2000_MC_0000', u'None', u'None', u'SUBMITTED', u'SUBMIT', u'2020-12-01 01:18:12.668725', u'None', u'2020-12-01 01:18:42.727930', u'None', u'CMSSW_10_6_0', u'slc7_amd64_gcc820', u'/QCD_HT1500to2000_TuneCP5_13TeV-madgraphMLM-pythia8/RunIIAutumn18MiniAOD-102X_upgrade2018_realistic_v15-v1/MINIAODSIM', u'F', u'0', u'[]', u'[]', u'FileBased', u"{'splitOnRun': False, 'halt_job_on_file_boundaries': False, 'files_per_job': 10, 'runs': [], 'lumis': []}", u'ddb6c86ea4a217e8c85154c7caaacad32b2969eaf74e6c363fc05bba8f8aa807.tar.gz', u'https://cmsweb-k8s-prod.cern.ch/crabcache', u'ecannaer', u'/DC=ch/DC=cern/OU=Organic Units/OU=Users/CN=ecannaer/CN=832417/CN=Ethan Cannaert', u'cms', u'None', u'None', u'diquark_QCD_background-00000000000000000000000000000000', u'F', u'T3_US_FNALLPC', u'https://cmsweb.cern.ch/dbs/prod/global/DBSReader', u'https://cmsweb.cern.ch/dbs/prod/phys03/DBSWriter', u'F', u'[]', u"['diquark_QCD_BR_MC.root']", u'[]', u'Analysis', u'pythia', u'None', u'{}', u'[]', u'F', u'crab-prod-tw01', u'[]', u'1250', u'1', u'2000', u'10', u'None', u'[]', u'http://vocms0196.cern.ch/mon/cms838/201201_011812:ecannaer_crab_diquark_QCD_background_1500to2000_MC_0000', u'None', u'[]', u'[]', u'https://cmsweb.cern.ch/crabserver/prod', u'cmsgwms-collector-global.cern.ch:9620,cmsgwms-collector-global.fnal.gov', u'crab3@vocms0196.cern.ch', u'F', u'[]', u'T', u'/store/user/ecannaer/', u'F', u'None', u'F', u'None', u'QCD_HT1500to2000_TuneCP5_13TeV-madgraphMLM-pythia8', u'None', u'c333e22087b451b94321e621d006d6a1ba65325c4a7f0819094127404031ed2e.tar.gz', u'58547827', u'filetransfers', u'F', u'131.225.189.111', u'0.0', u'None'], u'desc': {u'columns': [u'tm_taskname', u'tm_activity', u'panda_jobset_id', u'tm_task_status', u'tm_task_command', u'tm_start_time', u'tm_start_injection', u'tm_end_injection', u'tm_task_failure', u'tm_job_sw', u'tm_job_arch', u'tm_input_dataset', u'tm_nonvalid_input_dataset', u'tm_use_parent', u'tm_site_whitelist', u'tm_site_blacklist', u'tm_split_algo', u'tm_split_args', u'tm_user_sandbox', u'tm_cache_url', u'tm_username', u'tm_user_dn', u'tm_user_vo', u'tm_user_role', u'tm_user_group', u'tm_publish_name', u'tm_publish_groupname', u'tm_asyncdest', u'tm_dbs_url', u'tm_publish_dbs_url', u'tm_publication', u'tm_outfiles', u'tm_tfile_outfiles', u'tm_edm_outfiles', u'tm_job_type', u'tm_generator', u'tm_events_per_lumi', u'tm_arguments', u'panda_resubmitted_jobs', u'tm_save_logs', u'tw_name', u'tm_user_infiles', u'tm_maxjobruntime', u'tm_numcores', u'tm_maxmemory', u'tm_priority', u'tm_output_dataset', u'tm_task_warnings', u'tm_user_webdir', u'tm_scriptexe', u'tm_scriptargs', u'tm_extrajdl', u'tm_asourl', u'tm_collector', u'tm_schedd', u'tm_dry_run', u'tm_user_files', u'tm_transfer_outputs', u'tm_output_lfn', u'tm_ignore_locality', u'tm_fail_limit', u'tm_one_event_mode', u'tm_secondary_input_dataset', u'tm_primary_dataset', u'tm_last_publication', u'tm_debug_files', u'clusterid', u'tm_asodb', u'tm_ignore_global_blacklist', u'tm_submitter_ip_addr', u'tm_totalunits', u'tm_ddm_reqid']}}
INFO 2020-12-01 04:06:32.020 UTC: 	 CRAB project directory:		/uscms_data/d3/cannaert/src/thrust/CMSSW_10_6_0/src/crab_projects/crab_diquark_QCD_background_1500to2000_MC_0000
INFO 2020-12-01 04:06:32.020 UTC: 	 Task name:			201201_011812:ecannaer_crab_diquark_QCD_background_1500to2000_MC_0000
INFO 2020-12-01 04:06:32.020 UTC: 	 Grid scheduler - Task Worker:	crab3@vocms0196.cern.ch - crab-prod-tw01
INFO 2020-12-01 04:06:32.020 UTC: 	 Status on the CRAB server:	SUBMITTED
INFO 2020-12-01 04:06:32.020 UTC: 	 Task URL to use for HELP:	https://cmsweb.cern.ch/crabserver/ui/task/201201_011812%3Aecannaer_crab_diquark_QCD_background_1500to2000_MC_0000
INFO 2020-12-01 04:06:32.024 UTC: 	 Dashboard monitoring URL:	https://monit-grafana.cern.ch/d/cmsTMDetail/cms-task-monitoring-task-view?orgId=11&var-user=ecannaer&var-task=201201_011812%3Aecannaer_crab_diquark_QCD_background_1500to2000_MC_0000&from=1606781892000&to=now
INFO 2020-12-01 04:06:32.025 UTC: 	 In case of issues with the dashboard, please provide feedback to hn-cms-computing-tools@cern.ch
DEBUG 2020-12-01 04:06:32.025 UTC: 	 The CRAB server submitted your task to the Grid scheduler (cluster ID: 58547827)
DEBUG 2020-12-01 04:06:32.025 UTC: 	 Webdir is located at http://vocms0196.cern.ch/mon/cms838/201201_011812:ecannaer_crab_diquark_QCD_background_1500to2000_MC_0000
DEBUG 2020-12-01 04:06:32.653 UTC: 	 Proxied webdir is located at https://cmsweb.cern.ch/scheddmon/0196/cms838/201201_011812:ecannaer_crab_diquark_QCD_background_1500to2000_MC_0000
DEBUG 2020-12-01 04:06:32.653 UTC: 	 Retrieving 'status_cache' file from https://cmsweb.cern.ch/scheddmon/0196/cms838/201201_011812:ecannaer_crab_diquark_QCD_background_1500to2000_MC_0000/status_cache
DEBUG 2020-12-01 04:06:33.203 UTC: 	 Got information from status cache file: {'24': {'Retries': 0, 'WallDurations': [8.0, 77.97215294837952, 2412.0], 'StartTimes': [1606785811.0], 'SubmitTimes': [1606785539.0], 'JobIds': ['58547856.0'], 'EndTimes': [], 'Restarts': 0, 'RecordedSite': True, 'State': 'running', 'ResidentSetSize': [1440252], 'TotalUserCpuTimeHistory': [2164.0], 'SiteHistory': ['Unknown', 'T2_BE_IIHE', 'T2_BE_IIHE'], 'TotalSysCpuTimeHistory': [36.0]}, '25': {'Retries': 0, 'WallDurations': [8.0, 78.97215294837952, 3197.0], 'StartTimes': [1606785810.0], 'SubmitTimes': [1606785539.0], 'JobIds': ['58547857.0'], 'EndTimes': [1606789007.0], 'Restarts': 0, 'RecordedSite': True, 'State': 'finished', 'ResidentSetSize': [2014784], 'TotalUserCpuTimeHistory': [2996], 'SiteHistory': ['Unknown', 'T2_BE_IIHE', 'T2_BE_IIHE'], 'TotalSysCpuTimeHistory': [52]}, '26': {'Retries': 0, 'WallDurations': [8.0, 77.97215294837952, 4442.0, 4220.0], 'StartTimes': [1606785811.0, 1606790317.0], 'SubmitTimes': [1606785539.0, -1], 'JobIds': ['58547858.0', '58547858.0'], 'EndTimes': [1606790253.0], 'Restarts': 1, 'RecordedSite': True, 'State': 'failed', 'ResidentSetSize': [1248644, 2091776], 'Error': [50660, 'Job killed by HTCondor due to excessive memory use (RSS=2250 MB). Will not retry it.', {}], 'TotalUserCpuTimeHistory': [1562.0, 3413.0], 'SiteHistory': ['Unknown', 'T2_BE_IIHE', 'T2_BE_IIHE', 'T2_US_Nebraska'], 'TotalSysCpuTimeHistory': [27.0, 97.0]}, '27': {'Retries': 0, 'WallDurations': [8.0, 267.11962699890137, 2111.0], 'StartTimes': [1606785922.0], 'SubmitTimes': [1606785540.0], 'JobIds': ['58547863.0'], 'TotalUserCpuTimeHistory': [1941.0], 'EndTimes': [], 'Restarts': 0, 'RecordedSite': True, 'State': 'failed', 'ResidentSetSize': [2241240], 'Error': [50660, 'Job killed by HTCondor due to excessive memory use (RSS=2250 MB). Will not retry it.', {}], 'SiteHistory': ['Unknown', 'T2_US_Florida', 'T2_US_Florida'], 'TotalSysCpuTimeHistory': [25.0]}, '20': {'Retries': 0, 'WallDurations': [9.0, 132.11962699890137, 2114.0], 'StartTimes': [1606786057.0], 'SubmitTimes': [1606785538.0], 'JobIds': ['58547852.0'], 'TotalUserCpuTimeHistory': [1950.0], 'EndTimes': [], 'Restarts': 0, 'RecordedSite': True, 'State': 'failed', 'ResidentSetSize': [2249048], 'Error': [50660, 'Job killed by HTCondor due to excessive memory use (RSS=2250 MB). Will not retry it.', {}], 'SiteHistory': ['Unknown', 'T2_US_Florida', 'T2_US_Florida'], 'TotalSysCpuTimeHistory': [28.0]}, '21': {'Retries': 0, 'WallDurations': [8.0, 107.97215294837952, 2115.0], 'StartTimes': [1606785781.0], 'SubmitTimes': [1606785539.0], 'JobIds': ['58547853.0'], 'EndTimes': [], 'Restarts': 0, 'RecordedSite': True, 'State': 'failed', 'ResidentSetSize': [2185360], 'Error': [50660, 'Job killed by HTCondor due to excessive memory use (RSS=2250 MB). Will not retry it.', {}], 'TotalUserCpuTimeHistory': [1901.0], 'SiteHistory': ['Unknown', 'T2_US_Florida', 'T2_US_Florida'], 'TotalSysCpuTimeHistory': [24.0]}, '22': {'Retries': 0, 'WallDurations': [9.0, 108.97215294837952, 2115.0], 'StartTimes': [1606785780.0], 'SubmitTimes': [1606785539.0], 'JobIds': ['58547854.0'], 'EndTimes': [], 'Restarts': 0, 'RecordedSite': True, 'State': 'failed', 'ResidentSetSize': [2165764], 'Error': [50660, 'Job killed by HTCondor due to excessive memory use (RSS=2250 MB). Will not retry it.', {}], 'TotalUserCpuTimeHistory': [1912.0], 'SiteHistory': ['Unknown', 'T2_US_Florida', 'T2_US_Florida'], 'TotalSysCpuTimeHistory': [30.0]}, '23': {'Retries': 0, 'WallDurations': [8.0, 107.97215294837952, 2415.0], 'StartTimes': [1606785781.0], 'SubmitTimes': [1606785539.0], 'JobIds': ['58547855.0'], 'TotalUserCpuTimeHistory': [2168.0], 'EndTimes': [], 'Restarts': 0, 'RecordedSite': True, 'State': 'failed', 'ResidentSetSize': [2211780], 'Error': [50660, 'Job killed by HTCondor due to excessive memory use (RSS=2250 MB). Will not retry it.', {}], 'SiteHistory': ['Unknown', 'T2_US_Florida', 'T2_US_Florida'], 'TotalSysCpuTimeHistory': [38.0]}, '28': {'Retries': 0, 'WallDurations': [8.0, 77.97215294837952, 2712.0], 'StartTimes': [1606785811.0], 'SubmitTimes': [1606785539.0], 'JobIds': ['58547859.0'], 'EndTimes': [], 'Restarts': 0, 'RecordedSite': True, 'State': 'failed', 'ResidentSetSize': [2099404], 'Error': [50660, 'Job killed by HTCondor due to excessive memory use (RSS=2250 MB). Will not retry it.', {}], 'TotalUserCpuTimeHistory': [2407.0], 'SiteHistory': ['Unknown', 'T2_BE_IIHE', 'T2_BE_IIHE'], 'TotalSysCpuTimeHistory': [47.0]}, '29': {'Retries': 0, 'WallDurations': [9.0, 78.97215294837952, 3446.0], 'StartTimes': [1606785810.0], 'SubmitTimes': [1606785539.0], 'JobIds': ['58547860.0'], 'EndTimes': [1606789256.0], 'Restarts': 0, 'RecordedSite': True, 'State': 'finished', 'ResidentSetSize': [1787352], 'TotalUserCpuTimeHistory': [3236], 'SiteHistory': ['Unknown', 'T2_BE_IIHE', 'T2_BE_IIHE'], 'TotalSysCpuTimeHistory': [55]}, '1': {'Retries': 0, 'WallDurations': [8.0, 267.11962699890137, 2115.0], 'StartTimes': [1606785922.0], 'SubmitTimes': [1606785528.0], 'JobIds': ['58547831.0'], 'TotalUserCpuTimeHistory': [1926.0], 'EndTimes': [], 'Restarts': 0, 'RecordedSite': True, 'State': 'failed', 'ResidentSetSize': [2096104], 'Error': [50660, 'Job killed by HTCondor due to excessive memory use (RSS=2250 MB). Will not retry it.', {}], 'SiteHistory': ['Unknown', 'T2_US_Florida', 'T2_US_Florida'], 'TotalSysCpuTimeHistory': [24.0]}, '3': {'Retries': 0, 'WallDurations': [8.0, 268.11962699890137, 2415.0], 'StartTimes': [1606785921.0], 'SubmitTimes': [1606785529.0], 'JobIds': ['58547834.0'], 'EndTimes': [], 'Restarts': 0, 'RecordedSite': True, 'State': 'failed', 'ResidentSetSize': [2260756], 'Error': [50660, 'Job killed by HTCondor due to excessive memory use (RSS=2500 MB). Will not retry it.', {}], 'TotalUserCpuTimeHistory': [2120.0], 'SiteHistory': ['Unknown', 'T2_US_Wisconsin', 'T2_US_Wisconsin'], 'TotalSysCpuTimeHistory': [85.0]}, '2': {'Retries': 0, 'WallDurations': [9.0, 265.11962699890137, 5723.0], 'StartTimes': [1606785924.0], 'SubmitTimes': [1606785529.0], 'JobIds': ['58547832.0'], 'TotalUserCpuTimeHistory': [4267.0], 'EndTimes': [], 'Restarts': 0, 'RecordedSite': True, 'State': 'failed', 'ResidentSetSize': [2092268], 'Error': [50660, 'Job killed by HTCondor due to excessive memory use (RSS=2250 MB). Will not retry it.', {}], 'SiteHistory': ['Unknown', 'T2_US_MIT', 'T2_US_MIT'], 'TotalSysCpuTimeHistory': [85.0]}, '5': {'Retries': 0, 'WallDurations': [8.0, 267.11962699890137, 3617.0], 'StartTimes': [1606785922.0], 'SubmitTimes': [1606785530.0], 'JobIds': ['58547835.0'], 'EndTimes': [], 'Restarts': 0, 'RecordedSite': True, 'State': 'failed', 'ResidentSetSize': [2087972], 'Error': [50660, 'Job killed by HTCondor due to excessive memory use (RSS=2250 MB). Will not retry it.', {}], 'TotalUserCpuTimeHistory': [2953.0], 'SiteHistory': ['Unknown', 'T2_US_MIT', 'T2_US_MIT'], 'TotalSysCpuTimeHistory': [61.0]}, '4': {'Retries': 0, 'WallDurations': [8.0, 268.11962699890137, 2411.0], 'StartTimes': [1606785921.0], 'SubmitTimes': [1606785529.0], 'JobIds': ['58547833.0'], 'EndTimes': [], 'Restarts': 0, 'RecordedSite': True, 'State': 'failed', 'ResidentSetSize': [2059632], 'Error': [50660, 'Job killed by HTCondor due to excessive memory use (RSS=2250 MB). Will not retry it.', {}], 'TotalUserCpuTimeHistory': [1975.0], 'SiteHistory': ['Unknown', 'T2_US_Purdue', 'T2_US_Purdue'], 'TotalSysCpuTimeHistory': [47.0]}, '7': {'Retries': 0, 'WallDurations': [9.0, 108.97215294837952, 3620.0], 'StartTimes': [1606785780.0], 'SubmitTimes': [1606785536.0], 'JobIds': ['58547838.0'], 'TotalUserCpuTimeHistory': [3169.0], 'EndTimes': [], 'Restarts': 0, 'RecordedSite': True, 'State': 'failed', 'ResidentSetSize': [2207028], 'Error': [50660, 'Job killed by HTCondor due to excessive memory use (RSS=2250 MB). Will not retry it.', {}], 'SiteHistory': ['Unknown', 'T2_US_Wisconsin', 'T2_US_Wisconsin'], 'TotalSysCpuTimeHistory': [79.0]}, '6': {'Retries': 0, 'WallDurations': [10.0, 99.97215294837952, 4518.0], 'StartTimes': [1606785789.0], 'SubmitTimes': [1606785530.0], 'JobIds': ['58547836.0'], 'EndTimes': [], 'Restarts': 0, 'RecordedSite': True, 'State': 'failed', 'ResidentSetSize': [2170640], 'Error': [50660, 'Job killed by HTCondor due to excessive memory use (RSS=2250 MB). Will not retry it.', {}], 'TotalUserCpuTimeHistory': [3590.0], 'SiteHistory': ['Unknown', 'T2_US_Nebraska', 'T2_US_Nebraska'], 'TotalSysCpuTimeHistory': [109.0]}, '9': {'Retries': 0, 'WallDurations': [9.0, 108.97215294837952, 4219.0], 'StartTimes': [1606785780.0], 'SubmitTimes': [1606785536.0], 'JobIds': ['58547841.0'], 'TotalUserCpuTimeHistory': [3137.0], 'EndTimes': [], 'Restarts': 0, 'RecordedSite': True, 'State': 'failed', 'ResidentSetSize': [2137136], 'Error': [50660, 'Job killed by HTCondor due to excessive memory use (RSS=2250 MB). Will not retry it.', {}], 'SiteHistory': ['Unknown', 'T2_US_MIT', 'T2_US_MIT'], 'TotalSysCpuTimeHistory': [71.0]}, '8': {'Retries': 0, 'WallDurations': [9.0, 109.97215294837952, 2112.0], 'StartTimes': [1606785779.0], 'SubmitTimes': [1606785536.0], 'JobIds': ['58547839.0'], 'EndTimes': [], 'Restarts': 0, 'RecordedSite': True, 'State': 'failed', 'ResidentSetSize': [2246580], 'Error': [50660, 'Job killed by HTCondor due to excessive memory use (RSS=2250 MB). Will not retry it.', {}], 'TotalUserCpuTimeHistory': [1940.0], 'SiteHistory': ['Unknown', 'T2_US_Florida', 'T2_US_Florida'], 'TotalSysCpuTimeHistory': [25.0]}, '11': {'Retries': 0, 'WallDurations': [9.0, 108.97215294837952, 3615.0], 'StartTimes': [1606785780.0], 'SubmitTimes': [1606785536.0], 'JobIds': ['58547843.0'], 'TotalUserCpuTimeHistory': [3169.0], 'EndTimes': [], 'Restarts': 0, 'RecordedSite': True, 'State': 'failed', 'ResidentSetSize': [2090256], 'Error': [50660, 'Job killed by HTCondor due to excessive memory use (RSS=2250 MB). Will not retry it.', {}], 'SiteHistory': ['Unknown', 'T2_US_Wisconsin', 'T2_US_Wisconsin'], 'TotalSysCpuTimeHistory': [99.0]}, '10': {'Retries': 0, 'WallDurations': [9.0, 108.97215294837952, 3619.0], 'StartTimes': [1606785780.0], 'SubmitTimes': [1606785536.0], 'JobIds': ['58547842.0'], 'TotalUserCpuTimeHistory': [3124.0], 'EndTimes': [], 'Restarts': 0, 'RecordedSite': True, 'State': 'failed', 'ResidentSetSize': [2149820], 'Error': [50660, 'Job killed by HTCondor due to excessive memory use (RSS=2250 MB). Will not retry it.', {}], 'SiteHistory': ['Unknown', 'T2_US_Wisconsin', 'T2_US_Wisconsin'], 'TotalSysCpuTimeHistory': [119.0]}, '13': {'Retries': 0, 'WallDurations': [9.0, 108.97215294837952, 3620.0], 'StartTimes': [1606785780.0], 'SubmitTimes': [1606785537.0], 'JobIds': ['58547845.0'], 'TotalUserCpuTimeHistory': [3126.0], 'EndTimes': [], 'Restarts': 0, 'RecordedSite': True, 'State': 'failed', 'ResidentSetSize': [2098844], 'Error': [50660, 'Job killed by HTCondor due to excessive memory use (RSS=2250 MB). Will not retry it.', {}], 'SiteHistory': ['Unknown', 'T2_US_Wisconsin', 'T2_US_Wisconsin'], 'TotalSysCpuTimeHistory': [89.0]}, '12': {'Retries': 0, 'WallDurations': [9.0, 108.97215294837952, 2115.0], 'StartTimes': [1606785780.0], 'SubmitTimes': [1606785537.0], 'JobIds': ['58547844.0'], 'EndTimes': [], 'Restarts': 0, 'RecordedSite': True, 'State': 'failed', 'ResidentSetSize': [2186592], 'Error': [50660, 'Job killed by HTCondor due to excessive memory use (RSS=2250 MB). Will not retry it.', {}], 'TotalUserCpuTimeHistory': [1919.0], 'SiteHistory': ['Unknown', 'T2_US_Florida', 'T2_US_Florida'], 'TotalSysCpuTimeHistory': [25.0]}, '15': {'Retries': 0, 'WallDurations': [8.0, 108.97215294837952, 2114.0], 'StartTimes': [1606785780.0], 'SubmitTimes': [1606785537.0], 'JobIds': ['58547847.0'], 'EndTimes': [], 'Restarts': 0, 'RecordedSite': True, 'State': 'failed', 'ResidentSetSize': [2174160], 'Error': [50660, 'Job killed by HTCondor due to excessive memory use (RSS=2250 MB). Will not retry it.', {}], 'TotalUserCpuTimeHistory': [1899.0], 'SiteHistory': ['Unknown', 'T2_US_Florida', 'T2_US_Florida'], 'TotalSysCpuTimeHistory': [24.0]}, '14': {'Retries': 0, 'WallDurations': [8.0, 265.11962699890137, 5121.0], 'StartTimes': [1606785924.0], 'SubmitTimes': [1606785537.0], 'JobIds': ['58547846.0'], 'TotalUserCpuTimeHistory': [3902.0], 'EndTimes': [], 'Restarts': 0, 'RecordedSite': True, 'State': 'failed', 'ResidentSetSize': [2076932], 'Error': [50660, 'Job killed by HTCondor due to excessive memory use (RSS=2250 MB). Will not retry it.', {}], 'SiteHistory': ['Unknown', 'T2_US_Vanderbilt', 'T2_US_Vanderbilt'], 'TotalSysCpuTimeHistory': [96.0]}, '17': {'Retries': 0, 'WallDurations': [9.0, 107.97215294837952, 2415.0], 'StartTimes': [1606785781.0], 'SubmitTimes': [1606785537.0], 'JobIds': ['58547849.0'], 'TotalUserCpuTimeHistory': [2187.0], 'EndTimes': [], 'Restarts': 0, 'RecordedSite': True, 'State': 'failed', 'ResidentSetSize': [2240160], 'Error': [50660, 'Job killed by HTCondor due to excessive memory use (RSS=2250 MB). Will not retry it.', {}], 'SiteHistory': ['Unknown', 'T2_US_Florida', 'T2_US_Florida'], 'TotalSysCpuTimeHistory': [37.0]}, '16': {'Retries': 0, 'WallDurations': [9.0, 108.97215294837952, 2111.0], 'StartTimes': [1606785780.0], 'SubmitTimes': [1606785537.0], 'JobIds': ['58547848.0'], 'EndTimes': [], 'Restarts': 0, 'RecordedSite': True, 'State': 'failed', 'ResidentSetSize': [2193636], 'Error': [50660, 'Job killed by HTCondor due to excessive memory use (RSS=2250 MB). Will not retry it.', {}], 'TotalUserCpuTimeHistory': [1892.0], 'SiteHistory': ['Unknown', 'T2_US_Florida', 'T2_US_Florida'], 'TotalSysCpuTimeHistory': [25.0]}, '19': {'Retries': 0, 'WallDurations': [9.0, 109.97215294837952, 2415.0], 'StartTimes': [1606785779.0], 'SubmitTimes': [1606785538.0], 'JobIds': ['58547851.0'], 'TotalUserCpuTimeHistory': [1939.0], 'EndTimes': [], 'Restarts': 0, 'RecordedSite': True, 'State': 'failed', 'ResidentSetSize': [2068068], 'Error': [50660, 'Job killed by HTCondor due to excessive memory use (RSS=2250 MB). Will not retry it.', {}], 'SiteHistory': ['Unknown', 'T2_US_Wisconsin', 'T2_US_Wisconsin'], 'TotalSysCpuTimeHistory': [56.0]}, '18': {'Retries': 0, 'WallDurations': [8.0, 108.97215294837952, 2115.0], 'StartTimes': [1606785780.0], 'SubmitTimes': [1606785538.0], 'JobIds': ['58547850.0'], 'EndTimes': [], 'Restarts': 0, 'RecordedSite': True, 'State': 'failed', 'ResidentSetSize': [2151908], 'Error': [50660, 'Job killed by HTCondor due to excessive memory use (RSS=2250 MB). Will not retry it.', {}], 'TotalUserCpuTimeHistory': [1822.0], 'SiteHistory': ['Unknown', 'T2_US_Florida', 'T2_US_Florida'], 'TotalSysCpuTimeHistory': [28.0]}, '31': {'Retries': 0, 'WallDurations': [9.0, 77.97215294837952, 1116.0], 'StartTimes': [1606785811.0], 'SubmitTimes': [1606785539.0], 'JobIds': ['58547861.0'], 'EndTimes': [1606786927.0], 'Restarts': 0, 'RecordedSite': True, 'State': 'finished', 'ResidentSetSize': [934504], 'TotalUserCpuTimeHistory': [921], 'SiteHistory': ['Unknown', 'T2_BE_IIHE', 'T2_BE_IIHE'], 'TotalSysCpuTimeHistory': [16]}, '30': {'Retries': 0, 'WallDurations': [9.0, 267.11962699890137, 3316.0], 'StartTimes': [1606785922.0], 'SubmitTimes': [1606785540.0], 'JobIds': ['58547862.0'], 'TotalUserCpuTimeHistory': [2981.0], 'EndTimes': [], 'Restarts': 0, 'RecordedSite': True, 'State': 'failed', 'ResidentSetSize': [2096372], 'Error': [50660, 'Job killed by HTCondor due to excessive memory use (RSS=2250 MB). Will not retry it.', {}], 'SiteHistory': ['Unknown', 'T2_US_Wisconsin', 'T2_US_Wisconsin'], 'TotalSysCpuTimeHistory': [79.0]}}
INFO 2020-12-01 04:06:33.203 UTC: 	 Status on the scheduler:	SUBMITTED
INFO 2020-12-01 04:06:33.203 UTC: 	 
Jobs status:                    failed       		 87.1% (27/31)
INFO 2020-12-01 04:06:33.203 UTC: 	 				finished     		  9.7% ( 3/31)
INFO 2020-12-01 04:06:33.203 UTC: 	 				running      		  3.2% ( 1/31)
INFO 2020-12-01 04:06:33.203 UTC: 	 
No publication information (publication has been disabled in the CRAB configuration file)
INFO 2020-12-01 04:06:33.204 UTC: 	 
Error Summary: (use crab status --verboseErrors for details about the errors)

27 jobs failed with exit code 50660

Have a look at https://twiki.cern.ch/twiki/bin/viewauth/CMSPublic/JobExitCodes for a description of the exit codes.
INFO 2020-12-01 04:06:33.205 UTC: 	 
Warning: the max jobs runtime is less than 30% of the task requested value (1250 min), please consider to request a lower value for failed jobs (allowed through crab resubmit) and/or improve the jobs splitting (e.g. config.Data.splitting = 'Automatic') in a new task.
INFO 2020-12-01 04:06:33.205 UTC: 	 
Summary of run jobs:
 * Memory: 912MB min, 2207MB max, 2046MB ave
 * Runtime: 0:18:36 min, 1:35:23 max, 0:49:22 ave
 * CPU eff: 76% min, 96% max, 87% ave
 * Waste: 2:31:32 (9% of total)

INFO 2020-12-01 04:06:33.209 UTC: 	 Log file is /uscms_data/d3/cannaert/src/thrust/CMSSW_10_6_0/src/crab_projects/crab_diquark_QCD_background_1500to2000_MC_0000/crab.log
DEBUG 2020-12-01 04:29:26.268 UTC: 	 CRAB Client version: v3.201110
DEBUG 2020-12-01 04:29:26.268 UTC: 	 Running on: Linux cmslpc128.fnal.gov 3.10.0-1127.19.1.el7.x86_64 #1 SMP Thu Aug 20 14:39:03 CDT 2020 x86_64 x86_64 x86_64 GNU/Linux - Scientific Linux 7.9 (Nitrogen)
DEBUG 2020-12-01 04:29:26.268 UTC: 	 Executing command: 'status'
DEBUG 2020-12-01 04:29:26.269 UTC: 	 Found CRAB cache file /uscms/home/cannaert/.crab3
DEBUG 2020-12-01 04:29:26.281 UTC: 	 Checking credentials
DEBUG 2020-12-01 04:29:26.282 UTC: 	 Found proxy file /uscms/home/cannaert/x509up_u54552
DEBUG 2020-12-01 04:29:26.282 UTC: 	 Getting proxy life time left
DEBUG 2020-12-01 04:29:26.384 UTC: 	 Executing : 
 command : voms-proxy-info -file /uscms/home/cannaert/x509up_u54552 -timeleft
 output : 42133

 error: 
 retcode : 0
DEBUG 2020-12-01 04:29:26.487 UTC: 	 Executing : 
 command : voms-proxy-info -file /uscms/home/cannaert/x509up_u54552 -actimeleft
 output : 42133

 error: 
 retcode : 0
DEBUG 2020-12-01 04:29:26.487 UTC: 	 Proxy valid for 11:42:13 hours
DEBUG 2020-12-01 04:29:27.084 UTC: 	 Registering user credentials for server /DC=ch/DC=cern/OU=computers/CN=vocms0105.cern.ch|/DC=ch/DC=cern/OU=computers/CN=crab-(preprod|prod|dev)-tw(02|01).cern.ch|/DC=ch/DC=cern/OU=computers/CN=(ddi|ddidk|mytw).cern.ch|/DC=ch/DC=cern/OU=computers/CN=stefanov(m|m2).cern.ch
DEBUG 2020-12-01 04:29:27.193 UTC: 	 Executing : 
 command : voms-proxy-info -file /uscms/home/cannaert/x509up_u54552 -identity
 output : /DC=ch/DC=cern/OU=Organic Units/OU=Users/CN=ecannaer/CN=832417/CN=Ethan Cannaert

 error: 
 retcode : 0
DEBUG 2020-12-01 04:29:27.199 UTC: 	 Getting myproxy life time left for myproxy.cern.ch
DEBUG 2020-12-01 04:29:27.199 UTC: 	 using b7b51e0178e197a43a1d723fd43ab6570e42a3d5 as credential login name
DEBUG 2020-12-01 04:29:28.106 UTC: 	 Executing : 
 command : myproxy-info -l b7b51e0178e197a43a1d723fd43ab6570e42a3d5 -s myproxy.cern.ch
 output : username: b7b51e0178e197a43a1d723fd43ab6570e42a3d5
owner: /DC=ch/DC=cern/OU=Organic Units/OU=Users/CN=ecannaer/CN=832417/CN=Ethan Cannaert
  renewal policy: /DC=ch/DC=cern/OU=computers/CN=vocms0105.cern.ch|/DC=ch/DC=cern/OU=computers/CN=crab-(preprod|prod|dev)-tw(02|01).cern.ch|/DC=ch/DC=cern/OU=computers/CN=(ddi|ddidk|mytw).cern.ch|/DC=ch/DC=cern/OU=computers/CN=stefanov(m|m2).cern.ch
  trusted retrieval policy: /DC=ch/DC=cern/OU=computers/CN=vocms0105.cern.ch|/DC=ch/DC=cern/OU=computers/CN=crab-(preprod|prod|dev)-tw(02|01).cern.ch|/DC=ch/DC=cern/OU=computers/CN=(ddi|ddidk|mytw).cern.ch|/DC=ch/DC=cern/OU=computers/CN=stefanov(m|m2).cern.ch
  timeleft: 716:23:54  (29.8 days)

 error: 
 retcode : 0
DEBUG 2020-12-01 04:29:28.107 UTC: 	 Myproxy is valid: 2579034
DEBUG 2020-12-01 04:29:28.107 UTC: 	 Retrieving username ...
DEBUG 2020-12-01 04:29:28.107 UTC: 	 Retrieving username from CRIC...
DEBUG 2020-12-01 04:29:29.443 UTC: 	 username is ecannaer
DEBUG 2020-12-01 04:29:29.447 UTC: 	 Getting myproxy life time left for myproxy.cern.ch
DEBUG 2020-12-01 04:29:29.447 UTC: 	 using ecannaer_CRAB as credential login name
DEBUG 2020-12-01 04:29:30.253 UTC: 	 Executing : 
 command : myproxy-info -l ecannaer_CRAB -s myproxy.cern.ch
 output : username: ecannaer_CRAB
owner: /DC=ch/DC=cern/OU=Organic Units/OU=Users/CN=ecannaer/CN=832417/CN=Ethan Cannaert
  renewal policy: /DC=ch/DC=cern/OU=computers/CN=vocms0105.cern.ch|/DC=ch/DC=cern/OU=computers/CN=crab-(preprod|prod|dev)-tw(02|01).cern.ch|/DC=ch/DC=cern/OU=computers/CN=(ddi|ddidk|mytw).cern.ch|/DC=ch/DC=cern/OU=computers/CN=stefanov(m|m2).cern.ch
  trusted retrieval policy: /DC=ch/DC=cern/OU=computers/CN=vocms0105.cern.ch|/DC=ch/DC=cern/OU=computers/CN=crab-(preprod|prod|dev)-tw(02|01).cern.ch|/DC=ch/DC=cern/OU=computers/CN=(ddi|ddidk|mytw).cern.ch|/DC=ch/DC=cern/OU=computers/CN=stefanov(m|m2).cern.ch
  timeleft: 716:24:02  (29.9 days)

 error: 
 retcode : 0
DEBUG 2020-12-01 04:29:30.253 UTC: 	 Myproxy is valid: 2579042
DEBUG 2020-12-01 04:29:30.253 UTC: 	 Result of myproxy credential check:
  Credential exists on myproxy: username: b7b51e0178e197a43a1d723fd43ab6570e42a3d5  - validity: 29 days, 20:23:54
  Credential exists on myproxy: username: ecannaer_CRAB  - validity: 29 days, 20:24:02
DEBUG 2020-12-01 04:29:30.253 UTC: 	 Command use: status
DEBUG 2020-12-01 04:29:30.254 UTC: 	 Options use: ['-d', 'crab_projects/crab_diquark_QCD_background_1500to2000_MC_0000']
DEBUG 2020-12-01 04:29:30.863 UTC: 	 CRABClient version: v3.201110
DEBUG 2020-12-01 04:29:30.863 UTC: 	 Instance is prod
DEBUG 2020-12-01 04:29:30.863 UTC: 	 Server base url is cmsweb.cern.ch
DEBUG 2020-12-01 04:29:30.863 UTC: 	 Command url /crabserver/prod/workflow
DEBUG 2020-12-01 04:29:31.464 UTC: 	 Got information from server oracle database: {u'result': [u'201201_011812:ecannaer_crab_diquark_QCD_background_1500to2000_MC_0000', u'None', u'None', u'SUBMITTED', u'SUBMIT', u'2020-12-01 01:18:12.668725', u'None', u'2020-12-01 01:18:42.727930', u'None', u'CMSSW_10_6_0', u'slc7_amd64_gcc820', u'/QCD_HT1500to2000_TuneCP5_13TeV-madgraphMLM-pythia8/RunIIAutumn18MiniAOD-102X_upgrade2018_realistic_v15-v1/MINIAODSIM', u'F', u'0', u'[]', u'[]', u'FileBased', u"{'splitOnRun': False, 'halt_job_on_file_boundaries': False, 'files_per_job': 10, 'runs': [], 'lumis': []}", u'ddb6c86ea4a217e8c85154c7caaacad32b2969eaf74e6c363fc05bba8f8aa807.tar.gz', u'https://cmsweb-k8s-prod.cern.ch/crabcache', u'ecannaer', u'/DC=ch/DC=cern/OU=Organic Units/OU=Users/CN=ecannaer/CN=832417/CN=Ethan Cannaert', u'cms', u'None', u'None', u'diquark_QCD_background-00000000000000000000000000000000', u'F', u'T3_US_FNALLPC', u'https://cmsweb.cern.ch/dbs/prod/global/DBSReader', u'https://cmsweb.cern.ch/dbs/prod/phys03/DBSWriter', u'F', u'[]', u"['diquark_QCD_BR_MC.root']", u'[]', u'Analysis', u'pythia', u'None', u'{}', u'[]', u'F', u'crab-prod-tw01', u'[]', u'1250', u'1', u'2000', u'10', u'None', u'[]', u'http://vocms0196.cern.ch/mon/cms838/201201_011812:ecannaer_crab_diquark_QCD_background_1500to2000_MC_0000', u'None', u'[]', u'[]', u'https://cmsweb.cern.ch/crabserver/prod', u'cmsgwms-collector-global.cern.ch:9620,cmsgwms-collector-global.fnal.gov', u'crab3@vocms0196.cern.ch', u'F', u'[]', u'T', u'/store/user/ecannaer/', u'F', u'None', u'F', u'None', u'QCD_HT1500to2000_TuneCP5_13TeV-madgraphMLM-pythia8', u'None', u'c333e22087b451b94321e621d006d6a1ba65325c4a7f0819094127404031ed2e.tar.gz', u'58547827', u'filetransfers', u'F', u'131.225.189.111', u'0.0', u'None'], u'desc': {u'columns': [u'tm_taskname', u'tm_activity', u'panda_jobset_id', u'tm_task_status', u'tm_task_command', u'tm_start_time', u'tm_start_injection', u'tm_end_injection', u'tm_task_failure', u'tm_job_sw', u'tm_job_arch', u'tm_input_dataset', u'tm_nonvalid_input_dataset', u'tm_use_parent', u'tm_site_whitelist', u'tm_site_blacklist', u'tm_split_algo', u'tm_split_args', u'tm_user_sandbox', u'tm_cache_url', u'tm_username', u'tm_user_dn', u'tm_user_vo', u'tm_user_role', u'tm_user_group', u'tm_publish_name', u'tm_publish_groupname', u'tm_asyncdest', u'tm_dbs_url', u'tm_publish_dbs_url', u'tm_publication', u'tm_outfiles', u'tm_tfile_outfiles', u'tm_edm_outfiles', u'tm_job_type', u'tm_generator', u'tm_events_per_lumi', u'tm_arguments', u'panda_resubmitted_jobs', u'tm_save_logs', u'tw_name', u'tm_user_infiles', u'tm_maxjobruntime', u'tm_numcores', u'tm_maxmemory', u'tm_priority', u'tm_output_dataset', u'tm_task_warnings', u'tm_user_webdir', u'tm_scriptexe', u'tm_scriptargs', u'tm_extrajdl', u'tm_asourl', u'tm_collector', u'tm_schedd', u'tm_dry_run', u'tm_user_files', u'tm_transfer_outputs', u'tm_output_lfn', u'tm_ignore_locality', u'tm_fail_limit', u'tm_one_event_mode', u'tm_secondary_input_dataset', u'tm_primary_dataset', u'tm_last_publication', u'tm_debug_files', u'clusterid', u'tm_asodb', u'tm_ignore_global_blacklist', u'tm_submitter_ip_addr', u'tm_totalunits', u'tm_ddm_reqid']}}
INFO 2020-12-01 04:29:31.464 UTC: 	 CRAB project directory:		/uscms_data/d3/cannaert/src/thrust/CMSSW_10_6_0/src/crab_projects/crab_diquark_QCD_background_1500to2000_MC_0000
INFO 2020-12-01 04:29:31.464 UTC: 	 Task name:			201201_011812:ecannaer_crab_diquark_QCD_background_1500to2000_MC_0000
INFO 2020-12-01 04:29:31.464 UTC: 	 Grid scheduler - Task Worker:	crab3@vocms0196.cern.ch - crab-prod-tw01
INFO 2020-12-01 04:29:31.464 UTC: 	 Status on the CRAB server:	SUBMITTED
INFO 2020-12-01 04:29:31.464 UTC: 	 Task URL to use for HELP:	https://cmsweb.cern.ch/crabserver/ui/task/201201_011812%3Aecannaer_crab_diquark_QCD_background_1500to2000_MC_0000
INFO 2020-12-01 04:29:31.468 UTC: 	 Dashboard monitoring URL:	https://monit-grafana.cern.ch/d/cmsTMDetail/cms-task-monitoring-task-view?orgId=11&var-user=ecannaer&var-task=201201_011812%3Aecannaer_crab_diquark_QCD_background_1500to2000_MC_0000&from=1606781892000&to=now
INFO 2020-12-01 04:29:31.469 UTC: 	 In case of issues with the dashboard, please provide feedback to hn-cms-computing-tools@cern.ch
DEBUG 2020-12-01 04:29:31.469 UTC: 	 The CRAB server submitted your task to the Grid scheduler (cluster ID: 58547827)
DEBUG 2020-12-01 04:29:31.469 UTC: 	 Webdir is located at http://vocms0196.cern.ch/mon/cms838/201201_011812:ecannaer_crab_diquark_QCD_background_1500to2000_MC_0000
DEBUG 2020-12-01 04:29:32.036 UTC: 	 Proxied webdir is located at https://cmsweb.cern.ch/scheddmon/0196/cms838/201201_011812:ecannaer_crab_diquark_QCD_background_1500to2000_MC_0000
DEBUG 2020-12-01 04:29:32.036 UTC: 	 Retrieving 'status_cache' file from https://cmsweb.cern.ch/scheddmon/0196/cms838/201201_011812:ecannaer_crab_diquark_QCD_background_1500to2000_MC_0000/status_cache
DEBUG 2020-12-01 04:29:32.588 UTC: 	 Got information from status cache file: {'24': {'Retries': 0, 'WallDurations': [8.0, 77.97215294837952, 2412.0], 'StartTimes': [1606785811.0], 'SubmitTimes': [1606785539.0], 'JobIds': ['58547856.0'], 'EndTimes': [], 'Restarts': 0, 'RecordedSite': True, 'State': 'running', 'ResidentSetSize': [1440252], 'TotalUserCpuTimeHistory': [2164.0], 'SiteHistory': ['Unknown', 'T2_BE_IIHE', 'T2_BE_IIHE'], 'TotalSysCpuTimeHistory': [36.0]}, '25': {'Retries': 0, 'WallDurations': [8.0, 78.97215294837952, 3197.0], 'StartTimes': [1606785810.0], 'SubmitTimes': [1606785539.0], 'JobIds': ['58547857.0'], 'EndTimes': [1606789007.0], 'Restarts': 0, 'RecordedSite': True, 'State': 'finished', 'ResidentSetSize': [2014784], 'TotalUserCpuTimeHistory': [2996], 'SiteHistory': ['Unknown', 'T2_BE_IIHE', 'T2_BE_IIHE'], 'TotalSysCpuTimeHistory': [52]}, '26': {'Retries': 0, 'WallDurations': [8.0, 77.97215294837952, 4442.0, 4220.0], 'StartTimes': [1606785811.0, 1606790317.0], 'SubmitTimes': [1606785539.0, -1], 'JobIds': ['58547858.0', '58547858.0'], 'EndTimes': [1606790253.0], 'Restarts': 1, 'RecordedSite': True, 'State': 'failed', 'ResidentSetSize': [1248644, 2091776], 'Error': [50660, 'Job killed by HTCondor due to excessive memory use (RSS=2250 MB). Will not retry it.', {}], 'TotalUserCpuTimeHistory': [1562.0, 3413.0], 'SiteHistory': ['Unknown', 'T2_BE_IIHE', 'T2_BE_IIHE', 'T2_US_Nebraska'], 'TotalSysCpuTimeHistory': [27.0, 97.0]}, '27': {'Retries': 0, 'WallDurations': [8.0, 267.11962699890137, 2111.0], 'StartTimes': [1606785922.0], 'SubmitTimes': [1606785540.0], 'JobIds': ['58547863.0'], 'TotalUserCpuTimeHistory': [1941.0], 'EndTimes': [], 'Restarts': 0, 'RecordedSite': True, 'State': 'failed', 'ResidentSetSize': [2241240], 'Error': [50660, 'Job killed by HTCondor due to excessive memory use (RSS=2250 MB). Will not retry it.', {}], 'SiteHistory': ['Unknown', 'T2_US_Florida', 'T2_US_Florida'], 'TotalSysCpuTimeHistory': [25.0]}, '20': {'Retries': 0, 'WallDurations': [9.0, 132.11962699890137, 2114.0], 'StartTimes': [1606786057.0], 'SubmitTimes': [1606785538.0], 'JobIds': ['58547852.0'], 'TotalUserCpuTimeHistory': [1950.0], 'EndTimes': [], 'Restarts': 0, 'RecordedSite': True, 'State': 'failed', 'ResidentSetSize': [2249048], 'Error': [50660, 'Job killed by HTCondor due to excessive memory use (RSS=2250 MB). Will not retry it.', {}], 'SiteHistory': ['Unknown', 'T2_US_Florida', 'T2_US_Florida'], 'TotalSysCpuTimeHistory': [28.0]}, '21': {'Retries': 0, 'WallDurations': [8.0, 107.97215294837952, 2115.0], 'StartTimes': [1606785781.0], 'SubmitTimes': [1606785539.0], 'JobIds': ['58547853.0'], 'EndTimes': [], 'Restarts': 0, 'RecordedSite': True, 'State': 'failed', 'ResidentSetSize': [2185360], 'Error': [50660, 'Job killed by HTCondor due to excessive memory use (RSS=2250 MB). Will not retry it.', {}], 'TotalUserCpuTimeHistory': [1901.0], 'SiteHistory': ['Unknown', 'T2_US_Florida', 'T2_US_Florida'], 'TotalSysCpuTimeHistory': [24.0]}, '22': {'Retries': 0, 'WallDurations': [9.0, 108.97215294837952, 2115.0], 'StartTimes': [1606785780.0], 'SubmitTimes': [1606785539.0], 'JobIds': ['58547854.0'], 'EndTimes': [], 'Restarts': 0, 'RecordedSite': True, 'State': 'failed', 'ResidentSetSize': [2165764], 'Error': [50660, 'Job killed by HTCondor due to excessive memory use (RSS=2250 MB). Will not retry it.', {}], 'TotalUserCpuTimeHistory': [1912.0], 'SiteHistory': ['Unknown', 'T2_US_Florida', 'T2_US_Florida'], 'TotalSysCpuTimeHistory': [30.0]}, '23': {'Retries': 0, 'WallDurations': [8.0, 107.97215294837952, 2415.0], 'StartTimes': [1606785781.0], 'SubmitTimes': [1606785539.0], 'JobIds': ['58547855.0'], 'TotalUserCpuTimeHistory': [2168.0], 'EndTimes': [], 'Restarts': 0, 'RecordedSite': True, 'State': 'failed', 'ResidentSetSize': [2211780], 'Error': [50660, 'Job killed by HTCondor due to excessive memory use (RSS=2250 MB). Will not retry it.', {}], 'SiteHistory': ['Unknown', 'T2_US_Florida', 'T2_US_Florida'], 'TotalSysCpuTimeHistory': [38.0]}, '28': {'Retries': 0, 'WallDurations': [8.0, 77.97215294837952, 2712.0], 'StartTimes': [1606785811.0], 'SubmitTimes': [1606785539.0], 'JobIds': ['58547859.0'], 'EndTimes': [], 'Restarts': 0, 'RecordedSite': True, 'State': 'failed', 'ResidentSetSize': [2099404], 'Error': [50660, 'Job killed by HTCondor due to excessive memory use (RSS=2250 MB). Will not retry it.', {}], 'TotalUserCpuTimeHistory': [2407.0], 'SiteHistory': ['Unknown', 'T2_BE_IIHE', 'T2_BE_IIHE'], 'TotalSysCpuTimeHistory': [47.0]}, '29': {'Retries': 0, 'WallDurations': [9.0, 78.97215294837952, 3446.0], 'StartTimes': [1606785810.0], 'SubmitTimes': [1606785539.0], 'JobIds': ['58547860.0'], 'EndTimes': [1606789256.0], 'Restarts': 0, 'RecordedSite': True, 'State': 'finished', 'ResidentSetSize': [1787352], 'TotalUserCpuTimeHistory': [3236], 'SiteHistory': ['Unknown', 'T2_BE_IIHE', 'T2_BE_IIHE'], 'TotalSysCpuTimeHistory': [55]}, '1': {'Retries': 0, 'WallDurations': [8.0, 267.11962699890137, 2115.0], 'StartTimes': [1606785922.0], 'SubmitTimes': [1606785528.0], 'JobIds': ['58547831.0'], 'TotalUserCpuTimeHistory': [1926.0], 'EndTimes': [], 'Restarts': 0, 'RecordedSite': True, 'State': 'failed', 'ResidentSetSize': [2096104], 'Error': [50660, 'Job killed by HTCondor due to excessive memory use (RSS=2250 MB). Will not retry it.', {}], 'SiteHistory': ['Unknown', 'T2_US_Florida', 'T2_US_Florida'], 'TotalSysCpuTimeHistory': [24.0]}, '3': {'Retries': 0, 'WallDurations': [8.0, 268.11962699890137, 2415.0], 'StartTimes': [1606785921.0], 'SubmitTimes': [1606785529.0], 'JobIds': ['58547834.0'], 'EndTimes': [], 'Restarts': 0, 'RecordedSite': True, 'State': 'failed', 'ResidentSetSize': [2260756], 'Error': [50660, 'Job killed by HTCondor due to excessive memory use (RSS=2500 MB). Will not retry it.', {}], 'TotalUserCpuTimeHistory': [2120.0], 'SiteHistory': ['Unknown', 'T2_US_Wisconsin', 'T2_US_Wisconsin'], 'TotalSysCpuTimeHistory': [85.0]}, '2': {'Retries': 0, 'WallDurations': [9.0, 265.11962699890137, 5723.0], 'StartTimes': [1606785924.0], 'SubmitTimes': [1606785529.0], 'JobIds': ['58547832.0'], 'TotalUserCpuTimeHistory': [4267.0], 'EndTimes': [], 'Restarts': 0, 'RecordedSite': True, 'State': 'failed', 'ResidentSetSize': [2092268], 'Error': [50660, 'Job killed by HTCondor due to excessive memory use (RSS=2250 MB). Will not retry it.', {}], 'SiteHistory': ['Unknown', 'T2_US_MIT', 'T2_US_MIT'], 'TotalSysCpuTimeHistory': [85.0]}, '5': {'Retries': 0, 'WallDurations': [8.0, 267.11962699890137, 3617.0], 'StartTimes': [1606785922.0], 'SubmitTimes': [1606785530.0], 'JobIds': ['58547835.0'], 'EndTimes': [], 'Restarts': 0, 'RecordedSite': True, 'State': 'failed', 'ResidentSetSize': [2087972], 'Error': [50660, 'Job killed by HTCondor due to excessive memory use (RSS=2250 MB). Will not retry it.', {}], 'TotalUserCpuTimeHistory': [2953.0], 'SiteHistory': ['Unknown', 'T2_US_MIT', 'T2_US_MIT'], 'TotalSysCpuTimeHistory': [61.0]}, '4': {'Retries': 0, 'WallDurations': [8.0, 268.11962699890137, 2411.0], 'StartTimes': [1606785921.0], 'SubmitTimes': [1606785529.0], 'JobIds': ['58547833.0'], 'EndTimes': [], 'Restarts': 0, 'RecordedSite': True, 'State': 'failed', 'ResidentSetSize': [2059632], 'Error': [50660, 'Job killed by HTCondor due to excessive memory use (RSS=2250 MB). Will not retry it.', {}], 'TotalUserCpuTimeHistory': [1975.0], 'SiteHistory': ['Unknown', 'T2_US_Purdue', 'T2_US_Purdue'], 'TotalSysCpuTimeHistory': [47.0]}, '7': {'Retries': 0, 'WallDurations': [9.0, 108.97215294837952, 3620.0], 'StartTimes': [1606785780.0], 'SubmitTimes': [1606785536.0], 'JobIds': ['58547838.0'], 'TotalUserCpuTimeHistory': [3169.0], 'EndTimes': [], 'Restarts': 0, 'RecordedSite': True, 'State': 'failed', 'ResidentSetSize': [2207028], 'Error': [50660, 'Job killed by HTCondor due to excessive memory use (RSS=2250 MB). Will not retry it.', {}], 'SiteHistory': ['Unknown', 'T2_US_Wisconsin', 'T2_US_Wisconsin'], 'TotalSysCpuTimeHistory': [79.0]}, '6': {'Retries': 0, 'WallDurations': [10.0, 99.97215294837952, 4518.0], 'StartTimes': [1606785789.0], 'SubmitTimes': [1606785530.0], 'JobIds': ['58547836.0'], 'EndTimes': [], 'Restarts': 0, 'RecordedSite': True, 'State': 'failed', 'ResidentSetSize': [2170640], 'Error': [50660, 'Job killed by HTCondor due to excessive memory use (RSS=2250 MB). Will not retry it.', {}], 'TotalUserCpuTimeHistory': [3590.0], 'SiteHistory': ['Unknown', 'T2_US_Nebraska', 'T2_US_Nebraska'], 'TotalSysCpuTimeHistory': [109.0]}, '9': {'Retries': 0, 'WallDurations': [9.0, 108.97215294837952, 4219.0], 'StartTimes': [1606785780.0], 'SubmitTimes': [1606785536.0], 'JobIds': ['58547841.0'], 'TotalUserCpuTimeHistory': [3137.0], 'EndTimes': [], 'Restarts': 0, 'RecordedSite': True, 'State': 'failed', 'ResidentSetSize': [2137136], 'Error': [50660, 'Job killed by HTCondor due to excessive memory use (RSS=2250 MB). Will not retry it.', {}], 'SiteHistory': ['Unknown', 'T2_US_MIT', 'T2_US_MIT'], 'TotalSysCpuTimeHistory': [71.0]}, '8': {'Retries': 0, 'WallDurations': [9.0, 109.97215294837952, 2112.0], 'StartTimes': [1606785779.0], 'SubmitTimes': [1606785536.0], 'JobIds': ['58547839.0'], 'EndTimes': [], 'Restarts': 0, 'RecordedSite': True, 'State': 'failed', 'ResidentSetSize': [2246580], 'Error': [50660, 'Job killed by HTCondor due to excessive memory use (RSS=2250 MB). Will not retry it.', {}], 'TotalUserCpuTimeHistory': [1940.0], 'SiteHistory': ['Unknown', 'T2_US_Florida', 'T2_US_Florida'], 'TotalSysCpuTimeHistory': [25.0]}, '11': {'Retries': 0, 'WallDurations': [9.0, 108.97215294837952, 3615.0], 'StartTimes': [1606785780.0], 'SubmitTimes': [1606785536.0], 'JobIds': ['58547843.0'], 'TotalUserCpuTimeHistory': [3169.0], 'EndTimes': [], 'Restarts': 0, 'RecordedSite': True, 'State': 'failed', 'ResidentSetSize': [2090256], 'Error': [50660, 'Job killed by HTCondor due to excessive memory use (RSS=2250 MB). Will not retry it.', {}], 'SiteHistory': ['Unknown', 'T2_US_Wisconsin', 'T2_US_Wisconsin'], 'TotalSysCpuTimeHistory': [99.0]}, '10': {'Retries': 0, 'WallDurations': [9.0, 108.97215294837952, 3619.0], 'StartTimes': [1606785780.0], 'SubmitTimes': [1606785536.0], 'JobIds': ['58547842.0'], 'TotalUserCpuTimeHistory': [3124.0], 'EndTimes': [], 'Restarts': 0, 'RecordedSite': True, 'State': 'failed', 'ResidentSetSize': [2149820], 'Error': [50660, 'Job killed by HTCondor due to excessive memory use (RSS=2250 MB). Will not retry it.', {}], 'SiteHistory': ['Unknown', 'T2_US_Wisconsin', 'T2_US_Wisconsin'], 'TotalSysCpuTimeHistory': [119.0]}, '13': {'Retries': 0, 'WallDurations': [9.0, 108.97215294837952, 3620.0], 'StartTimes': [1606785780.0], 'SubmitTimes': [1606785537.0], 'JobIds': ['58547845.0'], 'TotalUserCpuTimeHistory': [3126.0], 'EndTimes': [], 'Restarts': 0, 'RecordedSite': True, 'State': 'failed', 'ResidentSetSize': [2098844], 'Error': [50660, 'Job killed by HTCondor due to excessive memory use (RSS=2250 MB). Will not retry it.', {}], 'SiteHistory': ['Unknown', 'T2_US_Wisconsin', 'T2_US_Wisconsin'], 'TotalSysCpuTimeHistory': [89.0]}, '12': {'Retries': 0, 'WallDurations': [9.0, 108.97215294837952, 2115.0], 'StartTimes': [1606785780.0], 'SubmitTimes': [1606785537.0], 'JobIds': ['58547844.0'], 'EndTimes': [], 'Restarts': 0, 'RecordedSite': True, 'State': 'failed', 'ResidentSetSize': [2186592], 'Error': [50660, 'Job killed by HTCondor due to excessive memory use (RSS=2250 MB). Will not retry it.', {}], 'TotalUserCpuTimeHistory': [1919.0], 'SiteHistory': ['Unknown', 'T2_US_Florida', 'T2_US_Florida'], 'TotalSysCpuTimeHistory': [25.0]}, '15': {'Retries': 0, 'WallDurations': [8.0, 108.97215294837952, 2114.0], 'StartTimes': [1606785780.0], 'SubmitTimes': [1606785537.0], 'JobIds': ['58547847.0'], 'EndTimes': [], 'Restarts': 0, 'RecordedSite': True, 'State': 'failed', 'ResidentSetSize': [2174160], 'Error': [50660, 'Job killed by HTCondor due to excessive memory use (RSS=2250 MB). Will not retry it.', {}], 'TotalUserCpuTimeHistory': [1899.0], 'SiteHistory': ['Unknown', 'T2_US_Florida', 'T2_US_Florida'], 'TotalSysCpuTimeHistory': [24.0]}, '14': {'Retries': 0, 'WallDurations': [8.0, 265.11962699890137, 5121.0], 'StartTimes': [1606785924.0], 'SubmitTimes': [1606785537.0], 'JobIds': ['58547846.0'], 'TotalUserCpuTimeHistory': [3902.0], 'EndTimes': [], 'Restarts': 0, 'RecordedSite': True, 'State': 'failed', 'ResidentSetSize': [2076932], 'Error': [50660, 'Job killed by HTCondor due to excessive memory use (RSS=2250 MB). Will not retry it.', {}], 'SiteHistory': ['Unknown', 'T2_US_Vanderbilt', 'T2_US_Vanderbilt'], 'TotalSysCpuTimeHistory': [96.0]}, '17': {'Retries': 0, 'WallDurations': [9.0, 107.97215294837952, 2415.0], 'StartTimes': [1606785781.0], 'SubmitTimes': [1606785537.0], 'JobIds': ['58547849.0'], 'TotalUserCpuTimeHistory': [2187.0], 'EndTimes': [], 'Restarts': 0, 'RecordedSite': True, 'State': 'failed', 'ResidentSetSize': [2240160], 'Error': [50660, 'Job killed by HTCondor due to excessive memory use (RSS=2250 MB). Will not retry it.', {}], 'SiteHistory': ['Unknown', 'T2_US_Florida', 'T2_US_Florida'], 'TotalSysCpuTimeHistory': [37.0]}, '16': {'Retries': 0, 'WallDurations': [9.0, 108.97215294837952, 2111.0], 'StartTimes': [1606785780.0], 'SubmitTimes': [1606785537.0], 'JobIds': ['58547848.0'], 'EndTimes': [], 'Restarts': 0, 'RecordedSite': True, 'State': 'failed', 'ResidentSetSize': [2193636], 'Error': [50660, 'Job killed by HTCondor due to excessive memory use (RSS=2250 MB). Will not retry it.', {}], 'TotalUserCpuTimeHistory': [1892.0], 'SiteHistory': ['Unknown', 'T2_US_Florida', 'T2_US_Florida'], 'TotalSysCpuTimeHistory': [25.0]}, '19': {'Retries': 0, 'WallDurations': [9.0, 109.97215294837952, 2415.0], 'StartTimes': [1606785779.0], 'SubmitTimes': [1606785538.0], 'JobIds': ['58547851.0'], 'TotalUserCpuTimeHistory': [1939.0], 'EndTimes': [], 'Restarts': 0, 'RecordedSite': True, 'State': 'failed', 'ResidentSetSize': [2068068], 'Error': [50660, 'Job killed by HTCondor due to excessive memory use (RSS=2250 MB). Will not retry it.', {}], 'SiteHistory': ['Unknown', 'T2_US_Wisconsin', 'T2_US_Wisconsin'], 'TotalSysCpuTimeHistory': [56.0]}, '18': {'Retries': 0, 'WallDurations': [8.0, 108.97215294837952, 2115.0], 'StartTimes': [1606785780.0], 'SubmitTimes': [1606785538.0], 'JobIds': ['58547850.0'], 'EndTimes': [], 'Restarts': 0, 'RecordedSite': True, 'State': 'failed', 'ResidentSetSize': [2151908], 'Error': [50660, 'Job killed by HTCondor due to excessive memory use (RSS=2250 MB). Will not retry it.', {}], 'TotalUserCpuTimeHistory': [1822.0], 'SiteHistory': ['Unknown', 'T2_US_Florida', 'T2_US_Florida'], 'TotalSysCpuTimeHistory': [28.0]}, '31': {'Retries': 0, 'WallDurations': [9.0, 77.97215294837952, 1116.0], 'StartTimes': [1606785811.0], 'SubmitTimes': [1606785539.0], 'JobIds': ['58547861.0'], 'EndTimes': [1606786927.0], 'Restarts': 0, 'RecordedSite': True, 'State': 'finished', 'ResidentSetSize': [934504], 'TotalUserCpuTimeHistory': [921], 'SiteHistory': ['Unknown', 'T2_BE_IIHE', 'T2_BE_IIHE'], 'TotalSysCpuTimeHistory': [16]}, '30': {'Retries': 0, 'WallDurations': [9.0, 267.11962699890137, 3316.0], 'StartTimes': [1606785922.0], 'SubmitTimes': [1606785540.0], 'JobIds': ['58547862.0'], 'TotalUserCpuTimeHistory': [2981.0], 'EndTimes': [], 'Restarts': 0, 'RecordedSite': True, 'State': 'failed', 'ResidentSetSize': [2096372], 'Error': [50660, 'Job killed by HTCondor due to excessive memory use (RSS=2250 MB). Will not retry it.', {}], 'SiteHistory': ['Unknown', 'T2_US_Wisconsin', 'T2_US_Wisconsin'], 'TotalSysCpuTimeHistory': [79.0]}}
INFO 2020-12-01 04:29:32.588 UTC: 	 Status on the scheduler:	SUBMITTED
INFO 2020-12-01 04:29:32.588 UTC: 	 
Jobs status:                    failed       		 87.1% (27/31)
INFO 2020-12-01 04:29:32.588 UTC: 	 				finished     		  9.7% ( 3/31)
INFO 2020-12-01 04:29:32.588 UTC: 	 				running      		  3.2% ( 1/31)
INFO 2020-12-01 04:29:32.588 UTC: 	 
No publication information (publication has been disabled in the CRAB configuration file)
INFO 2020-12-01 04:29:32.589 UTC: 	 
Error Summary: (use crab status --verboseErrors for details about the errors)

27 jobs failed with exit code 50660

Have a look at https://twiki.cern.ch/twiki/bin/viewauth/CMSPublic/JobExitCodes for a description of the exit codes.
INFO 2020-12-01 04:29:32.590 UTC: 	 
Warning: the max jobs runtime is less than 30% of the task requested value (1250 min), please consider to request a lower value for failed jobs (allowed through crab resubmit) and/or improve the jobs splitting (e.g. config.Data.splitting = 'Automatic') in a new task.
INFO 2020-12-01 04:29:32.590 UTC: 	 
Summary of run jobs:
 * Memory: 912MB min, 2207MB max, 2046MB ave
 * Runtime: 0:18:36 min, 1:35:23 max, 0:49:22 ave
 * CPU eff: 76% min, 96% max, 87% ave
 * Waste: 2:31:32 (9% of total)

INFO 2020-12-01 04:29:32.593 UTC: 	 Log file is /uscms_data/d3/cannaert/src/thrust/CMSSW_10_6_0/src/crab_projects/crab_diquark_QCD_background_1500to2000_MC_0000/crab.log
DEBUG 2020-12-01 20:15:20.521 UTC: 	 CRAB Client version: v3.201110
DEBUG 2020-12-01 20:15:20.522 UTC: 	 Running on: Linux cmslpc114.fnal.gov 3.10.0-1160.6.1.el7.x86_64 #1 SMP Tue Nov 10 08:19:23 CST 2020 x86_64 x86_64 x86_64 GNU/Linux - Scientific Linux 7.9 (Nitrogen)
DEBUG 2020-12-01 20:15:20.522 UTC: 	 Executing command: 'status'
DEBUG 2020-12-01 20:15:20.522 UTC: 	 Found CRAB cache file /uscms/home/cannaert/.crab3
DEBUG 2020-12-01 20:15:20.578 UTC: 	 Checking credentials
DEBUG 2020-12-01 20:15:20.580 UTC: 	 Found proxy file /uscms/home/cannaert/x509up_u54552
DEBUG 2020-12-01 20:15:20.580 UTC: 	 Getting proxy life time left
DEBUG 2020-12-01 20:15:20.682 UTC: 	 Executing : 
 command : voms-proxy-info -file /uscms/home/cannaert/x509up_u54552 -timeleft
 output : 43174

 error: 
 retcode : 0
DEBUG 2020-12-01 20:15:20.786 UTC: 	 Executing : 
 command : voms-proxy-info -file /uscms/home/cannaert/x509up_u54552 -actimeleft
 output : 43174

 error: 
 retcode : 0
DEBUG 2020-12-01 20:15:20.787 UTC: 	 Proxy valid for 11:59:34 hours
DEBUG 2020-12-01 20:15:21.386 UTC: 	 Registering user credentials for server /DC=ch/DC=cern/OU=computers/CN=vocms0105.cern.ch|/DC=ch/DC=cern/OU=computers/CN=crab-(preprod|prod|dev)-tw(02|01).cern.ch|/DC=ch/DC=cern/OU=computers/CN=(ddi|ddidk|mytw).cern.ch|/DC=ch/DC=cern/OU=computers/CN=stefanov(m|m2).cern.ch
DEBUG 2020-12-01 20:15:21.493 UTC: 	 Executing : 
 command : voms-proxy-info -file /uscms/home/cannaert/x509up_u54552 -identity
 output : /DC=ch/DC=cern/OU=Organic Units/OU=Users/CN=ecannaer/CN=832417/CN=Ethan Cannaert

 error: 
 retcode : 0
DEBUG 2020-12-01 20:15:21.497 UTC: 	 Getting myproxy life time left for myproxy.cern.ch
DEBUG 2020-12-01 20:15:21.497 UTC: 	 using b7b51e0178e197a43a1d723fd43ab6570e42a3d5 as credential login name
DEBUG 2020-12-01 20:15:22.602 UTC: 	 Executing : 
 command : myproxy-info -l b7b51e0178e197a43a1d723fd43ab6570e42a3d5 -s myproxy.cern.ch
 output : username: b7b51e0178e197a43a1d723fd43ab6570e42a3d5
owner: /DC=ch/DC=cern/OU=Organic Units/OU=Users/CN=ecannaer/CN=832417/CN=Ethan Cannaert
  renewal policy: /DC=ch/DC=cern/OU=computers/CN=vocms0105.cern.ch|/DC=ch/DC=cern/OU=computers/CN=crab-(preprod|prod|dev)-tw(02|01).cern.ch|/DC=ch/DC=cern/OU=computers/CN=(ddi|ddidk|mytw).cern.ch|/DC=ch/DC=cern/OU=computers/CN=stefanov(m|m2).cern.ch
  trusted retrieval policy: /DC=ch/DC=cern/OU=computers/CN=vocms0105.cern.ch|/DC=ch/DC=cern/OU=computers/CN=crab-(preprod|prod|dev)-tw(02|01).cern.ch|/DC=ch/DC=cern/OU=computers/CN=(ddi|ddidk|mytw).cern.ch|/DC=ch/DC=cern/OU=computers/CN=stefanov(m|m2).cern.ch
  timeleft: 700:38:00  (29.2 days)

 error: 
 retcode : 0
DEBUG 2020-12-01 20:15:22.603 UTC: 	 Myproxy is valid: 2522280
DEBUG 2020-12-01 20:15:22.603 UTC: 	 Retrieving username ...
DEBUG 2020-12-01 20:15:22.603 UTC: 	 Retrieving username from CRIC...
DEBUG 2020-12-01 20:15:23.856 UTC: 	 username is ecannaer
DEBUG 2020-12-01 20:15:23.860 UTC: 	 Getting myproxy life time left for myproxy.cern.ch
DEBUG 2020-12-01 20:15:23.861 UTC: 	 using ecannaer_CRAB as credential login name
DEBUG 2020-12-01 20:15:24.766 UTC: 	 Executing : 
 command : myproxy-info -l ecannaer_CRAB -s myproxy.cern.ch
 output : username: ecannaer_CRAB
owner: /DC=ch/DC=cern/OU=Organic Units/OU=Users/CN=ecannaer/CN=832417/CN=Ethan Cannaert
  renewal policy: /DC=ch/DC=cern/OU=computers/CN=vocms0105.cern.ch|/DC=ch/DC=cern/OU=computers/CN=crab-(preprod|prod|dev)-tw(02|01).cern.ch|/DC=ch/DC=cern/OU=computers/CN=(ddi|ddidk|mytw).cern.ch|/DC=ch/DC=cern/OU=computers/CN=stefanov(m|m2).cern.ch
  trusted retrieval policy: /DC=ch/DC=cern/OU=computers/CN=vocms0105.cern.ch|/DC=ch/DC=cern/OU=computers/CN=crab-(preprod|prod|dev)-tw(02|01).cern.ch|/DC=ch/DC=cern/OU=computers/CN=(ddi|ddidk|mytw).cern.ch|/DC=ch/DC=cern/OU=computers/CN=stefanov(m|m2).cern.ch
  timeleft: 700:38:08  (29.2 days)

 error: 
 retcode : 0
DEBUG 2020-12-01 20:15:24.766 UTC: 	 Myproxy is valid: 2522288
DEBUG 2020-12-01 20:15:24.766 UTC: 	 Result of myproxy credential check:
  Credential exists on myproxy: username: b7b51e0178e197a43a1d723fd43ab6570e42a3d5  - validity: 29 days, 4:38:00
  Credential exists on myproxy: username: ecannaer_CRAB  - validity: 29 days, 4:38:08
DEBUG 2020-12-01 20:15:24.767 UTC: 	 Command use: status
DEBUG 2020-12-01 20:15:24.767 UTC: 	 Options use: ['-d', 'crab_projects/crab_diquark_QCD_background_1500to2000_MC_0000']
DEBUG 2020-12-01 20:15:25.361 UTC: 	 CRABClient version: v3.201110
DEBUG 2020-12-01 20:15:25.362 UTC: 	 Instance is prod
DEBUG 2020-12-01 20:15:25.362 UTC: 	 Server base url is cmsweb.cern.ch
DEBUG 2020-12-01 20:15:25.362 UTC: 	 Command url /crabserver/prod/workflow
DEBUG 2020-12-01 20:15:25.933 UTC: 	 Got information from server oracle database: {u'result': [u'201201_011812:ecannaer_crab_diquark_QCD_background_1500to2000_MC_0000', u'None', u'None', u'SUBMITTED', u'SUBMIT', u'2020-12-01 01:18:12.668725', u'None', u'2020-12-01 01:18:42.727930', u'None', u'CMSSW_10_6_0', u'slc7_amd64_gcc820', u'/QCD_HT1500to2000_TuneCP5_13TeV-madgraphMLM-pythia8/RunIIAutumn18MiniAOD-102X_upgrade2018_realistic_v15-v1/MINIAODSIM', u'F', u'0', u'[]', u'[]', u'FileBased', u"{'splitOnRun': False, 'halt_job_on_file_boundaries': False, 'files_per_job': 10, 'runs': [], 'lumis': []}", u'ddb6c86ea4a217e8c85154c7caaacad32b2969eaf74e6c363fc05bba8f8aa807.tar.gz', u'https://cmsweb-k8s-prod.cern.ch/crabcache', u'ecannaer', u'/DC=ch/DC=cern/OU=Organic Units/OU=Users/CN=ecannaer/CN=832417/CN=Ethan Cannaert', u'cms', u'None', u'None', u'diquark_QCD_background-00000000000000000000000000000000', u'F', u'T3_US_FNALLPC', u'https://cmsweb.cern.ch/dbs/prod/global/DBSReader', u'https://cmsweb.cern.ch/dbs/prod/phys03/DBSWriter', u'F', u'[]', u"['diquark_QCD_BR_MC.root']", u'[]', u'Analysis', u'pythia', u'None', u'{}', u'[]', u'F', u'crab-prod-tw01', u'[]', u'1250', u'1', u'2000', u'10', u'None', u'[]', u'http://vocms0196.cern.ch/mon/cms838/201201_011812:ecannaer_crab_diquark_QCD_background_1500to2000_MC_0000', u'None', u'[]', u'[]', u'https://cmsweb.cern.ch/crabserver/prod', u'cmsgwms-collector-global.cern.ch:9620,cmsgwms-collector-global.fnal.gov', u'crab3@vocms0196.cern.ch', u'F', u'[]', u'T', u'/store/user/ecannaer/', u'F', u'None', u'F', u'None', u'QCD_HT1500to2000_TuneCP5_13TeV-madgraphMLM-pythia8', u'None', u'c333e22087b451b94321e621d006d6a1ba65325c4a7f0819094127404031ed2e.tar.gz', u'58547827', u'filetransfers', u'F', u'131.225.189.111', u'0.0', u'None'], u'desc': {u'columns': [u'tm_taskname', u'tm_activity', u'panda_jobset_id', u'tm_task_status', u'tm_task_command', u'tm_start_time', u'tm_start_injection', u'tm_end_injection', u'tm_task_failure', u'tm_job_sw', u'tm_job_arch', u'tm_input_dataset', u'tm_nonvalid_input_dataset', u'tm_use_parent', u'tm_site_whitelist', u'tm_site_blacklist', u'tm_split_algo', u'tm_split_args', u'tm_user_sandbox', u'tm_cache_url', u'tm_username', u'tm_user_dn', u'tm_user_vo', u'tm_user_role', u'tm_user_group', u'tm_publish_name', u'tm_publish_groupname', u'tm_asyncdest', u'tm_dbs_url', u'tm_publish_dbs_url', u'tm_publication', u'tm_outfiles', u'tm_tfile_outfiles', u'tm_edm_outfiles', u'tm_job_type', u'tm_generator', u'tm_events_per_lumi', u'tm_arguments', u'panda_resubmitted_jobs', u'tm_save_logs', u'tw_name', u'tm_user_infiles', u'tm_maxjobruntime', u'tm_numcores', u'tm_maxmemory', u'tm_priority', u'tm_output_dataset', u'tm_task_warnings', u'tm_user_webdir', u'tm_scriptexe', u'tm_scriptargs', u'tm_extrajdl', u'tm_asourl', u'tm_collector', u'tm_schedd', u'tm_dry_run', u'tm_user_files', u'tm_transfer_outputs', u'tm_output_lfn', u'tm_ignore_locality', u'tm_fail_limit', u'tm_one_event_mode', u'tm_secondary_input_dataset', u'tm_primary_dataset', u'tm_last_publication', u'tm_debug_files', u'clusterid', u'tm_asodb', u'tm_ignore_global_blacklist', u'tm_submitter_ip_addr', u'tm_totalunits', u'tm_ddm_reqid']}}
INFO 2020-12-01 20:15:25.934 UTC: 	 CRAB project directory:		/uscms_data/d3/cannaert/src/thrust/CMSSW_10_6_0/src/crab_projects/crab_diquark_QCD_background_1500to2000_MC_0000
INFO 2020-12-01 20:15:25.934 UTC: 	 Task name:			201201_011812:ecannaer_crab_diquark_QCD_background_1500to2000_MC_0000
INFO 2020-12-01 20:15:25.934 UTC: 	 Grid scheduler - Task Worker:	crab3@vocms0196.cern.ch - crab-prod-tw01
INFO 2020-12-01 20:15:25.934 UTC: 	 Status on the CRAB server:	SUBMITTED
INFO 2020-12-01 20:15:25.934 UTC: 	 Task URL to use for HELP:	https://cmsweb.cern.ch/crabserver/ui/task/201201_011812%3Aecannaer_crab_diquark_QCD_background_1500to2000_MC_0000
INFO 2020-12-01 20:15:25.941 UTC: 	 Dashboard monitoring URL:	https://monit-grafana.cern.ch/d/cmsTMDetail/cms-task-monitoring-task-view?orgId=11&var-user=ecannaer&var-task=201201_011812%3Aecannaer_crab_diquark_QCD_background_1500to2000_MC_0000&from=1606781892000&to=now
INFO 2020-12-01 20:15:25.941 UTC: 	 In case of issues with the dashboard, please provide feedback to hn-cms-computing-tools@cern.ch
DEBUG 2020-12-01 20:15:25.942 UTC: 	 The CRAB server submitted your task to the Grid scheduler (cluster ID: 58547827)
DEBUG 2020-12-01 20:15:25.942 UTC: 	 Webdir is located at http://vocms0196.cern.ch/mon/cms838/201201_011812:ecannaer_crab_diquark_QCD_background_1500to2000_MC_0000
DEBUG 2020-12-01 20:15:26.510 UTC: 	 Proxied webdir is located at https://cmsweb.cern.ch/scheddmon/0196/cms838/201201_011812:ecannaer_crab_diquark_QCD_background_1500to2000_MC_0000
DEBUG 2020-12-01 20:15:26.510 UTC: 	 Retrieving 'status_cache' file from https://cmsweb.cern.ch/scheddmon/0196/cms838/201201_011812:ecannaer_crab_diquark_QCD_background_1500to2000_MC_0000/status_cache
DEBUG 2020-12-01 20:15:27.062 UTC: 	 Got information from status cache file: {'24': {'Retries': 0, 'WallDurations': [8.0, 77.97215294837952, 20879.0, 0, 19425.0, 0, 4218.0], 'StartTimes': [1606785811.0, 1606807073.0, 1606826815.0], 'SubmitTimes': [1606785539.0, -1, -1], 'JobIds': ['58547856.0', '58547856.0', '58547856.0'], 'EndTimes': [1606806690.0, 1606826498.0], 'Restarts': 2, 'RecordedSite': True, 'State': 'failed', 'ResidentSetSize': [1440252, 0, 2190740], 'Error': [50660, 'Job killed by HTCondor due to excessive memory use (RSS=2250 MB). Will not retry it.', {}], 'TotalUserCpuTimeHistory': [2164.0, 1510.0, 3352.0], 'SiteHistory': ['Unknown', 'T2_BE_IIHE', 'T2_BE_IIHE', 'Unknown', 'T2_BE_IIHE', 'Unknown', 'T2_US_Wisconsin'], 'TotalSysCpuTimeHistory': [36.0, 41.0, 123.0]}, '25': {'Retries': 0, 'WallDurations': [8.0, 78.97215294837952, 3197.0], 'StartTimes': [1606785810.0], 'SubmitTimes': [1606785539.0], 'JobIds': ['58547857.0'], 'EndTimes': [1606789007.0], 'Restarts': 0, 'RecordedSite': True, 'State': 'finished', 'ResidentSetSize': [2014784], 'TotalUserCpuTimeHistory': [2996], 'SiteHistory': ['Unknown', 'T2_BE_IIHE', 'T2_BE_IIHE'], 'TotalSysCpuTimeHistory': [52]}, '26': {'Retries': 0, 'WallDurations': [8.0, 77.97215294837952, 4442.0, 4220.0], 'StartTimes': [1606785811.0, 1606790317.0], 'SubmitTimes': [1606785539.0, -1], 'JobIds': ['58547858.0', '58547858.0'], 'TotalUserCpuTimeHistory': [1562.0, 3413.0], 'EndTimes': [1606790253.0], 'Restarts': 1, 'RecordedSite': True, 'State': 'failed', 'ResidentSetSize': [1248644, 2091776], 'Error': [50660, 'Job killed by HTCondor due to excessive memory use (RSS=2250 MB). Will not retry it.', {}], 'SiteHistory': ['Unknown', 'T2_BE_IIHE', 'T2_BE_IIHE', 'T2_US_Nebraska'], 'TotalSysCpuTimeHistory': [27.0, 97.0]}, '27': {'Retries': 0, 'WallDurations': [8.0, 267.11962699890137, 2111.0], 'StartTimes': [1606785922.0], 'SubmitTimes': [1606785540.0], 'JobIds': ['58547863.0'], 'EndTimes': [], 'Restarts': 0, 'RecordedSite': True, 'State': 'failed', 'ResidentSetSize': [2241240], 'Error': [50660, 'Job killed by HTCondor due to excessive memory use (RSS=2250 MB). Will not retry it.', {}], 'TotalUserCpuTimeHistory': [1941.0], 'SiteHistory': ['Unknown', 'T2_US_Florida', 'T2_US_Florida'], 'TotalSysCpuTimeHistory': [25.0]}, '20': {'Retries': 0, 'WallDurations': [9.0, 132.11962699890137, 2114.0], 'StartTimes': [1606786057.0], 'SubmitTimes': [1606785538.0], 'JobIds': ['58547852.0'], 'EndTimes': [], 'Restarts': 0, 'RecordedSite': True, 'State': 'failed', 'ResidentSetSize': [2249048], 'Error': [50660, 'Job killed by HTCondor due to excessive memory use (RSS=2250 MB). Will not retry it.', {}], 'TotalUserCpuTimeHistory': [1950.0], 'SiteHistory': ['Unknown', 'T2_US_Florida', 'T2_US_Florida'], 'TotalSysCpuTimeHistory': [28.0]}, '21': {'Retries': 0, 'WallDurations': [8.0, 107.97215294837952, 2115.0], 'StartTimes': [1606785781.0], 'SubmitTimes': [1606785539.0], 'JobIds': ['58547853.0'], 'TotalUserCpuTimeHistory': [1901.0], 'EndTimes': [], 'Restarts': 0, 'RecordedSite': True, 'State': 'failed', 'ResidentSetSize': [2185360], 'Error': [50660, 'Job killed by HTCondor due to excessive memory use (RSS=2250 MB). Will not retry it.', {}], 'SiteHistory': ['Unknown', 'T2_US_Florida', 'T2_US_Florida'], 'TotalSysCpuTimeHistory': [24.0]}, '22': {'Retries': 0, 'WallDurations': [9.0, 108.97215294837952, 2115.0], 'StartTimes': [1606785780.0], 'SubmitTimes': [1606785539.0], 'JobIds': ['58547854.0'], 'TotalUserCpuTimeHistory': [1912.0], 'EndTimes': [], 'Restarts': 0, 'RecordedSite': True, 'State': 'failed', 'ResidentSetSize': [2165764], 'Error': [50660, 'Job killed by HTCondor due to excessive memory use (RSS=2250 MB). Will not retry it.', {}], 'SiteHistory': ['Unknown', 'T2_US_Florida', 'T2_US_Florida'], 'TotalSysCpuTimeHistory': [30.0]}, '23': {'Retries': 0, 'WallDurations': [8.0, 107.97215294837952, 2415.0], 'StartTimes': [1606785781.0], 'SubmitTimes': [1606785539.0], 'JobIds': ['58547855.0'], 'EndTimes': [], 'Restarts': 0, 'RecordedSite': True, 'State': 'failed', 'ResidentSetSize': [2211780], 'Error': [50660, 'Job killed by HTCondor due to excessive memory use (RSS=2250 MB). Will not retry it.', {}], 'TotalUserCpuTimeHistory': [2168.0], 'SiteHistory': ['Unknown', 'T2_US_Florida', 'T2_US_Florida'], 'TotalSysCpuTimeHistory': [38.0]}, '28': {'Retries': 0, 'WallDurations': [8.0, 77.97215294837952, 2712.0], 'StartTimes': [1606785811.0], 'SubmitTimes': [1606785539.0], 'JobIds': ['58547859.0'], 'TotalUserCpuTimeHistory': [2407.0], 'EndTimes': [], 'Restarts': 0, 'RecordedSite': True, 'State': 'failed', 'ResidentSetSize': [2099404], 'Error': [50660, 'Job killed by HTCondor due to excessive memory use (RSS=2250 MB). Will not retry it.', {}], 'SiteHistory': ['Unknown', 'T2_BE_IIHE', 'T2_BE_IIHE'], 'TotalSysCpuTimeHistory': [47.0]}, '29': {'Retries': 0, 'WallDurations': [9.0, 78.97215294837952, 3446.0], 'StartTimes': [1606785810.0], 'SubmitTimes': [1606785539.0], 'JobIds': ['58547860.0'], 'EndTimes': [1606789256.0], 'Restarts': 0, 'RecordedSite': True, 'State': 'finished', 'ResidentSetSize': [1787352], 'TotalUserCpuTimeHistory': [3236], 'SiteHistory': ['Unknown', 'T2_BE_IIHE', 'T2_BE_IIHE'], 'TotalSysCpuTimeHistory': [55]}, '1': {'Retries': 0, 'WallDurations': [8.0, 267.11962699890137, 2115.0], 'StartTimes': [1606785922.0], 'SubmitTimes': [1606785528.0], 'JobIds': ['58547831.0'], 'EndTimes': [], 'Restarts': 0, 'RecordedSite': True, 'State': 'failed', 'ResidentSetSize': [2096104], 'Error': [50660, 'Job killed by HTCondor due to excessive memory use (RSS=2250 MB). Will not retry it.', {}], 'TotalUserCpuTimeHistory': [1926.0], 'SiteHistory': ['Unknown', 'T2_US_Florida', 'T2_US_Florida'], 'TotalSysCpuTimeHistory': [24.0]}, '3': {'Retries': 0, 'WallDurations': [8.0, 268.11962699890137, 2415.0], 'StartTimes': [1606785921.0], 'SubmitTimes': [1606785529.0], 'JobIds': ['58547834.0'], 'TotalUserCpuTimeHistory': [2120.0], 'EndTimes': [], 'Restarts': 0, 'RecordedSite': True, 'State': 'failed', 'ResidentSetSize': [2260756], 'Error': [50660, 'Job killed by HTCondor due to excessive memory use (RSS=2500 MB). Will not retry it.', {}], 'SiteHistory': ['Unknown', 'T2_US_Wisconsin', 'T2_US_Wisconsin'], 'TotalSysCpuTimeHistory': [85.0]}, '2': {'Retries': 0, 'WallDurations': [9.0, 265.11962699890137, 5723.0], 'StartTimes': [1606785924.0], 'SubmitTimes': [1606785529.0], 'JobIds': ['58547832.0'], 'EndTimes': [], 'Restarts': 0, 'RecordedSite': True, 'State': 'failed', 'ResidentSetSize': [2092268], 'Error': [50660, 'Job killed by HTCondor due to excessive memory use (RSS=2250 MB). Will not retry it.', {}], 'TotalUserCpuTimeHistory': [4267.0], 'SiteHistory': ['Unknown', 'T2_US_MIT', 'T2_US_MIT'], 'TotalSysCpuTimeHistory': [85.0]}, '5': {'Retries': 0, 'WallDurations': [8.0, 267.11962699890137, 3617.0], 'StartTimes': [1606785922.0], 'SubmitTimes': [1606785530.0], 'JobIds': ['58547835.0'], 'TotalUserCpuTimeHistory': [2953.0], 'EndTimes': [], 'Restarts': 0, 'RecordedSite': True, 'State': 'failed', 'ResidentSetSize': [2087972], 'Error': [50660, 'Job killed by HTCondor due to excessive memory use (RSS=2250 MB). Will not retry it.', {}], 'SiteHistory': ['Unknown', 'T2_US_MIT', 'T2_US_MIT'], 'TotalSysCpuTimeHistory': [61.0]}, '4': {'Retries': 0, 'WallDurations': [8.0, 268.11962699890137, 2411.0], 'StartTimes': [1606785921.0], 'SubmitTimes': [1606785529.0], 'JobIds': ['58547833.0'], 'TotalUserCpuTimeHistory': [1975.0], 'EndTimes': [], 'Restarts': 0, 'RecordedSite': True, 'State': 'failed', 'ResidentSetSize': [2059632], 'Error': [50660, 'Job killed by HTCondor due to excessive memory use (RSS=2250 MB). Will not retry it.', {}], 'SiteHistory': ['Unknown', 'T2_US_Purdue', 'T2_US_Purdue'], 'TotalSysCpuTimeHistory': [47.0]}, '7': {'Retries': 0, 'WallDurations': [9.0, 108.97215294837952, 3620.0], 'StartTimes': [1606785780.0], 'SubmitTimes': [1606785536.0], 'JobIds': ['58547838.0'], 'EndTimes': [], 'Restarts': 0, 'RecordedSite': True, 'State': 'failed', 'ResidentSetSize': [2207028], 'Error': [50660, 'Job killed by HTCondor due to excessive memory use (RSS=2250 MB). Will not retry it.', {}], 'TotalUserCpuTimeHistory': [3169.0], 'SiteHistory': ['Unknown', 'T2_US_Wisconsin', 'T2_US_Wisconsin'], 'TotalSysCpuTimeHistory': [79.0]}, '6': {'Retries': 0, 'WallDurations': [10.0, 99.97215294837952, 4518.0], 'StartTimes': [1606785789.0], 'SubmitTimes': [1606785530.0], 'JobIds': ['58547836.0'], 'TotalUserCpuTimeHistory': [3590.0], 'EndTimes': [], 'Restarts': 0, 'RecordedSite': True, 'State': 'failed', 'ResidentSetSize': [2170640], 'Error': [50660, 'Job killed by HTCondor due to excessive memory use (RSS=2250 MB). Will not retry it.', {}], 'SiteHistory': ['Unknown', 'T2_US_Nebraska', 'T2_US_Nebraska'], 'TotalSysCpuTimeHistory': [109.0]}, '9': {'Retries': 0, 'WallDurations': [9.0, 108.97215294837952, 4219.0], 'StartTimes': [1606785780.0], 'SubmitTimes': [1606785536.0], 'JobIds': ['58547841.0'], 'EndTimes': [], 'Restarts': 0, 'RecordedSite': True, 'State': 'failed', 'ResidentSetSize': [2137136], 'Error': [50660, 'Job killed by HTCondor due to excessive memory use (RSS=2250 MB). Will not retry it.', {}], 'TotalUserCpuTimeHistory': [3137.0], 'SiteHistory': ['Unknown', 'T2_US_MIT', 'T2_US_MIT'], 'TotalSysCpuTimeHistory': [71.0]}, '8': {'Retries': 0, 'WallDurations': [9.0, 109.97215294837952, 2112.0], 'StartTimes': [1606785779.0], 'SubmitTimes': [1606785536.0], 'JobIds': ['58547839.0'], 'TotalUserCpuTimeHistory': [1940.0], 'EndTimes': [], 'Restarts': 0, 'RecordedSite': True, 'State': 'failed', 'ResidentSetSize': [2246580], 'Error': [50660, 'Job killed by HTCondor due to excessive memory use (RSS=2250 MB). Will not retry it.', {}], 'SiteHistory': ['Unknown', 'T2_US_Florida', 'T2_US_Florida'], 'TotalSysCpuTimeHistory': [25.0]}, '11': {'Retries': 0, 'WallDurations': [9.0, 108.97215294837952, 3615.0], 'StartTimes': [1606785780.0], 'SubmitTimes': [1606785536.0], 'JobIds': ['58547843.0'], 'EndTimes': [], 'Restarts': 0, 'RecordedSite': True, 'State': 'failed', 'ResidentSetSize': [2090256], 'Error': [50660, 'Job killed by HTCondor due to excessive memory use (RSS=2250 MB). Will not retry it.', {}], 'TotalUserCpuTimeHistory': [3169.0], 'SiteHistory': ['Unknown', 'T2_US_Wisconsin', 'T2_US_Wisconsin'], 'TotalSysCpuTimeHistory': [99.0]}, '10': {'Retries': 0, 'WallDurations': [9.0, 108.97215294837952, 3619.0], 'StartTimes': [1606785780.0], 'SubmitTimes': [1606785536.0], 'JobIds': ['58547842.0'], 'EndTimes': [], 'Restarts': 0, 'RecordedSite': True, 'State': 'failed', 'ResidentSetSize': [2149820], 'Error': [50660, 'Job killed by HTCondor due to excessive memory use (RSS=2250 MB). Will not retry it.', {}], 'TotalUserCpuTimeHistory': [3124.0], 'SiteHistory': ['Unknown', 'T2_US_Wisconsin', 'T2_US_Wisconsin'], 'TotalSysCpuTimeHistory': [119.0]}, '13': {'Retries': 0, 'WallDurations': [9.0, 108.97215294837952, 3620.0], 'StartTimes': [1606785780.0], 'SubmitTimes': [1606785537.0], 'JobIds': ['58547845.0'], 'EndTimes': [], 'Restarts': 0, 'RecordedSite': True, 'State': 'failed', 'ResidentSetSize': [2098844], 'Error': [50660, 'Job killed by HTCondor due to excessive memory use (RSS=2250 MB). Will not retry it.', {}], 'TotalUserCpuTimeHistory': [3126.0], 'SiteHistory': ['Unknown', 'T2_US_Wisconsin', 'T2_US_Wisconsin'], 'TotalSysCpuTimeHistory': [89.0]}, '12': {'Retries': 0, 'WallDurations': [9.0, 108.97215294837952, 2115.0], 'StartTimes': [1606785780.0], 'SubmitTimes': [1606785537.0], 'JobIds': ['58547844.0'], 'TotalUserCpuTimeHistory': [1919.0], 'EndTimes': [], 'Restarts': 0, 'RecordedSite': True, 'State': 'failed', 'ResidentSetSize': [2186592], 'Error': [50660, 'Job killed by HTCondor due to excessive memory use (RSS=2250 MB). Will not retry it.', {}], 'SiteHistory': ['Unknown', 'T2_US_Florida', 'T2_US_Florida'], 'TotalSysCpuTimeHistory': [25.0]}, '15': {'Retries': 0, 'WallDurations': [8.0, 108.97215294837952, 2114.0], 'StartTimes': [1606785780.0], 'SubmitTimes': [1606785537.0], 'JobIds': ['58547847.0'], 'TotalUserCpuTimeHistory': [1899.0], 'EndTimes': [], 'Restarts': 0, 'RecordedSite': True, 'State': 'failed', 'ResidentSetSize': [2174160], 'Error': [50660, 'Job killed by HTCondor due to excessive memory use (RSS=2250 MB). Will not retry it.', {}], 'SiteHistory': ['Unknown', 'T2_US_Florida', 'T2_US_Florida'], 'TotalSysCpuTimeHistory': [24.0]}, '14': {'Retries': 0, 'WallDurations': [8.0, 265.11962699890137, 5121.0], 'StartTimes': [1606785924.0], 'SubmitTimes': [1606785537.0], 'JobIds': ['58547846.0'], 'EndTimes': [], 'Restarts': 0, 'RecordedSite': True, 'State': 'failed', 'ResidentSetSize': [2076932], 'Error': [50660, 'Job killed by HTCondor due to excessive memory use (RSS=2250 MB). Will not retry it.', {}], 'TotalUserCpuTimeHistory': [3902.0], 'SiteHistory': ['Unknown', 'T2_US_Vanderbilt', 'T2_US_Vanderbilt'], 'TotalSysCpuTimeHistory': [96.0]}, '17': {'Retries': 0, 'WallDurations': [9.0, 107.97215294837952, 2415.0], 'StartTimes': [1606785781.0], 'SubmitTimes': [1606785537.0], 'JobIds': ['58547849.0'], 'EndTimes': [], 'Restarts': 0, 'RecordedSite': True, 'State': 'failed', 'ResidentSetSize': [2240160], 'Error': [50660, 'Job killed by HTCondor due to excessive memory use (RSS=2250 MB). Will not retry it.', {}], 'TotalUserCpuTimeHistory': [2187.0], 'SiteHistory': ['Unknown', 'T2_US_Florida', 'T2_US_Florida'], 'TotalSysCpuTimeHistory': [37.0]}, '16': {'Retries': 0, 'WallDurations': [9.0, 108.97215294837952, 2111.0], 'StartTimes': [1606785780.0], 'SubmitTimes': [1606785537.0], 'JobIds': ['58547848.0'], 'TotalUserCpuTimeHistory': [1892.0], 'EndTimes': [], 'Restarts': 0, 'RecordedSite': True, 'State': 'failed', 'ResidentSetSize': [2193636], 'Error': [50660, 'Job killed by HTCondor due to excessive memory use (RSS=2250 MB). Will not retry it.', {}], 'SiteHistory': ['Unknown', 'T2_US_Florida', 'T2_US_Florida'], 'TotalSysCpuTimeHistory': [25.0]}, '19': {'Retries': 0, 'WallDurations': [9.0, 109.97215294837952, 2415.0], 'StartTimes': [1606785779.0], 'SubmitTimes': [1606785538.0], 'JobIds': ['58547851.0'], 'EndTimes': [], 'Restarts': 0, 'RecordedSite': True, 'State': 'failed', 'ResidentSetSize': [2068068], 'Error': [50660, 'Job killed by HTCondor due to excessive memory use (RSS=2250 MB). Will not retry it.', {}], 'TotalUserCpuTimeHistory': [1939.0], 'SiteHistory': ['Unknown', 'T2_US_Wisconsin', 'T2_US_Wisconsin'], 'TotalSysCpuTimeHistory': [56.0]}, '18': {'Retries': 0, 'WallDurations': [8.0, 108.97215294837952, 2115.0], 'StartTimes': [1606785780.0], 'SubmitTimes': [1606785538.0], 'JobIds': ['58547850.0'], 'TotalUserCpuTimeHistory': [1822.0], 'EndTimes': [], 'Restarts': 0, 'RecordedSite': True, 'State': 'failed', 'ResidentSetSize': [2151908], 'Error': [50660, 'Job killed by HTCondor due to excessive memory use (RSS=2250 MB). Will not retry it.', {}], 'SiteHistory': ['Unknown', 'T2_US_Florida', 'T2_US_Florida'], 'TotalSysCpuTimeHistory': [28.0]}, '31': {'Retries': 0, 'WallDurations': [9.0, 77.97215294837952, 1116.0], 'StartTimes': [1606785811.0], 'SubmitTimes': [1606785539.0], 'JobIds': ['58547861.0'], 'EndTimes': [1606786927.0], 'Restarts': 0, 'RecordedSite': True, 'State': 'finished', 'ResidentSetSize': [934504], 'TotalUserCpuTimeHistory': [921], 'SiteHistory': ['Unknown', 'T2_BE_IIHE', 'T2_BE_IIHE'], 'TotalSysCpuTimeHistory': [16]}, '30': {'Retries': 0, 'WallDurations': [9.0, 267.11962699890137, 3316.0], 'StartTimes': [1606785922.0], 'SubmitTimes': [1606785540.0], 'JobIds': ['58547862.0'], 'EndTimes': [], 'Restarts': 0, 'RecordedSite': True, 'State': 'failed', 'ResidentSetSize': [2096372], 'Error': [50660, 'Job killed by HTCondor due to excessive memory use (RSS=2250 MB). Will not retry it.', {}], 'TotalUserCpuTimeHistory': [2981.0], 'SiteHistory': ['Unknown', 'T2_US_Wisconsin', 'T2_US_Wisconsin'], 'TotalSysCpuTimeHistory': [79.0]}}
INFO 2020-12-01 20:15:27.062 UTC: 	 Status on the scheduler:	FAILED
INFO 2020-12-01 20:15:27.062 UTC: 	 
Jobs status:                    failed       		 90.3% (28/31)
INFO 2020-12-01 20:15:27.063 UTC: 	 				finished     		  9.7% ( 3/31)
INFO 2020-12-01 20:15:27.063 UTC: 	 
No publication information (publication has been disabled in the CRAB configuration file)
INFO 2020-12-01 20:15:27.063 UTC: 	 
Error Summary: (use crab status --verboseErrors for details about the errors)

28 jobs failed with exit code 50660

Have a look at https://twiki.cern.ch/twiki/bin/viewauth/CMSPublic/JobExitCodes for a description of the exit codes.
INFO 2020-12-01 20:15:27.065 UTC: 	 
Warning: the max jobs runtime is less than 30% of the task requested value (1250 min), please consider to request a lower value for failed jobs (allowed through crab resubmit) and/or improve the jobs splitting (e.g. config.Data.splitting = 'Automatic') in a new task.
INFO 2020-12-01 20:15:27.065 UTC: 	 
Summary of run jobs:
 * Memory: 912MB min, 2207MB max, 2049MB ave
 * Runtime: 0:18:36 min, 1:35:23 max, 0:50:03 ave
 * CPU eff: 76% min, 96% max, 87% ave
 * Waste: 13:44:42 (35% of total)

INFO 2020-12-01 20:15:27.068 UTC: 	 Log file is /uscms_data/d3/cannaert/src/thrust/CMSSW_10_6_0/src/crab_projects/crab_diquark_QCD_background_1500to2000_MC_0000/crab.log
