   ______________________________________     
         Running Generic Tarball/Gridpack     
   ______________________________________     
gridpack tarball path = /uscms_data/d3/cannaert/src/CMSSW_10_2_3/src/Suu_slc6_amd64_gcc630_CMSSW_10_2_3_tarball.tar.xz
%MSG-MG5 number of events requested = 208
%MSG-MG5 random seed used for the run = 78
%MSG-MG5 residual arguments = 1
%MSG-MG5 number of events requested = 208
%MSG-MG5 random seed used for the run = 78
%MSG-MG5 number of cpus = 1
%MSG-MG5 SCRAM_ARCH version = slc6_amd64_gcc630
%MSG-MG5 CMSSW version = CMSSW_10_2_3
WARNING: Release CMSSW_10_2_3 is not available for architecture slc6_amd64_gcc630.
         Developer's area is created for available architecture slc6_amd64_gcc700.
Running MG5_aMC for the 1 time
produced_lhe  0 nevt  208 submitting_event  208  remaining_event  208
run.sh 208 780
Now generating 208 events with random seed 780 and granularity 1
P1_qq_wpbht
[?1034hWRITE GRIDCARD /uscms_data/d3/cannaert/src/CMSSW_10_2_3/src/lheevent/process/madevent
DONE
write ./events.lhe.gz
run 1 finished, total number of produced events: 208/208

-rw-r--r-- 1 cannaert us_cms 67241 Jun 26 19:44 events_1.lhe.gz
run finished, produced number of events:
208
~/nobackup/src/CMSSW_10_2_3/src/lheevent/process/madevent ~/nobackup/src/CMSSW_10_2_3/src/lheevent
[?1034h************************************************************
*                                                          *
*                      W E L C O M E to                    *
*             M A D G R A P H 5 _ a M C @ N L O            *
*                      M A D E V E N T                     *
*                                                          *
*                 *                       *                *
*                   *        * *        *                  *
*                     * * * * 5 * * * *                    *
*                   *        * *        *                  *
*                 *                       *                *
*                                                          *
*         VERSION 2.6.7                 20xx-xx-xx         *
*                                                          *
*    The MadGraph5_aMC@NLO Development Team - Find us at   *
*    https://server06.fynu.ucl.ac.be/projects/madgraph     *
*                                                          *
*               Type 'help' for in-line help.              *
*                                                          *
************************************************************
INFO: load configuration from /uscms_data/d3/cannaert/src/CMSSW_10_2_3/src/lheevent/process/madevent/Cards/me5_configuration.txt  
INFO: load configuration from /uscms_data/d3/cannaert/src/CMSSW_10_2_3/src/lheevent/mgbasedir/input/mg5_configuration.txt  
INFO: load configuration from /uscms_data/d3/cannaert/src/CMSSW_10_2_3/src/lheevent/process/madevent/Cards/me5_configuration.txt  
Using default text editor "vi". Set another one in ./input/mg5_configuration.txt
Using default eps viewer "evince". Set another one in ./input/mg5_configuration.txt
No valid web browser found. Please set in ./input/mg5_configuration.txt
madevent>INFO: Running Systematics computation 
[1;34mThe parameter etaonium is not supported anymore this parameter will be ignored.[0m
[1;34mWARNING: impossible to download all the pdfsets. Bypass systematics [0m
madevent>INFO:  
launch in debug mode
~/nobackup/src/CMSSW_10_2_3/src/lheevent
total 392
drwxr-xr-x 17 cannaert us_cms    263 Jun 26 19:44 CMSSW_10_2_3
drwxr-xr-x  2 cannaert us_cms    223 Jun 25 03:29 InputCards
-rw-r--r--  1 cannaert us_cms 363084 Jun 26 19:44 cmsgrid_final.lhe
-rw-r--r--  1 cannaert us_cms  23115 Jun 25 03:29 gridpack_generation.log
drwxr-xr-x 15 cannaert us_cms   4096 Jun 25 03:28 mgbasedir
drwxr-xr-x  3 cannaert us_cms     48 Jun 26 19:44 process
-rwxr-xr-x  1 cannaert us_cms   6241 Jun 25 03:29 runcmsgrid.sh


 *------------------------------------------------------------------------------------* 
 |                                                                                    | 
 |  *------------------------------------------------------------------------------*  | 
 |  |                                                                              |  | 
 |  |                                                                              |  | 
 |  |   PPP   Y   Y  TTTTT  H   H  III    A      Welcome to the Lund Monte Carlo!  |  | 
 |  |   P  P   Y Y     T    H   H   I    A A     This is PYTHIA version 8.230      |  | 
 |  |   PPP     Y      T    HHHHH   I   AAAAA    Last date of change:  6 Oct 2017  |  | 
 |  |   P       Y      T    H   H   I   A   A                                      |  | 
 |  |   P       Y      T    H   H  III  A   A    Now is 26 Jun 2020 at 19:45:48    |  | 
 |  |                                                                              |  | 
 |  |   Christian Bierlich;  Department of Astronomy and Theoretical Physics,      |  | 
 |  |      Lund University, Solvegatan 14A, SE-223 62 Lund, Sweden;                |  | 
 |  |      e-mail: christian.bierlich@thep.lu.se                                   |  | 
 |  |   Nishita Desai;  Laboratoire Charles Coulomb (L2C),                         |  | 
 |  |      CNRS-Universite de Montpellier, 34090 Montpellier, France;              |  | 
 |  |      e-mail: nishita.desai@umontpellier.fr                                   |  | 
 |  |   Nadine Fischer;  School of Physics,                                        |  | 
 |  |      Monash University, PO Box 27, 3800 Melbourne, Australia;                |  | 
 |  |      e-mail: nadine.fischer@monash.edu                                       |  | 
 |  |   Ilkka Helenius;  Institute for Theoretical Physics,                        |  | 
 |  |     Tuebingen University, Auf der Morgenstelle 14, 72076 Tuebingen, Germany; |  | 
 |  |      e-mail: ilkka.helenius@uni-tuebingen.de                                 |  | 
 |  |   Philip Ilten;  School of Physics and Astronomy,                            |  | 
 |  |      University of Birmingham, Birmingham, B152 2TT, UK;                     |  | 
 |  |      e-mail: philten@cern.ch                                                 |  | 
 |  |   Leif Lonnblad;  Department of Astronomy and Theoretical Physics,           |  | 
 |  |      Lund University, Solvegatan 14A, SE-223 62 Lund, Sweden;                |  | 
 |  |      e-mail: leif.lonnblad@thep.lu.se                                        |  | 
 |  |   Stephen Mrenna;  Computing Division, Simulations Group,                    |  | 
 |  |      Fermi National Accelerator Laboratory, MS 234, Batavia, IL 60510, USA;  |  | 
 |  |      e-mail: mrenna@fnal.gov                                                 |  | 
 |  |   Stefan Prestel;  Theoretical Physics Department,                           |  | 
 |  |      Fermi National Accelerator Laboratory, MS 106, Batavia, IL 60510, USA;  |  | 
 |  |      e-mail: sprestel@fnal.gov                                               |  | 
 |  |   Christine O. Rasmussen;  Department of Astronomy and Theoretical Physics,  |  | 
 |  |      Lund University, Solvegatan 14A, SE-223 62 Lund, Sweden;                |  | 
 |  |      e-mail: christine.rasmussen@thep.lu.se                                  |  | 
 |  |   Torbjorn Sjostrand;  Department of Astronomy and Theoretical Physics,      |  | 
 |  |      Lund University, Solvegatan 14A, SE-223 62 Lund, Sweden;                |  | 
 |  |      e-mail: torbjorn@thep.lu.se                                             |  | 
 |  |   Peter Skands;  School of Physics,                                          |  | 
 |  |      Monash University, PO Box 27, 3800 Melbourne, Australia;                |  | 
 |  |      e-mail: peter.skands@monash.edu                                         |  | 
 |  |                                                                              |  | 
 |  |   The main program reference is 'An Introduction to PYTHIA 8.2',             |  | 
 |  |   T. Sjostrand et al, Comput. Phys. Commun. 191 (2015) 159                   |  | 
 |  |   [arXiv:1410.3012 [hep-ph]]                                                 |  | 
 |  |                                                                              |  | 
 |  |   The main physics reference is the 'PYTHIA 6.4 Physics and Manual',         |  | 
 |  |   T. Sjostrand, S. Mrenna and P. Skands, JHEP05 (2006) 026 [hep-ph/0603175]  |  | 
 |  |                                                                              |  | 
 |  |   An archive of program versions and documentation is found on the web:      |  | 
 |  |   http://www.thep.lu.se/Pythia                                               |  | 
 |  |                                                                              |  | 
 |  |   This program is released under the GNU General Public Licence version 2.   |  | 
 |  |   Please respect the MCnet Guidelines for Event Generator Authors and Users. |  | 
 |  |                                                                              |  | 
 |  |   Disclaimer: this program comes without any guarantees.                     |  | 
 |  |   Beware of errors and use common sense when interpreting results.           |  | 
 |  |                                                                              |  | 
 |  |   Copyright (C) 2017 Torbjorn Sjostrand                                      |  | 
 |  |                                                                              |  | 
 |  |                                                                              |  | 
 |  *------------------------------------------------------------------------------*  | 
 |                                                                                    | 
 *------------------------------------------------------------------------------------* 


 *------------------------------------------------------------------------------------* 
 |                                                                                    | 
 |  *------------------------------------------------------------------------------*  | 
 |  |                                                                              |  | 
 |  |                                                                              |  | 
 |  |   PPP   Y   Y  TTTTT  H   H  III    A      Welcome to the Lund Monte Carlo!  |  | 
 |  |   P  P   Y Y     T    H   H   I    A A     This is PYTHIA version 8.230      |  | 
 |  |   PPP     Y      T    HHHHH   I   AAAAA    Last date of change:  6 Oct 2017  |  | 
 |  |   P       Y      T    H   H   I   A   A                                      |  | 
 |  |   P       Y      T    H   H  III  A   A    Now is 26 Jun 2020 at 19:45:48    |  | 
 |  |                                                                              |  | 
 |  |   Christian Bierlich;  Department of Astronomy and Theoretical Physics,      |  | 
 |  |      Lund University, Solvegatan 14A, SE-223 62 Lund, Sweden;                |  | 
 |  |      e-mail: christian.bierlich@thep.lu.se                                   |  | 
 |  |   Nishita Desai;  Laboratoire Charles Coulomb (L2C),                         |  | 
 |  |      CNRS-Universite de Montpellier, 34090 Montpellier, France;              |  | 
 |  |      e-mail: nishita.desai@umontpellier.fr                                   |  | 
 |  |   Nadine Fischer;  School of Physics,                                        |  | 
 |  |      Monash University, PO Box 27, 3800 Melbourne, Australia;                |  | 
 |  |      e-mail: nadine.fischer@monash.edu                                       |  | 
 |  |   Ilkka Helenius;  Institute for Theoretical Physics,                        |  | 
 |  |     Tuebingen University, Auf der Morgenstelle 14, 72076 Tuebingen, Germany; |  | 
 |  |      e-mail: ilkka.helenius@uni-tuebingen.de                                 |  | 
 |  |   Philip Ilten;  School of Physics and Astronomy,                            |  | 
 |  |      University of Birmingham, Birmingham, B152 2TT, UK;                     |  | 
 |  |      e-mail: philten@cern.ch                                                 |  | 
 |  |   Leif Lonnblad;  Department of Astronomy and Theoretical Physics,           |  | 
 |  |      Lund University, Solvegatan 14A, SE-223 62 Lund, Sweden;                |  | 
 |  |      e-mail: leif.lonnblad@thep.lu.se                                        |  | 
 |  |   Stephen Mrenna;  Computing Division, Simulations Group,                    |  | 
 |  |      Fermi National Accelerator Laboratory, MS 234, Batavia, IL 60510, USA;  |  | 
 |  |      e-mail: mrenna@fnal.gov                                                 |  | 
 |  |   Stefan Prestel;  Theoretical Physics Department,                           |  | 
 |  |      Fermi National Accelerator Laboratory, MS 106, Batavia, IL 60510, USA;  |  | 
 |  |      e-mail: sprestel@fnal.gov                                               |  | 
 |  |   Christine O. Rasmussen;  Department of Astronomy and Theoretical Physics,  |  | 
 |  |      Lund University, Solvegatan 14A, SE-223 62 Lund, Sweden;                |  | 
 |  |      e-mail: christine.rasmussen@thep.lu.se                                  |  | 
 |  |   Torbjorn Sjostrand;  Department of Astronomy and Theoretical Physics,      |  | 
 |  |      Lund University, Solvegatan 14A, SE-223 62 Lund, Sweden;                |  | 
 |  |      e-mail: torbjorn@thep.lu.se                                             |  | 
 |  |   Peter Skands;  School of Physics,                                          |  | 
 |  |      Monash University, PO Box 27, 3800 Melbourne, Australia;                |  | 
 |  |      e-mail: peter.skands@monash.edu                                         |  | 
 |  |                                                                              |  | 
 |  |   The main program reference is 'An Introduction to PYTHIA 8.2',             |  | 
 |  |   T. Sjostrand et al, Comput. Phys. Commun. 191 (2015) 159                   |  | 
 |  |   [arXiv:1410.3012 [hep-ph]]                                                 |  | 
 |  |                                                                              |  | 
 |  |   The main physics reference is the 'PYTHIA 6.4 Physics and Manual',         |  | 
 |  |   T. Sjostrand, S. Mrenna and P. Skands, JHEP05 (2006) 026 [hep-ph/0603175]  |  | 
 |  |                                                                              |  | 
 |  |   An archive of program versions and documentation is found on the web:      |  | 
 |  |   http://www.thep.lu.se/Pythia                                               |  | 
 |  |                                                                              |  | 
 |  |   This program is released under the GNU General Public Licence version 2.   |  | 
 |  |   Please respect the MCnet Guidelines for Event Generator Authors and Users. |  | 
 |  |                                                                              |  | 
 |  |   Disclaimer: this program comes without any guarantees.                     |  | 
 |  |   Beware of errors and use common sense when interpreting results.           |  | 
 |  |                                                                              |  | 
 |  |   Copyright (C) 2017 Torbjorn Sjostrand                                      |  | 
 |  |                                                                              |  | 
 |  |                                                                              |  | 
 |  *------------------------------------------------------------------------------*  | 
 |                                                                                    | 
 *------------------------------------------------------------------------------------* 


 *-----  Madgraph matching parameters  -----*
 |  qCut                |          30.000  |
 |  nQmatch             |               5  |
 |  clFact              |           1.000  |
 |  Jet algorithm       |              kT  |
 |  eTjetMin            |          20.000  |
 |  etaJetMax           |         999.000  |
 |  jetAllow            |               1  |
 |  Mode                |       exclusive  |
 *-----------------------------------------*
 *-----------------------  SusyLesHouches SUSY/BSM Interface  ------------------------*
 | Last Change 12 Apr 2017 - P. Skands
 | (SLHA::readFile) line 16 - storing non-SLHA(2) block: frblock
 | (SLHA::readFile) line 62 - storing non-SLHA(2) block: yukawa
 | (SLHA::readFile) line 97 - storing QNUMBERS for id = 9936662 chi 
 | (SLHA::readFile) line 102 - storing QNUMBERS for id = 9936661 suu 
 *------------------------------------------------------------------------------------*
 PYTHIA Info from SLHAinterface::initSLHA: No MODSEL found, keeping internal SUSY switched off  
 PYTHIA Info from SLHAinterface::initSLHA: importing MASS entries for id = [9936661,9936662]
 PYTHIA Warning in SLHAinterface::initSLHA: ignoring MASS entries for id = [1,2,3,4,5,6,11,12,13,14,15,16,21,22,23,24] (SLHA:keepSM. Use id > 1000000 for new particles)
 PYTHIA Warning in SLHAinterface::initSLHA: ignoring MASS entries for id = [25] (m0 < SLHA:minMassSM)
 PYTHIA Warning in SLHAinterface::initSLHA: ignoring DECAY tables for id = [6,23,24,1,2,3,4,5,11,12,13,14,15,16,21,22] (SLHA:keepSM. Use id > 1000000 for new particles)
 PYTHIA Warning in SLHAinterface::initSLHA: ignoring DECAY tables for id = [25] (m0 < SLHA:minMassSM)
 PYTHIA Warning in SLHAinterface::initSLHA: ignoring empty DECAY tables for id = [9936661,9936662] (total width provided but no Branching Ratios)

 *-------  PYTHIA Process Initialization  --------------------------*
 |                                                                  |
 | We collide p+ with p+ at a CM energy of 1.300e+04 GeV            |
 |                                                                  |
 |------------------------------------------------------------------|
 |                                                    |             |
 | Subprocess                                    Code |   Estimated |
 |                                                    |    max (mb) |
 |                                                    |             |
 |------------------------------------------------------------------|
 |                                                    |             |
 | Les Houches User Process(es)                  9999 |   2.989e-16 |
 |                                                                  |
 *-------  End PYTHIA Process Initialization -----------------------*

 *-------  PYTHIA Multiparton Interactions Initialization  ---------* 
 |                                                                  | 
 |                   sigmaNonDiffractive =    55.51 mb              | 
 |                                                                  | 
 |    pT0 =  1.44 gives sigmaInteraction =   465.17 mb: accepted    | 
 |                                                                  | 
 *-------  End PYTHIA Multiparton Interactions Initialization  -----* 

 *-------  PYTHIA Flag + Mode + Parm + Word + FVec + MVec + PVec + WVec Settings (changes only)  ------------------* 
 |                                                                                                                 | 
 | Name                                          |                      Now |      Default         Min         Max | 
 |                                               |                          |                                      | 
 | Beams:frameType                               |                        5 |            1           1           5 | 
 | Check:epTolErr                                |                0.0100000 |   1.0000e-04                         | 
 | ColourReconnection:range                      |                  5.17600 |      1.80000         0.0    10.00000 | 
 | JetMatching:coneRadius                        |                  1.00000 |      0.70000     0.10000             | 
 | JetMatching:doFxFx                            |                       on |          off                         | 
 | JetMatching:etaJetMax                         |                999.00000 |      2.50000     0.10000             | 
 | JetMatching:jetAlgorithm                      |                        2 |            1           1           2 | 
 | JetMatching:merge                             |                       on |          off                         | 
 | JetMatching:nJetMax                           |                        2 |           -1          -1             | 
 | JetMatching:qCut                              |                 30.00000 |     10.00000         0.0             | 
 | JetMatching:setMad                            |                      off |           on                         | 
 | JetMatching:slowJetPower                      |                        1 |           -1          -1           1 | 
 | Main:timesAllowErrors                         |                    10000 |           10           0             | 
 | MultipartonInteractions:alphaSorder           |                        2 |            1           0           2 | 
 | MultipartonInteractions:alphaSvalue           |                  0.11800 |      0.13000   0.0600000     0.25000 | 
 | MultipartonInteractions:bProfile              |                        2 |            3           0           4 | 
 | MultipartonInteractions:coreFraction          |                  0.63000 |      0.50000         0.0     1.00000 | 
 | MultipartonInteractions:coreRadius            |                  0.76340 |      0.40000     0.10000     1.00000 | 
 | MultipartonInteractions:ecmPow                |                0.0334400 |      0.21500         0.0     0.50000 | 
 | MultipartonInteractions:pT0Ref                |                  1.41000 |      2.28000     0.50000    10.00000 | 
 | Next:numberShowEvent                          |                        0 |            1           0             | 
 | ParticleDecays:allowPhotonRadiation           |                       on |          off                         | 
 | ParticleDecays:limitTau0                      |                       on |          off                         | 
 | PDF:pSet                                      |                       20 |           13                         | 
 | SigmaProcess:alphaSorder                      |                        2 |            1           0           2 | 
 | SigmaProcess:alphaSvalue                      |                  0.11800 |      0.13000   0.0600000     0.25000 | 
 | SigmaTotal:zeroAXB                            |                      off |           on                         | 
 | SLHA:minMassSM                                |                 1000.000 |    100.00000                         | 
 | SpaceShower:alphaSorder                       |                        2 |            1           0           2 | 
 | SpaceShower:alphaSvalue                       |                  0.11800 |      0.13650   0.0600000     0.25000 | 
 | SpaceShower:MEcorrections                     |                      off |           on                         | 
 | SpaceShower:pTmaxMatch                        |                        1 |            0           0           2 | 
 | TimeShower:alphaSorder                        |                        2 |            1           0           2 | 
 | TimeShower:alphaSvalue                        |                  0.11800 |      0.13650   0.0600000     0.25000 | 
 | TimeShower:globalRecoil                       |                       on |          off                         | 
 | TimeShower:globalRecoilMode                   |                        2 |            0           0           2 | 
 | TimeShower:limitPTmaxGlobal                   |                       on |          off                         | 
 | TimeShower:MEcorrections                      |                      off |           on                         | 
 | TimeShower:nMaxGlobalBranch                   |                        1 |           -1                         | 
 | TimeShower:nMaxGlobalRecoil                   |                        1 |            2           1             | 
 | TimeShower:weightGluonToQuark                 |                        1 |            4           1           8 | 
 | Tune:preferLHAPDF                             |                        2 |            1           0           2 | 
 | UncertaintyBands:doVariations                 |                       on |          off                         | 
 | UncertaintyBands:FSRpTmin2Fac                 |                 20.00000 |      4.00000         0.0   100.00000 | 
 | UncertaintyBands:ISRpTmin2Fac                 |                  1.00000 |      4.00000         0.0   100.00000 | 
 | UncertaintyBands:List                         | isrRedHi isr:muRfac=0.707 | {alphaShi fsr:muRfac=0.5 isr:muRfac=0.5 | 
 |                                               | fsrRedHi fsr:muRfac=0.707 |   alphaSlo fsr:muRfac=2.0 isr:muRfac=2.0 | 
 |                                               | isrRedLo isr:muRfac=1.414 |   hardHi fsr:cNS=2.0 isr:cNS=2.0    | 
 |                                               | fsrRedLo fsr:muRfac=1.414 |  hardLo fsr:cNS=-2.0 isr:cNS=-2.0}  | 
 |                                               |  isrDefHi isr:muRfac=0.5 |                                      | 
 |                                               |  fsrDefHi fsr:muRfac=0.5 |                                      | 
 |                                               |  isrDefLo isr:muRfac=2.0 |                                      | 
 |                                               |  fsrDefLo fsr:muRfac=2.0 |                                      | 
 |                                               | isrConHi isr:muRfac=0.25 |                                      | 
 |                                               | fsrConHi fsr:muRfac=0.25 |                                      | 
 |                                               |  isrConLo isr:muRfac=4.0 |                                      | 
 |                                               |  fsrConLo fsr:muRfac=4.0 |                                      | 
 |                                               | fsr_G2GG_muR_dn fsr:G2GG:muRfac=0.5 |                           | 
 |                                               | fsr_G2GG_muR_up fsr:G2GG:muRfac=2.0 |                           | 
 |                                               | fsr_G2QQ_muR_dn fsr:G2QQ:muRfac=0.5 |                           | 
 |                                               | fsr_G2QQ_muR_up fsr:G2QQ:muRfac=2.0 |                           | 
 |                                               | fsr_Q2QG_muR_dn fsr:Q2QG:muRfac=0.5 |                           | 
 |                                               | fsr_Q2QG_muR_up fsr:Q2QG:muRfac=2.0 |                           | 
 |                                               | fsr_X2XG_muR_dn fsr:X2XG:muRfac=0.5 |                           | 
 |                                               | fsr_X2XG_muR_up fsr:X2XG:muRfac=2.0 |                           | 
 |                                               | fsr_G2GG_cNS_dn fsr:G2GG:cNS=-2.0 |                             | 
 |                                               | fsr_G2GG_cNS_up fsr:G2GG:cNS=2.0 |                              | 
 |                                               | fsr_G2QQ_cNS_dn fsr:G2QQ:cNS=-2.0 |                             | 
 |                                               | fsr_G2QQ_cNS_up fsr:G2QQ:cNS=2.0 |                              | 
 |                                               | fsr_Q2QG_cNS_dn fsr:Q2QG:cNS=-2.0 |                             | 
 |                                               | fsr_Q2QG_cNS_up fsr:Q2QG:cNS=2.0 |                              | 
 |                                               | fsr_X2XG_cNS_dn fsr:X2XG:cNS=-2.0 |                             | 
 |                                               | fsr_X2XG_cNS_up fsr:X2XG:cNS=2.0 |                              | 
 |                                               | isr_G2GG_muR_dn isr:G2GG:muRfac=0.5 |                           | 
 |                                               | isr_G2GG_muR_up isr:G2GG:muRfac=2.0 |                           | 
 |                                               | isr_G2QQ_muR_dn isr:G2QQ:muRfac=0.5 |                           | 
 |                                               | isr_G2QQ_muR_up isr:G2QQ:muRfac=2.0 |                           | 
 |                                               | isr_Q2QG_muR_dn isr:Q2QG:muRfac=0.5 |                           | 
 |                                               | isr_Q2QG_muR_up isr:Q2QG:muRfac=2.0 |                           | 
 |                                               | isr_X2XG_muR_dn isr:X2XG:muRfac=0.5 |                           | 
 |                                               | isr_X2XG_muR_up isr:X2XG:muRfac=2.0 |                           | 
 |                                               | isr_G2GG_cNS_dn isr:G2GG:cNS=-2.0 |                             | 
 |                                               | isr_G2GG_cNS_up isr:G2GG:cNS=2.0 |                              | 
 |                                               | isr_G2QQ_cNS_dn isr:G2QQ:cNS=-2.0 |                             | 
 |                                               | isr_G2QQ_cNS_up isr:G2QQ:cNS=2.0 |                              | 
 |                                               | isr_Q2QG_cNS_dn isr:Q2QG:cNS=-2.0 |                             | 
 |                                               | isr_Q2QG_cNS_up isr:Q2QG:cNS=2.0 |                              | 
 |                                               | isr_X2XG_cNS_dn isr:X2XG:cNS=-2.0 |                             | 
 |                                               | isr_X2XG_cNS_up isr:X2XG:cNS=2.0 |                              | 
 | UncertaintyBands:MPIshowers                   |                       on |          off                         | 
 | UncertaintyBands:nFlavQ                       |                        4 |            6           2           6 | 
 | UncertaintyBands:overSampleFSR                |                 10.00000 |      3.00000     1.00000    10.00000 | 
 | UncertaintyBands:overSampleISR                |                 10.00000 |      2.00000     1.00000    10.00000 | 
 |                                                                                                                 | 
 *-------  End PYTHIA Flag + Mode + Parm + Word + FVec + MVec + PVec + WVec Settings  -----------------------------* 

 --------  PYTHIA Particle Data Table (changed only)  ------------------------------------------------------------------------------
 
      id   name            antiName         spn chg col      m0        mWidth      mMin       mMax       tau0    res dec ext vis wid
             no onMode   bRatio   meMode     products 

 1000001  ~d_1             ~d_1bar            1  -1   1  500.00000    0.00000   50.00000    0.00000  0.00000e+00   1   0   0   1   0
              0     1   0.0000000  103  1000039        1 
              1     1   0.0000000  103  1000039        3 
              2     1   0.0000000  103  1000039        5 
              3     1   0.0000000    0 -1000024        2 
              4     1   0.0000000    0 -1000037        2 
              5     1   0.0000000    0 -1000024        4 
              6     1   0.0000000    0 -1000037        4 
              7     1   0.0000000    0 -1000024        6 
              8     1   0.0000000    0 -1000037        6 
              9     1   0.0000000    0  1000022        1 
             10     1   0.0000000    0  1000022        3 
             11     1   0.0000000    0  1000022        5 
             12     1   0.0000000    0  1000023        1 
             13     1   0.0000000    0  1000023        3 
             14     1   0.0000000    0  1000023        5 
             15     1   0.0000000    0  1000025        1 
             16     1   0.0000000    0  1000025        3 
             17     1   0.0000000    0  1000025        5 
             18     1   0.0000000    0  1000035        1 
             19     1   0.0000000    0  1000035        3 
             20     1   0.0000000    0  1000035        5 
             21     1   0.0000000    0  1000002      -24 
             22     1   0.0000000    0  1000004      -24 
             23     1   0.0000000    0  1000006      -24 
             24     1   0.0000000    0  2000002      -24 
             25     1   0.0000000    0  2000004      -24 
             26     1   0.0000000    0  2000006      -24 
             27     1   0.0000000    0  1000002      -37 
             28     1   0.0000000    0  1000004      -37 
             29     1   0.0000000    0  1000006      -37 
             30     1   0.0000000    0  2000002      -37 
             31     1   0.0000000    0  2000004      -37 
             32     1   0.0000000    0  2000006      -37 
             33     1   0.0000000    0  1000021        1 
             34     1   0.0000000    0  1000021        2 
             35     1   0.0000000    0  1000021        5 
             36     1   0.0000000    0      -12        1 
             37     1   0.0000000    0      -12        3 
             38     1   0.0000000    0      -12        5 
             39     1   0.0000000    0      -14        1 
             40     1   0.0000000    0      -14        3 
             41     1   0.0000000    0      -14        5 
             42     1   0.0000000    0      -16        1 
             43     1   0.0000000    0      -16        3 
             44     1   0.0000000    0      -16        5 
             45     1   0.0000000    0       12        1 
             46     1   0.0000000    0       11        2 
             47     1   0.0000000    0       12        3 
             48     1   0.0000000    0       11        4 
             49     1   0.0000000    0       12        5 
             50     1   0.0000000    0       11        6 
             51     1   0.0000000    0       14        1 
             52     1   0.0000000    0       13        2 
             53     1   0.0000000    0       14        3 
             54     1   0.0000000    0       13        4 
             55     1   0.0000000    0       14        5 
             56     1   0.0000000    0       13        6 
             57     1   0.0000000    0       16        1 
             58     1   0.0000000    0       15        2 
             59     1   0.0000000    0       16        3 
             60     1   0.0000000    0       15        4 
             61     1   0.0000000    0       16        5 
             62     1   0.0000000    0       15        6 
             63     1   0.0000000    0       -2       -3 
             64     1   0.0000000    0       -2       -5 
             65     1   0.0000000    0       -4       -3 
             66     1   0.0000000    0       -4       -5 
             67     1   0.0000000    0       -6       -3 
             68     1   0.0000000    0       -6       -5 

 1000002  ~u_1             ~u_1bar            1   2   1  500.00000    0.00000   50.00000    0.00000  0.00000e+00   1   0   0   1   0
              0     1   0.0000000  103  1000039        2 
              1     1   0.0000000  103  1000039        4 
              2     1   0.0000000  103  1000039        6 
              3     1   0.0000000    0  1000024        1 
              4     1   0.0000000    0  1000024        3 
              5     1   0.0000000    0  1000024        5 
              6     1   0.0000000    0  1000037        1 
              7     1   0.0000000    0  1000037        3 
              8     1   0.0000000    0  1000037        5 
              9     1   0.0000000    0  1000022        2 
             10     1   0.0000000    0  1000022        4 
             11     1   0.0000000    0  1000022        6 
             12     1   0.0000000    0  1000023        2 
             13     1   0.0000000    0  1000023        4 
             14     1   0.0000000    0  1000023        6 
             15     1   0.0000000    0  1000025        2 
             16     1   0.0000000    0  1000025        4 
             17     1   0.0000000    0  1000025        6 
             18     1   0.0000000    0  1000035        2 
             19     1   0.0000000    0  1000035        4 
             20     1   0.0000000    0  1000035        6 
             21     1   0.0000000    0  1000001      -24 
             22     1   0.0000000    0  1000003      -24 
             23     1   0.0000000    0  1000005      -24 
             24     1   0.0000000    0  2000001      -24 
             25     1   0.0000000    0  2000003      -24 
             26     1   0.0000000    0  2000005      -24 
             27     1   0.0000000    0  1000001      -37 
             28     1   0.0000000    0  1000003      -37 
             29     1   0.0000000    0  1000005      -37 
             30     1   0.0000000    0  2000001      -37 
             31     1   0.0000000    0  2000003      -37 
             32     1   0.0000000    0  2000005      -37 
             33     1   0.0000000    0  1000021        2 
             34     1   0.0000000    0  1000021        4 
             35     1   0.0000000    0  1000021        6 
             36     1   0.0000000    0      -11        1 
             37     1   0.0000000    0      -11        3 
             38     1   0.0000000    0      -11        5 
             39     1   0.0000000    0      -13        1 
             40     1   0.0000000    0      -13        3 
             41     1   0.0000000    0      -13        5 
             42     1   0.0000000    0      -15        1 
             43     1   0.0000000    0      -15        3 
             44     1   0.0000000    0      -15        5 
             45     1   0.0000000    0       -1       -3 
             46     1   0.0000000    0       -1       -5 
             47     1   0.0000000    0       -3       -5 

 1000003  ~d_2             ~d_2bar            1  -1   1  500.00000    0.00000   50.00000    0.00000  0.00000e+00   1   0   0   1   0
              0     1   0.0000000  103  1000039        1 
              1     1   0.0000000  103  1000039        3 
              2     1   0.0000000  103  1000039        5 
              3     1   0.0000000    0 -1000024        2 
              4     1   0.0000000    0 -1000037        2 
              5     1   0.0000000    0 -1000024        4 
              6     1   0.0000000    0 -1000037        4 
              7     1   0.0000000    0 -1000024        6 
              8     1   0.0000000    0 -1000037        6 
              9     1   0.0000000    0  1000022        1 
             10     1   0.0000000    0  1000022        3 
             11     1   0.0000000    0  1000022        5 
             12     1   0.0000000    0  1000023        1 
             13     1   0.0000000    0  1000023        3 
             14     1   0.0000000    0  1000023        5 
             15     1   0.0000000    0  1000025        1 
             16     1   0.0000000    0  1000025        3 
             17     1   0.0000000    0  1000025        5 
             18     1   0.0000000    0  1000035        1 
             19     1   0.0000000    0  1000035        3 
             20     1   0.0000000    0  1000035        5 
             21     1   0.0000000    0  1000002      -24 
             22     1   0.0000000    0  1000004      -24 
             23     1   0.0000000    0  1000006      -24 
             24     1   0.0000000    0  2000002      -24 
             25     1   0.0000000    0  2000004      -24 
             26     1   0.0000000    0  2000006      -24 
             27     1   0.0000000    0  1000002      -37 
             28     1   0.0000000    0  1000004      -37 
             29     1   0.0000000    0  1000006      -37 
             30     1   0.0000000    0  2000002      -37 
             31     1   0.0000000    0  2000004      -37 
             32     1   0.0000000    0  2000006      -37 
             33     1   0.0000000    0  1000021        1 
             34     1   0.0000000    0  1000021        2 
             35     1   0.0000000    0  1000021        5 
             36     1   0.0000000    0      -12        1 
             37     1   0.0000000    0      -12        3 
             38     1   0.0000000    0      -12        5 
             39     1   0.0000000    0      -14        1 
             40     1   0.0000000    0      -14        3 
             41     1   0.0000000    0      -14        5 
             42     1   0.0000000    0      -16        1 
             43     1   0.0000000    0      -16        3 
             44     1   0.0000000    0      -16        5 
             45     1   0.0000000    0       12        1 
             46     1   0.0000000    0       11        2 
             47     1   0.0000000    0       12        3 
             48     1   0.0000000    0       11        4 
             49     1   0.0000000    0       12        5 
             50     1   0.0000000    0       11        6 
             51     1   0.0000000    0       14        1 
             52     1   0.0000000    0       13        2 
             53     1   0.0000000    0       14        3 
             54     1   0.0000000    0       13        4 
             55     1   0.0000000    0       14        5 
             56     1   0.0000000    0       13        6 
             57     1   0.0000000    0       16        1 
             58     1   0.0000000    0       15        2 
             59     1   0.0000000    0       16        3 
             60     1   0.0000000    0       15        4 
             61     1   0.0000000    0       16        5 
             62     1   0.0000000    0       15        6 
             63     1   0.0000000    0       -2       -1 
             64     1   0.0000000    0       -2       -5 
             65     1   0.0000000    0       -4       -1 
             66     1   0.0000000    0       -4       -5 
             67     1   0.0000000    0       -6       -1 
             68     1   0.0000000    0       -6       -5 

 1000004  ~u_2             ~u_2bar            1   2   1  500.00000    0.00000   50.00000    0.00000  0.00000e+00   1   0   0   1   0
              0     1   0.0000000  103  1000039        2 
              1     1   0.0000000  103  1000039        4 
              2     1   0.0000000  103  1000039        6 
              3     1   0.0000000    0  1000024        1 
              4     1   0.0000000    0  1000024        3 
              5     1   0.0000000    0  1000024        5 
              6     1   0.0000000    0  1000037        1 
              7     1   0.0000000    0  1000037        3 
              8     1   0.0000000    0  1000037        5 
              9     1   0.0000000    0  1000022        2 
             10     1   0.0000000    0  1000022        4 
             11     1   0.0000000    0  1000022        6 
             12     1   0.0000000    0  1000023        2 
             13     1   0.0000000    0  1000023        4 
             14     1   0.0000000    0  1000023        6 
             15     1   0.0000000    0  1000025        2 
             16     1   0.0000000    0  1000025        4 
             17     1   0.0000000    0  1000025        6 
             18     1   0.0000000    0  1000035        2 
             19     1   0.0000000    0  1000035        4 
             20     1   0.0000000    0  1000035        6 
             21     1   0.0000000    0  1000001      -24 
             22     1   0.0000000    0  1000003      -24 
             23     1   0.0000000    0  1000005      -24 
             24     1   0.0000000    0  2000001      -24 
             25     1   0.0000000    0  2000003      -24 
             26     1   0.0000000    0  2000005      -24 
             27     1   0.0000000    0  1000001      -37 
             28     1   0.0000000    0  1000003      -37 
             29     1   0.0000000    0  1000005      -37 
             30     1   0.0000000    0  2000001      -37 
             31     1   0.0000000    0  2000003      -37 
             32     1   0.0000000    0  2000005      -37 
             33     1   0.0000000    0  1000021        2 
             34     1   0.0000000    0  1000021        4 
             35     1   0.0000000    0  1000021        6 
             36     1   0.0000000    0      -11        1 
             37     1   0.0000000    0      -11        3 
             38     1   0.0000000    0      -11        5 
             39     1   0.0000000    0      -13        1 
             40     1   0.0000000    0      -13        3 
             41     1   0.0000000    0      -13        5 
             42     1   0.0000000    0      -15        1 
             43     1   0.0000000    0      -15        3 
             44     1   0.0000000    0      -15        5 
             45     1   0.0000000    0       -1       -3 
             46     1   0.0000000    0       -1       -5 
             47     1   0.0000000    0       -3       -5 

 1000005  ~d_3             ~d_3bar            1  -1   1  500.00000    0.00000   50.00000    0.00000  0.00000e+00   1   0   0   1   0
              0     1   0.0000000  103  1000039        1 
              1     1   0.0000000  103  1000039        3 
              2     1   0.0000000  103  1000039        5 
              3     1   0.0000000    0 -1000024        2 
              4     1   0.0000000    0 -1000037        2 
              5     1   0.0000000    0 -1000024        4 
              6     1   0.0000000    0 -1000037        4 
              7     1   0.0000000    0 -1000024        6 
              8     1   0.0000000    0 -1000037        6 
              9     1   0.0000000    0  1000022        1 
             10     1   0.0000000    0  1000022        3 
             11     1   0.0000000    0  1000022        5 
             12     1   0.0000000    0  1000023        1 
             13     1   0.0000000    0  1000023        3 
             14     1   0.0000000    0  1000023        5 
             15     1   0.0000000    0  1000025        1 
             16     1   0.0000000    0  1000025        3 
             17     1   0.0000000    0  1000025        5 
             18     1   0.0000000    0  1000035        1 
             19     1   0.0000000    0  1000035        3 
             20     1   0.0000000    0  1000035        5 
             21     1   0.0000000    0  1000002      -24 
             22     1   0.0000000    0  1000004      -24 
             23     1   0.0000000    0  1000006      -24 
             24     1   0.0000000    0  2000002      -24 
             25     1   0.0000000    0  2000004      -24 
             26     1   0.0000000    0  2000006      -24 
             27     1   0.0000000    0  1000002      -37 
             28     1   0.0000000    0  1000004      -37 
             29     1   0.0000000    0  1000006      -37 
             30     1   0.0000000    0  2000002      -37 
             31     1   0.0000000    0  2000004      -37 
             32     1   0.0000000    0  2000006      -37 
             33     1   0.0000000    0  1000021        1 
             34     1   0.0000000    0  1000021        2 
             35     1   0.0000000    0  1000021        5 
             36     1   0.0000000    0      -12        1 
             37     1   0.0000000    0      -12        3 
             38     1   0.0000000    0      -12        5 
             39     1   0.0000000    0      -14        1 
             40     1   0.0000000    0      -14        3 
             41     1   0.0000000    0      -14        5 
             42     1   0.0000000    0      -16        1 
             43     1   0.0000000    0      -16        3 
             44     1   0.0000000    0      -16        5 
             45     1   0.0000000    0       12        1 
             46     1   0.0000000    0       11        2 
             47     1   0.0000000    0       12        3 
             48     1   0.0000000    0       11        4 
             49     1   0.0000000    0       12        5 
             50     1   0.0000000    0       11        6 
             51     1   0.0000000    0       14        1 
             52     1   0.0000000    0       13        2 
             53     1   0.0000000    0       14        3 
             54     1   0.0000000    0       13        4 
             55     1   0.0000000    0       14        5 
             56     1   0.0000000    0       13        6 
             57     1   0.0000000    0       16        1 
             58     1   0.0000000    0       15        2 
             59     1   0.0000000    0       16        3 
             60     1   0.0000000    0       15        4 
             61     1   0.0000000    0       16        5 
             62     1   0.0000000    0       15        6 
             63     1   0.0000000    0       -2       -1 
             64     1   0.0000000    0       -2       -3 
             65     1   0.0000000    0       -4       -1 
             66     1   0.0000000    0       -4       -3 
             67     1   0.0000000    0       -6       -1 
             68     1   0.0000000    0       -6       -3 

 1000006  ~u_3             ~u_3bar            1   2   1  500.00000    0.00000   50.00000    0.00000  0.00000e+00   1   0   0   1   0
              0     1   0.0000000  103  1000039        2 
              1     1   0.0000000  103  1000039        4 
              2     1   0.0000000  103  1000039        6 
              3     1   0.0000000    0  1000024        1 
              4     1   0.0000000    0  1000024        3 
              5     1   0.0000000    0  1000024        5 
              6     1   0.0000000    0  1000037        1 
              7     1   0.0000000    0  1000037        3 
              8     1   0.0000000    0  1000037        5 
              9     1   0.0000000    0  1000022        2 
             10     1   0.0000000    0  1000022        4 
             11     1   0.0000000    0  1000022        6 
             12     1   0.0000000    0  1000023        2 
             13     1   0.0000000    0  1000023        4 
             14     1   0.0000000    0  1000023        6 
             15     1   0.0000000    0  1000025        2 
             16     1   0.0000000    0  1000025        4 
             17     1   0.0000000    0  1000025        6 
             18     1   0.0000000    0  1000035        2 
             19     1   0.0000000    0  1000035        4 
             20     1   0.0000000    0  1000035        6 
             21     1   0.0000000    0  1000001      -24 
             22     1   0.0000000    0  1000003      -24 
             23     1   0.0000000    0  1000005      -24 
             24     1   0.0000000    0  2000001      -24 
             25     1   0.0000000    0  2000003      -24 
             26     1   0.0000000    0  2000005      -24 
             27     1   0.0000000    0  1000001      -37 
             28     1   0.0000000    0  1000003      -37 
             29     1   0.0000000    0  1000005      -37 
             30     1   0.0000000    0  2000001      -37 
             31     1   0.0000000    0  2000003      -37 
             32     1   0.0000000    0  2000005      -37 
             33     1   0.0000000    0  1000021        2 
             34     1   0.0000000    0  1000021        4 
             35     1   0.0000000    0  1000021        6 
             36     1   0.0000000    0      -11        1 
             37     1   0.0000000    0      -11        3 
             38     1   0.0000000    0      -11        5 
             39     1   0.0000000    0      -13        1 
             40     1   0.0000000    0      -13        3 
             41     1   0.0000000    0      -13        5 
             42     1   0.0000000    0      -15        1 
             43     1   0.0000000    0      -15        3 
             44     1   0.0000000    0      -15        5 
             45     1   0.0000000    0       -1       -3 
             46     1   0.0000000    0       -1       -5 
             47     1   0.0000000    0       -3       -5 

 1000011  ~e_1-            ~e_1+              1  -3   0  500.00000    0.00000   50.00000    0.00000  0.00000e+00   1   0   0   1   0
              0     1   0.0000000  103  1000039       11 
              1     1   0.0000000    0 -1000024       12 
              2     1   0.0000000    0 -1000037       12 
              3     1   0.0000000    0  1000022       11 
              4     1   0.0000000    0  1000023       11 
              5     1   0.0000000    0  1000025       11 
              6     1   0.0000000    0  1000035       11 
              7     1   0.0000000    0  1000012      -24 
              8     1   0.0000000    0  2000012      -24 
              9     1   0.0000000    0  1000012      -37 
             10     1   0.0000000    0       12       13 
             11     1   0.0000000    0       12       15 
             12     1   0.0000000    0       14       11 
             13     1   0.0000000    0       14       15 
             14     1   0.0000000    0       16       11 
             15     1   0.0000000    0       16       13 
             16     1   0.0000000    0      -14       11 
             17     1   0.0000000    0      -14       13 
             18     1   0.0000000    0      -14       15 
             19     1   0.0000000    0      -16       11 
             20     1   0.0000000    0      -16       13 
             21     1   0.0000000    0      -16       15 
             22     1   0.0000000    0       -2        1 
             23     1   0.0000000    0       -2        3 
             24     1   0.0000000    0       -2        5 
             25     1   0.0000000    0       -4        1 
             26     1   0.0000000    0       -4        3 
             27     1   0.0000000    0       -4        5 
             28     1   0.0000000    0       -6        1 
             29     1   0.0000000    0       -6        3 
             30     1   0.0000000    0       -6        5 

 1000013  ~e_2-            ~e_2+              1  -3   0  500.00000    0.00000   50.00000    0.00000  0.00000e+00   1   0   0   1   0
              0     1   0.0000000  103  1000039       13 
              1     1   0.0000000    0 -1000024       14 
              2     1   0.0000000    0 -1000037       14 
              3     1   0.0000000    0  1000022       13 
              4     1   0.0000000    0  1000023       13 
              5     1   0.0000000    0  1000025       13 
              6     1   0.0000000    0  1000035       13 
              7     1   0.0000000    0  1000014      -24 
              8     1   0.0000000    0  2000014      -24 
              9     1   0.0000000    0  1000014      -37 
             10     1   0.0000000    0  2000014      -37 
             11     1   0.0000000    0       12       13 
             12     1   0.0000000    0       12       15 
             13     1   0.0000000    0       14       11 
             14     1   0.0000000    0       14       15 
             15     1   0.0000000    0       16       11 
             16     1   0.0000000    0       16       13 
             17     1   0.0000000    0      -12       11 
             18     1   0.0000000    0      -12       13 
             19     1   0.0000000    0      -12       15 
             20     1   0.0000000    0      -16       11 
             21     1   0.0000000    0      -16       13 
             22     1   0.0000000    0      -16       15 
             23     1   0.0000000    0       -2        1 
             24     1   0.0000000    0       -2        3 
             25     1   0.0000000    0       -2        5 
             26     1   0.0000000    0       -4        1 
             27     1   0.0000000    0       -4        3 
             28     1   0.0000000    0       -4        5 
             29     1   0.0000000    0       -6        1 
             30     1   0.0000000    0       -6        3 
             31     1   0.0000000    0       -6        5 

 1000015  ~e_3-            ~e_3+              1  -3   0  500.00000    0.00000   50.00000    0.00000  0.00000e+00   1   0   0   1   0
              0     1   0.0000000  103  1000039       15 
              1     1   0.0000000    0 -1000024       16 
              2     1   0.0000000    0 -1000037       16 
              3     1   0.0000000    0  1000022       15 
              4     1   0.0000000    0  1000023       15 
              5     1   0.0000000    0  1000025       15 
              6     1   0.0000000    0  1000035       15 
              7     1   0.0000000    0  1000016      -24 
              8     1   0.0000000    0  2000016      -24 
              9     1   0.0000000    0  1000016      -37 
             10     1   0.0000000    0  2000016      -37 
             11     1   0.0000000    0       12       13 
             12     1   0.0000000    0       12       15 
             13     1   0.0000000    0       14       11 
             14     1   0.0000000    0       14       15 
             15     1   0.0000000    0       16       11 
             16     1   0.0000000    0       16       13 
             17     1   0.0000000    0      -12       11 
             18     1   0.0000000    0      -12       13 
             19     1   0.0000000    0      -12       15 
             20     1   0.0000000    0      -14       11 
             21     1   0.0000000    0      -14       13 
             22     1   0.0000000    0      -14       15 
             23     1   0.0000000    0       -2        1 
             24     1   0.0000000    0       -2        3 
             25     1   0.0000000    0       -2        5 
             26     1   0.0000000    0       -4        1 
             27     1   0.0000000    0       -4        3 
             28     1   0.0000000    0       -4        5 
             29     1   0.0000000    0       -6        1 
             30     1   0.0000000    0       -6        3 
             31     1   0.0000000    0       -6        5 

 2000001  ~d_4             ~d_4bar            1  -1   1  500.00000    0.00000   50.00000    0.00000  0.00000e+00   1   0   0   1   0
              0     1   0.0000000  103  1000039        1 
              1     1   0.0000000  103  1000039        3 
              2     1   0.0000000  103  1000039        5 
              3     1   0.0000000    0  1000024        2 
              4     1   0.0000000    0  1000024        4 
              5     1   0.0000000    0  1000024        6 
              6     1   0.0000000    0  1000037        2 
              7     1   0.0000000    0  1000037        4 
              8     1   0.0000000    0  1000037        6 
              9     1   0.0000000    0  1000022        1 
             10     1   0.0000000    0  1000022        3 
             11     1   0.0000000    0  1000022        5 
             12     1   0.0000000    0  1000023        1 
             13     1   0.0000000    0  1000023        3 
             14     1   0.0000000    0  1000023        5 
             15     1   0.0000000    0  1000025        1 
             16     1   0.0000000    0  1000025        3 
             17     1   0.0000000    0  1000025        5 
             18     1   0.0000000    0  1000035        1 
             19     1   0.0000000    0  1000035        3 
             20     1   0.0000000    0  1000035        5 
             21     1   0.0000000    0  1000023        1 
             22     1   0.0000000    0  1000023        3 
             23     1   0.0000000    0  1000023        5 
             24     1   0.0000000    0  1000025        1 
             25     1   0.0000000    0  1000025        3 
             26     1   0.0000000    0  1000025        5 
             27     1   0.0000000    0  1000001       23 
             28     1   0.0000000    0  1000003       23 
             29     1   0.0000000    0  1000005       23 
             30     1   0.0000000    0  2000003       23 
             31     1   0.0000000    0  2000005       23 
             32     1   0.0000000    0  1000001       25 
             33     1   0.0000000    0  1000003       25 
             34     1   0.0000000    0  1000005       25 
             35     1   0.0000000    0  2000003       25 
             36     1   0.0000000    0  2000005       25 
             37     1   0.0000000    0  1000001       35 
             38     1   0.0000000    0  1000003       35 
             39     1   0.0000000    0  1000005       35 
             40     1   0.0000000    0  2000003       35 
             41     1   0.0000000    0  2000005       35 
             42     1   0.0000000    0  1000001       36 
             43     1   0.0000000    0  1000003       36 
             44     1   0.0000000    0  1000005       36 
             45     1   0.0000000    0  2000003       36 
             46     1   0.0000000    0  2000005       36 
             47     1   0.0000000    0  1000002      -24 
             48     1   0.0000000    0  1000004      -24 
             49     1   0.0000000    0  1000006      -24 
             50     1   0.0000000    0  2000002      -24 
             51     1   0.0000000    0  2000004      -24 
             52     1   0.0000000    0  2000006      -24 
             53     1   0.0000000    0  1000002      -37 
             54     1   0.0000000    0  1000004      -37 
             55     1   0.0000000    0  1000006      -37 
             56     1   0.0000000    0  2000002      -37 
             57     1   0.0000000    0  2000004      -37 
             58     1   0.0000000    0  2000006      -37 
             59     1   0.0000000    0  1000021        1 
             60     1   0.0000000    0  1000021        2 
             61     1   0.0000000    0  1000021        5 
             62     1   0.0000000    0      -12        1 
             63     1   0.0000000    0      -12        3 
             64     1   0.0000000    0      -12        5 
             65     1   0.0000000    0      -14        1 
             66     1   0.0000000    0      -14        3 
             67     1   0.0000000    0      -14        5 
             68     1   0.0000000    0      -16        1 
             69     1   0.0000000    0      -16        3 
             70     1   0.0000000    0      -16        5 
             71     1   0.0000000    0       12        1 
             72     1   0.0000000    0       11        2 
             73     1   0.0000000    0       12        3 
             74     1   0.0000000    0       11        4 
             75     1   0.0000000    0       12        5 
             76     1   0.0000000    0       11        6 
             77     1   0.0000000    0       14        1 
             78     1   0.0000000    0       13        2 
             79     1   0.0000000    0       14        3 
             80     1   0.0000000    0       13        4 
             81     1   0.0000000    0       14        5 
             82     1   0.0000000    0       13        6 
             83     1   0.0000000    0       16        1 
             84     1   0.0000000    0       15        2 
             85     1   0.0000000    0       16        3 
             86     1   0.0000000    0       15        4 
             87     1   0.0000000    0       16        5 
             88     1   0.0000000    0       15        6 
             89     1   0.0000000    0       -2       -3 
             90     1   0.0000000    0       -2       -5 
             91     1   0.0000000    0       -4       -3 
             92     1   0.0000000    0       -4       -5 
             93     1   0.0000000    0       -6       -3 
             94     1   0.0000000    0       -6       -5 

 2000002  ~u_4             ~u_4bar            1   2   1  500.00000    0.00000   50.00000    0.00000  0.00000e+00   1   0   0   1   0
              0     1   0.0000000  103  1000039        2 
              1     1   0.0000000  103  1000039        4 
              2     1   0.0000000  103  1000039        6 
              3     1   0.0000000    0  1000024        1 
              4     1   0.0000000    0  1000024        3 
              5     1   0.0000000    0  1000024        5 
              6     1   0.0000000    0  1000037        1 
              7     1   0.0000000    0  1000037        3 
              8     1   0.0000000    0  1000037        5 
              9     1   0.0000000    0  1000022        2 
             10     1   0.0000000    0  1000022        4 
             11     1   0.0000000    0  1000022        6 
             12     1   0.0000000    0  1000023        2 
             13     1   0.0000000    0  1000023        4 
             14     1   0.0000000    0  1000023        6 
             15     1   0.0000000    0  1000025        2 
             16     1   0.0000000    0  1000025        4 
             17     1   0.0000000    0  1000025        6 
             18     1   0.0000000    0  1000035        2 
             19     1   0.0000000    0  1000035        4 
             20     1   0.0000000    0  1000035        6 
             21     1   0.0000000    0  1000002       23 
             22     1   0.0000000    0  1000004       23 
             23     1   0.0000000    0  1000006       23 
             24     1   0.0000000    0  2000004       23 
             25     1   0.0000000    0  2000006       23 
             26     1   0.0000000    0  1000002       25 
             27     1   0.0000000    0  1000004       25 
             28     1   0.0000000    0  1000006       25 
             29     1   0.0000000    0  2000004       25 
             30     1   0.0000000    0  2000006       25 
             31     1   0.0000000    0  1000002       35 
             32     1   0.0000000    0  1000004       35 
             33     1   0.0000000    0  1000006       35 
             34     1   0.0000000    0  2000004       35 
             35     1   0.0000000    0  2000006       35 
             36     1   0.0000000    0  1000002       36 
             37     1   0.0000000    0  1000004       36 
             38     1   0.0000000    0  1000006       36 
             39     1   0.0000000    0  2000004       36 
             40     1   0.0000000    0  2000006       36 
             41     1   0.0000000    0  1000001      -24 
             42     1   0.0000000    0  1000003      -24 
             43     1   0.0000000    0  1000005      -24 
             44     1   0.0000000    0  2000001      -24 
             45     1   0.0000000    0  2000003      -24 
             46     1   0.0000000    0  2000005      -24 
             47     1   0.0000000    0  1000001      -37 
             48     1   0.0000000    0  1000003      -37 
             49     1   0.0000000    0  1000005      -37 
             50     1   0.0000000    0  2000001      -37 
             51     1   0.0000000    0  2000003      -37 
             52     1   0.0000000    0  2000005      -37 
             53     1   0.0000000    0  1000021        2 
             54     1   0.0000000    0  1000021        4 
             55     1   0.0000000    0  1000021        6 
             56     1   0.0000000    0      -11        1 
             57     1   0.0000000    0      -11        3 
             58     1   0.0000000    0      -11        5 
             59     1   0.0000000    0      -13        1 
             60     1   0.0000000    0      -13        3 
             61     1   0.0000000    0      -13        5 
             62     1   0.0000000    0      -15        1 
             63     1   0.0000000    0      -15        3 
             64     1   0.0000000    0      -15        5 
             65     1   0.0000000    0       -1       -3 
             66     1   0.0000000    0       -1       -5 
             67     1   0.0000000    0       -3       -5 

 2000003  ~d_5             ~d_5bar            1  -1   1  500.00000    0.00000   50.00000    0.00000  0.00000e+00   1   0   0   1   0
              0     1   0.0000000  103  1000039        1 
              1     1   0.0000000  103  1000039        3 
              2     1   0.0000000  103  1000039        5 
              3     1   0.0000000    0 -1000024        2 
              4     1   0.0000000    0 -1000037        2 
              5     1   0.0000000    0 -1000024        4 
              6     1   0.0000000    0 -1000037        4 
              7     1   0.0000000    0 -1000024        6 
              8     1   0.0000000    0 -1000037        6 
              9     1   0.0000000    0  1000022        1 
             10     1   0.0000000    0  1000022        3 
             11     1   0.0000000    0  1000022        5 
             12     1   0.0000000    0  1000023        1 
             13     1   0.0000000    0  1000023        3 
             14     1   0.0000000    0  1000023        5 
             15     1   0.0000000    0  1000025        1 
             16     1   0.0000000    0  1000025        3 
             17     1   0.0000000    0  1000025        5 
             18     1   0.0000000    0  1000035        1 
             19     1   0.0000000    0  1000035        3 
             20     1   0.0000000    0  1000035        5 
             21     1   0.0000000    0  1000023        1 
             22     1   0.0000000    0  1000023        3 
             23     1   0.0000000    0  1000023        5 
             24     1   0.0000000    0  1000025        1 
             25     1   0.0000000    0  1000025        3 
             26     1   0.0000000    0  1000025        5 
             27     1   0.0000000    0  1000001       23 
             28     1   0.0000000    0  1000003       23 
             29     1   0.0000000    0  1000005       23 
             30     1   0.0000000    0  2000001       23 
             31     1   0.0000000    0  2000005       23 
             32     1   0.0000000    0  1000001       25 
             33     1   0.0000000    0  1000003       25 
             34     1   0.0000000    0  1000005       25 
             35     1   0.0000000    0  2000001       25 
             36     1   0.0000000    0  2000005       25 
             37     1   0.0000000    0  1000001       35 
             38     1   0.0000000    0  1000003       35 
             39     1   0.0000000    0  1000005       35 
             40     1   0.0000000    0  2000001       35 
             41     1   0.0000000    0  2000005       35 
             42     1   0.0000000    0  1000001       36 
             43     1   0.0000000    0  1000003       36 
             44     1   0.0000000    0  1000005       36 
             45     1   0.0000000    0  2000001       36 
             46     1   0.0000000    0  2000005       36 
             47     1   0.0000000    0  1000002      -24 
             48     1   0.0000000    0  1000004      -24 
             49     1   0.0000000    0  1000006      -24 
             50     1   0.0000000    0  2000002      -24 
             51     1   0.0000000    0  2000004      -24 
             52     1   0.0000000    0  2000006      -24 
             53     1   0.0000000    0  1000002      -37 
             54     1   0.0000000    0  1000004      -37 
             55     1   0.0000000    0  1000006      -37 
             56     1   0.0000000    0  2000002      -37 
             57     1   0.0000000    0  2000004      -37 
             58     1   0.0000000    0  2000006      -37 
             59     1   0.0000000    0  1000021        1 
             60     1   0.0000000    0  1000021        2 
             61     1   0.0000000    0  1000021        5 
             62     1   0.0000000    0      -12        1 
             63     1   0.0000000    0      -12        3 
             64     1   0.0000000    0      -12        5 
             65     1   0.0000000    0      -14        1 
             66     1   0.0000000    0      -14        3 
             67     1   0.0000000    0      -14        5 
             68     1   0.0000000    0      -16        1 
             69     1   0.0000000    0      -16        3 
             70     1   0.0000000    0      -16        5 
             71     1   0.0000000    0       12        1 
             72     1   0.0000000    0       11        2 
             73     1   0.0000000    0       12        3 
             74     1   0.0000000    0       11        4 
             75     1   0.0000000    0       12        5 
             76     1   0.0000000    0       11        6 
             77     1   0.0000000    0       14        1 
             78     1   0.0000000    0       13        2 
             79     1   0.0000000    0       14        3 
             80     1   0.0000000    0       13        4 
             81     1   0.0000000    0       14        5 
             82     1   0.0000000    0       13        6 
             83     1   0.0000000    0       16        1 
             84     1   0.0000000    0       15        2 
             85     1   0.0000000    0       16        3 
             86     1   0.0000000    0       15        4 
             87     1   0.0000000    0       16        5 
             88     1   0.0000000    0       15        6 
             89     1   0.0000000    0       -2       -1 
             90     1   0.0000000    0       -2       -5 
             91     1   0.0000000    0       -4       -1 
             92     1   0.0000000    0       -4       -5 
             93     1   0.0000000    0       -6       -1 
             94     1   0.0000000    0       -6       -5 

 2000004  ~u_5             ~u_5bar            1   2   1  500.00000    0.00000   50.00000    0.00000  0.00000e+00   1   0   0   1   0
              0     1   0.0000000  103  1000039        2 
              1     1   0.0000000  103  1000039        4 
              2     1   0.0000000  103  1000039        6 
              3     1   0.0000000    0  1000024        1 
              4     1   0.0000000    0  1000024        3 
              5     1   0.0000000    0  1000024        5 
              6     1   0.0000000    0  1000037        1 
              7     1   0.0000000    0  1000037        3 
              8     1   0.0000000    0  1000037        5 
              9     1   0.0000000    0  1000022        2 
             10     1   0.0000000    0  1000022        4 
             11     1   0.0000000    0  1000022        6 
             12     1   0.0000000    0  1000023        2 
             13     1   0.0000000    0  1000023        4 
             14     1   0.0000000    0  1000023        6 
             15     1   0.0000000    0  1000025        2 
             16     1   0.0000000    0  1000025        4 
             17     1   0.0000000    0  1000025        6 
             18     1   0.0000000    0  1000035        2 
             19     1   0.0000000    0  1000035        4 
             20     1   0.0000000    0  1000035        6 
             21     1   0.0000000    0  1000002       23 
             22     1   0.0000000    0  1000004       23 
             23     1   0.0000000    0  1000006       23 
             24     1   0.0000000    0  2000002       23 
             25     1   0.0000000    0  2000006       23 
             26     1   0.0000000    0  1000002       25 
             27     1   0.0000000    0  1000004       25 
             28     1   0.0000000    0  1000006       25 
             29     1   0.0000000    0  2000002       25 
             30     1   0.0000000    0  2000006       25 
             31     1   0.0000000    0  1000002       35 
             32     1   0.0000000    0  1000004       35 
             33     1   0.0000000    0  1000006       35 
             34     1   0.0000000    0  2000002       35 
             35     1   0.0000000    0  2000006       35 
             36     1   0.0000000    0  1000002       36 
             37     1   0.0000000    0  1000004       36 
             38     1   0.0000000    0  1000006       36 
             39     1   0.0000000    0  2000002       36 
             40     1   0.0000000    0  2000006       36 
             41     1   0.0000000    0  1000001      -24 
             42     1   0.0000000    0  1000003      -24 
             43     1   0.0000000    0  1000005      -24 
             44     1   0.0000000    0  2000001      -24 
             45     1   0.0000000    0  2000003      -24 
             46     1   0.0000000    0  2000005      -24 
             47     1   0.0000000    0  1000001      -37 
             48     1   0.0000000    0  1000003      -37 
             49     1   0.0000000    0  1000005      -37 
             50     1   0.0000000    0  2000001      -37 
             51     1   0.0000000    0  2000003      -37 
             52     1   0.0000000    0  2000005      -37 
             53     1   0.0000000    0  1000021        2 
             54     1   0.0000000    0  1000021        4 
             55     1   0.0000000    0  1000021        6 
             56     1   0.0000000    0      -11        1 
             57     1   0.0000000    0      -11        3 
             58     1   0.0000000    0      -11        5 
             59     1   0.0000000    0      -13        1 
             60     1   0.0000000    0      -13        3 
             61     1   0.0000000    0      -13        5 
             62     1   0.0000000    0      -15        1 
             63     1   0.0000000    0      -15        3 
             64     1   0.0000000    0      -15        5 
             65     1   0.0000000    0       -1       -3 
             66     1   0.0000000    0       -1       -5 
             67     1   0.0000000    0       -3       -5 

 2000005  ~d_6             ~d_6bar            1  -1   1  500.00000    0.00000   50.00000    0.00000  0.00000e+00   1   0   0   1   0
              0     1   0.0000000  103  1000039        1 
              1     1   0.0000000  103  1000039        3 
              2     1   0.0000000  103  1000039        5 
              3     1   0.0000000    0 -1000024        2 
              4     1   0.0000000    0 -1000037        2 
              5     1   0.0000000    0 -1000024        4 
              6     1   0.0000000    0 -1000037        4 
              7     1   0.0000000    0 -1000024        6 
              8     1   0.0000000    0 -1000037        6 
              9     1   0.0000000    0  1000022        1 
             10     1   0.0000000    0  1000022        3 
             11     1   0.0000000    0  1000022        5 
             12     1   0.0000000    0  1000023        1 
             13     1   0.0000000    0  1000023        3 
             14     1   0.0000000    0  1000023        5 
             15     1   0.0000000    0  1000025        1 
             16     1   0.0000000    0  1000025        3 
             17     1   0.0000000    0  1000025        5 
             18     1   0.0000000    0  1000035        1 
             19     1   0.0000000    0  1000035        3 
             20     1   0.0000000    0  1000035        5 
             21     1   0.0000000    0  1000023        1 
             22     1   0.0000000    0  1000023        3 
             23     1   0.0000000    0  1000023        5 
             24     1   0.0000000    0  1000025        1 
             25     1   0.0000000    0  1000025        3 
             26     1   0.0000000    0  1000025        5 
             27     1   0.0000000    0  1000001       23 
             28     1   0.0000000    0  1000003       23 
             29     1   0.0000000    0  1000005       23 
             30     1   0.0000000    0  2000001       23 
             31     1   0.0000000    0  2000003       23 
             32     1   0.0000000    0  1000001       25 
             33     1   0.0000000    0  1000003       25 
             34     1   0.0000000    0  1000005       25 
             35     1   0.0000000    0  2000001       25 
             36     1   0.0000000    0  2000003       25 
             37     1   0.0000000    0  1000001       35 
             38     1   0.0000000    0  1000003       35 
             39     1   0.0000000    0  1000005       35 
             40     1   0.0000000    0  2000001       35 
             41     1   0.0000000    0  2000003       35 
             42     1   0.0000000    0  1000001       36 
             43     1   0.0000000    0  1000003       36 
             44     1   0.0000000    0  1000005       36 
             45     1   0.0000000    0  2000001       36 
             46     1   0.0000000    0  2000003       36 
             47     1   0.0000000    0  1000002      -24 
             48     1   0.0000000    0  1000004      -24 
             49     1   0.0000000    0  1000006      -24 
             50     1   0.0000000    0  2000002      -24 
             51     1   0.0000000    0  2000004      -24 
             52     1   0.0000000    0  2000006      -24 
             53     1   0.0000000    0  1000002      -37 
             54     1   0.0000000    0  1000004      -37 
             55     1   0.0000000    0  1000006      -37 
             56     1   0.0000000    0  2000002      -37 
             57     1   0.0000000    0  2000004      -37 
             58     1   0.0000000    0  2000006      -37 
             59     1   0.0000000    0  1000021        1 
             60     1   0.0000000    0  1000021        2 
             61     1   0.0000000    0  1000021        5 
             62     1   0.0000000    0      -12        1 
             63     1   0.0000000    0      -12        3 
             64     1   0.0000000    0      -12        5 
             65     1   0.0000000    0      -14        1 
             66     1   0.0000000    0      -14        3 
             67     1   0.0000000    0      -14        5 
             68     1   0.0000000    0      -16        1 
             69     1   0.0000000    0      -16        3 
             70     1   0.0000000    0      -16        5 
             71     1   0.0000000    0       12        1 
             72     1   0.0000000    0       11        2 
             73     1   0.0000000    0       12        3 
             74     1   0.0000000    0       11        4 
             75     1   0.0000000    0       12        5 
             76     1   0.0000000    0       11        6 
             77     1   0.0000000    0       14        1 
             78     1   0.0000000    0       13        2 
             79     1   0.0000000    0       14        3 
             80     1   0.0000000    0       13        4 
             81     1   0.0000000    0       14        5 
             82     1   0.0000000    0       13        6 
             83     1   0.0000000    0       16        1 
             84     1   0.0000000    0       15        2 
             85     1   0.0000000    0       16        3 
             86     1   0.0000000    0       15        4 
             87     1   0.0000000    0       16        5 
             88     1   0.0000000    0       15        6 
             89     1   0.0000000    0       -2       -1 
             90     1   0.0000000    0       -2       -3 
             91     1   0.0000000    0       -4       -1 
             92     1   0.0000000    0       -4       -3 
             93     1   0.0000000    0       -6       -1 
             94     1   0.0000000    0       -6       -3 

 2000006  ~u_6             ~u_6bar            1   2   1  500.00000    0.00000   50.00000    0.00000  0.00000e+00   1   0   0   1   0
              0     1   0.0000000  103  1000039        2 
              1     1   0.0000000  103  1000039        4 
              2     1   0.0000000  103  1000039        6 
              3     1   0.0000000    0  1000024        1 
              4     1   0.0000000    0  1000024        3 
              5     1   0.0000000    0  1000024        5 
              6     1   0.0000000    0  1000037        1 
              7     1   0.0000000    0  1000037        3 
              8     1   0.0000000    0  1000037        5 
              9     1   0.0000000    0  1000022        2 
             10     1   0.0000000    0  1000022        4 
             11     1   0.0000000    0  1000022        6 
             12     1   0.0000000    0  1000023        2 
             13     1   0.0000000    0  1000023        4 
             14     1   0.0000000    0  1000023        6 
             15     1   0.0000000    0  1000025        2 
             16     1   0.0000000    0  1000025        4 
             17     1   0.0000000    0  1000025        6 
             18     1   0.0000000    0  1000035        2 
             19     1   0.0000000    0  1000035        4 
             20     1   0.0000000    0  1000035        6 
             21     1   0.0000000    0  1000002       23 
             22     1   0.0000000    0  1000004       23 
             23     1   0.0000000    0  1000006       23 
             24     1   0.0000000    0  2000002       23 
             25     1   0.0000000    0  2000004       23 
             26     1   0.0000000    0  1000002       25 
             27     1   0.0000000    0  1000004       25 
             28     1   0.0000000    0  1000006       25 
             29     1   0.0000000    0  2000002       25 
             30     1   0.0000000    0  2000004       25 
             31     1   0.0000000    0  1000002       35 
             32     1   0.0000000    0  1000004       35 
             33     1   0.0000000    0  1000006       35 
             34     1   0.0000000    0  2000002       35 
             35     1   0.0000000    0  2000004       35 
             36     1   0.0000000    0  1000002       36 
             37     1   0.0000000    0  1000004       36 
             38     1   0.0000000    0  1000006       36 
             39     1   0.0000000    0  2000002       36 
             40     1   0.0000000    0  2000004       36 
             41     1   0.0000000    0  1000001      -24 
             42     1   0.0000000    0  1000003      -24 
             43     1   0.0000000    0  1000005      -24 
             44     1   0.0000000    0  2000001      -24 
             45     1   0.0000000    0  2000003      -24 
             46     1   0.0000000    0  2000005      -24 
             47     1   0.0000000    0  1000001      -37 
             48     1   0.0000000    0  1000003      -37 
             49     1   0.0000000    0  1000005      -37 
             50     1   0.0000000    0  2000001      -37 
             51     1   0.0000000    0  2000003      -37 
             52     1   0.0000000    0  2000005      -37 
             53     1   0.0000000    0  1000021        2 
             54     1   0.0000000    0  1000021        4 
             55     1   0.0000000    0  1000021        6 
             56     1   0.0000000    0      -11        1 
             57     1   0.0000000    0      -11        3 
             58     1   0.0000000    0      -11        5 
             59     1   0.0000000    0      -13        1 
             60     1   0.0000000    0      -13        3 
             61     1   0.0000000    0      -13        5 
             62     1   0.0000000    0      -15        1 
             63     1   0.0000000    0      -15        3 
             64     1   0.0000000    0      -15        5 
             65     1   0.0000000    0       -1       -3 
             66     1   0.0000000    0       -1       -5 
             67     1   0.0000000    0       -3       -5 

 2000011  ~e_4-            ~e_4+              1  -3   0  500.00000    0.00000   50.00000    0.00000  0.00000e+00   1   0   0   1   0
              0     1   0.0000000  103  1000039       11 
              1     1   0.0000000    0 -1000024       12 
              2     1   0.0000000    0 -1000037       12 
              3     1   0.0000000    0  1000022       11 
              4     1   0.0000000    0  1000023       11 
              5     1   0.0000000    0  1000025       11 
              6     1   0.0000000    0  1000035       11 
              7     1   0.0000000    0  1000011       23 
              8     1   0.0000000    0  1000011       25 
              9     1   0.0000000    0  1000011       35 
             10     1   0.0000000    0  1000011       36 
             11     1   0.0000000    0  1000012      -24 
             12     1   0.0000000    0  2000012      -24 
             13     1   0.0000000    0  1000012      -37 
             14     1   0.0000000    0  2000012      -37 
             15     1   0.0000000    0       12       13 
             16     1   0.0000000    0       12       15 
             17     1   0.0000000    0       14       11 
             18     1   0.0000000    0       14       15 
             19     1   0.0000000    0       16       11 
             20     1   0.0000000    0       16       13 
             21     1   0.0000000    0      -14       11 
             22     1   0.0000000    0      -14       13 
             23     1   0.0000000    0      -14       15 
             24     1   0.0000000    0      -16       11 
             25     1   0.0000000    0      -16       13 
             26     1   0.0000000    0      -16       15 
             27     1   0.0000000    0       -2        1 
             28     1   0.0000000    0       -2        3 
             29     1   0.0000000    0       -2        5 
             30     1   0.0000000    0       -4        1 
             31     1   0.0000000    0       -4        3 
             32     1   0.0000000    0       -4        5 
             33     1   0.0000000    0       -6        1 
             34     1   0.0000000    0       -6        3 
             35     1   0.0000000    0       -6        5 

 2000013  ~e_5-            ~e_5+              1  -3   0  500.00000    0.00000   50.00000    0.00000  0.00000e+00   1   0   0   1   0
              0     1   0.0000000  103  1000039       13 
              1     1   0.0000000    0 -1000024       14 
              2     1   0.0000000    0 -1000037       14 
              3     1   0.0000000    0  1000022       13 
              4     1   0.0000000    0  1000023       13 
              5     1   0.0000000    0  1000025       13 
              6     1   0.0000000    0  1000035       13 
              7     1   0.0000000    0  1000013       23 
              8     1   0.0000000    0  1000013       25 
              9     1   0.0000000    0  1000013       35 
             10     1   0.0000000    0  1000013       36 
             11     1   0.0000000    0  1000014      -24 
             12     1   0.0000000    0  2000014      -24 
             13     1   0.0000000    0  1000014      -37 
             14     1   0.0000000    0  2000014      -37 
             15     1   0.0000000    0       12       13 
             16     1   0.0000000    0       12       15 
             17     1   0.0000000    0       14       11 
             18     1   0.0000000    0       14       15 
             19     1   0.0000000    0       16       11 
             20     1   0.0000000    0       16       13 
             21     1   0.0000000    0      -12       11 
             22     1   0.0000000    0      -12       13 
             23     1   0.0000000    0      -12       15 
             24     1   0.0000000    0      -16       11 
             25     1   0.0000000    0      -16       13 
             26     1   0.0000000    0      -16       15 
             27     1   0.0000000    0       -2        1 
             28     1   0.0000000    0       -2        3 
             29     1   0.0000000    0       -2        5 
             30     1   0.0000000    0       -4        1 
             31     1   0.0000000    0       -4        3 
             32     1   0.0000000    0       -4        5 
             33     1   0.0000000    0       -6        1 
             34     1   0.0000000    0       -6        3 
             35     1   0.0000000    0       -6        5 

 2000015  ~e_6-            ~e_6+              1  -3   0  500.00000    0.00000   50.00000    0.00000  0.00000e+00   1   0   0   1   0
              0     1   0.0000000  103  1000039       15 
              1     1   0.0000000    0 -1000024       16 
              2     1   0.0000000    0 -1000037       16 
              3     1   0.0000000    0  1000022       15 
              4     1   0.0000000    0  1000023       15 
              5     1   0.0000000    0  1000025       15 
              6     1   0.0000000    0  1000035       15 
              7     1   0.0000000    0  1000015       23 
              8     1   0.0000000    0  1000015       25 
              9     1   0.0000000    0  1000015       35 
             10     1   0.0000000    0  1000015       36 
             11     1   0.0000000    0  1000016      -24 
             12     1   0.0000000    0  2000016      -24 
             13     1   0.0000000    0  1000016      -37 
             14     1   0.0000000    0  2000016      -37 
             15     1   0.0000000    0       12       13 
             16     1   0.0000000    0       12       15 
             17     1   0.0000000    0       14       11 
             18     1   0.0000000    0       14       15 
             19     1   0.0000000    0       16       11 
             20     1   0.0000000    0       16       13 
             21     1   0.0000000    0      -12       11 
             22     1   0.0000000    0      -12       13 
             23     1   0.0000000    0      -12       15 
             24     1   0.0000000    0      -14       11 
             25     1   0.0000000    0      -14       13 
             26     1   0.0000000    0      -14       15 
             27     1   0.0000000    0       -2        1 
             28     1   0.0000000    0       -2        3 
             29     1   0.0000000    0       -2        5 
             30     1   0.0000000    0       -4        1 
             31     1   0.0000000    0       -4        3 
             32     1   0.0000000    0       -4        5 
             33     1   0.0000000    0       -6        1 
             34     1   0.0000000    0       -6        3 
             35     1   0.0000000    0       -6        5 

 9936661  suu              suubar             1   4   3  8.000e+03  1.000e+02  0.000e+00  0.000e+00  1.97000e-15   0   0   0   1   0

 9936662  chi              chibar             2   2   1  3.000e+03  1.595e+01  0.000e+00  0.000e+00  1.23483e-14   0   0   0   1   0

 --------  End PYTHIA Particle Data Table  -----------------------------------------------------------------------------------------


 *-------  PYTHIA Flag + Mode + Parm + Word + FVec + MVec + PVec + WVec Settings (changes only)  ------------------* 
 |                                                                                                                 | 
 | Name                                          |                      Now |      Default         Min         Max | 
 |                                               |                          |                                      | 
 | Next:numberShowEvent                          |                        0 |            1           0             | 
 | ParticleDecays:allowPhotonRadiation           |                       on |          off                         | 
 | ParticleDecays:limitTau0                      |                       on |          off                         | 
 | ProcessLevel:all                              |                      off |           on                         | 
 |                                                                                                                 | 
 *-------  End PYTHIA Flag + Mode + Parm + Word + FVec + MVec + PVec + WVec Settings  -----------------------------* 

 --------  PYTHIA Particle Data Table (changed only)  ------------------------------------------------------------------------------
 
      id   name            antiName         spn chg col      m0        mWidth      mMin       mMax       tau0    res dec ext vis wid
             no onMode   bRatio   meMode     products 

 no particle data has been changed from its default value 

 --------  End PYTHIA Particle Data Table  -----------------------------------------------------------------------------------------

 PYTHIA Abort from Pythia::next: reached end of Les Houches Events File  
 PYTHIA Warning in SpaceShower::pT2nextQCD: small daughter PDF  

 *-------  PYTHIA Event and Cross Section Statistics  -------------------------------------------------------------*
 |                                                                                                                 |
 | Subprocess                                    Code |            Number of events       |      sigma +- delta    |
 |                                                    |       Tried   Selected   Accepted |     (estimated) (mb)   |
 |                                                    |                                   |                        |
 |-----------------------------------------------------------------------------------------------------------------|
 |                                                    |                                   |                        |
 | Les Houches User Process(es)                  9999 |         208        208          0 |   0.000e+00  0.000e+00 |
 |    ... whereof user classification code          1 |         208        208          0 |                        | 
 |                                                    |                                   |                        |
 | sum                                                |         208        208          0 |   0.000e+00  0.000e+00 |
 |                                                                                                                 |
 *-------  End PYTHIA Event and Cross Section Statistics ----------------------------------------------------------*

 *-------  PYTHIA Error and Warning Messages Statistics  ----------------------------------------------------------* 
 |                                                                                                                 | 
 |  times   message                                                                                                | 
 |                                                                                                                 | 
 |    208   Abort from Pythia::next: reached end of Les Houches Events File                                        | 
 |      1   Info from SLHAinterface::initSLHA: No MODSEL found, keeping internal SUSY switched off                 | 
 |      1   Info from SLHAinterface::initSLHA: importing MASS entries                                              | 
 |      2   Warning in SLHAinterface::initSLHA: ignoring DECAY tables                                              | 
 |      2   Warning in SLHAinterface::initSLHA: ignoring MASS entries                                              | 
 |      1   Warning in SLHAinterface::initSLHA: ignoring empty DECAY tables                                        | 
 |      7   Warning in SpaceShower::pT2nextQCD: small daughter PDF                                                 | 
 |                                                                                                                 | 
 *-------  End PYTHIA Error and Warning Messages Statistics  ------------------------------------------------------* 
         0.000         0.000         0.000             1
 
