DEBUG 2020-11-25 00:43:48.926 UTC: 	 CRAB Client version: v3.201110
DEBUG 2020-11-25 00:43:48.926 UTC: 	 Running on: Linux cmslpc167.fnal.gov 3.10.0-1127.19.1.el7.x86_64 #1 SMP Thu Aug 20 14:39:03 CDT 2020 x86_64 x86_64 x86_64 GNU/Linux - Scientific Linux 7.9 (Nitrogen)
DEBUG 2020-11-25 00:43:48.926 UTC: 	 Executing command: 'submit'
DEBUG 2020-11-25 00:43:48.927 UTC: 	 Found CRAB cache file /uscms/home/cannaert/.crab3
INFO 2020-11-25 00:43:48.935 UTC: 	 Will use CRAB configuration file crab_diquark_QCD_ccfg.py
DEBUG 2020-11-25 00:43:48.935 UTC: 	 Loading CRAB configuration file.
DEBUG 2020-11-25 00:43:48.945 UTC: 	 Will use CRAB Analysis plugin (i.e. will run an analysis job type).
DEBUG 2020-11-25 00:43:48.980 UTC: 	 Checking credentials
DEBUG 2020-11-25 00:43:48.981 UTC: 	 Found proxy file /uscms/home/cannaert/x509up_u54552
DEBUG 2020-11-25 00:43:48.981 UTC: 	 Getting proxy life time left
DEBUG 2020-11-25 00:43:49.084 UTC: 	 Executing : 
 command : voms-proxy-info -file /uscms/home/cannaert/x509up_u54552 -timeleft
 output : 30898

 error: 
 retcode : 0
DEBUG 2020-11-25 00:43:49.187 UTC: 	 Executing : 
 command : voms-proxy-info -file /uscms/home/cannaert/x509up_u54552 -actimeleft
 output : 30898

 error: 
 retcode : 0
DEBUG 2020-11-25 00:43:49.187 UTC: 	 Proxy valid for 08:34:58 hours
DEBUG 2020-11-25 00:43:49.289 UTC: 	 Executing : 
 command : env X509_USER_PROXY=/uscms/home/cannaert/x509up_u54552 voms-proxy-info -fqan
 output : /cms/Role=NULL/Capability=NULL

 error: 
 retcode : 0
DEBUG 2020-11-25 00:43:49.899 UTC: 	 Registering user credentials for server /DC=ch/DC=cern/OU=computers/CN=vocms0105.cern.ch|/DC=ch/DC=cern/OU=computers/CN=crab-(preprod|prod|dev)-tw(02|01).cern.ch|/DC=ch/DC=cern/OU=computers/CN=(ddi|ddidk|mytw).cern.ch|/DC=ch/DC=cern/OU=computers/CN=stefanov(m|m2).cern.ch
DEBUG 2020-11-25 00:43:50.006 UTC: 	 Executing : 
 command : voms-proxy-info -file /uscms/home/cannaert/x509up_u54552 -identity
 output : /DC=ch/DC=cern/OU=Organic Units/OU=Users/CN=ecannaer/CN=832417/CN=Ethan Cannaert

 error: 
 retcode : 0
DEBUG 2020-11-25 00:43:50.010 UTC: 	 Getting myproxy life time left for myproxy.cern.ch
DEBUG 2020-11-25 00:43:50.010 UTC: 	 using b7b51e0178e197a43a1d723fd43ab6570e42a3d5 as credential login name
DEBUG 2020-11-25 00:43:50.915 UTC: 	 Executing : 
 command : myproxy-info -l b7b51e0178e197a43a1d723fd43ab6570e42a3d5 -s myproxy.cern.ch
 output : username: b7b51e0178e197a43a1d723fd43ab6570e42a3d5
owner: /DC=ch/DC=cern/OU=Organic Units/OU=Users/CN=ecannaer/CN=832417/CN=Ethan Cannaert
  renewal policy: /DC=ch/DC=cern/OU=computers/CN=vocms0105.cern.ch|/DC=ch/DC=cern/OU=computers/CN=crab-(preprod|prod|dev)-tw(02|01).cern.ch|/DC=ch/DC=cern/OU=computers/CN=(ddi|ddidk|mytw).cern.ch|/DC=ch/DC=cern/OU=computers/CN=stefanov(m|m2).cern.ch
  trusted retrieval policy: /DC=ch/DC=cern/OU=computers/CN=vocms0105.cern.ch|/DC=ch/DC=cern/OU=computers/CN=crab-(preprod|prod|dev)-tw(02|01).cern.ch|/DC=ch/DC=cern/OU=computers/CN=(ddi|ddidk|mytw).cern.ch|/DC=ch/DC=cern/OU=computers/CN=stefanov(m|m2).cern.ch
  timeleft: 430:07:30  (17.9 days)

 error: 
 retcode : 0
DEBUG 2020-11-25 00:43:50.916 UTC: 	 Myproxy is valid: 1548450
DEBUG 2020-11-25 00:43:50.916 UTC: 	 Retrieving username ...
DEBUG 2020-11-25 00:43:50.916 UTC: 	 Retrieving username from CRIC...
DEBUG 2020-11-25 00:43:52.671 UTC: 	 username is ecannaer
DEBUG 2020-11-25 00:43:52.674 UTC: 	 Getting myproxy life time left for myproxy.cern.ch
DEBUG 2020-11-25 00:43:52.675 UTC: 	 using ecannaer_CRAB as credential login name
DEBUG 2020-11-25 00:43:53.480 UTC: 	 Executing : 
 command : myproxy-info -l ecannaer_CRAB -s myproxy.cern.ch
 output : username: ecannaer_CRAB
owner: /DC=ch/DC=cern/OU=Organic Units/OU=Users/CN=ecannaer/CN=832417/CN=Ethan Cannaert
  renewal policy: /DC=ch/DC=cern/OU=computers/CN=vocms0105.cern.ch|/DC=ch/DC=cern/OU=computers/CN=crab-(preprod|prod|dev)-tw(02|01).cern.ch|/DC=ch/DC=cern/OU=computers/CN=(ddi|ddidk|mytw).cern.ch|/DC=ch/DC=cern/OU=computers/CN=stefanov(m|m2).cern.ch
  trusted retrieval policy: /DC=ch/DC=cern/OU=computers/CN=vocms0105.cern.ch|/DC=ch/DC=cern/OU=computers/CN=crab-(preprod|prod|dev)-tw(02|01).cern.ch|/DC=ch/DC=cern/OU=computers/CN=(ddi|ddidk|mytw).cern.ch|/DC=ch/DC=cern/OU=computers/CN=stefanov(m|m2).cern.ch
  timeleft: 384:46:40  (16.0 days)

 error: 
 retcode : 0
DEBUG 2020-11-25 00:43:53.480 UTC: 	 Myproxy is valid: 1385200
DEBUG 2020-11-25 00:43:53.480 UTC: 	 Result of myproxy credential check:
  Credential exists on myproxy: username: b7b51e0178e197a43a1d723fd43ab6570e42a3d5  - validity: 17 days, 22:07:30
  Credential exists on myproxy: username: ecannaer_CRAB  - validity: 16 days, 0:46:40
DEBUG 2020-11-25 00:43:53.480 UTC: 	 Command use: submit
DEBUG 2020-11-25 00:43:53.480 UTC: 	 Options use: ['-c', 'crab_diquark_QCD_ccfg.py']
DEBUG 2020-11-25 00:43:54.055 UTC: 	 CRABClient version: v3.201110
DEBUG 2020-11-25 00:43:54.055 UTC: 	 Instance is prod
DEBUG 2020-11-25 00:43:54.056 UTC: 	 Server base url is cmsweb.cern.ch
DEBUG 2020-11-25 00:43:54.056 UTC: 	 Command url /crabserver/prod/workflow
DEBUG 2020-11-25 00:43:54.056 UTC: 	 Started submission
DEBUG 2020-11-25 00:43:54.056 UTC: 	 Working on /uscms_data/d3/cannaert/src/thrust/CMSSW_10_6_0/src/crab_projects/crab_diquark_QCD_background_MC_2000toINF_0002
DEBUG 2020-11-25 00:43:54.667 UTC: 	 Loading required information from the environment
DEBUG 2020-11-25 00:43:54.667 UTC: 	 Found CMSSW_10_6_0 for slc7_amd64_gcc820 with base /uscms_data/d3/cannaert/src/thrust/CMSSW_10_6_0
DEBUG 2020-11-25 00:43:54.667 UTC: 	 Loading required information from the environment
DEBUG 2020-11-25 00:43:54.667 UTC: 	 Found CMSSW_10_6_0 for slc7_amd64_gcc820 with base /uscms_data/d3/cannaert/src/thrust/CMSSW_10_6_0
DEBUG 2020-11-25 00:43:54.667 UTC: 	 UNIQUE NAME: tarUUID 1db7d7cb-8c15-4da0-8502-dcfc7e317e7a 
DEBUG 2020-11-25 00:43:54.667 UTC: 	 self.config: from WMCore.Configuration import Configuration
config = Configuration()
config.section_('General')
config.General.transferOutputs = True
config.General.workArea = 'crab_projects'
config.General.requestName = 'diquark_QCD_background_MC_2000toINF_0002'
config.section_('JobType')
config.JobType.psetName = '/uscms_data/d3/cannaert/src/thrust/CMSSW_10_6_0/src/diquarkAnalyzer_cfg.py'
config.JobType.pluginName = 'Analysis'
config.JobType.allowUndistributedCMSSW = True
config.section_('Data')
config.Data.inputDataset = '/QCD_HT1000to1500_TuneCP5_13TeV-madgraphMLM-pythia8/RunIIAutumn18MiniAOD-102X_upgrade2018_realistic_v15-v1/MINIAODSIM'
config.Data.outputDatasetTag = 'diquark_QCD_background'
config.Data.publication = False
config.Data.unitsPerJob = 10
config.Data.splitting = 'FileBased'
config.Data.inputDBS = 'global'
config.section_('Site')
config.Site.storageSite = 'T3_US_FNALLPC'
config.section_('User')
config.section_('Debug')

DEBUG 2020-11-25 00:43:54.667 UTC: 	 self.config.JobType.psetName: /uscms_data/d3/cannaert/src/thrust/CMSSW_10_6_0/src/diquarkAnalyzer_cfg.py
INFO 2020-11-25 00:43:54.667 UTC: 	 Importing CMSSW configuration /uscms_data/d3/cannaert/src/thrust/CMSSW_10_6_0/src/diquarkAnalyzer_cfg.py
INFO 2020-11-25 00:43:54.976 UTC: 	 Finished importing CMSSW configuration /uscms_data/d3/cannaert/src/thrust/CMSSW_10_6_0/src/diquarkAnalyzer_cfg.py
DEBUG 2020-11-25 00:43:54.977 UTC: 	 Writing CMSSW configuration to /uscms_data/d3/cannaert/src/thrust/CMSSW_10_6_0/src/crab_projects/crab_diquark_QCD_background_MC_2000toINF_0002/inputs/PSet.py
DEBUG 2020-11-25 00:43:55.024 UTC: 	 The following EDM output files will be collected: []
DEBUG 2020-11-25 00:43:55.024 UTC: 	 The following TFile output files will be collected: ['diquark_QCD_BR_MC.root']
DEBUG 2020-11-25 00:43:55.024 UTC: 	 The following user output files (not listed as PoolOuputModule or TFileService in the CMSSW PSet) will be collected: 
DEBUG 2020-11-25 00:43:55.024 UTC: 	 Loading required information from the environment
DEBUG 2020-11-25 00:43:55.024 UTC: 	 Found CMSSW_10_6_0 for slc7_amd64_gcc820 with base /uscms_data/d3/cannaert/src/thrust/CMSSW_10_6_0
DEBUG 2020-11-25 00:43:55.024 UTC: 	 Making tarball in /uscms_data/d3/cannaert/src/thrust/CMSSW_10_6_0/src/crab_projects/crab_diquark_QCD_background_MC_2000toINF_0002/inputs/1db7d7cb-8c15-4da0-8502-dcfc7e317e7adefault.tgz
DEBUG 2020-11-25 00:43:55.026 UTC: 	 Checking directory /uscms_data/d3/cannaert/src/thrust/CMSSW_10_6_0/lib
DEBUG 2020-11-25 00:43:55.026 UTC: 	 Adding directory /uscms_data/d3/cannaert/src/thrust/CMSSW_10_6_0/lib to tarball
DEBUG 2020-11-25 00:43:55.034 UTC: 	 Checking directory /uscms_data/d3/cannaert/src/thrust/CMSSW_10_6_0/biglib
DEBUG 2020-11-25 00:43:55.034 UTC: 	 Adding directory /uscms_data/d3/cannaert/src/thrust/CMSSW_10_6_0/biglib to tarball
DEBUG 2020-11-25 00:43:55.035 UTC: 	 Checking directory /uscms_data/d3/cannaert/src/thrust/CMSSW_10_6_0/module
DEBUG 2020-11-25 00:43:55.194 UTC: 	 Uploading archive /uscms_data/d3/cannaert/src/thrust/CMSSW_10_6_0/src/crab_projects/crab_diquark_QCD_background_MC_2000toINF_0002/inputs/1db7d7cb-8c15-4da0-8502-dcfc7e317e7adefault.tgz (101 KB) to the CRAB cache. Using URI https://cmsweb-k8s-prod.cern.ch/crabcache
DEBUG 2020-11-25 00:43:56.190 UTC: 	 Loading required information from the environment
DEBUG 2020-11-25 00:43:56.190 UTC: 	 Found CMSSW_10_6_0 for slc7_amd64_gcc820 with base /uscms_data/d3/cannaert/src/thrust/CMSSW_10_6_0
DEBUG 2020-11-25 00:43:56.190 UTC: 	 Making tarball in /uscms_data/d3/cannaert/src/thrust/CMSSW_10_6_0/src/crab_projects/crab_diquark_QCD_background_MC_2000toINF_0002/inputs/debugFiles.tgz
DEBUG 2020-11-25 00:43:56.199 UTC: 	 Uploading archive /uscms_data/d3/cannaert/src/thrust/CMSSW_10_6_0/src/crab_projects/crab_diquark_QCD_background_MC_2000toINF_0002/inputs/debugFiles.tgz (1 KB) to the CRAB cache. Using URI https://cmsweb-k8s-prod.cern.ch/crabcache
DEBUG 2020-11-25 00:43:56.945 UTC: 	 Result uploading input files: 7c99adf28d54e2cf43842d7bf68fbdecc5a632c13b7b19775f9bef98a88f6069.tar.gz 
INFO 2020-11-25 00:43:56.945 UTC: 	 Sending the request to the server at cmsweb.cern.ch
DEBUG 2020-11-25 00:43:56.946 UTC: 	 Submitting {'maxjobruntime': 1250, 'extrajdl': [], 'ignorelocality': 0, 'savelogsflag': 0, 'useparent': 0, 'asyncdest': 'T3_US_FNALLPC', 'algoargs': 10, 'cachefilename': '7c99adf28d54e2cf43842d7bf68fbdecc5a632c13b7b19775f9bef98a88f6069.tar.gz', 'numcores': 1, 'addoutputfiles': [], 'generator': 'pythia', 'maxmemory': 2000, 'publishdbsurl': 'https://cmsweb.cern.ch/dbs/prod/phys03/DBSWriter', 'priority': 10, 'jobsw': 'CMSSW_10_6_0', 'edmoutfiles': [], 'userfiles': [], 'primarydataset': '', 'inputdata': '/QCD_HT1000to1500_TuneCP5_13TeV-madgraphMLM-pythia8/RunIIAutumn18MiniAOD-102X_upgrade2018_realistic_v15-v1/MINIAODSIM', 'dryrun': 0, 'workflow': 'crab_diquark_QCD_background_MC_2000toINF_0002', 'cacheurl': u'https://cmsweb-k8s-prod.cern.ch/crabcache', 'nonprodsw': 1, 'tfileoutfiles': ['diquark_QCD_BR_MC.root'], 'oneEventMode': 0, 'debugfilename': '47d27fd51ee0717fa3f1aa4d421d6eba59144ee2160dfb154b3ecf99df5c5177.tar.gz', 'saveoutput': 1, 'publication': 0, 'jobarch': 'slc7_amd64_gcc820', 'totalunits': 0, 'splitalgo': 'FileBased', 'ignoreglobalblacklist': 0, 'nonvaliddata': 0, 'dbsurl': 'https://cmsweb.cern.ch/dbs/prod/global/DBSReader', 'publishgroupname': 0, 'jobtype': 'Analysis', 'publishname2': 'diquark_QCD_background'} 
DEBUG 2020-11-25 00:43:56.946 UTC: 	 Encoded submit request: maxjobruntime=1250&ignorelocality=0&savelogsflag=0&useparent=0&asyncdest=T3_US_FNALLPC&algoargs=10&cachefilename=7c99adf28d54e2cf43842d7bf68fbdecc5a632c13b7b19775f9bef98a88f6069.tar.gz&numcores=1&generator=pythia&maxmemory=2000&publishdbsurl=https%3A%2F%2Fcmsweb.cern.ch%2Fdbs%2Fprod%2Fphys03%2FDBSWriter&priority=10&jobsw=CMSSW_10_6_0&primarydataset=&inputdata=%2FQCD_HT1000to1500_TuneCP5_13TeV-madgraphMLM-pythia8%2FRunIIAutumn18MiniAOD-102X_upgrade2018_realistic_v15-v1%2FMINIAODSIM&dryrun=0&workflow=crab_diquark_QCD_background_MC_2000toINF_0002&cacheurl=https%3A%2F%2Fcmsweb-k8s-prod.cern.ch%2Fcrabcache&nonprodsw=1&oneEventMode=0&debugfilename=47d27fd51ee0717fa3f1aa4d421d6eba59144ee2160dfb154b3ecf99df5c5177.tar.gz&saveoutput=1&publication=0&jobarch=slc7_amd64_gcc820&totalunits=0&splitalgo=FileBased&ignoreglobalblacklist=0&nonvaliddata=0&dbsurl=https%3A%2F%2Fcmsweb.cern.ch%2Fdbs%2Fprod%2Fglobal%2FDBSReader&publishgroupname=0&jobtype=Analysis&publishname2=diquark_QCD_background&tfileoutfiles=diquark_QCD_BR_MC.root
DEBUG 2020-11-25 00:43:58.420 UTC: 	 Result: {u'result': [{u'RequestName': u'201125_004358:ecannaer_crab_diquark_QCD_background_MC_2000toINF_0002'}]}
INFO 2020-11-25 00:43:58.424 UTC: 	 Success: Your task has been delivered to the prod CRAB3 server.
INFO 2020-11-25 00:43:58.424 UTC: 	 Task name: 201125_004358:ecannaer_crab_diquark_QCD_background_MC_2000toINF_0002
INFO 2020-11-25 00:43:58.424 UTC: 	 Project dir: crab_projects/crab_diquark_QCD_background_MC_2000toINF_0002
INFO 2020-11-25 00:43:58.424 UTC: 	 Please use ' crab status -d crab_projects/crab_diquark_QCD_background_MC_2000toINF_0002 ' to check how the submission process proceeds.
DEBUG 2020-11-25 00:43:58.424 UTC: 	 About to return
INFO 2020-11-25 00:43:58.427 UTC: 	 Log file is /uscms_data/d3/cannaert/src/thrust/CMSSW_10_6_0/src/crab_projects/crab_diquark_QCD_background_MC_2000toINF_0002/crab.log
DEBUG 2020-11-25 00:44:28.428 UTC: 	 CRAB Client version: v3.201110
DEBUG 2020-11-25 00:44:28.429 UTC: 	 Running on: Linux cmslpc167.fnal.gov 3.10.0-1127.19.1.el7.x86_64 #1 SMP Thu Aug 20 14:39:03 CDT 2020 x86_64 x86_64 x86_64 GNU/Linux - Scientific Linux 7.9 (Nitrogen)
DEBUG 2020-11-25 00:44:28.429 UTC: 	 Executing command: 'status'
DEBUG 2020-11-25 00:44:28.429 UTC: 	 Found CRAB cache file /uscms/home/cannaert/.crab3
DEBUG 2020-11-25 00:44:28.444 UTC: 	 Checking credentials
DEBUG 2020-11-25 00:44:28.444 UTC: 	 Found proxy file /uscms/home/cannaert/x509up_u54552
DEBUG 2020-11-25 00:44:28.444 UTC: 	 Getting proxy life time left
DEBUG 2020-11-25 00:44:28.546 UTC: 	 Executing : 
 command : voms-proxy-info -file /uscms/home/cannaert/x509up_u54552 -timeleft
 output : 30859

 error: 
 retcode : 0
DEBUG 2020-11-25 00:44:28.650 UTC: 	 Executing : 
 command : voms-proxy-info -file /uscms/home/cannaert/x509up_u54552 -actimeleft
 output : 30859

 error: 
 retcode : 0
DEBUG 2020-11-25 00:44:28.650 UTC: 	 Proxy valid for 08:34:19 hours
DEBUG 2020-11-25 00:44:29.218 UTC: 	 Registering user credentials for server /DC=ch/DC=cern/OU=computers/CN=vocms0105.cern.ch|/DC=ch/DC=cern/OU=computers/CN=crab-(preprod|prod|dev)-tw(02|01).cern.ch|/DC=ch/DC=cern/OU=computers/CN=(ddi|ddidk|mytw).cern.ch|/DC=ch/DC=cern/OU=computers/CN=stefanov(m|m2).cern.ch
DEBUG 2020-11-25 00:44:29.326 UTC: 	 Executing : 
 command : voms-proxy-info -file /uscms/home/cannaert/x509up_u54552 -identity
 output : /DC=ch/DC=cern/OU=Organic Units/OU=Users/CN=ecannaer/CN=832417/CN=Ethan Cannaert

 error: 
 retcode : 0
DEBUG 2020-11-25 00:44:29.330 UTC: 	 Getting myproxy life time left for myproxy.cern.ch
DEBUG 2020-11-25 00:44:29.330 UTC: 	 using b7b51e0178e197a43a1d723fd43ab6570e42a3d5 as credential login name
DEBUG 2020-11-25 00:44:30.341 UTC: 	 Executing : 
 command : myproxy-info -l b7b51e0178e197a43a1d723fd43ab6570e42a3d5 -s myproxy.cern.ch
 output : username: b7b51e0178e197a43a1d723fd43ab6570e42a3d5
owner: /DC=ch/DC=cern/OU=Organic Units/OU=Users/CN=ecannaer/CN=832417/CN=Ethan Cannaert
  renewal policy: /DC=ch/DC=cern/OU=computers/CN=vocms0105.cern.ch|/DC=ch/DC=cern/OU=computers/CN=crab-(preprod|prod|dev)-tw(02|01).cern.ch|/DC=ch/DC=cern/OU=computers/CN=(ddi|ddidk|mytw).cern.ch|/DC=ch/DC=cern/OU=computers/CN=stefanov(m|m2).cern.ch
  trusted retrieval policy: /DC=ch/DC=cern/OU=computers/CN=vocms0105.cern.ch|/DC=ch/DC=cern/OU=computers/CN=crab-(preprod|prod|dev)-tw(02|01).cern.ch|/DC=ch/DC=cern/OU=computers/CN=(ddi|ddidk|mytw).cern.ch|/DC=ch/DC=cern/OU=computers/CN=stefanov(m|m2).cern.ch
  timeleft: 430:06:50  (17.9 days)

 error: 
 retcode : 0
DEBUG 2020-11-25 00:44:30.342 UTC: 	 Myproxy is valid: 1548410
DEBUG 2020-11-25 00:44:30.342 UTC: 	 Retrieving username ...
DEBUG 2020-11-25 00:44:30.342 UTC: 	 Retrieving username from CRIC...
DEBUG 2020-11-25 00:44:31.618 UTC: 	 username is ecannaer
DEBUG 2020-11-25 00:44:31.623 UTC: 	 Getting myproxy life time left for myproxy.cern.ch
DEBUG 2020-11-25 00:44:31.624 UTC: 	 using ecannaer_CRAB as credential login name
DEBUG 2020-11-25 00:44:32.630 UTC: 	 Executing : 
 command : myproxy-info -l ecannaer_CRAB -s myproxy.cern.ch
 output : username: ecannaer_CRAB
owner: /DC=ch/DC=cern/OU=Organic Units/OU=Users/CN=ecannaer/CN=832417/CN=Ethan Cannaert
  renewal policy: /DC=ch/DC=cern/OU=computers/CN=vocms0105.cern.ch|/DC=ch/DC=cern/OU=computers/CN=crab-(preprod|prod|dev)-tw(02|01).cern.ch|/DC=ch/DC=cern/OU=computers/CN=(ddi|ddidk|mytw).cern.ch|/DC=ch/DC=cern/OU=computers/CN=stefanov(m|m2).cern.ch
  trusted retrieval policy: /DC=ch/DC=cern/OU=computers/CN=vocms0105.cern.ch|/DC=ch/DC=cern/OU=computers/CN=crab-(preprod|prod|dev)-tw(02|01).cern.ch|/DC=ch/DC=cern/OU=computers/CN=(ddi|ddidk|mytw).cern.ch|/DC=ch/DC=cern/OU=computers/CN=stefanov(m|m2).cern.ch
  timeleft: 384:46:01  (16.0 days)

 error: 
 retcode : 0
DEBUG 2020-11-25 00:44:32.630 UTC: 	 Myproxy is valid: 1385161
DEBUG 2020-11-25 00:44:32.630 UTC: 	 Result of myproxy credential check:
  Credential exists on myproxy: username: b7b51e0178e197a43a1d723fd43ab6570e42a3d5  - validity: 17 days, 22:06:50
  Credential exists on myproxy: username: ecannaer_CRAB  - validity: 16 days, 0:46:01
DEBUG 2020-11-25 00:44:32.631 UTC: 	 Command use: status
DEBUG 2020-11-25 00:44:32.631 UTC: 	 Options use: ['-d', 'crab_projects/crab_diquark_QCD_background_MC_2000toINF_0002']
DEBUG 2020-11-25 00:44:33.226 UTC: 	 CRABClient version: v3.201110
DEBUG 2020-11-25 00:44:33.226 UTC: 	 Instance is prod
DEBUG 2020-11-25 00:44:33.227 UTC: 	 Server base url is cmsweb.cern.ch
DEBUG 2020-11-25 00:44:33.227 UTC: 	 Command url /crabserver/prod/workflow
DEBUG 2020-11-25 00:44:33.846 UTC: 	 Got information from server oracle database: {u'result': [u'201125_004358:ecannaer_crab_diquark_QCD_background_MC_2000toINF_0002', u'None', u'None', u'QUEUED', u'SUBMIT', u'2020-11-25 00:43:58.361176', u'None', u'None', u'None', u'CMSSW_10_6_0', u'slc7_amd64_gcc820', u'/QCD_HT1000to1500_TuneCP5_13TeV-madgraphMLM-pythia8/RunIIAutumn18MiniAOD-102X_upgrade2018_realistic_v15-v1/MINIAODSIM', u'F', u'0', u'[]', u'[]', u'FileBased', u"{'splitOnRun': False, 'halt_job_on_file_boundaries': False, 'files_per_job': 10, 'runs': [], 'lumis': []}", u'7c99adf28d54e2cf43842d7bf68fbdecc5a632c13b7b19775f9bef98a88f6069.tar.gz', u'https://cmsweb-k8s-prod.cern.ch/crabcache', u'ecannaer', u'/DC=ch/DC=cern/OU=Organic Units/OU=Users/CN=ecannaer/CN=832417/CN=Ethan Cannaert', u'cms', u'None', u'None', u'diquark_QCD_background-00000000000000000000000000000000', u'F', u'T3_US_FNALLPC', u'https://cmsweb.cern.ch/dbs/prod/global/DBSReader', u'https://cmsweb.cern.ch/dbs/prod/phys03/DBSWriter', u'F', u'[]', u"['diquark_QCD_BR_MC.root']", u'[]', u'Analysis', u'pythia', u'None', u'{}', u'[]', u'F', u'crab-prod-tw01', u'[]', u'1250', u'1', u'2000', u'10', u'None', u'[]', u'None', u'None', u'[]', u'[]', u'https://cmsweb.cern.ch/crabserver/prod', u'cmsgwms-collector-global.cern.ch:9620,cmsgwms-collector-global.fnal.gov', u'None', u'F', u'[]', u'T', u'/store/user/ecannaer/', u'F', u'None', u'F', u'None', u'QCD_HT1000to1500_TuneCP5_13TeV-madgraphMLM-pythia8', u'None', u'47d27fd51ee0717fa3f1aa4d421d6eba59144ee2160dfb154b3ecf99df5c5177.tar.gz', u'None', u'filetransfers', u'F', u'131.225.188.48', u'0.0', u'None'], u'desc': {u'columns': [u'tm_taskname', u'tm_activity', u'panda_jobset_id', u'tm_task_status', u'tm_task_command', u'tm_start_time', u'tm_start_injection', u'tm_end_injection', u'tm_task_failure', u'tm_job_sw', u'tm_job_arch', u'tm_input_dataset', u'tm_nonvalid_input_dataset', u'tm_use_parent', u'tm_site_whitelist', u'tm_site_blacklist', u'tm_split_algo', u'tm_split_args', u'tm_user_sandbox', u'tm_cache_url', u'tm_username', u'tm_user_dn', u'tm_user_vo', u'tm_user_role', u'tm_user_group', u'tm_publish_name', u'tm_publish_groupname', u'tm_asyncdest', u'tm_dbs_url', u'tm_publish_dbs_url', u'tm_publication', u'tm_outfiles', u'tm_tfile_outfiles', u'tm_edm_outfiles', u'tm_job_type', u'tm_generator', u'tm_events_per_lumi', u'tm_arguments', u'panda_resubmitted_jobs', u'tm_save_logs', u'tw_name', u'tm_user_infiles', u'tm_maxjobruntime', u'tm_numcores', u'tm_maxmemory', u'tm_priority', u'tm_output_dataset', u'tm_task_warnings', u'tm_user_webdir', u'tm_scriptexe', u'tm_scriptargs', u'tm_extrajdl', u'tm_asourl', u'tm_collector', u'tm_schedd', u'tm_dry_run', u'tm_user_files', u'tm_transfer_outputs', u'tm_output_lfn', u'tm_ignore_locality', u'tm_fail_limit', u'tm_one_event_mode', u'tm_secondary_input_dataset', u'tm_primary_dataset', u'tm_last_publication', u'tm_debug_files', u'clusterid', u'tm_asodb', u'tm_ignore_global_blacklist', u'tm_submitter_ip_addr', u'tm_totalunits', u'tm_ddm_reqid']}}
INFO 2020-11-25 00:44:33.847 UTC: 	 CRAB project directory:		/uscms_data/d3/cannaert/src/thrust/CMSSW_10_6_0/src/crab_projects/crab_diquark_QCD_background_MC_2000toINF_0002
INFO 2020-11-25 00:44:33.847 UTC: 	 Task name:			201125_004358:ecannaer_crab_diquark_QCD_background_MC_2000toINF_0002
INFO 2020-11-25 00:44:33.847 UTC: 	 Grid scheduler - Task Worker:	N/A yet - crab-prod-tw01
INFO 2020-11-25 00:44:33.847 UTC: 	 Status on the CRAB server:	QUEUED on command SUBMIT
INFO 2020-11-25 00:44:33.847 UTC: 	 Task URL to use for HELP:	https://cmsweb.cern.ch/crabserver/ui/task/201125_004358%3Aecannaer_crab_diquark_QCD_background_MC_2000toINF_0002
INFO 2020-11-25 00:44:33.853 UTC: 	 Dashboard monitoring URL:	https://monit-grafana.cern.ch/d/cmsTMDetail/cms-task-monitoring-task-view?orgId=11&var-user=ecannaer&var-task=201125_004358%3Aecannaer_crab_diquark_QCD_background_MC_2000toINF_0002&from=1606261438000&to=now
INFO 2020-11-25 00:44:33.853 UTC: 	 In case of issues with the dashboard, please provide feedback to hn-cms-computing-tools@cern.ch
DEBUG 2020-11-25 00:44:33.853 UTC: 	 The task has not been submitted to the Grid scheduler yet. Not printing job information.
INFO 2020-11-25 00:44:33.856 UTC: 	 Log file is /uscms_data/d3/cannaert/src/thrust/CMSSW_10_6_0/src/crab_projects/crab_diquark_QCD_background_MC_2000toINF_0002/crab.log
DEBUG 2020-11-25 00:46:04.880 UTC: 	 CRAB Client version: v3.201110
DEBUG 2020-11-25 00:46:04.881 UTC: 	 Running on: Linux cmslpc167.fnal.gov 3.10.0-1127.19.1.el7.x86_64 #1 SMP Thu Aug 20 14:39:03 CDT 2020 x86_64 x86_64 x86_64 GNU/Linux - Scientific Linux 7.9 (Nitrogen)
DEBUG 2020-11-25 00:46:04.881 UTC: 	 Executing command: 'status'
DEBUG 2020-11-25 00:46:04.881 UTC: 	 Found CRAB cache file /uscms/home/cannaert/.crab3
DEBUG 2020-11-25 00:46:04.904 UTC: 	 Checking credentials
DEBUG 2020-11-25 00:46:04.905 UTC: 	 Found proxy file /uscms/home/cannaert/x509up_u54552
DEBUG 2020-11-25 00:46:04.905 UTC: 	 Getting proxy life time left
DEBUG 2020-11-25 00:46:05.007 UTC: 	 Executing : 
 command : voms-proxy-info -file /uscms/home/cannaert/x509up_u54552 -timeleft
 output : 30763

 error: 
 retcode : 0
DEBUG 2020-11-25 00:46:05.109 UTC: 	 Executing : 
 command : voms-proxy-info -file /uscms/home/cannaert/x509up_u54552 -actimeleft
 output : 30762

 error: 
 retcode : 0
DEBUG 2020-11-25 00:46:05.109 UTC: 	 Proxy lifetime 30763 secs is different from voms extension lifetime 30762 secs for proxy: /uscms/home/cannaert/x509up_u54552
DEBUG 2020-11-25 00:46:05.109 UTC: 	 Proxy valid for 08:32:42 hours
DEBUG 2020-11-25 00:46:05.745 UTC: 	 Registering user credentials for server /DC=ch/DC=cern/OU=computers/CN=vocms0105.cern.ch|/DC=ch/DC=cern/OU=computers/CN=crab-(preprod|prod|dev)-tw(02|01).cern.ch|/DC=ch/DC=cern/OU=computers/CN=(ddi|ddidk|mytw).cern.ch|/DC=ch/DC=cern/OU=computers/CN=stefanov(m|m2).cern.ch
DEBUG 2020-11-25 00:46:05.854 UTC: 	 Executing : 
 command : voms-proxy-info -file /uscms/home/cannaert/x509up_u54552 -identity
 output : /DC=ch/DC=cern/OU=Organic Units/OU=Users/CN=ecannaer/CN=832417/CN=Ethan Cannaert

 error: 
 retcode : 0
DEBUG 2020-11-25 00:46:05.859 UTC: 	 Getting myproxy life time left for myproxy.cern.ch
DEBUG 2020-11-25 00:46:05.860 UTC: 	 using b7b51e0178e197a43a1d723fd43ab6570e42a3d5 as credential login name
DEBUG 2020-11-25 00:46:06.665 UTC: 	 Executing : 
 command : myproxy-info -l b7b51e0178e197a43a1d723fd43ab6570e42a3d5 -s myproxy.cern.ch
 output : username: b7b51e0178e197a43a1d723fd43ab6570e42a3d5
owner: /DC=ch/DC=cern/OU=Organic Units/OU=Users/CN=ecannaer/CN=832417/CN=Ethan Cannaert
  renewal policy: /DC=ch/DC=cern/OU=computers/CN=vocms0105.cern.ch|/DC=ch/DC=cern/OU=computers/CN=crab-(preprod|prod|dev)-tw(02|01).cern.ch|/DC=ch/DC=cern/OU=computers/CN=(ddi|ddidk|mytw).cern.ch|/DC=ch/DC=cern/OU=computers/CN=stefanov(m|m2).cern.ch
  trusted retrieval policy: /DC=ch/DC=cern/OU=computers/CN=vocms0105.cern.ch|/DC=ch/DC=cern/OU=computers/CN=crab-(preprod|prod|dev)-tw(02|01).cern.ch|/DC=ch/DC=cern/OU=computers/CN=(ddi|ddidk|mytw).cern.ch|/DC=ch/DC=cern/OU=computers/CN=stefanov(m|m2).cern.ch
  timeleft: 430:05:14  (17.9 days)

 error: 
 retcode : 0
DEBUG 2020-11-25 00:46:06.666 UTC: 	 Myproxy is valid: 1548314
DEBUG 2020-11-25 00:46:06.666 UTC: 	 Retrieving username ...
DEBUG 2020-11-25 00:46:06.666 UTC: 	 Retrieving username from CRIC...
DEBUG 2020-11-25 00:46:07.894 UTC: 	 username is ecannaer
DEBUG 2020-11-25 00:46:07.899 UTC: 	 Getting myproxy life time left for myproxy.cern.ch
DEBUG 2020-11-25 00:46:07.899 UTC: 	 using ecannaer_CRAB as credential login name
DEBUG 2020-11-25 00:46:08.803 UTC: 	 Executing : 
 command : myproxy-info -l ecannaer_CRAB -s myproxy.cern.ch
 output : username: ecannaer_CRAB
owner: /DC=ch/DC=cern/OU=Organic Units/OU=Users/CN=ecannaer/CN=832417/CN=Ethan Cannaert
  renewal policy: /DC=ch/DC=cern/OU=computers/CN=vocms0105.cern.ch|/DC=ch/DC=cern/OU=computers/CN=crab-(preprod|prod|dev)-tw(02|01).cern.ch|/DC=ch/DC=cern/OU=computers/CN=(ddi|ddidk|mytw).cern.ch|/DC=ch/DC=cern/OU=computers/CN=stefanov(m|m2).cern.ch
  trusted retrieval policy: /DC=ch/DC=cern/OU=computers/CN=vocms0105.cern.ch|/DC=ch/DC=cern/OU=computers/CN=crab-(preprod|prod|dev)-tw(02|01).cern.ch|/DC=ch/DC=cern/OU=computers/CN=(ddi|ddidk|mytw).cern.ch|/DC=ch/DC=cern/OU=computers/CN=stefanov(m|m2).cern.ch
  timeleft: 384:44:25  (16.0 days)

 error: 
 retcode : 0
DEBUG 2020-11-25 00:46:08.803 UTC: 	 Myproxy is valid: 1385065
DEBUG 2020-11-25 00:46:08.803 UTC: 	 Result of myproxy credential check:
  Credential exists on myproxy: username: b7b51e0178e197a43a1d723fd43ab6570e42a3d5  - validity: 17 days, 22:05:14
  Credential exists on myproxy: username: ecannaer_CRAB  - validity: 16 days, 0:44:25
DEBUG 2020-11-25 00:46:08.804 UTC: 	 Command use: status
DEBUG 2020-11-25 00:46:08.804 UTC: 	 Options use: ['-d', 'crab_projects/crab_diquark_QCD_background_MC_2000toINF_0002']
DEBUG 2020-11-25 00:46:09.661 UTC: 	 CRABClient version: v3.201110
DEBUG 2020-11-25 00:46:09.662 UTC: 	 Instance is prod
DEBUG 2020-11-25 00:46:09.662 UTC: 	 Server base url is cmsweb.cern.ch
DEBUG 2020-11-25 00:46:09.662 UTC: 	 Command url /crabserver/prod/workflow
DEBUG 2020-11-25 00:46:10.285 UTC: 	 Got information from server oracle database: {u'result': [u'201125_004358:ecannaer_crab_diquark_QCD_background_MC_2000toINF_0002', u'None', u'None', u'SUBMITTED', u'SUBMIT', u'2020-11-25 00:43:58.361176', u'None', u'2020-11-25 00:44:45.649127', u'None', u'CMSSW_10_6_0', u'slc7_amd64_gcc820', u'/QCD_HT1000to1500_TuneCP5_13TeV-madgraphMLM-pythia8/RunIIAutumn18MiniAOD-102X_upgrade2018_realistic_v15-v1/MINIAODSIM', u'F', u'0', u'[]', u'[]', u'FileBased', u"{'splitOnRun': False, 'halt_job_on_file_boundaries': False, 'files_per_job': 10, 'runs': [], 'lumis': []}", u'7c99adf28d54e2cf43842d7bf68fbdecc5a632c13b7b19775f9bef98a88f6069.tar.gz', u'https://cmsweb-k8s-prod.cern.ch/crabcache', u'ecannaer', u'/DC=ch/DC=cern/OU=Organic Units/OU=Users/CN=ecannaer/CN=832417/CN=Ethan Cannaert', u'cms', u'None', u'None', u'diquark_QCD_background-00000000000000000000000000000000', u'F', u'T3_US_FNALLPC', u'https://cmsweb.cern.ch/dbs/prod/global/DBSReader', u'https://cmsweb.cern.ch/dbs/prod/phys03/DBSWriter', u'F', u'[]', u"['diquark_QCD_BR_MC.root']", u'[]', u'Analysis', u'pythia', u'None', u'{}', u'[]', u'F', u'crab-prod-tw01', u'[]', u'1250', u'1', u'2000', u'10', u'None', u'[]', u'http://vocms0107.cern.ch/mon/cms838/201125_004358:ecannaer_crab_diquark_QCD_background_MC_2000toINF_0002', u'None', u'[]', u'[]', u'https://cmsweb.cern.ch/crabserver/prod', u'cmsgwms-collector-global.cern.ch:9620,cmsgwms-collector-global.fnal.gov', u'crab3@vocms0107.cern.ch', u'F', u'[]', u'T', u'/store/user/ecannaer/', u'F', u'None', u'F', u'None', u'QCD_HT1000to1500_TuneCP5_13TeV-madgraphMLM-pythia8', u'None', u'47d27fd51ee0717fa3f1aa4d421d6eba59144ee2160dfb154b3ecf99df5c5177.tar.gz', u'61113326', u'filetransfers', u'F', u'131.225.188.48', u'0.0', u'None'], u'desc': {u'columns': [u'tm_taskname', u'tm_activity', u'panda_jobset_id', u'tm_task_status', u'tm_task_command', u'tm_start_time', u'tm_start_injection', u'tm_end_injection', u'tm_task_failure', u'tm_job_sw', u'tm_job_arch', u'tm_input_dataset', u'tm_nonvalid_input_dataset', u'tm_use_parent', u'tm_site_whitelist', u'tm_site_blacklist', u'tm_split_algo', u'tm_split_args', u'tm_user_sandbox', u'tm_cache_url', u'tm_username', u'tm_user_dn', u'tm_user_vo', u'tm_user_role', u'tm_user_group', u'tm_publish_name', u'tm_publish_groupname', u'tm_asyncdest', u'tm_dbs_url', u'tm_publish_dbs_url', u'tm_publication', u'tm_outfiles', u'tm_tfile_outfiles', u'tm_edm_outfiles', u'tm_job_type', u'tm_generator', u'tm_events_per_lumi', u'tm_arguments', u'panda_resubmitted_jobs', u'tm_save_logs', u'tw_name', u'tm_user_infiles', u'tm_maxjobruntime', u'tm_numcores', u'tm_maxmemory', u'tm_priority', u'tm_output_dataset', u'tm_task_warnings', u'tm_user_webdir', u'tm_scriptexe', u'tm_scriptargs', u'tm_extrajdl', u'tm_asourl', u'tm_collector', u'tm_schedd', u'tm_dry_run', u'tm_user_files', u'tm_transfer_outputs', u'tm_output_lfn', u'tm_ignore_locality', u'tm_fail_limit', u'tm_one_event_mode', u'tm_secondary_input_dataset', u'tm_primary_dataset', u'tm_last_publication', u'tm_debug_files', u'clusterid', u'tm_asodb', u'tm_ignore_global_blacklist', u'tm_submitter_ip_addr', u'tm_totalunits', u'tm_ddm_reqid']}}
INFO 2020-11-25 00:46:10.286 UTC: 	 CRAB project directory:		/uscms_data/d3/cannaert/src/thrust/CMSSW_10_6_0/src/crab_projects/crab_diquark_QCD_background_MC_2000toINF_0002
INFO 2020-11-25 00:46:10.286 UTC: 	 Task name:			201125_004358:ecannaer_crab_diquark_QCD_background_MC_2000toINF_0002
INFO 2020-11-25 00:46:10.286 UTC: 	 Grid scheduler - Task Worker:	crab3@vocms0107.cern.ch - crab-prod-tw01
INFO 2020-11-25 00:46:10.286 UTC: 	 Status on the CRAB server:	SUBMITTED
INFO 2020-11-25 00:46:10.286 UTC: 	 Task URL to use for HELP:	https://cmsweb.cern.ch/crabserver/ui/task/201125_004358%3Aecannaer_crab_diquark_QCD_background_MC_2000toINF_0002
INFO 2020-11-25 00:46:10.290 UTC: 	 Dashboard monitoring URL:	https://monit-grafana.cern.ch/d/cmsTMDetail/cms-task-monitoring-task-view?orgId=11&var-user=ecannaer&var-task=201125_004358%3Aecannaer_crab_diquark_QCD_background_MC_2000toINF_0002&from=1606261438000&to=now
INFO 2020-11-25 00:46:10.290 UTC: 	 In case of issues with the dashboard, please provide feedback to hn-cms-computing-tools@cern.ch
DEBUG 2020-11-25 00:46:10.290 UTC: 	 The CRAB server submitted your task to the Grid scheduler (cluster ID: 61113326)
DEBUG 2020-11-25 00:46:10.290 UTC: 	 Webdir is located at http://vocms0107.cern.ch/mon/cms838/201125_004358:ecannaer_crab_diquark_QCD_background_MC_2000toINF_0002
DEBUG 2020-11-25 00:46:10.858 UTC: 	 Proxied webdir is located at https://cmsweb.cern.ch/scheddmon/0107/cms838/201125_004358:ecannaer_crab_diquark_QCD_background_MC_2000toINF_0002
DEBUG 2020-11-25 00:46:10.858 UTC: 	 Retrieving 'status_cache' file from https://cmsweb.cern.ch/scheddmon/0107/cms838/201125_004358:ecannaer_crab_diquark_QCD_background_MC_2000toINF_0002/status_cache
DEBUG 2020-11-25 00:46:11.444 UTC: 	 Got information from status cache file: {'42': {'Retries': 0, 'WallDurations': [0], 'StartTimes': [], 'SubmitTimes': [1606265102.0], 'JobIds': ['61113368.0'], 'EndTimes': [], 'Restarts': 0, 'RecordedSite': False, 'State': 'idle', 'ResidentSetSize': [0], 'TotalUserCpuTimeHistory': [0.0], 'SiteHistory': ['Unknown'], 'TotalSysCpuTimeHistory': [0.0]}, '24': {'Retries': 0, 'WallDurations': [0], 'StartTimes': [], 'SubmitTimes': [1606265099.0], 'JobIds': ['61113351.0'], 'EndTimes': [], 'Restarts': 0, 'RecordedSite': False, 'State': 'idle', 'ResidentSetSize': [0], 'TotalUserCpuTimeHistory': [0.0], 'SiteHistory': ['Unknown'], 'TotalSysCpuTimeHistory': [0.0]}, '25': {'Retries': 0, 'WallDurations': [0], 'StartTimes': [], 'SubmitTimes': [1606265099.0], 'JobIds': ['61113352.0'], 'EndTimes': [], 'Restarts': 0, 'RecordedSite': False, 'State': 'idle', 'ResidentSetSize': [0], 'TotalUserCpuTimeHistory': [0.0], 'SiteHistory': ['Unknown'], 'TotalSysCpuTimeHistory': [0.0]}, '26': {'Retries': 0, 'WallDurations': [0], 'StartTimes': [], 'SubmitTimes': [1606265099.0], 'JobIds': ['61113353.0'], 'EndTimes': [], 'Restarts': 0, 'RecordedSite': False, 'State': 'idle', 'ResidentSetSize': [0], 'TotalUserCpuTimeHistory': [0.0], 'SiteHistory': ['Unknown'], 'TotalSysCpuTimeHistory': [0.0]}, '27': {'Retries': 0, 'WallDurations': [0], 'StartTimes': [], 'SubmitTimes': [1606265099.0], 'JobIds': ['61113354.0'], 'EndTimes': [], 'Restarts': 0, 'RecordedSite': False, 'State': 'idle', 'ResidentSetSize': [0], 'TotalUserCpuTimeHistory': [0.0], 'SiteHistory': ['Unknown'], 'TotalSysCpuTimeHistory': [0.0]}, '20': {'Retries': 0, 'WallDurations': [0], 'StartTimes': [], 'SubmitTimes': [1606265098.0], 'JobIds': ['61113347.0'], 'EndTimes': [], 'Restarts': 0, 'RecordedSite': False, 'State': 'idle', 'ResidentSetSize': [0], 'TotalUserCpuTimeHistory': [0.0], 'SiteHistory': ['Unknown'], 'TotalSysCpuTimeHistory': [0.0]}, '21': {'Retries': 0, 'WallDurations': [0], 'StartTimes': [], 'SubmitTimes': [1606265098.0], 'JobIds': ['61113348.0'], 'EndTimes': [], 'Restarts': 0, 'RecordedSite': False, 'State': 'idle', 'ResidentSetSize': [0], 'TotalUserCpuTimeHistory': [0.0], 'SiteHistory': ['Unknown'], 'TotalSysCpuTimeHistory': [0.0]}, '22': {'Retries': 0, 'WallDurations': [0], 'StartTimes': [], 'SubmitTimes': [1606265099.0], 'JobIds': ['61113349.0'], 'EndTimes': [], 'Restarts': 0, 'RecordedSite': False, 'State': 'idle', 'ResidentSetSize': [0], 'TotalUserCpuTimeHistory': [0.0], 'SiteHistory': ['Unknown'], 'TotalSysCpuTimeHistory': [0.0]}, '23': {'Retries': 0, 'WallDurations': [0], 'StartTimes': [], 'SubmitTimes': [1606265099.0], 'JobIds': ['61113350.0'], 'EndTimes': [], 'Restarts': 0, 'RecordedSite': False, 'State': 'idle', 'ResidentSetSize': [0], 'TotalUserCpuTimeHistory': [0.0], 'SiteHistory': ['Unknown'], 'TotalSysCpuTimeHistory': [0.0]}, '28': {'Retries': 0, 'WallDurations': [0], 'StartTimes': [], 'SubmitTimes': [1606265099.0], 'JobIds': ['61113355.0'], 'EndTimes': [], 'Restarts': 0, 'RecordedSite': False, 'State': 'idle', 'ResidentSetSize': [0], 'TotalUserCpuTimeHistory': [0.0], 'SiteHistory': ['Unknown'], 'TotalSysCpuTimeHistory': [0.0]}, '29': {'Retries': 0, 'WallDurations': [0], 'StartTimes': [], 'SubmitTimes': [1606265100.0], 'JobIds': ['61113356.0'], 'EndTimes': [], 'Restarts': 0, 'RecordedSite': False, 'State': 'idle', 'ResidentSetSize': [0], 'TotalUserCpuTimeHistory': [0.0], 'SiteHistory': ['Unknown'], 'TotalSysCpuTimeHistory': [0.0]}, '40': {'Retries': 0, 'WallDurations': [0], 'StartTimes': [], 'SubmitTimes': [1606265102.0], 'JobIds': ['61113366.0'], 'EndTimes': [], 'Restarts': 0, 'RecordedSite': False, 'State': 'idle', 'ResidentSetSize': [0], 'TotalUserCpuTimeHistory': [0.0], 'SiteHistory': ['Unknown'], 'TotalSysCpuTimeHistory': [0.0]}, '41': {'Retries': 0, 'WallDurations': [0], 'StartTimes': [], 'SubmitTimes': [1606265102.0], 'JobIds': ['61113367.0'], 'EndTimes': [], 'Restarts': 0, 'RecordedSite': False, 'State': 'idle', 'ResidentSetSize': [0], 'TotalUserCpuTimeHistory': [0.0], 'SiteHistory': ['Unknown'], 'TotalSysCpuTimeHistory': [0.0]}, '1': {'Retries': 0, 'WallDurations': [0], 'StartTimes': [], 'SubmitTimes': [1606265090.0], 'JobIds': ['61113328.0'], 'EndTimes': [], 'Restarts': 0, 'RecordedSite': False, 'State': 'idle', 'ResidentSetSize': [0], 'TotalUserCpuTimeHistory': [0.0], 'SiteHistory': ['Unknown'], 'TotalSysCpuTimeHistory': [0.0]}, '3': {'Retries': 0, 'WallDurations': [0], 'StartTimes': [], 'SubmitTimes': [1606265090.0], 'JobIds': ['61113330.0'], 'EndTimes': [], 'Restarts': 0, 'RecordedSite': False, 'State': 'idle', 'ResidentSetSize': [0], 'TotalUserCpuTimeHistory': [0.0], 'SiteHistory': ['Unknown'], 'TotalSysCpuTimeHistory': [0.0]}, '2': {'Retries': 0, 'WallDurations': [0], 'StartTimes': [], 'SubmitTimes': [1606265090.0], 'JobIds': ['61113329.0'], 'EndTimes': [], 'Restarts': 0, 'RecordedSite': False, 'State': 'idle', 'ResidentSetSize': [0], 'TotalUserCpuTimeHistory': [0.0], 'SiteHistory': ['Unknown'], 'TotalSysCpuTimeHistory': [0.0]}, '5': {'Retries': 0, 'WallDurations': [0], 'StartTimes': [], 'SubmitTimes': [1606265090.0], 'JobIds': ['61113332.0'], 'EndTimes': [], 'Restarts': 0, 'RecordedSite': False, 'State': 'idle', 'ResidentSetSize': [0], 'TotalUserCpuTimeHistory': [0.0], 'SiteHistory': ['Unknown'], 'TotalSysCpuTimeHistory': [0.0]}, '4': {'Retries': 0, 'WallDurations': [0], 'StartTimes': [], 'SubmitTimes': [1606265090.0], 'JobIds': ['61113331.0'], 'EndTimes': [], 'Restarts': 0, 'RecordedSite': False, 'State': 'idle', 'ResidentSetSize': [0], 'TotalUserCpuTimeHistory': [0.0], 'SiteHistory': ['Unknown'], 'TotalSysCpuTimeHistory': [0.0]}, '7': {'Retries': 0, 'WallDurations': [0], 'StartTimes': [], 'SubmitTimes': [1606265091.0], 'JobIds': ['61113334.0'], 'EndTimes': [], 'Restarts': 0, 'RecordedSite': False, 'State': 'idle', 'ResidentSetSize': [0], 'TotalUserCpuTimeHistory': [0.0], 'SiteHistory': ['Unknown'], 'TotalSysCpuTimeHistory': [0.0]}, '6': {'Retries': 0, 'WallDurations': [0], 'StartTimes': [], 'SubmitTimes': [1606265090.0], 'JobIds': ['61113333.0'], 'EndTimes': [], 'Restarts': 0, 'RecordedSite': False, 'State': 'idle', 'ResidentSetSize': [0], 'TotalUserCpuTimeHistory': [0.0], 'SiteHistory': ['Unknown'], 'TotalSysCpuTimeHistory': [0.0]}, '9': {'Retries': 0, 'WallDurations': [0], 'StartTimes': [], 'SubmitTimes': [1606265091.0], 'JobIds': ['61113336.0'], 'EndTimes': [], 'Restarts': 0, 'RecordedSite': False, 'State': 'idle', 'ResidentSetSize': [0], 'TotalUserCpuTimeHistory': [0.0], 'SiteHistory': ['Unknown'], 'TotalSysCpuTimeHistory': [0.0]}, '8': {'Retries': 0, 'WallDurations': [0], 'StartTimes': [], 'SubmitTimes': [1606265091.0], 'JobIds': ['61113335.0'], 'EndTimes': [], 'Restarts': 0, 'RecordedSite': False, 'State': 'idle', 'ResidentSetSize': [0], 'TotalUserCpuTimeHistory': [0.0], 'SiteHistory': ['Unknown'], 'TotalSysCpuTimeHistory': [0.0]}, '13': {'Retries': 0, 'WallDurations': [0], 'StartTimes': [], 'SubmitTimes': [1606265091.0], 'JobIds': ['61113340.0'], 'EndTimes': [], 'Restarts': 0, 'RecordedSite': False, 'State': 'idle', 'ResidentSetSize': [0], 'TotalUserCpuTimeHistory': [0.0], 'SiteHistory': ['Unknown'], 'TotalSysCpuTimeHistory': [0.0]}, '12': {'Retries': 0, 'WallDurations': [0], 'StartTimes': [], 'SubmitTimes': [1606265091.0], 'JobIds': ['61113339.0'], 'EndTimes': [], 'Restarts': 0, 'RecordedSite': False, 'State': 'idle', 'ResidentSetSize': [0], 'TotalUserCpuTimeHistory': [0.0], 'SiteHistory': ['Unknown'], 'TotalSysCpuTimeHistory': [0.0]}, '11': {'Retries': 0, 'WallDurations': [0], 'StartTimes': [], 'SubmitTimes': [1606265091.0], 'JobIds': ['61113338.0'], 'EndTimes': [], 'Restarts': 0, 'RecordedSite': False, 'State': 'idle', 'ResidentSetSize': [0], 'TotalUserCpuTimeHistory': [0.0], 'SiteHistory': ['Unknown'], 'TotalSysCpuTimeHistory': [0.0]}, '10': {'Retries': 0, 'WallDurations': [0], 'StartTimes': [], 'SubmitTimes': [1606265091.0], 'JobIds': ['61113337.0'], 'EndTimes': [], 'Restarts': 0, 'RecordedSite': False, 'State': 'idle', 'ResidentSetSize': [0], 'TotalUserCpuTimeHistory': [0.0], 'SiteHistory': ['Unknown'], 'TotalSysCpuTimeHistory': [0.0]}, '39': {'Retries': 0, 'WallDurations': [0], 'StartTimes': [], 'SubmitTimes': [1606265101.0], 'JobIds': ['61113365.0'], 'EndTimes': [], 'Restarts': 0, 'RecordedSite': False, 'State': 'idle', 'ResidentSetSize': [0], 'TotalUserCpuTimeHistory': [0.0], 'SiteHistory': ['Unknown'], 'TotalSysCpuTimeHistory': [0.0]}, '38': {'Retries': 0, 'WallDurations': [0], 'StartTimes': [], 'SubmitTimes': [1606265102.0], 'JobIds': ['61113369.0'], 'EndTimes': [], 'Restarts': 0, 'RecordedSite': False, 'State': 'idle', 'ResidentSetSize': [0], 'TotalUserCpuTimeHistory': [0.0], 'SiteHistory': ['Unknown'], 'TotalSysCpuTimeHistory': [0.0]}, '15': {'Retries': 0, 'WallDurations': [0], 'StartTimes': [], 'SubmitTimes': [1606265092.0], 'JobIds': ['61113342.0'], 'EndTimes': [], 'Restarts': 0, 'RecordedSite': False, 'State': 'idle', 'ResidentSetSize': [0], 'TotalUserCpuTimeHistory': [0.0], 'SiteHistory': ['Unknown'], 'TotalSysCpuTimeHistory': [0.0]}, '14': {'Retries': 0, 'WallDurations': [0], 'StartTimes': [], 'SubmitTimes': [1606265092.0], 'JobIds': ['61113341.0'], 'EndTimes': [], 'Restarts': 0, 'RecordedSite': False, 'State': 'idle', 'ResidentSetSize': [0], 'TotalUserCpuTimeHistory': [0.0], 'SiteHistory': ['Unknown'], 'TotalSysCpuTimeHistory': [0.0]}, '17': {'Retries': 0, 'WallDurations': [0], 'StartTimes': [], 'SubmitTimes': [1606265092.0], 'JobIds': ['61113344.0'], 'EndTimes': [], 'Restarts': 0, 'RecordedSite': False, 'State': 'idle', 'ResidentSetSize': [0], 'TotalUserCpuTimeHistory': [0.0], 'SiteHistory': ['Unknown'], 'TotalSysCpuTimeHistory': [0.0]}, '16': {'Retries': 0, 'WallDurations': [0], 'StartTimes': [], 'SubmitTimes': [1606265092.0], 'JobIds': ['61113343.0'], 'EndTimes': [], 'Restarts': 0, 'RecordedSite': False, 'State': 'idle', 'ResidentSetSize': [0], 'TotalUserCpuTimeHistory': [0.0], 'SiteHistory': ['Unknown'], 'TotalSysCpuTimeHistory': [0.0]}, '19': {'Retries': 0, 'WallDurations': [0], 'StartTimes': [], 'SubmitTimes': [1606265098.0], 'JobIds': ['61113346.0'], 'EndTimes': [], 'Restarts': 0, 'RecordedSite': False, 'State': 'idle', 'ResidentSetSize': [0], 'TotalUserCpuTimeHistory': [0.0], 'SiteHistory': ['Unknown'], 'TotalSysCpuTimeHistory': [0.0]}, '18': {'Retries': 0, 'WallDurations': [0], 'StartTimes': [], 'SubmitTimes': [1606265097.0], 'JobIds': ['61113345.0'], 'EndTimes': [], 'Restarts': 0, 'RecordedSite': False, 'State': 'idle', 'ResidentSetSize': [0], 'TotalUserCpuTimeHistory': [0.0], 'SiteHistory': ['Unknown'], 'TotalSysCpuTimeHistory': [0.0]}, '31': {'Retries': 0, 'WallDurations': [0], 'StartTimes': [], 'SubmitTimes': [1606265100.0], 'JobIds': ['61113358.0'], 'EndTimes': [], 'Restarts': 0, 'RecordedSite': False, 'State': 'idle', 'ResidentSetSize': [0], 'TotalUserCpuTimeHistory': [0.0], 'SiteHistory': ['Unknown'], 'TotalSysCpuTimeHistory': [0.0]}, '30': {'Retries': 0, 'WallDurations': [0], 'StartTimes': [], 'SubmitTimes': [1606265100.0], 'JobIds': ['61113357.0'], 'EndTimes': [], 'Restarts': 0, 'RecordedSite': False, 'State': 'idle', 'ResidentSetSize': [0], 'TotalUserCpuTimeHistory': [0.0], 'SiteHistory': ['Unknown'], 'TotalSysCpuTimeHistory': [0.0]}, '37': {'Retries': 0, 'WallDurations': [0], 'StartTimes': [], 'SubmitTimes': [1606265101.0], 'JobIds': ['61113364.0'], 'EndTimes': [], 'Restarts': 0, 'RecordedSite': False, 'State': 'idle', 'ResidentSetSize': [0], 'TotalUserCpuTimeHistory': [0.0], 'SiteHistory': ['Unknown'], 'TotalSysCpuTimeHistory': [0.0]}, '36': {'Retries': 0, 'WallDurations': [0], 'StartTimes': [], 'SubmitTimes': [1606265101.0], 'JobIds': ['61113363.0'], 'EndTimes': [], 'Restarts': 0, 'RecordedSite': False, 'State': 'idle', 'ResidentSetSize': [0], 'TotalUserCpuTimeHistory': [0.0], 'SiteHistory': ['Unknown'], 'TotalSysCpuTimeHistory': [0.0]}, '35': {'Retries': 0, 'WallDurations': [0], 'StartTimes': [], 'SubmitTimes': [1606265101.0], 'JobIds': ['61113362.0'], 'EndTimes': [], 'Restarts': 0, 'RecordedSite': False, 'State': 'idle', 'ResidentSetSize': [0], 'TotalUserCpuTimeHistory': [0.0], 'SiteHistory': ['Unknown'], 'TotalSysCpuTimeHistory': [0.0]}, '34': {'Retries': 0, 'WallDurations': [0], 'StartTimes': [], 'SubmitTimes': [1606265101.0], 'JobIds': ['61113361.0'], 'EndTimes': [], 'Restarts': 0, 'RecordedSite': False, 'State': 'idle', 'ResidentSetSize': [0], 'TotalUserCpuTimeHistory': [0.0], 'SiteHistory': ['Unknown'], 'TotalSysCpuTimeHistory': [0.0]}, '33': {'Retries': 0, 'WallDurations': [0], 'StartTimes': [], 'SubmitTimes': [1606265100.0], 'JobIds': ['61113360.0'], 'EndTimes': [], 'Restarts': 0, 'RecordedSite': False, 'State': 'idle', 'ResidentSetSize': [0], 'TotalUserCpuTimeHistory': [0.0], 'SiteHistory': ['Unknown'], 'TotalSysCpuTimeHistory': [0.0]}, '32': {'Retries': 0, 'WallDurations': [0], 'StartTimes': [], 'SubmitTimes': [1606265100.0], 'JobIds': ['61113359.0'], 'EndTimes': [], 'Restarts': 0, 'RecordedSite': False, 'State': 'idle', 'ResidentSetSize': [0], 'TotalUserCpuTimeHistory': [0.0], 'SiteHistory': ['Unknown'], 'TotalSysCpuTimeHistory': [0.0]}}
INFO 2020-11-25 00:46:11.444 UTC: 	 Status on the scheduler:	SUBMITTED
INFO 2020-11-25 00:46:11.444 UTC: 	 
Jobs status:                    idle         		100.0% (42/42)
INFO 2020-11-25 00:46:11.444 UTC: 	 
No publication information (publication has been disabled in the CRAB configuration file)
INFO 2020-11-25 00:46:11.448 UTC: 	 Log file is /uscms_data/d3/cannaert/src/thrust/CMSSW_10_6_0/src/crab_projects/crab_diquark_QCD_background_MC_2000toINF_0002/crab.log
DEBUG 2020-11-25 03:24:34.708 UTC: 	 CRAB Client version: v3.201110
DEBUG 2020-11-25 03:24:34.708 UTC: 	 Running on: Linux cmslpc167.fnal.gov 3.10.0-1127.19.1.el7.x86_64 #1 SMP Thu Aug 20 14:39:03 CDT 2020 x86_64 x86_64 x86_64 GNU/Linux - Scientific Linux 7.9 (Nitrogen)
DEBUG 2020-11-25 03:24:34.708 UTC: 	 Executing command: 'status'
DEBUG 2020-11-25 03:24:34.723 UTC: 	 Found CRAB cache file /uscms/home/cannaert/.crab3
DEBUG 2020-11-25 03:24:34.752 UTC: 	 Checking credentials
DEBUG 2020-11-25 03:24:34.765 UTC: 	 Found proxy file /uscms/home/cannaert/x509up_u54552
DEBUG 2020-11-25 03:24:34.765 UTC: 	 Getting proxy life time left
DEBUG 2020-11-25 03:24:34.867 UTC: 	 Executing : 
 command : voms-proxy-info -file /uscms/home/cannaert/x509up_u54552 -timeleft
 output : 21253

 error: 
 retcode : 0
DEBUG 2020-11-25 03:24:34.969 UTC: 	 Executing : 
 command : voms-proxy-info -file /uscms/home/cannaert/x509up_u54552 -actimeleft
 output : 21253

 error: 
 retcode : 0
DEBUG 2020-11-25 03:24:34.969 UTC: 	 Proxy valid for 05:54:13 hours
DEBUG 2020-11-25 03:24:35.604 UTC: 	 Registering user credentials for server /DC=ch/DC=cern/OU=computers/CN=vocms0105.cern.ch|/DC=ch/DC=cern/OU=computers/CN=crab-(preprod|prod|dev)-tw(02|01).cern.ch|/DC=ch/DC=cern/OU=computers/CN=(ddi|ddidk|mytw).cern.ch|/DC=ch/DC=cern/OU=computers/CN=stefanov(m|m2).cern.ch
DEBUG 2020-11-25 03:24:35.709 UTC: 	 Executing : 
 command : voms-proxy-info -file /uscms/home/cannaert/x509up_u54552 -identity
 output : /DC=ch/DC=cern/OU=Organic Units/OU=Users/CN=ecannaer/CN=832417/CN=Ethan Cannaert

 error: 
 retcode : 0
DEBUG 2020-11-25 03:24:35.712 UTC: 	 Getting myproxy life time left for myproxy.cern.ch
DEBUG 2020-11-25 03:24:35.713 UTC: 	 using b7b51e0178e197a43a1d723fd43ab6570e42a3d5 as credential login name
DEBUG 2020-11-25 03:24:36.717 UTC: 	 Executing : 
 command : myproxy-info -l b7b51e0178e197a43a1d723fd43ab6570e42a3d5 -s myproxy.cern.ch
 output : username: b7b51e0178e197a43a1d723fd43ab6570e42a3d5
owner: /DC=ch/DC=cern/OU=Organic Units/OU=Users/CN=ecannaer/CN=832417/CN=Ethan Cannaert
  renewal policy: /DC=ch/DC=cern/OU=computers/CN=vocms0105.cern.ch|/DC=ch/DC=cern/OU=computers/CN=crab-(preprod|prod|dev)-tw(02|01).cern.ch|/DC=ch/DC=cern/OU=computers/CN=(ddi|ddidk|mytw).cern.ch|/DC=ch/DC=cern/OU=computers/CN=stefanov(m|m2).cern.ch
  trusted retrieval policy: /DC=ch/DC=cern/OU=computers/CN=vocms0105.cern.ch|/DC=ch/DC=cern/OU=computers/CN=crab-(preprod|prod|dev)-tw(02|01).cern.ch|/DC=ch/DC=cern/OU=computers/CN=(ddi|ddidk|mytw).cern.ch|/DC=ch/DC=cern/OU=computers/CN=stefanov(m|m2).cern.ch
  timeleft: 427:26:44  (17.8 days)

 error: 
 retcode : 0
DEBUG 2020-11-25 03:24:36.718 UTC: 	 Myproxy is valid: 1538804
DEBUG 2020-11-25 03:24:36.718 UTC: 	 Retrieving username ...
DEBUG 2020-11-25 03:24:36.718 UTC: 	 Retrieving username from CRIC...
DEBUG 2020-11-25 03:24:38.202 UTC: 	 username is ecannaer
DEBUG 2020-11-25 03:24:38.205 UTC: 	 Getting myproxy life time left for myproxy.cern.ch
DEBUG 2020-11-25 03:24:38.206 UTC: 	 using ecannaer_CRAB as credential login name
DEBUG 2020-11-25 03:24:39.309 UTC: 	 Executing : 
 command : myproxy-info -l ecannaer_CRAB -s myproxy.cern.ch
 output : username: ecannaer_CRAB
owner: /DC=ch/DC=cern/OU=Organic Units/OU=Users/CN=ecannaer/CN=832417/CN=Ethan Cannaert
  renewal policy: /DC=ch/DC=cern/OU=computers/CN=vocms0105.cern.ch|/DC=ch/DC=cern/OU=computers/CN=crab-(preprod|prod|dev)-tw(02|01).cern.ch|/DC=ch/DC=cern/OU=computers/CN=(ddi|ddidk|mytw).cern.ch|/DC=ch/DC=cern/OU=computers/CN=stefanov(m|m2).cern.ch
  trusted retrieval policy: /DC=ch/DC=cern/OU=computers/CN=vocms0105.cern.ch|/DC=ch/DC=cern/OU=computers/CN=crab-(preprod|prod|dev)-tw(02|01).cern.ch|/DC=ch/DC=cern/OU=computers/CN=(ddi|ddidk|mytw).cern.ch|/DC=ch/DC=cern/OU=computers/CN=stefanov(m|m2).cern.ch
  timeleft: 382:05:54  (15.9 days)

 error: 
 retcode : 0
DEBUG 2020-11-25 03:24:39.310 UTC: 	 Myproxy is valid: 1375554
DEBUG 2020-11-25 03:24:39.310 UTC: 	 Result of myproxy credential check:
  Credential exists on myproxy: username: b7b51e0178e197a43a1d723fd43ab6570e42a3d5  - validity: 17 days, 19:26:44
  Credential exists on myproxy: username: ecannaer_CRAB  - validity: 15 days, 22:05:54
DEBUG 2020-11-25 03:24:39.310 UTC: 	 Command use: status
DEBUG 2020-11-25 03:24:39.310 UTC: 	 Options use: ['-d', 'crab_projects/crab_diquark_QCD_background_MC_2000toINF_0002']
DEBUG 2020-11-25 03:24:39.893 UTC: 	 CRABClient version: v3.201110
DEBUG 2020-11-25 03:24:39.893 UTC: 	 Instance is prod
DEBUG 2020-11-25 03:24:39.893 UTC: 	 Server base url is cmsweb.cern.ch
DEBUG 2020-11-25 03:24:39.893 UTC: 	 Command url /crabserver/prod/workflow
DEBUG 2020-11-25 03:24:40.483 UTC: 	 Got information from server oracle database: {u'result': [u'201125_004358:ecannaer_crab_diquark_QCD_background_MC_2000toINF_0002', u'None', u'None', u'SUBMITTED', u'SUBMIT', u'2020-11-25 00:43:58.361176', u'None', u'2020-11-25 00:44:45.649127', u'None', u'CMSSW_10_6_0', u'slc7_amd64_gcc820', u'/QCD_HT1000to1500_TuneCP5_13TeV-madgraphMLM-pythia8/RunIIAutumn18MiniAOD-102X_upgrade2018_realistic_v15-v1/MINIAODSIM', u'F', u'0', u'[]', u'[]', u'FileBased', u"{'splitOnRun': False, 'halt_job_on_file_boundaries': False, 'files_per_job': 10, 'runs': [], 'lumis': []}", u'7c99adf28d54e2cf43842d7bf68fbdecc5a632c13b7b19775f9bef98a88f6069.tar.gz', u'https://cmsweb-k8s-prod.cern.ch/crabcache', u'ecannaer', u'/DC=ch/DC=cern/OU=Organic Units/OU=Users/CN=ecannaer/CN=832417/CN=Ethan Cannaert', u'cms', u'None', u'None', u'diquark_QCD_background-00000000000000000000000000000000', u'F', u'T3_US_FNALLPC', u'https://cmsweb.cern.ch/dbs/prod/global/DBSReader', u'https://cmsweb.cern.ch/dbs/prod/phys03/DBSWriter', u'F', u'[]', u"['diquark_QCD_BR_MC.root']", u'[]', u'Analysis', u'pythia', u'None', u'{}', u'[]', u'F', u'crab-prod-tw01', u'[]', u'1250', u'1', u'2000', u'10', u'None', u'[]', u'http://vocms0107.cern.ch/mon/cms838/201125_004358:ecannaer_crab_diquark_QCD_background_MC_2000toINF_0002', u'None', u'[]', u'[]', u'https://cmsweb.cern.ch/crabserver/prod', u'cmsgwms-collector-global.cern.ch:9620,cmsgwms-collector-global.fnal.gov', u'crab3@vocms0107.cern.ch', u'F', u'[]', u'T', u'/store/user/ecannaer/', u'F', u'None', u'F', u'None', u'QCD_HT1000to1500_TuneCP5_13TeV-madgraphMLM-pythia8', u'None', u'47d27fd51ee0717fa3f1aa4d421d6eba59144ee2160dfb154b3ecf99df5c5177.tar.gz', u'61113326', u'filetransfers', u'F', u'131.225.188.48', u'0.0', u'None'], u'desc': {u'columns': [u'tm_taskname', u'tm_activity', u'panda_jobset_id', u'tm_task_status', u'tm_task_command', u'tm_start_time', u'tm_start_injection', u'tm_end_injection', u'tm_task_failure', u'tm_job_sw', u'tm_job_arch', u'tm_input_dataset', u'tm_nonvalid_input_dataset', u'tm_use_parent', u'tm_site_whitelist', u'tm_site_blacklist', u'tm_split_algo', u'tm_split_args', u'tm_user_sandbox', u'tm_cache_url', u'tm_username', u'tm_user_dn', u'tm_user_vo', u'tm_user_role', u'tm_user_group', u'tm_publish_name', u'tm_publish_groupname', u'tm_asyncdest', u'tm_dbs_url', u'tm_publish_dbs_url', u'tm_publication', u'tm_outfiles', u'tm_tfile_outfiles', u'tm_edm_outfiles', u'tm_job_type', u'tm_generator', u'tm_events_per_lumi', u'tm_arguments', u'panda_resubmitted_jobs', u'tm_save_logs', u'tw_name', u'tm_user_infiles', u'tm_maxjobruntime', u'tm_numcores', u'tm_maxmemory', u'tm_priority', u'tm_output_dataset', u'tm_task_warnings', u'tm_user_webdir', u'tm_scriptexe', u'tm_scriptargs', u'tm_extrajdl', u'tm_asourl', u'tm_collector', u'tm_schedd', u'tm_dry_run', u'tm_user_files', u'tm_transfer_outputs', u'tm_output_lfn', u'tm_ignore_locality', u'tm_fail_limit', u'tm_one_event_mode', u'tm_secondary_input_dataset', u'tm_primary_dataset', u'tm_last_publication', u'tm_debug_files', u'clusterid', u'tm_asodb', u'tm_ignore_global_blacklist', u'tm_submitter_ip_addr', u'tm_totalunits', u'tm_ddm_reqid']}}
INFO 2020-11-25 03:24:40.483 UTC: 	 CRAB project directory:		/uscms_data/d3/cannaert/src/thrust/CMSSW_10_6_0/src/crab_projects/crab_diquark_QCD_background_MC_2000toINF_0002
INFO 2020-11-25 03:24:40.483 UTC: 	 Task name:			201125_004358:ecannaer_crab_diquark_QCD_background_MC_2000toINF_0002
INFO 2020-11-25 03:24:40.483 UTC: 	 Grid scheduler - Task Worker:	crab3@vocms0107.cern.ch - crab-prod-tw01
INFO 2020-11-25 03:24:40.483 UTC: 	 Status on the CRAB server:	SUBMITTED
INFO 2020-11-25 03:24:40.483 UTC: 	 Task URL to use for HELP:	https://cmsweb.cern.ch/crabserver/ui/task/201125_004358%3Aecannaer_crab_diquark_QCD_background_MC_2000toINF_0002
INFO 2020-11-25 03:24:40.488 UTC: 	 Dashboard monitoring URL:	https://monit-grafana.cern.ch/d/cmsTMDetail/cms-task-monitoring-task-view?orgId=11&var-user=ecannaer&var-task=201125_004358%3Aecannaer_crab_diquark_QCD_background_MC_2000toINF_0002&from=1606261438000&to=now
INFO 2020-11-25 03:24:40.488 UTC: 	 In case of issues with the dashboard, please provide feedback to hn-cms-computing-tools@cern.ch
DEBUG 2020-11-25 03:24:40.488 UTC: 	 The CRAB server submitted your task to the Grid scheduler (cluster ID: 61113326)
DEBUG 2020-11-25 03:24:40.488 UTC: 	 Webdir is located at http://vocms0107.cern.ch/mon/cms838/201125_004358:ecannaer_crab_diquark_QCD_background_MC_2000toINF_0002
DEBUG 2020-11-25 03:24:41.484 UTC: 	 Proxied webdir is located at https://cmsweb.cern.ch/scheddmon/0107/cms838/201125_004358:ecannaer_crab_diquark_QCD_background_MC_2000toINF_0002
DEBUG 2020-11-25 03:24:41.484 UTC: 	 Retrieving 'status_cache' file from https://cmsweb.cern.ch/scheddmon/0107/cms838/201125_004358:ecannaer_crab_diquark_QCD_background_MC_2000toINF_0002/status_cache
DEBUG 2020-11-25 03:24:42.043 UTC: 	 Got information from status cache file: {'42': {'Retries': 0, 'WallDurations': [8.0, 246.26511311531067, 2526.0], 'StartTimes': [1606265513.0], 'SubmitTimes': [1606265102.0], 'JobIds': ['61113368.0'], 'EndTimes': [1606268039.0], 'Restarts': 0, 'RecordedSite': True, 'State': 'finished', 'ResidentSetSize': [1457824], 'TotalUserCpuTimeHistory': [2233], 'SiteHistory': ['Unknown', 'T2_UK_London_IC', 'T2_UK_London_IC'], 'TotalSysCpuTimeHistory': [59]}, '24': {'Retries': 0, 'WallDurations': [9.0, 245.26511311531067, 2952.0], 'StartTimes': [1606265514.0], 'SubmitTimes': [1606265099.0], 'JobIds': ['61113351.0'], 'EndTimes': [1606268466.0], 'Restarts': 0, 'RecordedSite': True, 'State': 'finished', 'ResidentSetSize': [1811116], 'TotalUserCpuTimeHistory': [2284], 'SiteHistory': ['Unknown', 'T2_IT_Rome', 'T2_IT_Rome'], 'TotalSysCpuTimeHistory': [56]}, '25': {'Retries': 0, 'WallDurations': [8.0, 245.26511311531067, 3613.0], 'StartTimes': [1606265514.0], 'SubmitTimes': [1606265099.0], 'JobIds': ['61113352.0'], 'EndTimes': [1606269127.0], 'Restarts': 0, 'RecordedSite': True, 'State': 'finished', 'ResidentSetSize': [1770916], 'TotalUserCpuTimeHistory': [2960], 'SiteHistory': ['Unknown', 'T2_UK_London_IC', 'T2_UK_London_IC'], 'TotalSysCpuTimeHistory': [83]}, '26': {'Retries': 0, 'WallDurations': [9.0, 243.26511311531067, 2698.0], 'StartTimes': [1606265516.0], 'SubmitTimes': [1606265099.0], 'JobIds': ['61113353.0'], 'EndTimes': [1606268214.0], 'Restarts': 0, 'RecordedSite': True, 'State': 'finished', 'ResidentSetSize': [1241292], 'TotalUserCpuTimeHistory': [2198], 'SiteHistory': ['Unknown', 'T2_IT_Pisa', 'T2_IT_Pisa'], 'TotalSysCpuTimeHistory': [55]}, '27': {'Retries': 0, 'WallDurations': [9.0, 244.26511311531067, 4320.0], 'StartTimes': [1606265515.0], 'SubmitTimes': [1606265099.0], 'JobIds': ['61113354.0'], 'EndTimes': [1606269835.0], 'Restarts': 0, 'RecordedSite': True, 'State': 'finished', 'ResidentSetSize': [1730540], 'TotalUserCpuTimeHistory': [3667], 'SiteHistory': ['Unknown', 'T2_IT_Pisa', 'T2_IT_Pisa'], 'TotalSysCpuTimeHistory': [84]}, '20': {'Retries': 0, 'WallDurations': [8.0, 243.26511311531067, 4765.0], 'StartTimes': [1606265516.0], 'SubmitTimes': [1606265098.0], 'JobIds': ['61113347.0'], 'EndTimes': [1606270281.0], 'Restarts': 0, 'RecordedSite': True, 'State': 'finished', 'ResidentSetSize': [1690976], 'TotalUserCpuTimeHistory': [3960], 'SiteHistory': ['Unknown', 'T2_UK_London_IC', 'T2_UK_London_IC'], 'TotalSysCpuTimeHistory': [80]}, '21': {'Retries': 0, 'WallDurations': [9.0, 243.26511311531067, 4988.0], 'StartTimes': [1606265516.0], 'SubmitTimes': [1606265098.0], 'JobIds': ['61113348.0'], 'EndTimes': [1606270504.0], 'Restarts': 0, 'RecordedSite': True, 'State': 'finished', 'ResidentSetSize': [1725696], 'TotalUserCpuTimeHistory': [3912], 'SiteHistory': ['Unknown', 'T2_IT_Pisa', 'T2_IT_Pisa'], 'TotalSysCpuTimeHistory': [210]}, '22': {'Retries': 0, 'WallDurations': [10.0, 244.26511311531067, 4298.0], 'StartTimes': [1606265515.0], 'SubmitTimes': [1606265099.0], 'JobIds': ['61113349.0'], 'EndTimes': [1606269813.0], 'Restarts': 0, 'RecordedSite': True, 'State': 'finished', 'ResidentSetSize': [1880728], 'TotalUserCpuTimeHistory': [3514], 'SiteHistory': ['Unknown', 'T2_IT_Legnaro', 'T2_IT_Legnaro'], 'TotalSysCpuTimeHistory': [71]}, '23': {'Retries': 0, 'WallDurations': [9.0, 245.26511311531067, 3648.0], 'StartTimes': [1606265514.0], 'SubmitTimes': [1606265099.0], 'JobIds': ['61113350.0'], 'EndTimes': [1606269162.0], 'Restarts': 0, 'RecordedSite': True, 'State': 'finished', 'ResidentSetSize': [1778676], 'TotalUserCpuTimeHistory': [3299], 'SiteHistory': ['Unknown', 'T3_UK_London_QMUL', 'T3_UK_London_QMUL'], 'TotalSysCpuTimeHistory': [67]}, '28': {'Retries': 0, 'WallDurations': [8.0, 243.26511311531067, 2229.0], 'StartTimes': [1606265516.0], 'SubmitTimes': [1606265099.0], 'JobIds': ['61113355.0'], 'EndTimes': [1606267745.0], 'Restarts': 0, 'RecordedSite': True, 'State': 'finished', 'ResidentSetSize': [1276716], 'TotalUserCpuTimeHistory': [1657], 'SiteHistory': ['Unknown', 'T2_IT_Pisa', 'T2_IT_Pisa'], 'TotalSysCpuTimeHistory': [66]}, '29': {'Retries': 0, 'WallDurations': [9.0, 243.26511311531067, 2045.0], 'StartTimes': [1606265516.0], 'SubmitTimes': [1606265100.0], 'JobIds': ['61113356.0'], 'EndTimes': [1606267561.0], 'Restarts': 0, 'RecordedSite': True, 'State': 'finished', 'ResidentSetSize': [1150228], 'TotalUserCpuTimeHistory': [1649], 'SiteHistory': ['Unknown', 'T2_IT_Pisa', 'T2_IT_Pisa'], 'TotalSysCpuTimeHistory': [41]}, '40': {'Retries': 0, 'WallDurations': [9.0, 244.26511311531067, 3645.0], 'StartTimes': [1606265515.0], 'SubmitTimes': [1606265102.0], 'JobIds': ['61113366.0'], 'EndTimes': [1606269160.0], 'Restarts': 0, 'RecordedSite': True, 'State': 'finished', 'ResidentSetSize': [1778712], 'TotalUserCpuTimeHistory': [3204], 'SiteHistory': ['Unknown', 'T2_UK_London_IC', 'T2_UK_London_IC'], 'TotalSysCpuTimeHistory': [62]}, '41': {'Retries': 0, 'WallDurations': [9.0, 245.26511311531067, 2816.0], 'StartTimes': [1606265514.0], 'SubmitTimes': [1606265102.0], 'JobIds': ['61113367.0'], 'EndTimes': [1606268330.0], 'Restarts': 0, 'RecordedSite': True, 'State': 'finished', 'ResidentSetSize': [1572136], 'TotalUserCpuTimeHistory': [2133], 'SiteHistory': ['Unknown', 'T3_UK_ScotGrid_GLA', 'T3_UK_ScotGrid_GLA'], 'TotalSysCpuTimeHistory': [45]}, '1': {'Retries': 0, 'WallDurations': [8.0, 245.26511311531067, 3642.0], 'StartTimes': [1606265514.0], 'SubmitTimes': [1606265090.0], 'JobIds': ['61113328.0'], 'EndTimes': [1606269156.0], 'Restarts': 0, 'RecordedSite': True, 'State': 'finished', 'ResidentSetSize': [1419616], 'TotalUserCpuTimeHistory': [3293], 'SiteHistory': ['Unknown', 'T3_UK_London_QMUL', 'T3_UK_London_QMUL'], 'TotalSysCpuTimeHistory': [65]}, '3': {'Retries': 0, 'WallDurations': [8.0, 244.26511311531067, 2406.0], 'StartTimes': [1606265515.0], 'SubmitTimes': [1606265090.0], 'JobIds': ['61113330.0'], 'EndTimes': [1606267921.0], 'Restarts': 0, 'RecordedSite': True, 'State': 'finished', 'ResidentSetSize': [1437484], 'TotalUserCpuTimeHistory': [2129], 'SiteHistory': ['Unknown', 'T2_UK_London_IC', 'T2_UK_London_IC'], 'TotalSysCpuTimeHistory': [56]}, '2': {'Retries': 0, 'WallDurations': [10.0, 240.26511311531067, 3182.0], 'StartTimes': [1606265519.0], 'SubmitTimes': [1606265090.0], 'JobIds': ['61113329.0'], 'EndTimes': [1606268701.0], 'Restarts': 0, 'RecordedSite': True, 'State': 'finished', 'ResidentSetSize': [1368268], 'TotalUserCpuTimeHistory': [2709], 'SiteHistory': ['Unknown', 'T2_IT_Pisa', 'T2_IT_Pisa'], 'TotalSysCpuTimeHistory': [72]}, '5': {'Retries': 0, 'WallDurations': [8.0, 244.26511311531067, 3329.0], 'StartTimes': [1606265515.0], 'SubmitTimes': [1606265090.0], 'JobIds': ['61113332.0'], 'EndTimes': [1606268844.0], 'Restarts': 0, 'RecordedSite': True, 'State': 'finished', 'ResidentSetSize': [1619112], 'TotalUserCpuTimeHistory': [2496], 'SiteHistory': ['Unknown', 'T2_IT_Pisa', 'T2_IT_Pisa'], 'TotalSysCpuTimeHistory': [103]}, '4': {'Retries': 0, 'WallDurations': [8.0, 242.26511311531067, 2337.0], 'StartTimes': [1606265517.0], 'SubmitTimes': [1606265090.0], 'JobIds': ['61113331.0'], 'EndTimes': [1606267854.0], 'Restarts': 0, 'RecordedSite': True, 'State': 'finished', 'ResidentSetSize': [1247132], 'TotalUserCpuTimeHistory': [1909], 'SiteHistory': ['Unknown', 'T2_IT_Pisa', 'T2_IT_Pisa'], 'TotalSysCpuTimeHistory': [76]}, '7': {'Retries': 0, 'WallDurations': [9.0, 246.26511311531067, 3985.0], 'StartTimes': [1606265513.0], 'SubmitTimes': [1606265091.0], 'JobIds': ['61113334.0'], 'EndTimes': [1606269498.0], 'Restarts': 0, 'RecordedSite': True, 'State': 'finished', 'ResidentSetSize': [1683448], 'TotalUserCpuTimeHistory': [3320], 'SiteHistory': ['Unknown', 'T2_UK_London_IC', 'T2_UK_London_IC'], 'TotalSysCpuTimeHistory': [65]}, '6': {'Retries': 0, 'WallDurations': [8.0, 246.26511311531067, 3067.0], 'StartTimes': [1606265513.0], 'SubmitTimes': [1606265090.0], 'JobIds': ['61113333.0'], 'EndTimes': [1606268580.0], 'Restarts': 0, 'RecordedSite': True, 'State': 'finished', 'ResidentSetSize': [1388308], 'TotalUserCpuTimeHistory': [2510], 'SiteHistory': ['Unknown', 'T2_UK_London_IC', 'T2_UK_London_IC'], 'TotalSysCpuTimeHistory': [54]}, '9': {'Retries': 0, 'WallDurations': [9.0, 243.26511311531067, 2777.0], 'StartTimes': [1606265516.0], 'SubmitTimes': [1606265091.0], 'JobIds': ['61113336.0'], 'EndTimes': [1606268293.0], 'Restarts': 0, 'RecordedSite': True, 'State': 'finished', 'ResidentSetSize': [1748940], 'TotalUserCpuTimeHistory': [2334], 'SiteHistory': ['Unknown', 'T2_IT_Pisa', 'T2_IT_Pisa'], 'TotalSysCpuTimeHistory': [70]}, '8': {'Retries': 0, 'WallDurations': [9.0, 247.26511311531067, 3911.0], 'StartTimes': [1606265512.0], 'SubmitTimes': [1606265091.0], 'JobIds': ['61113335.0'], 'EndTimes': [1606269423.0], 'Restarts': 0, 'RecordedSite': True, 'State': 'finished', 'ResidentSetSize': [1437964], 'TotalUserCpuTimeHistory': [3544], 'SiteHistory': ['Unknown', 'T3_UK_London_QMUL', 'T3_UK_London_QMUL'], 'TotalSysCpuTimeHistory': [65]}, '39': {'Retries': 0, 'WallDurations': [9.0, 243.26511311531067, 4801.0], 'StartTimes': [1606265516.0], 'SubmitTimes': [1606265101.0], 'JobIds': ['61113365.0'], 'EndTimes': [1606270317.0], 'Restarts': 0, 'RecordedSite': True, 'State': 'finished', 'ResidentSetSize': [1517432], 'TotalUserCpuTimeHistory': [3806], 'SiteHistory': ['Unknown', 'T2_IT_Pisa', 'T2_IT_Pisa'], 'TotalSysCpuTimeHistory': [136]}, '38': {'Retries': 0, 'WallDurations': [9.0, 241.26511311531067, 4487.0], 'StartTimes': [1606265518.0], 'SubmitTimes': [1606265102.0], 'JobIds': ['61113369.0'], 'EndTimes': [1606270005.0], 'Restarts': 0, 'RecordedSite': True, 'State': 'finished', 'ResidentSetSize': [1441512], 'TotalUserCpuTimeHistory': [2755], 'SiteHistory': ['Unknown', 'T2_IT_Pisa', 'T2_IT_Pisa'], 'TotalSysCpuTimeHistory': [135]}, '11': {'Retries': 0, 'WallDurations': [8.0, 246.26511311531067, 3357.0], 'StartTimes': [1606265513.0], 'SubmitTimes': [1606265091.0], 'JobIds': ['61113338.0'], 'EndTimes': [1606268870.0], 'Restarts': 0, 'RecordedSite': True, 'State': 'finished', 'ResidentSetSize': [1827948], 'TotalUserCpuTimeHistory': [3002], 'SiteHistory': ['Unknown', 'T2_UK_London_IC', 'T2_UK_London_IC'], 'TotalSysCpuTimeHistory': [60]}, '10': {'Retries': 0, 'WallDurations': [9.0, 245.26511311531067, 3436.0], 'StartTimes': [1606265514.0], 'SubmitTimes': [1606265091.0], 'JobIds': ['61113337.0'], 'EndTimes': [1606268950.0], 'Restarts': 0, 'RecordedSite': True, 'State': 'finished', 'ResidentSetSize': [1879656], 'TotalUserCpuTimeHistory': [2681], 'SiteHistory': ['Unknown', 'T2_UK_London_IC', 'T2_UK_London_IC'], 'TotalSysCpuTimeHistory': [78]}, '13': {'Retries': 0, 'WallDurations': [9.0, 244.26511311531067, 6462.0], 'StartTimes': [1606265515.0], 'SubmitTimes': [1606265091.0], 'JobIds': ['61113340.0'], 'EndTimes': [1606271977.0], 'Restarts': 0, 'RecordedSite': True, 'State': 'finished', 'ResidentSetSize': [1622584], 'TotalUserCpuTimeHistory': [3425], 'SiteHistory': ['Unknown', 'T2_IT_Pisa', 'T2_IT_Pisa'], 'TotalSysCpuTimeHistory': [83]}, '12': {'Retries': 0, 'WallDurations': [9.0, 245.26511311531067, 3545.0], 'StartTimes': [1606265514.0], 'SubmitTimes': [1606265091.0], 'JobIds': ['61113339.0'], 'EndTimes': [1606269059.0], 'Restarts': 0, 'RecordedSite': True, 'State': 'finished', 'ResidentSetSize': [1698928], 'TotalUserCpuTimeHistory': [2599], 'SiteHistory': ['Unknown', 'T3_UK_ScotGrid_GLA', 'T3_UK_ScotGrid_GLA'], 'TotalSysCpuTimeHistory': [51]}, '15': {'Retries': 0, 'WallDurations': [9.0, 241.26511311531067, 6869.0], 'StartTimes': [1606265518.0], 'SubmitTimes': [1606265092.0], 'JobIds': ['61113342.0'], 'EndTimes': [1606272387.0], 'Restarts': 0, 'RecordedSite': True, 'State': 'finished', 'ResidentSetSize': [1698664], 'TotalUserCpuTimeHistory': [2764], 'SiteHistory': ['Unknown', 'T2_IT_Pisa', 'T2_IT_Pisa'], 'TotalSysCpuTimeHistory': [68]}, '14': {'Retries': 0, 'WallDurations': [9.0, 244.26511311531067, 3602.0], 'StartTimes': [1606265515.0], 'SubmitTimes': [1606265092.0], 'JobIds': ['61113341.0'], 'EndTimes': [1606269117.0], 'Restarts': 0, 'RecordedSite': True, 'State': 'finished', 'ResidentSetSize': [1815580], 'TotalUserCpuTimeHistory': [2819], 'SiteHistory': ['Unknown', 'T2_UK_London_IC', 'T2_UK_London_IC'], 'TotalSysCpuTimeHistory': [85]}, '17': {'Retries': 0, 'WallDurations': [9.0, 244.26511311531067, 4180.0], 'StartTimes': [1606265515.0], 'SubmitTimes': [1606265092.0], 'JobIds': ['61113344.0'], 'EndTimes': [1606269695.0], 'Restarts': 0, 'RecordedSite': True, 'State': 'finished', 'ResidentSetSize': [1746792], 'TotalUserCpuTimeHistory': [3737], 'SiteHistory': ['Unknown', 'T2_UK_London_IC', 'T2_UK_London_IC'], 'TotalSysCpuTimeHistory': [73]}, '16': {'Retries': 0, 'WallDurations': [10.0, 243.26511311531067, 3246.0], 'StartTimes': [1606265516.0], 'SubmitTimes': [1606265092.0], 'JobIds': ['61113343.0'], 'EndTimes': [1606268762.0], 'Restarts': 0, 'RecordedSite': True, 'State': 'finished', 'ResidentSetSize': [1379616], 'TotalUserCpuTimeHistory': [2914], 'SiteHistory': ['Unknown', 'T2_IT_Pisa', 'T2_IT_Pisa'], 'TotalSysCpuTimeHistory': [75]}, '19': {'Retries': 0, 'WallDurations': [9.0, 244.26511311531067, 3487.0], 'StartTimes': [1606265515.0], 'SubmitTimes': [1606265098.0], 'JobIds': ['61113346.0'], 'EndTimes': [1606269002.0], 'Restarts': 0, 'RecordedSite': True, 'State': 'finished', 'ResidentSetSize': [1807616], 'TotalUserCpuTimeHistory': [2969], 'SiteHistory': ['Unknown', 'T2_IT_Pisa', 'T2_IT_Pisa'], 'TotalSysCpuTimeHistory': [147]}, '18': {'Retries': 0, 'WallDurations': [10.0, 244.26511311531067, 4094.0], 'StartTimes': [1606265515.0], 'SubmitTimes': [1606265097.0], 'JobIds': ['61113345.0'], 'EndTimes': [1606269609.0], 'Restarts': 0, 'RecordedSite': True, 'State': 'finished', 'ResidentSetSize': [1672340], 'TotalUserCpuTimeHistory': [3160], 'SiteHistory': ['Unknown', 'T2_IT_Bari', 'T2_IT_Bari'], 'TotalSysCpuTimeHistory': [77]}, '31': {'Retries': 0, 'WallDurations': [8.0, 244.26511311531067, 3299.0], 'StartTimes': [1606265515.0], 'SubmitTimes': [1606265100.0], 'JobIds': ['61113358.0'], 'EndTimes': [1606268814.0], 'Restarts': 0, 'RecordedSite': True, 'State': 'finished', 'ResidentSetSize': [1307516], 'TotalUserCpuTimeHistory': [2873], 'SiteHistory': ['Unknown', 'T2_IT_Legnaro', 'T2_IT_Legnaro'], 'TotalSysCpuTimeHistory': [54]}, '30': {'Retries': 0, 'WallDurations': [10.0, 241.26511311531067, 5528.0], 'StartTimes': [1606265518.0], 'SubmitTimes': [1606265100.0], 'JobIds': ['61113357.0'], 'EndTimes': [1606271046.0], 'Restarts': 0, 'RecordedSite': True, 'State': 'finished', 'ResidentSetSize': [1745780], 'TotalUserCpuTimeHistory': [3961], 'SiteHistory': ['Unknown', 'T2_IT_Pisa', 'T2_IT_Pisa'], 'TotalSysCpuTimeHistory': [89]}, '37': {'Retries': 0, 'WallDurations': [9.0, 243.26511311531067, 8256.0], 'StartTimes': [1606265516.0], 'SubmitTimes': [1606265101.0], 'JobIds': ['61113364.0'], 'EndTimes': [1606273772.0], 'Restarts': 0, 'RecordedSite': True, 'State': 'transferring', 'ResidentSetSize': [1773128], 'TotalUserCpuTimeHistory': [4559], 'SiteHistory': ['Unknown', 'T2_IT_Pisa', 'T2_IT_Pisa'], 'TotalSysCpuTimeHistory': [190]}, '36': {'Retries': 0, 'WallDurations': [9.0, 245.26511311531067, 3127.0], 'StartTimes': [1606265514.0], 'SubmitTimes': [1606265101.0], 'JobIds': ['61113363.0'], 'EndTimes': [1606268641.0], 'Restarts': 0, 'RecordedSite': True, 'State': 'finished', 'ResidentSetSize': [1753568], 'TotalUserCpuTimeHistory': [2392], 'SiteHistory': ['Unknown', 'T3_UK_ScotGrid_GLA', 'T3_UK_ScotGrid_GLA'], 'TotalSysCpuTimeHistory': [46]}, '35': {'Retries': 0, 'WallDurations': [10.0, 240.26511311531067, 7167.0], 'StartTimes': [1606265519.0], 'SubmitTimes': [1606265101.0], 'JobIds': ['61113362.0'], 'EndTimes': [1606272686.0], 'Restarts': 0, 'RecordedSite': True, 'State': 'transferring', 'ResidentSetSize': [1683960], 'TotalUserCpuTimeHistory': [3081], 'SiteHistory': ['Unknown', 'T2_IT_Pisa', 'T2_IT_Pisa'], 'TotalSysCpuTimeHistory': [81]}, '34': {'Retries': 0, 'WallDurations': [10.0, 240.26511311531067, 6019.0], 'StartTimes': [1606265519.0], 'SubmitTimes': [1606265101.0], 'JobIds': ['61113361.0'], 'EndTimes': [], 'Restarts': 0, 'RecordedSite': True, 'State': 'running', 'ResidentSetSize': [1305348], 'TotalUserCpuTimeHistory': [4078.0], 'SiteHistory': ['Unknown', 'T2_IT_Pisa', 'T2_IT_Pisa'], 'TotalSysCpuTimeHistory': [110.0]}, '33': {'Retries': 0, 'WallDurations': [9.0, 244.26511311531067, 3978.0], 'StartTimes': [1606265515.0], 'SubmitTimes': [1606265100.0], 'JobIds': ['61113360.0'], 'EndTimes': [1606269493.0], 'Restarts': 0, 'RecordedSite': True, 'State': 'finished', 'ResidentSetSize': [1650092], 'TotalUserCpuTimeHistory': [3659], 'SiteHistory': ['Unknown', 'T2_UK_London_IC', 'T2_UK_London_IC'], 'TotalSysCpuTimeHistory': [71]}, '32': {'Retries': 0, 'WallDurations': [9.0, 241.26511311531067, 4332.0], 'StartTimes': [1606265518.0], 'SubmitTimes': [1606265100.0], 'JobIds': ['61113359.0'], 'EndTimes': [1606269850.0], 'Restarts': 0, 'RecordedSite': True, 'State': 'finished', 'ResidentSetSize': [1824412], 'TotalUserCpuTimeHistory': [3233], 'SiteHistory': ['Unknown', 'T2_IT_Pisa', 'T2_IT_Pisa'], 'TotalSysCpuTimeHistory': [146]}}
INFO 2020-11-25 03:24:42.043 UTC: 	 Status on the scheduler:	SUBMITTED
INFO 2020-11-25 03:24:42.043 UTC: 	 
Jobs status:                    finished     		 92.9% (39/42)
INFO 2020-11-25 03:24:42.043 UTC: 	 				running      		  2.4% ( 1/42)
INFO 2020-11-25 03:24:42.043 UTC: 	 				transferring 		  4.8% ( 2/42)
INFO 2020-11-25 03:24:42.043 UTC: 	 
No publication information (publication has been disabled in the CRAB configuration file)
INFO 2020-11-25 03:24:42.044 UTC: 	 
Warning: the max jobs runtime is less than 30% of the task requested value (1250 min), please consider to request a lower value for failed jobs (allowed through crab resubmit) and/or improve the jobs splitting (e.g. config.Data.splitting = 'Automatic') in a new task.
INFO 2020-11-25 03:24:42.045 UTC: 	 
Summary of run jobs:
 * Memory: 1386MB min, 1836MB max, 1574MB ave
 * Runtime: 0:34:05 min, 2:17:36 max, 1:05:12 ave
 * CPU eff: 41% min, 94% max, 78% ave
 * Waste: 2:52:46 (6% of total)

INFO 2020-11-25 03:24:42.047 UTC: 	 Log file is /uscms_data/d3/cannaert/src/thrust/CMSSW_10_6_0/src/crab_projects/crab_diquark_QCD_background_MC_2000toINF_0002/crab.log
