DEBUG 2020-09-02 04:18:47.619 UTC: 	 CRAB Client version: v3.200812
DEBUG 2020-09-02 04:18:47.619 UTC: 	 Running on: Linux cmslpc135.fnal.gov 3.10.0-1127.10.1.el7.x86_64 #1 SMP Tue Jun 2 10:05:57 CDT 2020 x86_64 x86_64 x86_64 GNU/Linux - Scientific Linux 7.8 (Nitrogen)
DEBUG 2020-09-02 04:18:47.619 UTC: 	 Executing command: 'submit'
DEBUG 2020-09-02 04:18:47.620 UTC: 	 Found CRAB cache file /uscms/home/cannaert/.crab3
INFO 2020-09-02 04:18:47.642 UTC: 	 Will use CRAB configuration file crab_diquark_QCD_ccfg.py
DEBUG 2020-09-02 04:18:47.642 UTC: 	 Loading CRAB configuration file.
DEBUG 2020-09-02 04:18:47.652 UTC: 	 Will use CRAB Analysis plugin (i.e. will run an analysis job type).
DEBUG 2020-09-02 04:18:47.666 UTC: 	 Checking credentials
DEBUG 2020-09-02 04:18:47.666 UTC: 	 Found proxy file /uscms/home/cannaert/x509up_u54552
DEBUG 2020-09-02 04:18:47.666 UTC: 	 Getting proxy life time left
DEBUG 2020-09-02 04:18:47.768 UTC: 	 Executing : 
 command : voms-proxy-info -file /uscms/home/cannaert/x509up_u54552 -timeleft
 output : 40646

 error: 
 retcode : 0
DEBUG 2020-09-02 04:18:47.871 UTC: 	 Executing : 
 command : voms-proxy-info -file /uscms/home/cannaert/x509up_u54552 -actimeleft
 output : 40646

 error: 
 retcode : 0
DEBUG 2020-09-02 04:18:47.871 UTC: 	 Proxy valid for 11:17:26 hours
DEBUG 2020-09-02 04:18:47.973 UTC: 	 Executing : 
 command : env X509_USER_PROXY=/uscms/home/cannaert/x509up_u54552 voms-proxy-info -fqan
 output : /cms/Role=NULL/Capability=NULL

 error: 
 retcode : 0
DEBUG 2020-09-02 04:19:04.949 UTC: 	 Registering user credentials for server /DC=ch/DC=cern/OU=computers/CN=vocms0105.cern.ch|/DC=ch/DC=cern/OU=computers/CN=crab-(preprod|prod|dev)-tw(02|01).cern.ch|/DC=ch/DC=cern/OU=computers/CN=(ddi|ddidk|mytw).cern.ch|/DC=ch/DC=cern/OU=computers/CN=stefanov(m|m2).cern.ch
DEBUG 2020-09-02 04:19:05.055 UTC: 	 Executing : 
 command : voms-proxy-info -file /uscms/home/cannaert/x509up_u54552 -identity
 output : /DC=ch/DC=cern/OU=Organic Units/OU=Users/CN=ecannaer/CN=832417/CN=Ethan Cannaert

 error: 
 retcode : 0
DEBUG 2020-09-02 04:19:05.055 UTC: 	 Getting myproxy life time left for myproxy.cern.ch
DEBUG 2020-09-02 04:19:05.055 UTC: 	 Calculating hash of /DC=ch/DC=cern/OU=Organic Units/OU=Users/CN=ecannaer/CN=832417/CN=Ethan Cannaert_cmsweb.cern.ch for credential name
DEBUG 2020-09-02 04:19:06.160 UTC: 	 Executing : 
 command : myproxy-info -l dfb5f39d91e4adee325d1dda7edfeb9d4bdd1a42 -s myproxy.cern.ch
 output : username: dfb5f39d91e4adee325d1dda7edfeb9d4bdd1a42
owner: /DC=ch/DC=cern/OU=Organic Units/OU=Users/CN=ecannaer/CN=832417/CN=Ethan Cannaert
  renewal policy: /DC=ch/DC=cern/OU=computers/CN=vocms0105.cern.ch|/DC=ch/DC=cern/OU=computers/CN=crab-(preprod|prod|dev)-tw(02|01).cern.ch|/DC=ch/DC=cern/OU=computers/CN=(ddi|ddidk|mytw).cern.ch|/DC=ch/DC=cern/OU=computers/CN=stefanov(m|m2).cern.ch
  trusted retrieval policy: /DC=ch/DC=cern/OU=computers/CN=vocms0105.cern.ch|/DC=ch/DC=cern/OU=computers/CN=crab-(preprod|prod|dev)-tw(02|01).cern.ch|/DC=ch/DC=cern/OU=computers/CN=(ddi|ddidk|mytw).cern.ch|/DC=ch/DC=cern/OU=computers/CN=stefanov(m|m2).cern.ch
  timeleft: 377:38:36  (15.7 days)

 error: 
 retcode : 0
DEBUG 2020-09-02 04:19:06.161 UTC: 	 Myproxy is valid: 1359516
DEBUG 2020-09-02 04:19:06.161 UTC: 	 Retrieving username ...
DEBUG 2020-09-02 04:19:06.161 UTC: 	 Retrieving username from CRIC...
DEBUG 2020-09-02 04:19:07.785 UTC: 	 username is ecannaer
DEBUG 2020-09-02 04:19:07.788 UTC: 	 Getting myproxy life time left for myproxy.cern.ch
DEBUG 2020-09-02 04:19:07.788 UTC: 	 using ecannaer_CRAB as credential login name
DEBUG 2020-09-02 04:19:08.693 UTC: 	 Executing : 
 command : myproxy-info -l ecannaer_CRAB -s myproxy.cern.ch
 output : username: ecannaer_CRAB
owner: /DC=ch/DC=cern/OU=Organic Units/OU=Users/CN=ecannaer/CN=832417/CN=Ethan Cannaert
  renewal policy: /DC=ch/DC=cern/OU=computers/CN=vocms0105.cern.ch|/DC=ch/DC=cern/OU=computers/CN=crab-(preprod|prod|dev)-tw(02|01).cern.ch|/DC=ch/DC=cern/OU=computers/CN=(ddi|ddidk|mytw).cern.ch|/DC=ch/DC=cern/OU=computers/CN=stefanov(m|m2).cern.ch
  trusted retrieval policy: /DC=ch/DC=cern/OU=computers/CN=vocms0105.cern.ch|/DC=ch/DC=cern/OU=computers/CN=crab-(preprod|prod|dev)-tw(02|01).cern.ch|/DC=ch/DC=cern/OU=computers/CN=(ddi|ddidk|mytw).cern.ch|/DC=ch/DC=cern/OU=computers/CN=stefanov(m|m2).cern.ch
  timeleft: 377:38:52  (15.7 days)

 error: 
 retcode : 0
DEBUG 2020-09-02 04:19:08.694 UTC: 	 Myproxy is valid: 1359532
DEBUG 2020-09-02 04:19:08.694 UTC: 	 Command use: submit
DEBUG 2020-09-02 04:19:08.694 UTC: 	 Options use: ['-c', 'crab_diquark_QCD_ccfg.py']
DEBUG 2020-09-02 04:19:24.910 UTC: 	 CRABClient version: v3.200812
DEBUG 2020-09-02 04:19:24.910 UTC: 	 Instance is prod
DEBUG 2020-09-02 04:19:24.910 UTC: 	 Server base url is cmsweb.cern.ch
DEBUG 2020-09-02 04:19:24.910 UTC: 	 Command url /crabserver/prod/workflow
DEBUG 2020-09-02 04:19:24.910 UTC: 	 Started submission
DEBUG 2020-09-02 04:19:24.910 UTC: 	 Working on /uscms_data/d3/cannaert/src/thrust/CMSSW_10_2_4_patch1/src/crab_projects/crab_semilept_ttbar_QCD_background_01
DEBUG 2020-09-02 04:19:25.534 UTC: 	 Loading required information from the environment
DEBUG 2020-09-02 04:19:25.534 UTC: 	 Found CMSSW_10_2_4_patch1 for slc7_amd64_gcc700 with base /uscms_data/d3/cannaert/src/thrust/CMSSW_10_2_4_patch1
DEBUG 2020-09-02 04:19:25.534 UTC: 	 Loading required information from the environment
DEBUG 2020-09-02 04:19:25.534 UTC: 	 Found CMSSW_10_2_4_patch1 for slc7_amd64_gcc700 with base /uscms_data/d3/cannaert/src/thrust/CMSSW_10_2_4_patch1
DEBUG 2020-09-02 04:19:25.534 UTC: 	 UNIQUE NAME: tarUUID a657a240-364d-4458-b5a6-39072e301409 
DEBUG 2020-09-02 04:19:25.534 UTC: 	 self.config: from WMCore.Configuration import Configuration
config = Configuration()
config.section_('General')
config.General.transferOutputs = True
config.General.workArea = 'crab_projects'
config.General.requestName = 'semilept_ttbar_QCD_background_01'
config.section_('JobType')
config.JobType.psetName = 'ttbarAnalyzer_cfg.py'
config.JobType.pluginName = 'Analysis'
config.JobType.allowUndistributedCMSSW = True
config.section_('Data')
config.Data.inputDataset = '/TTToSemiLeptonic_widthx1p15_TuneCP5_13TeV-powheg-pythia8/RunIIAutumn18MiniAOD-102X_upgrade2018_realistic_v15-v1/MINIAODSIM'
config.Data.outputDatasetTag = 'semilept_ttbar_QCD_background'
config.Data.splitting = 'Automatic'
config.Data.publication = False
config.Data.inputDBS = 'global'
config.section_('Site')
config.Site.storageSite = 'T3_US_FNALLPC'
config.section_('User')
config.section_('Debug')

DEBUG 2020-09-02 04:19:25.534 UTC: 	 self.config.JobType.psetName: ttbarAnalyzer_cfg.py
INFO 2020-09-02 04:19:25.535 UTC: 	 Importing CMSSW configuration ttbarAnalyzer_cfg.py
INFO 2020-09-02 04:19:25.686 UTC: 	 Finished importing CMSSW configuration ttbarAnalyzer_cfg.py
DEBUG 2020-09-02 04:19:25.686 UTC: 	 Writing CMSSW configuration to /uscms_data/d3/cannaert/src/thrust/CMSSW_10_2_4_patch1/src/crab_projects/crab_semilept_ttbar_QCD_background_01/inputs/PSet.py
DEBUG 2020-09-02 04:19:25.738 UTC: 	 The following EDM output files will be collected: []
DEBUG 2020-09-02 04:19:25.738 UTC: 	 The following TFile output files will be collected: ['QCD_ttbar_test.root']
DEBUG 2020-09-02 04:19:25.738 UTC: 	 The following user output files (not listed as PoolOuputModule or TFileService in the CMSSW PSet) will be collected: 
DEBUG 2020-09-02 04:19:25.738 UTC: 	 Loading required information from the environment
DEBUG 2020-09-02 04:19:25.738 UTC: 	 Found CMSSW_10_2_4_patch1 for slc7_amd64_gcc700 with base /uscms_data/d3/cannaert/src/thrust/CMSSW_10_2_4_patch1
DEBUG 2020-09-02 04:19:25.738 UTC: 	 Making tarball in /uscms_data/d3/cannaert/src/thrust/CMSSW_10_2_4_patch1/src/crab_projects/crab_semilept_ttbar_QCD_background_01/inputs/a657a240-364d-4458-b5a6-39072e301409default.tgz
DEBUG 2020-09-02 04:19:25.739 UTC: 	 Checking directory /uscms_data/d3/cannaert/src/thrust/CMSSW_10_2_4_patch1/lib
DEBUG 2020-09-02 04:19:25.740 UTC: 	 Adding directory /uscms_data/d3/cannaert/src/thrust/CMSSW_10_2_4_patch1/lib to tarball
DEBUG 2020-09-02 04:19:25.746 UTC: 	 Checking directory /uscms_data/d3/cannaert/src/thrust/CMSSW_10_2_4_patch1/biglib
DEBUG 2020-09-02 04:19:25.746 UTC: 	 Adding directory /uscms_data/d3/cannaert/src/thrust/CMSSW_10_2_4_patch1/biglib to tarball
DEBUG 2020-09-02 04:19:25.748 UTC: 	 Checking directory /uscms_data/d3/cannaert/src/thrust/CMSSW_10_2_4_patch1/module
DEBUG 2020-09-02 04:19:25.789 UTC: 	 Uploading archive /uscms_data/d3/cannaert/src/thrust/CMSSW_10_2_4_patch1/src/crab_projects/crab_semilept_ttbar_QCD_background_01/inputs/a657a240-364d-4458-b5a6-39072e301409default.tgz (58 KB) to the CRAB cache. Using URI https://cmsweb.cern.ch/crabcache
DEBUG 2020-09-02 04:19:26.768 UTC: 	 Loading required information from the environment
DEBUG 2020-09-02 04:19:26.769 UTC: 	 Found CMSSW_10_2_4_patch1 for slc7_amd64_gcc700 with base /uscms_data/d3/cannaert/src/thrust/CMSSW_10_2_4_patch1
DEBUG 2020-09-02 04:19:26.769 UTC: 	 Making tarball in /uscms_data/d3/cannaert/src/thrust/CMSSW_10_2_4_patch1/src/crab_projects/crab_semilept_ttbar_QCD_background_01/inputs/debugFiles.tgz
DEBUG 2020-09-02 04:19:26.776 UTC: 	 Uploading archive /uscms_data/d3/cannaert/src/thrust/CMSSW_10_2_4_patch1/src/crab_projects/crab_semilept_ttbar_QCD_background_01/inputs/debugFiles.tgz (2 KB) to the CRAB cache. Using URI https://cmsweb.cern.ch/crabcache
DEBUG 2020-09-02 04:19:27.461 UTC: 	 Result uploading input files: 7cf3749bd4138f0c3ec97a2db770e319cc882327d552e87bf22c6c368b4afbe6.tar.gz 
INFO 2020-09-02 04:19:27.461 UTC: 	 Sending the request to the server at cmsweb.cern.ch
DEBUG 2020-09-02 04:19:27.461 UTC: 	 Submitting {'maxjobruntime': 1250, 'extrajdl': [], 'ignorelocality': 0, 'savelogsflag': 0, 'useparent': 0, 'asyncdest': 'T3_US_FNALLPC', 'algoargs': 480, 'cachefilename': '7cf3749bd4138f0c3ec97a2db770e319cc882327d552e87bf22c6c368b4afbe6.tar.gz', 'numcores': 1, 'addoutputfiles': [], 'generator': 'pythia', 'maxmemory': 2000, 'publishdbsurl': 'https://cmsweb.cern.ch/dbs/prod/phys03/DBSWriter', 'priority': 10, 'jobsw': 'CMSSW_10_2_4_patch1', 'edmoutfiles': [], 'userfiles': [], 'primarydataset': '', 'inputdata': '/TTToSemiLeptonic_widthx1p15_TuneCP5_13TeV-powheg-pythia8/RunIIAutumn18MiniAOD-102X_upgrade2018_realistic_v15-v1/MINIAODSIM', 'dryrun': 0, 'workflow': 'crab_semilept_ttbar_QCD_background_01', 'cacheurl': u'https://cmsweb.cern.ch/crabcache', 'nonprodsw': 1, 'tfileoutfiles': ['QCD_ttbar_test.root'], 'oneEventMode': 0, 'debugfilename': '077c87f863b1e86043fee10ad7b45752eaf0ffc1af2011862fa1b01960d1a5dc.tar.gz', 'saveoutput': 1, 'publication': 0, 'jobarch': 'slc7_amd64_gcc700', 'totalunits': 0, 'splitalgo': 'Automatic', 'ignoreglobalblacklist': 0, 'nonvaliddata': 0, 'dbsurl': 'https://cmsweb.cern.ch/dbs/prod/global/DBSReader', 'publishgroupname': 0, 'jobtype': 'Analysis', 'publishname2': 'semilept_ttbar_QCD_background'} 
DEBUG 2020-09-02 04:19:27.462 UTC: 	 Encoded submit request: maxjobruntime=1250&ignorelocality=0&savelogsflag=0&useparent=0&asyncdest=T3_US_FNALLPC&algoargs=480&cachefilename=7cf3749bd4138f0c3ec97a2db770e319cc882327d552e87bf22c6c368b4afbe6.tar.gz&numcores=1&generator=pythia&maxmemory=2000&publishdbsurl=https%3A%2F%2Fcmsweb.cern.ch%2Fdbs%2Fprod%2Fphys03%2FDBSWriter&priority=10&jobsw=CMSSW_10_2_4_patch1&primarydataset=&inputdata=%2FTTToSemiLeptonic_widthx1p15_TuneCP5_13TeV-powheg-pythia8%2FRunIIAutumn18MiniAOD-102X_upgrade2018_realistic_v15-v1%2FMINIAODSIM&dryrun=0&workflow=crab_semilept_ttbar_QCD_background_01&cacheurl=https%3A%2F%2Fcmsweb.cern.ch%2Fcrabcache&nonprodsw=1&oneEventMode=0&debugfilename=077c87f863b1e86043fee10ad7b45752eaf0ffc1af2011862fa1b01960d1a5dc.tar.gz&saveoutput=1&publication=0&jobarch=slc7_amd64_gcc700&totalunits=0&splitalgo=Automatic&ignoreglobalblacklist=0&nonvaliddata=0&dbsurl=https%3A%2F%2Fcmsweb.cern.ch%2Fdbs%2Fprod%2Fglobal%2FDBSReader&publishgroupname=0&jobtype=Analysis&publishname2=semilept_ttbar_QCD_background&tfileoutfiles=QCD_ttbar_test.root
DEBUG 2020-09-02 04:19:41.216 UTC: 	 Result: {u'result': [{u'RequestName': u'200902_041941:ecannaer_crab_semilept_ttbar_QCD_background_01'}]}
INFO 2020-09-02 04:19:41.219 UTC: 	 Success: Your task has been delivered to the prod CRAB3 server.
INFO 2020-09-02 04:19:41.220 UTC: 	 Task name: 200902_041941:ecannaer_crab_semilept_ttbar_QCD_background_01
INFO 2020-09-02 04:19:41.220 UTC: 	 Project dir: crab_projects/crab_semilept_ttbar_QCD_background_01
INFO 2020-09-02 04:19:41.220 UTC: 	 Please use ' crab status -d crab_projects/crab_semilept_ttbar_QCD_background_01 ' to check how the submission process proceeds.
DEBUG 2020-09-02 04:19:41.220 UTC: 	 About to return
INFO 2020-09-02 04:19:41.223 UTC: 	 Log file is /uscms_data/d3/cannaert/src/thrust/CMSSW_10_2_4_patch1/src/crab_projects/crab_semilept_ttbar_QCD_background_01/crab.log
DEBUG 2020-09-02 04:20:09.628 UTC: 	 CRAB Client version: v3.200812
DEBUG 2020-09-02 04:20:09.628 UTC: 	 Running on: Linux cmslpc135.fnal.gov 3.10.0-1127.10.1.el7.x86_64 #1 SMP Tue Jun 2 10:05:57 CDT 2020 x86_64 x86_64 x86_64 GNU/Linux - Scientific Linux 7.8 (Nitrogen)
DEBUG 2020-09-02 04:20:09.628 UTC: 	 Executing command: 'status'
DEBUG 2020-09-02 04:20:09.628 UTC: 	 Found CRAB cache file /uscms/home/cannaert/.crab3
DEBUG 2020-09-02 04:20:09.686 UTC: 	 Checking credentials
DEBUG 2020-09-02 04:20:09.686 UTC: 	 Found proxy file /uscms/home/cannaert/x509up_u54552
DEBUG 2020-09-02 04:20:09.686 UTC: 	 Getting proxy life time left
DEBUG 2020-09-02 04:20:09.788 UTC: 	 Executing : 
 command : voms-proxy-info -file /uscms/home/cannaert/x509up_u54552 -timeleft
 output : 40564

 error: 
 retcode : 0
DEBUG 2020-09-02 04:20:09.891 UTC: 	 Executing : 
 command : voms-proxy-info -file /uscms/home/cannaert/x509up_u54552 -actimeleft
 output : 40564

 error: 
 retcode : 0
DEBUG 2020-09-02 04:20:09.891 UTC: 	 Proxy valid for 11:16:04 hours
DEBUG 2020-09-02 04:20:24.790 UTC: 	 Registering user credentials for server /DC=ch/DC=cern/OU=computers/CN=vocms0105.cern.ch|/DC=ch/DC=cern/OU=computers/CN=crab-(preprod|prod|dev)-tw(02|01).cern.ch|/DC=ch/DC=cern/OU=computers/CN=(ddi|ddidk|mytw).cern.ch|/DC=ch/DC=cern/OU=computers/CN=stefanov(m|m2).cern.ch
DEBUG 2020-09-02 04:20:24.899 UTC: 	 Executing : 
 command : voms-proxy-info -file /uscms/home/cannaert/x509up_u54552 -identity
 output : /DC=ch/DC=cern/OU=Organic Units/OU=Users/CN=ecannaer/CN=832417/CN=Ethan Cannaert

 error: 
 retcode : 0
DEBUG 2020-09-02 04:20:24.899 UTC: 	 Getting myproxy life time left for myproxy.cern.ch
DEBUG 2020-09-02 04:20:24.899 UTC: 	 Calculating hash of /DC=ch/DC=cern/OU=Organic Units/OU=Users/CN=ecannaer/CN=832417/CN=Ethan Cannaert_cmsweb.cern.ch for credential name
DEBUG 2020-09-02 04:20:25.705 UTC: 	 Executing : 
 command : myproxy-info -l dfb5f39d91e4adee325d1dda7edfeb9d4bdd1a42 -s myproxy.cern.ch
 output : username: dfb5f39d91e4adee325d1dda7edfeb9d4bdd1a42
owner: /DC=ch/DC=cern/OU=Organic Units/OU=Users/CN=ecannaer/CN=832417/CN=Ethan Cannaert
  renewal policy: /DC=ch/DC=cern/OU=computers/CN=vocms0105.cern.ch|/DC=ch/DC=cern/OU=computers/CN=crab-(preprod|prod|dev)-tw(02|01).cern.ch|/DC=ch/DC=cern/OU=computers/CN=(ddi|ddidk|mytw).cern.ch|/DC=ch/DC=cern/OU=computers/CN=stefanov(m|m2).cern.ch
  trusted retrieval policy: /DC=ch/DC=cern/OU=computers/CN=vocms0105.cern.ch|/DC=ch/DC=cern/OU=computers/CN=crab-(preprod|prod|dev)-tw(02|01).cern.ch|/DC=ch/DC=cern/OU=computers/CN=(ddi|ddidk|mytw).cern.ch|/DC=ch/DC=cern/OU=computers/CN=stefanov(m|m2).cern.ch
  timeleft: 377:37:17  (15.7 days)

 error: 
 retcode : 0
DEBUG 2020-09-02 04:20:25.705 UTC: 	 Myproxy is valid: 1359437
DEBUG 2020-09-02 04:20:25.705 UTC: 	 Retrieving username ...
DEBUG 2020-09-02 04:20:25.705 UTC: 	 Retrieving username from CRIC...
DEBUG 2020-09-02 04:20:27.156 UTC: 	 username is ecannaer
DEBUG 2020-09-02 04:20:27.160 UTC: 	 Getting myproxy life time left for myproxy.cern.ch
DEBUG 2020-09-02 04:20:27.160 UTC: 	 using ecannaer_CRAB as credential login name
DEBUG 2020-09-02 04:20:27.964 UTC: 	 Executing : 
 command : myproxy-info -l ecannaer_CRAB -s myproxy.cern.ch
 output : username: ecannaer_CRAB
owner: /DC=ch/DC=cern/OU=Organic Units/OU=Users/CN=ecannaer/CN=832417/CN=Ethan Cannaert
  renewal policy: /DC=ch/DC=cern/OU=computers/CN=vocms0105.cern.ch|/DC=ch/DC=cern/OU=computers/CN=crab-(preprod|prod|dev)-tw(02|01).cern.ch|/DC=ch/DC=cern/OU=computers/CN=(ddi|ddidk|mytw).cern.ch|/DC=ch/DC=cern/OU=computers/CN=stefanov(m|m2).cern.ch
  trusted retrieval policy: /DC=ch/DC=cern/OU=computers/CN=vocms0105.cern.ch|/DC=ch/DC=cern/OU=computers/CN=crab-(preprod|prod|dev)-tw(02|01).cern.ch|/DC=ch/DC=cern/OU=computers/CN=(ddi|ddidk|mytw).cern.ch|/DC=ch/DC=cern/OU=computers/CN=stefanov(m|m2).cern.ch
  timeleft: 377:37:33  (15.7 days)

 error: 
 retcode : 0
DEBUG 2020-09-02 04:20:27.964 UTC: 	 Myproxy is valid: 1359453
DEBUG 2020-09-02 04:20:27.966 UTC: 	 Command use: status
DEBUG 2020-09-02 04:20:27.966 UTC: 	 Options use: ['-d', 'crab_projects/crab_semilept_ttbar_QCD_background_01']
DEBUG 2020-09-02 04:20:35.709 UTC: 	 CRABClient version: v3.200812
DEBUG 2020-09-02 04:20:35.709 UTC: 	 Instance is prod
DEBUG 2020-09-02 04:20:35.709 UTC: 	 Server base url is cmsweb.cern.ch
DEBUG 2020-09-02 04:20:35.709 UTC: 	 Command url /crabserver/prod/workflow
DEBUG 2020-09-02 04:20:47.398 UTC: 	 Got information from server oracle database: {u'result': [u'200902_041941:ecannaer_crab_semilept_ttbar_QCD_background_01', u'None', u'None', u'QUEUED', u'SUBMIT', u'2020-09-02 04:19:41.157219', u'None', u'None', u'None', u'CMSSW_10_2_4_patch1', u'slc7_amd64_gcc700', u'/TTToSemiLeptonic_widthx1p15_TuneCP5_13TeV-powheg-pythia8/RunIIAutumn18MiniAOD-102X_upgrade2018_realistic_v15-v1/MINIAODSIM', u'F', u'0', u'[]', u'[]', u'Automatic', u"{'splitOnRun': False, 'minutes_per_job': 480, 'halt_job_on_file_boundaries': False, 'runs': [], 'lumis': []}", u'7cf3749bd4138f0c3ec97a2db770e319cc882327d552e87bf22c6c368b4afbe6.tar.gz', u'https://cmsweb.cern.ch/crabcache', u'ecannaer', u'/DC=ch/DC=cern/OU=Organic Units/OU=Users/CN=ecannaer/CN=832417/CN=Ethan Cannaert', u'cms', u'None', u'None', u'semilept_ttbar_QCD_background-00000000000000000000000000000000', u'F', u'T3_US_FNALLPC', u'https://cmsweb.cern.ch/dbs/prod/global/DBSReader', u'https://cmsweb.cern.ch/dbs/prod/phys03/DBSWriter', u'F', u'[]', u"['QCD_ttbar_test.root']", u'[]', u'Analysis', u'pythia', u'None', u'{}', u'[]', u'F', u'crab-prod-tw01', u'[]', u'1250', u'1', u'2000', u'10', u'None', u'[]', u'None', u'None', u'[]', u'[]', u'https://cmsweb.cern.ch/crabserver/prod', u'cmsgwms-collector-global.cern.ch:9620,cmsgwms-collector-global.fnal.gov', u'None', u'F', u'[]', u'T', u'/store/user/ecannaer/', u'F', u'None', u'F', u'None', u'TTToSemiLeptonic_widthx1p15_TuneCP5_13TeV-powheg-pythia8', u'None', u'077c87f863b1e86043fee10ad7b45752eaf0ffc1af2011862fa1b01960d1a5dc.tar.gz', u'None', u'filetransfers', u'F', u'188.184.22.243', u'0.0', u'None'], u'desc': {u'columns': [u'tm_taskname', u'tm_activity', u'panda_jobset_id', u'tm_task_status', u'tm_task_command', u'tm_start_time', u'tm_start_injection', u'tm_end_injection', u'tm_task_failure', u'tm_job_sw', u'tm_job_arch', u'tm_input_dataset', u'tm_nonvalid_input_dataset', u'tm_use_parent', u'tm_site_whitelist', u'tm_site_blacklist', u'tm_split_algo', u'tm_split_args', u'tm_user_sandbox', u'tm_cache_url', u'tm_username', u'tm_user_dn', u'tm_user_vo', u'tm_user_role', u'tm_user_group', u'tm_publish_name', u'tm_publish_groupname', u'tm_asyncdest', u'tm_dbs_url', u'tm_publish_dbs_url', u'tm_publication', u'tm_outfiles', u'tm_tfile_outfiles', u'tm_edm_outfiles', u'tm_job_type', u'tm_generator', u'tm_events_per_lumi', u'tm_arguments', u'panda_resubmitted_jobs', u'tm_save_logs', u'tw_name', u'tm_user_infiles', u'tm_maxjobruntime', u'tm_numcores', u'tm_maxmemory', u'tm_priority', u'tm_output_dataset', u'tm_task_warnings', u'tm_user_webdir', u'tm_scriptexe', u'tm_scriptargs', u'tm_extrajdl', u'tm_asourl', u'tm_collector', u'tm_schedd', u'tm_dry_run', u'tm_user_files', u'tm_transfer_outputs', u'tm_output_lfn', u'tm_ignore_locality', u'tm_fail_limit', u'tm_one_event_mode', u'tm_secondary_input_dataset', u'tm_primary_dataset', u'tm_last_publication', u'tm_debug_files', u'clusterid', u'tm_asodb', u'tm_ignore_global_blacklist', u'tm_submitter_ip_addr', u'tm_totalunits', u'tm_ddm_reqid']}}
INFO 2020-09-02 04:20:47.399 UTC: 	 CRAB project directory:		/uscms_data/d3/cannaert/src/thrust/CMSSW_10_2_4_patch1/src/crab_projects/crab_semilept_ttbar_QCD_background_01
INFO 2020-09-02 04:20:47.399 UTC: 	 Task name:			200902_041941:ecannaer_crab_semilept_ttbar_QCD_background_01
INFO 2020-09-02 04:20:47.399 UTC: 	 Grid scheduler - Task Worker:	N/A yet - crab-prod-tw01
INFO 2020-09-02 04:20:47.399 UTC: 	 Status on the CRAB server:	QUEUED on command SUBMIT
INFO 2020-09-02 04:20:47.399 UTC: 	 Task URL to use for HELP:	https://cmsweb.cern.ch/crabserver/ui/task/200902_041941%3Aecannaer_crab_semilept_ttbar_QCD_background_01
INFO 2020-09-02 04:20:47.403 UTC: 	 Dashboard monitoring URL:	https://monit-grafana.cern.ch/d/cmsTMDetail/cms-task-monitoring-task-view?orgId=11&var-user=ecannaer&var-task=200902_041941%3Aecannaer_crab_semilept_ttbar_QCD_background_01&from=1599020381000&to=now
INFO 2020-09-02 04:20:47.403 UTC: 	 In case of issues with the dashboard, please provide feedback to hn-cms-computing-tools@cern.ch
DEBUG 2020-09-02 04:20:47.403 UTC: 	 The task has not been submitted to the Grid scheduler yet. Not printing job information.
INFO 2020-09-02 04:20:47.406 UTC: 	 Log file is /uscms_data/d3/cannaert/src/thrust/CMSSW_10_2_4_patch1/src/crab_projects/crab_semilept_ttbar_QCD_background_01/crab.log
DEBUG 2020-09-02 04:22:03.836 UTC: 	 CRAB Client version: v3.200812
DEBUG 2020-09-02 04:22:03.836 UTC: 	 Running on: Linux cmslpc135.fnal.gov 3.10.0-1127.10.1.el7.x86_64 #1 SMP Tue Jun 2 10:05:57 CDT 2020 x86_64 x86_64 x86_64 GNU/Linux - Scientific Linux 7.8 (Nitrogen)
DEBUG 2020-09-02 04:22:03.836 UTC: 	 Executing command: 'status'
DEBUG 2020-09-02 04:22:03.837 UTC: 	 Found CRAB cache file /uscms/home/cannaert/.crab3
DEBUG 2020-09-02 04:22:03.864 UTC: 	 Checking credentials
DEBUG 2020-09-02 04:22:03.865 UTC: 	 Found proxy file /uscms/home/cannaert/x509up_u54552
DEBUG 2020-09-02 04:22:03.865 UTC: 	 Getting proxy life time left
DEBUG 2020-09-02 04:22:03.967 UTC: 	 Executing : 
 command : voms-proxy-info -file /uscms/home/cannaert/x509up_u54552 -timeleft
 output : 40450

 error: 
 retcode : 0
DEBUG 2020-09-02 04:22:04.070 UTC: 	 Executing : 
 command : voms-proxy-info -file /uscms/home/cannaert/x509up_u54552 -actimeleft
 output : 40450

 error: 
 retcode : 0
DEBUG 2020-09-02 04:22:04.070 UTC: 	 Proxy valid for 11:14:10 hours
DEBUG 2020-09-02 04:22:04.639 UTC: 	 Registering user credentials for server /DC=ch/DC=cern/OU=computers/CN=vocms0105.cern.ch|/DC=ch/DC=cern/OU=computers/CN=crab-(preprod|prod|dev)-tw(02|01).cern.ch|/DC=ch/DC=cern/OU=computers/CN=(ddi|ddidk|mytw).cern.ch|/DC=ch/DC=cern/OU=computers/CN=stefanov(m|m2).cern.ch
DEBUG 2020-09-02 04:22:04.744 UTC: 	 Executing : 
 command : voms-proxy-info -file /uscms/home/cannaert/x509up_u54552 -identity
 output : /DC=ch/DC=cern/OU=Organic Units/OU=Users/CN=ecannaer/CN=832417/CN=Ethan Cannaert

 error: 
 retcode : 0
DEBUG 2020-09-02 04:22:04.744 UTC: 	 Getting myproxy life time left for myproxy.cern.ch
DEBUG 2020-09-02 04:22:04.744 UTC: 	 Calculating hash of /DC=ch/DC=cern/OU=Organic Units/OU=Users/CN=ecannaer/CN=832417/CN=Ethan Cannaert_cmsweb.cern.ch for credential name
DEBUG 2020-09-02 04:22:05.748 UTC: 	 Executing : 
 command : myproxy-info -l dfb5f39d91e4adee325d1dda7edfeb9d4bdd1a42 -s myproxy.cern.ch
 output : username: dfb5f39d91e4adee325d1dda7edfeb9d4bdd1a42
owner: /DC=ch/DC=cern/OU=Organic Units/OU=Users/CN=ecannaer/CN=832417/CN=Ethan Cannaert
  renewal policy: /DC=ch/DC=cern/OU=computers/CN=vocms0105.cern.ch|/DC=ch/DC=cern/OU=computers/CN=crab-(preprod|prod|dev)-tw(02|01).cern.ch|/DC=ch/DC=cern/OU=computers/CN=(ddi|ddidk|mytw).cern.ch|/DC=ch/DC=cern/OU=computers/CN=stefanov(m|m2).cern.ch
  trusted retrieval policy: /DC=ch/DC=cern/OU=computers/CN=vocms0105.cern.ch|/DC=ch/DC=cern/OU=computers/CN=crab-(preprod|prod|dev)-tw(02|01).cern.ch|/DC=ch/DC=cern/OU=computers/CN=(ddi|ddidk|mytw).cern.ch|/DC=ch/DC=cern/OU=computers/CN=stefanov(m|m2).cern.ch
  timeleft: 377:35:37  (15.7 days)

 error: 
 retcode : 0
DEBUG 2020-09-02 04:22:05.750 UTC: 	 Myproxy is valid: 1359337
DEBUG 2020-09-02 04:22:05.750 UTC: 	 Retrieving username ...
DEBUG 2020-09-02 04:22:05.750 UTC: 	 Retrieving username from CRIC...
DEBUG 2020-09-02 04:22:07.120 UTC: 	 username is ecannaer
DEBUG 2020-09-02 04:22:07.123 UTC: 	 Getting myproxy life time left for myproxy.cern.ch
DEBUG 2020-09-02 04:22:07.123 UTC: 	 using ecannaer_CRAB as credential login name
DEBUG 2020-09-02 04:22:07.927 UTC: 	 Executing : 
 command : myproxy-info -l ecannaer_CRAB -s myproxy.cern.ch
 output : username: ecannaer_CRAB
owner: /DC=ch/DC=cern/OU=Organic Units/OU=Users/CN=ecannaer/CN=832417/CN=Ethan Cannaert
  renewal policy: /DC=ch/DC=cern/OU=computers/CN=vocms0105.cern.ch|/DC=ch/DC=cern/OU=computers/CN=crab-(preprod|prod|dev)-tw(02|01).cern.ch|/DC=ch/DC=cern/OU=computers/CN=(ddi|ddidk|mytw).cern.ch|/DC=ch/DC=cern/OU=computers/CN=stefanov(m|m2).cern.ch
  trusted retrieval policy: /DC=ch/DC=cern/OU=computers/CN=vocms0105.cern.ch|/DC=ch/DC=cern/OU=computers/CN=crab-(preprod|prod|dev)-tw(02|01).cern.ch|/DC=ch/DC=cern/OU=computers/CN=(ddi|ddidk|mytw).cern.ch|/DC=ch/DC=cern/OU=computers/CN=stefanov(m|m2).cern.ch
  timeleft: 377:35:53  (15.7 days)

 error: 
 retcode : 0
DEBUG 2020-09-02 04:22:07.928 UTC: 	 Myproxy is valid: 1359353
DEBUG 2020-09-02 04:22:07.929 UTC: 	 Command use: status
DEBUG 2020-09-02 04:22:07.929 UTC: 	 Options use: ['-d', 'crab_projects/crab_semilept_ttbar_QCD_background_01']
DEBUG 2020-09-02 04:22:09.178 UTC: 	 CRABClient version: v3.200812
DEBUG 2020-09-02 04:22:09.178 UTC: 	 Instance is prod
DEBUG 2020-09-02 04:22:09.178 UTC: 	 Server base url is cmsweb.cern.ch
DEBUG 2020-09-02 04:22:09.178 UTC: 	 Command url /crabserver/prod/workflow
DEBUG 2020-09-02 04:22:09.772 UTC: 	 Got information from server oracle database: {u'result': [u'200902_041941:ecannaer_crab_semilept_ttbar_QCD_background_01', u'None', u'None', u'SUBMITTED', u'SUBMIT', u'2020-09-02 04:19:41.157219', u'None', u'2020-09-02 04:21:48.789477', u'None', u'CMSSW_10_2_4_patch1', u'slc7_amd64_gcc700', u'/TTToSemiLeptonic_widthx1p15_TuneCP5_13TeV-powheg-pythia8/RunIIAutumn18MiniAOD-102X_upgrade2018_realistic_v15-v1/MINIAODSIM', u'F', u'0', u'[]', u'[]', u'Automatic', u"{'splitOnRun': False, 'minutes_per_job': 480, 'halt_job_on_file_boundaries': False, 'runs': [], 'lumis': []}", u'7cf3749bd4138f0c3ec97a2db770e319cc882327d552e87bf22c6c368b4afbe6.tar.gz', u'https://cmsweb.cern.ch/crabcache', u'ecannaer', u'/DC=ch/DC=cern/OU=Organic Units/OU=Users/CN=ecannaer/CN=832417/CN=Ethan Cannaert', u'cms', u'None', u'None', u'semilept_ttbar_QCD_background-00000000000000000000000000000000', u'F', u'T3_US_FNALLPC', u'https://cmsweb.cern.ch/dbs/prod/global/DBSReader', u'https://cmsweb.cern.ch/dbs/prod/phys03/DBSWriter', u'F', u'[]', u"['QCD_ttbar_test.root']", u'[]', u'Analysis', u'pythia', u'None', u'{}', u'[]', u'F', u'crab-prod-tw01', u'[]', u'1250', u'1', u'2000', u'10', u'None', u'[]', u'http://vocms0198.cern.ch/mon/cms838/200902_041941:ecannaer_crab_semilept_ttbar_QCD_background_01', u'None', u'[]', u'[]', u'https://cmsweb.cern.ch/crabserver/prod', u'cmsgwms-collector-global.cern.ch:9620,cmsgwms-collector-global.fnal.gov', u'crab3@vocms0198.cern.ch', u'F', u'[]', u'T', u'/store/user/ecannaer/', u'F', u'None', u'F', u'None', u'TTToSemiLeptonic_widthx1p15_TuneCP5_13TeV-powheg-pythia8', u'None', u'077c87f863b1e86043fee10ad7b45752eaf0ffc1af2011862fa1b01960d1a5dc.tar.gz', u'52401971', u'filetransfers', u'F', u'188.184.22.243', u'0.0', u'None'], u'desc': {u'columns': [u'tm_taskname', u'tm_activity', u'panda_jobset_id', u'tm_task_status', u'tm_task_command', u'tm_start_time', u'tm_start_injection', u'tm_end_injection', u'tm_task_failure', u'tm_job_sw', u'tm_job_arch', u'tm_input_dataset', u'tm_nonvalid_input_dataset', u'tm_use_parent', u'tm_site_whitelist', u'tm_site_blacklist', u'tm_split_algo', u'tm_split_args', u'tm_user_sandbox', u'tm_cache_url', u'tm_username', u'tm_user_dn', u'tm_user_vo', u'tm_user_role', u'tm_user_group', u'tm_publish_name', u'tm_publish_groupname', u'tm_asyncdest', u'tm_dbs_url', u'tm_publish_dbs_url', u'tm_publication', u'tm_outfiles', u'tm_tfile_outfiles', u'tm_edm_outfiles', u'tm_job_type', u'tm_generator', u'tm_events_per_lumi', u'tm_arguments', u'panda_resubmitted_jobs', u'tm_save_logs', u'tw_name', u'tm_user_infiles', u'tm_maxjobruntime', u'tm_numcores', u'tm_maxmemory', u'tm_priority', u'tm_output_dataset', u'tm_task_warnings', u'tm_user_webdir', u'tm_scriptexe', u'tm_scriptargs', u'tm_extrajdl', u'tm_asourl', u'tm_collector', u'tm_schedd', u'tm_dry_run', u'tm_user_files', u'tm_transfer_outputs', u'tm_output_lfn', u'tm_ignore_locality', u'tm_fail_limit', u'tm_one_event_mode', u'tm_secondary_input_dataset', u'tm_primary_dataset', u'tm_last_publication', u'tm_debug_files', u'clusterid', u'tm_asodb', u'tm_ignore_global_blacklist', u'tm_submitter_ip_addr', u'tm_totalunits', u'tm_ddm_reqid']}}
INFO 2020-09-02 04:22:09.773 UTC: 	 CRAB project directory:		/uscms_data/d3/cannaert/src/thrust/CMSSW_10_2_4_patch1/src/crab_projects/crab_semilept_ttbar_QCD_background_01
INFO 2020-09-02 04:22:09.773 UTC: 	 Task name:			200902_041941:ecannaer_crab_semilept_ttbar_QCD_background_01
INFO 2020-09-02 04:22:09.773 UTC: 	 Grid scheduler - Task Worker:	crab3@vocms0198.cern.ch - crab-prod-tw01
INFO 2020-09-02 04:22:09.773 UTC: 	 Status on the CRAB server:	SUBMITTED
INFO 2020-09-02 04:22:09.773 UTC: 	 Task URL to use for HELP:	https://cmsweb.cern.ch/crabserver/ui/task/200902_041941%3Aecannaer_crab_semilept_ttbar_QCD_background_01
INFO 2020-09-02 04:22:09.777 UTC: 	 Dashboard monitoring URL:	https://monit-grafana.cern.ch/d/cmsTMDetail/cms-task-monitoring-task-view?orgId=11&var-user=ecannaer&var-task=200902_041941%3Aecannaer_crab_semilept_ttbar_QCD_background_01&from=1599020381000&to=now
INFO 2020-09-02 04:22:09.777 UTC: 	 In case of issues with the dashboard, please provide feedback to hn-cms-computing-tools@cern.ch
DEBUG 2020-09-02 04:22:09.777 UTC: 	 The CRAB server submitted your task to the Grid scheduler (cluster ID: 52401971)
DEBUG 2020-09-02 04:22:09.777 UTC: 	 Webdir is located at http://vocms0198.cern.ch/mon/cms838/200902_041941:ecannaer_crab_semilept_ttbar_QCD_background_01
DEBUG 2020-09-02 04:22:12.764 UTC: 	 Proxied webdir is located at https://cmsweb.cern.ch/scheddmon/0198/cms838/200902_041941:ecannaer_crab_semilept_ttbar_QCD_background_01
DEBUG 2020-09-02 04:22:12.764 UTC: 	 Retrieving 'status_cache' file from https://cmsweb.cern.ch/scheddmon/0198/cms838/200902_041941:ecannaer_crab_semilept_ttbar_QCD_background_01/status_cache
INFO 2020-09-02 04:22:13.310 UTC: 	 Waiting for the Grid scheduler to report back the status of your task
ERROR 2020-09-02 04:22:13.310 UTC: 	 Cannot retrieve the status_cache file. Maybe the task process has not run yet? Got:
url=https://cmsweb.cern.ch/scheddmon/0198/cms838/200902_041941:ecannaer_crab_semilept_ttbar_QCD_background_01/status_cache, code=403, reason=Forbidden, headers={'Content-Length': '368', 'Set-Cookie': 'cms-auth=e5e7edc8de35f3a90218cf51d0fd5827ebf82b2f4188ab2278da7d4ce6244fc48c0f9d2960030c33;path=/;secure;httponly;expires=Thu, 01-Jan-1970 00:00:01 GMT', 'Server': 'Apache/2.4.6 (CentOS)', 'Date': 'Wed, 02 Sep 2020 04:22:13 GMT', 'Content-Type': 'text/html; charset=iso-8859-1', 'CMS-Server-Time': 'D=4525 t=1599020533253033'}
ERROR 2020-09-02 04:22:13.310 UTC: 	 url=https://cmsweb.cern.ch/scheddmon/0198/cms838/200902_041941:ecannaer_crab_semilept_ttbar_QCD_background_01/status_cache, code=403, reason=Forbidden, headers={'Content-Length': '368', 'Set-Cookie': 'cms-auth=e5e7edc8de35f3a90218cf51d0fd5827ebf82b2f4188ab2278da7d4ce6244fc48c0f9d2960030c33;path=/;secure;httponly;expires=Thu, 01-Jan-1970 00:00:01 GMT', 'Server': 'Apache/2.4.6 (CentOS)', 'Date': 'Wed, 02 Sep 2020 04:22:13 GMT', 'Content-Type': 'text/html; charset=iso-8859-1', 'CMS-Server-Time': 'D=4525 t=1599020533253033'}
Traceback (most recent call last):
  File "/cvmfs/cms.cern.ch/share/cms/crab-prod/v3.200812.00/lib/CRABClient/Commands/status.py", line 117, in __call__
    statusCacheData = getDataFromURL(url, self.proxyfilename)
  File "/cvmfs/cms.cern.ch/share/cms/crab-prod/v3.200812.00/lib/CRABClient/UserUtilities.py", line 163, in getDataFromURL
    capath=HTTPRequests.getCACertPath())
  File "/cvmfs/cms.cern.ch/share/cms/crab-prod/v3.200812.00/lib/WMCore/Services/pycurl_manager.py", line 280, in request
    raise exc
HTTPException: url=https://cmsweb.cern.ch/scheddmon/0198/cms838/200902_041941:ecannaer_crab_semilept_ttbar_QCD_background_01/status_cache, code=403, reason=Forbidden, headers={'Content-Length': '368', 'Set-Cookie': 'cms-auth=e5e7edc8de35f3a90218cf51d0fd5827ebf82b2f4188ab2278da7d4ce6244fc48c0f9d2960030c33;path=/;secure;httponly;expires=Thu, 01-Jan-1970 00:00:01 GMT', 'Server': 'Apache/2.4.6 (CentOS)', 'Date': 'Wed, 02 Sep 2020 04:22:13 GMT', 'Content-Type': 'text/html; charset=iso-8859-1', 'CMS-Server-Time': 'D=4525 t=1599020533253033'}
INFO 2020-09-02 04:22:13.315 UTC: 	 Log file is /uscms_data/d3/cannaert/src/thrust/CMSSW_10_2_4_patch1/src/crab_projects/crab_semilept_ttbar_QCD_background_01/crab.log
DEBUG 2020-09-02 04:23:45.881 UTC: 	 CRAB Client version: v3.200812
DEBUG 2020-09-02 04:23:45.882 UTC: 	 Running on: Linux cmslpc135.fnal.gov 3.10.0-1127.10.1.el7.x86_64 #1 SMP Tue Jun 2 10:05:57 CDT 2020 x86_64 x86_64 x86_64 GNU/Linux - Scientific Linux 7.8 (Nitrogen)
DEBUG 2020-09-02 04:23:45.882 UTC: 	 Executing command: 'status'
DEBUG 2020-09-02 04:23:45.882 UTC: 	 Found CRAB cache file /uscms/home/cannaert/.crab3
DEBUG 2020-09-02 04:23:45.904 UTC: 	 Checking credentials
DEBUG 2020-09-02 04:23:45.904 UTC: 	 Found proxy file /uscms/home/cannaert/x509up_u54552
DEBUG 2020-09-02 04:23:45.904 UTC: 	 Getting proxy life time left
DEBUG 2020-09-02 04:23:46.006 UTC: 	 Executing : 
 command : voms-proxy-info -file /uscms/home/cannaert/x509up_u54552 -timeleft
 output : 40348

 error: 
 retcode : 0
DEBUG 2020-09-02 04:23:46.109 UTC: 	 Executing : 
 command : voms-proxy-info -file /uscms/home/cannaert/x509up_u54552 -actimeleft
 output : 40347

 error: 
 retcode : 0
DEBUG 2020-09-02 04:23:46.109 UTC: 	 Proxy lifetime 40348 secs is different from voms extension lifetime 40347 secs for proxy: /uscms/home/cannaert/x509up_u54552
DEBUG 2020-09-02 04:23:46.109 UTC: 	 Proxy valid for 11:12:27 hours
DEBUG 2020-09-02 04:23:46.682 UTC: 	 Registering user credentials for server /DC=ch/DC=cern/OU=computers/CN=vocms0105.cern.ch|/DC=ch/DC=cern/OU=computers/CN=crab-(preprod|prod|dev)-tw(02|01).cern.ch|/DC=ch/DC=cern/OU=computers/CN=(ddi|ddidk|mytw).cern.ch|/DC=ch/DC=cern/OU=computers/CN=stefanov(m|m2).cern.ch
DEBUG 2020-09-02 04:23:46.787 UTC: 	 Executing : 
 command : voms-proxy-info -file /uscms/home/cannaert/x509up_u54552 -identity
 output : /DC=ch/DC=cern/OU=Organic Units/OU=Users/CN=ecannaer/CN=832417/CN=Ethan Cannaert

 error: 
 retcode : 0
DEBUG 2020-09-02 04:23:46.787 UTC: 	 Getting myproxy life time left for myproxy.cern.ch
DEBUG 2020-09-02 04:23:46.787 UTC: 	 Calculating hash of /DC=ch/DC=cern/OU=Organic Units/OU=Users/CN=ecannaer/CN=832417/CN=Ethan Cannaert_cmsweb.cern.ch for credential name
DEBUG 2020-09-02 04:23:47.691 UTC: 	 Executing : 
 command : myproxy-info -l dfb5f39d91e4adee325d1dda7edfeb9d4bdd1a42 -s myproxy.cern.ch
 output : username: dfb5f39d91e4adee325d1dda7edfeb9d4bdd1a42
owner: /DC=ch/DC=cern/OU=Organic Units/OU=Users/CN=ecannaer/CN=832417/CN=Ethan Cannaert
  renewal policy: /DC=ch/DC=cern/OU=computers/CN=vocms0105.cern.ch|/DC=ch/DC=cern/OU=computers/CN=crab-(preprod|prod|dev)-tw(02|01).cern.ch|/DC=ch/DC=cern/OU=computers/CN=(ddi|ddidk|mytw).cern.ch|/DC=ch/DC=cern/OU=computers/CN=stefanov(m|m2).cern.ch
  trusted retrieval policy: /DC=ch/DC=cern/OU=computers/CN=vocms0105.cern.ch|/DC=ch/DC=cern/OU=computers/CN=crab-(preprod|prod|dev)-tw(02|01).cern.ch|/DC=ch/DC=cern/OU=computers/CN=(ddi|ddidk|mytw).cern.ch|/DC=ch/DC=cern/OU=computers/CN=stefanov(m|m2).cern.ch
  timeleft: 377:33:55  (15.7 days)

 error: 
 retcode : 0
DEBUG 2020-09-02 04:23:47.692 UTC: 	 Myproxy is valid: 1359235
DEBUG 2020-09-02 04:23:47.692 UTC: 	 Retrieving username ...
DEBUG 2020-09-02 04:23:47.692 UTC: 	 Retrieving username from CRIC...
DEBUG 2020-09-02 04:23:48.993 UTC: 	 username is ecannaer
DEBUG 2020-09-02 04:23:48.997 UTC: 	 Getting myproxy life time left for myproxy.cern.ch
DEBUG 2020-09-02 04:23:48.997 UTC: 	 using ecannaer_CRAB as credential login name
DEBUG 2020-09-02 04:23:49.800 UTC: 	 Executing : 
 command : myproxy-info -l ecannaer_CRAB -s myproxy.cern.ch
 output : username: ecannaer_CRAB
owner: /DC=ch/DC=cern/OU=Organic Units/OU=Users/CN=ecannaer/CN=832417/CN=Ethan Cannaert
  renewal policy: /DC=ch/DC=cern/OU=computers/CN=vocms0105.cern.ch|/DC=ch/DC=cern/OU=computers/CN=crab-(preprod|prod|dev)-tw(02|01).cern.ch|/DC=ch/DC=cern/OU=computers/CN=(ddi|ddidk|mytw).cern.ch|/DC=ch/DC=cern/OU=computers/CN=stefanov(m|m2).cern.ch
  trusted retrieval policy: /DC=ch/DC=cern/OU=computers/CN=vocms0105.cern.ch|/DC=ch/DC=cern/OU=computers/CN=crab-(preprod|prod|dev)-tw(02|01).cern.ch|/DC=ch/DC=cern/OU=computers/CN=(ddi|ddidk|mytw).cern.ch|/DC=ch/DC=cern/OU=computers/CN=stefanov(m|m2).cern.ch
  timeleft: 377:34:11  (15.7 days)

 error: 
 retcode : 0
DEBUG 2020-09-02 04:23:49.801 UTC: 	 Myproxy is valid: 1359251
DEBUG 2020-09-02 04:23:49.801 UTC: 	 Command use: status
DEBUG 2020-09-02 04:23:49.801 UTC: 	 Options use: ['-d', 'crab_projects/crab_semilept_ttbar_QCD_background_01']
DEBUG 2020-09-02 04:23:50.384 UTC: 	 CRABClient version: v3.200812
DEBUG 2020-09-02 04:23:50.384 UTC: 	 Instance is prod
DEBUG 2020-09-02 04:23:50.384 UTC: 	 Server base url is cmsweb.cern.ch
DEBUG 2020-09-02 04:23:50.384 UTC: 	 Command url /crabserver/prod/workflow
DEBUG 2020-09-02 04:23:50.949 UTC: 	 Got information from server oracle database: {u'result': [u'200902_041941:ecannaer_crab_semilept_ttbar_QCD_background_01', u'None', u'None', u'SUBMITTED', u'SUBMIT', u'2020-09-02 04:19:41.157219', u'None', u'2020-09-02 04:21:48.789477', u'None', u'CMSSW_10_2_4_patch1', u'slc7_amd64_gcc700', u'/TTToSemiLeptonic_widthx1p15_TuneCP5_13TeV-powheg-pythia8/RunIIAutumn18MiniAOD-102X_upgrade2018_realistic_v15-v1/MINIAODSIM', u'F', u'0', u'[]', u'[]', u'Automatic', u"{'splitOnRun': False, 'minutes_per_job': 480, 'halt_job_on_file_boundaries': False, 'runs': [], 'lumis': []}", u'7cf3749bd4138f0c3ec97a2db770e319cc882327d552e87bf22c6c368b4afbe6.tar.gz', u'https://cmsweb.cern.ch/crabcache', u'ecannaer', u'/DC=ch/DC=cern/OU=Organic Units/OU=Users/CN=ecannaer/CN=832417/CN=Ethan Cannaert', u'cms', u'None', u'None', u'semilept_ttbar_QCD_background-00000000000000000000000000000000', u'F', u'T3_US_FNALLPC', u'https://cmsweb.cern.ch/dbs/prod/global/DBSReader', u'https://cmsweb.cern.ch/dbs/prod/phys03/DBSWriter', u'F', u'[]', u"['QCD_ttbar_test.root']", u'[]', u'Analysis', u'pythia', u'None', u'{}', u'[]', u'F', u'crab-prod-tw01', u'[]', u'1250', u'1', u'2000', u'10', u'None', u'[]', u'http://vocms0198.cern.ch/mon/cms838/200902_041941:ecannaer_crab_semilept_ttbar_QCD_background_01', u'None', u'[]', u'[]', u'https://cmsweb.cern.ch/crabserver/prod', u'cmsgwms-collector-global.cern.ch:9620,cmsgwms-collector-global.fnal.gov', u'crab3@vocms0198.cern.ch', u'F', u'[]', u'T', u'/store/user/ecannaer/', u'F', u'None', u'F', u'None', u'TTToSemiLeptonic_widthx1p15_TuneCP5_13TeV-powheg-pythia8', u'None', u'077c87f863b1e86043fee10ad7b45752eaf0ffc1af2011862fa1b01960d1a5dc.tar.gz', u'52401971', u'filetransfers', u'F', u'188.184.22.243', u'0.0', u'None'], u'desc': {u'columns': [u'tm_taskname', u'tm_activity', u'panda_jobset_id', u'tm_task_status', u'tm_task_command', u'tm_start_time', u'tm_start_injection', u'tm_end_injection', u'tm_task_failure', u'tm_job_sw', u'tm_job_arch', u'tm_input_dataset', u'tm_nonvalid_input_dataset', u'tm_use_parent', u'tm_site_whitelist', u'tm_site_blacklist', u'tm_split_algo', u'tm_split_args', u'tm_user_sandbox', u'tm_cache_url', u'tm_username', u'tm_user_dn', u'tm_user_vo', u'tm_user_role', u'tm_user_group', u'tm_publish_name', u'tm_publish_groupname', u'tm_asyncdest', u'tm_dbs_url', u'tm_publish_dbs_url', u'tm_publication', u'tm_outfiles', u'tm_tfile_outfiles', u'tm_edm_outfiles', u'tm_job_type', u'tm_generator', u'tm_events_per_lumi', u'tm_arguments', u'panda_resubmitted_jobs', u'tm_save_logs', u'tw_name', u'tm_user_infiles', u'tm_maxjobruntime', u'tm_numcores', u'tm_maxmemory', u'tm_priority', u'tm_output_dataset', u'tm_task_warnings', u'tm_user_webdir', u'tm_scriptexe', u'tm_scriptargs', u'tm_extrajdl', u'tm_asourl', u'tm_collector', u'tm_schedd', u'tm_dry_run', u'tm_user_files', u'tm_transfer_outputs', u'tm_output_lfn', u'tm_ignore_locality', u'tm_fail_limit', u'tm_one_event_mode', u'tm_secondary_input_dataset', u'tm_primary_dataset', u'tm_last_publication', u'tm_debug_files', u'clusterid', u'tm_asodb', u'tm_ignore_global_blacklist', u'tm_submitter_ip_addr', u'tm_totalunits', u'tm_ddm_reqid']}}
INFO 2020-09-02 04:23:50.949 UTC: 	 CRAB project directory:		/uscms_data/d3/cannaert/src/thrust/CMSSW_10_2_4_patch1/src/crab_projects/crab_semilept_ttbar_QCD_background_01
INFO 2020-09-02 04:23:50.949 UTC: 	 Task name:			200902_041941:ecannaer_crab_semilept_ttbar_QCD_background_01
INFO 2020-09-02 04:23:50.949 UTC: 	 Grid scheduler - Task Worker:	crab3@vocms0198.cern.ch - crab-prod-tw01
INFO 2020-09-02 04:23:50.949 UTC: 	 Status on the CRAB server:	SUBMITTED
INFO 2020-09-02 04:23:50.950 UTC: 	 Task URL to use for HELP:	https://cmsweb.cern.ch/crabserver/ui/task/200902_041941%3Aecannaer_crab_semilept_ttbar_QCD_background_01
INFO 2020-09-02 04:23:50.953 UTC: 	 Dashboard monitoring URL:	https://monit-grafana.cern.ch/d/cmsTMDetail/cms-task-monitoring-task-view?orgId=11&var-user=ecannaer&var-task=200902_041941%3Aecannaer_crab_semilept_ttbar_QCD_background_01&from=1599020381000&to=now
INFO 2020-09-02 04:23:50.954 UTC: 	 In case of issues with the dashboard, please provide feedback to hn-cms-computing-tools@cern.ch
DEBUG 2020-09-02 04:23:50.954 UTC: 	 The CRAB server submitted your task to the Grid scheduler (cluster ID: 52401971)
DEBUG 2020-09-02 04:23:50.954 UTC: 	 Webdir is located at http://vocms0198.cern.ch/mon/cms838/200902_041941:ecannaer_crab_semilept_ttbar_QCD_background_01
DEBUG 2020-09-02 04:23:56.879 UTC: 	 Proxied webdir is located at https://cmsweb.cern.ch/scheddmon/0198/cms838/200902_041941:ecannaer_crab_semilept_ttbar_QCD_background_01
DEBUG 2020-09-02 04:23:56.879 UTC: 	 Retrieving 'status_cache' file from https://cmsweb.cern.ch/scheddmon/0198/cms838/200902_041941:ecannaer_crab_semilept_ttbar_QCD_background_01/status_cache
DEBUG 2020-09-02 04:23:57.540 UTC: 	 Got information from status cache file: {'0-4': {'Retries': 0, 'WallDurations': [0], 'StartTimes': [], 'SubmitTimes': [1599020523.0], 'JobIds': ['52401976.0'], 'EndTimes': [], 'Restarts': 0, 'RecordedSite': False, 'State': 'idle', 'ResidentSetSize': [0], 'TotalUserCpuTimeHistory': [0.0], 'SiteHistory': ['Unknown'], 'TotalSysCpuTimeHistory': [0.0]}, '0-5': {'Retries': 0, 'WallDurations': [0], 'StartTimes': [], 'SubmitTimes': [1599020522.0], 'JobIds': ['52401973.0'], 'EndTimes': [], 'Restarts': 0, 'RecordedSite': False, 'State': 'idle', 'ResidentSetSize': [0], 'TotalUserCpuTimeHistory': [0.0], 'SiteHistory': ['Unknown'], 'TotalSysCpuTimeHistory': [0.0]}, '0-1': {'Retries': 0, 'WallDurations': [0], 'StartTimes': [], 'SubmitTimes': [1599020523.0], 'JobIds': ['52401975.0'], 'EndTimes': [], 'Restarts': 0, 'RecordedSite': False, 'State': 'idle', 'ResidentSetSize': [0], 'TotalUserCpuTimeHistory': [0.0], 'SiteHistory': ['Unknown'], 'TotalSysCpuTimeHistory': [0.0]}, '0-2': {'Retries': 0, 'WallDurations': [0], 'StartTimes': [], 'SubmitTimes': [1599020523.0], 'JobIds': ['52401977.0'], 'EndTimes': [], 'Restarts': 0, 'RecordedSite': False, 'State': 'idle', 'ResidentSetSize': [0], 'TotalUserCpuTimeHistory': [0.0], 'SiteHistory': ['Unknown'], 'TotalSysCpuTimeHistory': [0.0]}, '0-3': {'Retries': 0, 'WallDurations': [0], 'StartTimes': [], 'SubmitTimes': [1599020522.0], 'JobIds': ['52401974.0'], 'EndTimes': [], 'Restarts': 0, 'RecordedSite': False, 'State': 'idle', 'ResidentSetSize': [0], 'TotalUserCpuTimeHistory': [0.0], 'SiteHistory': ['Unknown'], 'TotalSysCpuTimeHistory': [0.0]}}
INFO 2020-09-02 04:23:57.540 UTC: 	 Status on the scheduler:	SUBMITTED
INFO 2020-09-02 04:23:57.541 UTC: 	 
The job splitting of this task is 'Automatic', please refer to this FAQ for a description of the jobs status summary:
https://twiki.cern.ch/twiki/bin/view/CMSPublic/CRAB3FAQ#What_is_the_Automatic_splitting
INFO 2020-09-02 04:23:57.541 UTC: 	 Probe stage log:		https://cmsweb.cern.ch/scheddmon/0198/cms838/200902_041941:ecannaer_crab_semilept_ttbar_QCD_background_01/AutomaticSplitting_Log0.txt
INFO 2020-09-02 04:23:57.541 UTC: 	 
No publication information (publication has been disabled in the CRAB configuration file)
INFO 2020-09-02 04:23:57.543 UTC: 	 Log file is /uscms_data/d3/cannaert/src/thrust/CMSSW_10_2_4_patch1/src/crab_projects/crab_semilept_ttbar_QCD_background_01/crab.log
DEBUG 2020-09-02 04:27:22.239 UTC: 	 CRAB Client version: v3.200812
DEBUG 2020-09-02 04:27:22.239 UTC: 	 Running on: Linux cmslpc135.fnal.gov 3.10.0-1127.10.1.el7.x86_64 #1 SMP Tue Jun 2 10:05:57 CDT 2020 x86_64 x86_64 x86_64 GNU/Linux - Scientific Linux 7.8 (Nitrogen)
DEBUG 2020-09-02 04:27:22.239 UTC: 	 Executing command: 'status'
DEBUG 2020-09-02 04:27:22.240 UTC: 	 Found CRAB cache file /uscms/home/cannaert/.crab3
DEBUG 2020-09-02 04:27:22.259 UTC: 	 Checking credentials
DEBUG 2020-09-02 04:27:22.260 UTC: 	 Found proxy file /uscms/home/cannaert/x509up_u54552
DEBUG 2020-09-02 04:27:22.260 UTC: 	 Getting proxy life time left
DEBUG 2020-09-02 04:27:22.362 UTC: 	 Executing : 
 command : voms-proxy-info -file /uscms/home/cannaert/x509up_u54552 -timeleft
 output : 40131

 error: 
 retcode : 0
DEBUG 2020-09-02 04:27:22.464 UTC: 	 Executing : 
 command : voms-proxy-info -file /uscms/home/cannaert/x509up_u54552 -actimeleft
 output : 40131

 error: 
 retcode : 0
DEBUG 2020-09-02 04:27:22.465 UTC: 	 Proxy valid for 11:08:51 hours
DEBUG 2020-09-02 04:27:23.119 UTC: 	 Registering user credentials for server /DC=ch/DC=cern/OU=computers/CN=vocms0105.cern.ch|/DC=ch/DC=cern/OU=computers/CN=crab-(preprod|prod|dev)-tw(02|01).cern.ch|/DC=ch/DC=cern/OU=computers/CN=(ddi|ddidk|mytw).cern.ch|/DC=ch/DC=cern/OU=computers/CN=stefanov(m|m2).cern.ch
DEBUG 2020-09-02 04:27:23.225 UTC: 	 Executing : 
 command : voms-proxy-info -file /uscms/home/cannaert/x509up_u54552 -identity
 output : /DC=ch/DC=cern/OU=Organic Units/OU=Users/CN=ecannaer/CN=832417/CN=Ethan Cannaert

 error: 
 retcode : 0
DEBUG 2020-09-02 04:27:23.225 UTC: 	 Getting myproxy life time left for myproxy.cern.ch
DEBUG 2020-09-02 04:27:23.225 UTC: 	 Calculating hash of /DC=ch/DC=cern/OU=Organic Units/OU=Users/CN=ecannaer/CN=832417/CN=Ethan Cannaert_cmsweb.cern.ch for credential name
DEBUG 2020-09-02 04:27:24.129 UTC: 	 Executing : 
 command : myproxy-info -l dfb5f39d91e4adee325d1dda7edfeb9d4bdd1a42 -s myproxy.cern.ch
 output : username: dfb5f39d91e4adee325d1dda7edfeb9d4bdd1a42
owner: /DC=ch/DC=cern/OU=Organic Units/OU=Users/CN=ecannaer/CN=832417/CN=Ethan Cannaert
  renewal policy: /DC=ch/DC=cern/OU=computers/CN=vocms0105.cern.ch|/DC=ch/DC=cern/OU=computers/CN=crab-(preprod|prod|dev)-tw(02|01).cern.ch|/DC=ch/DC=cern/OU=computers/CN=(ddi|ddidk|mytw).cern.ch|/DC=ch/DC=cern/OU=computers/CN=stefanov(m|m2).cern.ch
  trusted retrieval policy: /DC=ch/DC=cern/OU=computers/CN=vocms0105.cern.ch|/DC=ch/DC=cern/OU=computers/CN=crab-(preprod|prod|dev)-tw(02|01).cern.ch|/DC=ch/DC=cern/OU=computers/CN=(ddi|ddidk|mytw).cern.ch|/DC=ch/DC=cern/OU=computers/CN=stefanov(m|m2).cern.ch
  timeleft: 377:30:18  (15.7 days)

 error: 
 retcode : 0
DEBUG 2020-09-02 04:27:24.131 UTC: 	 Myproxy is valid: 1359018
DEBUG 2020-09-02 04:27:24.131 UTC: 	 Retrieving username ...
DEBUG 2020-09-02 04:27:24.131 UTC: 	 Retrieving username from CRIC...
DEBUG 2020-09-02 04:27:25.677 UTC: 	 username is ecannaer
DEBUG 2020-09-02 04:27:25.680 UTC: 	 Getting myproxy life time left for myproxy.cern.ch
DEBUG 2020-09-02 04:27:25.680 UTC: 	 using ecannaer_CRAB as credential login name
DEBUG 2020-09-02 04:27:26.584 UTC: 	 Executing : 
 command : myproxy-info -l ecannaer_CRAB -s myproxy.cern.ch
 output : username: ecannaer_CRAB
owner: /DC=ch/DC=cern/OU=Organic Units/OU=Users/CN=ecannaer/CN=832417/CN=Ethan Cannaert
  renewal policy: /DC=ch/DC=cern/OU=computers/CN=vocms0105.cern.ch|/DC=ch/DC=cern/OU=computers/CN=crab-(preprod|prod|dev)-tw(02|01).cern.ch|/DC=ch/DC=cern/OU=computers/CN=(ddi|ddidk|mytw).cern.ch|/DC=ch/DC=cern/OU=computers/CN=stefanov(m|m2).cern.ch
  trusted retrieval policy: /DC=ch/DC=cern/OU=computers/CN=vocms0105.cern.ch|/DC=ch/DC=cern/OU=computers/CN=crab-(preprod|prod|dev)-tw(02|01).cern.ch|/DC=ch/DC=cern/OU=computers/CN=(ddi|ddidk|mytw).cern.ch|/DC=ch/DC=cern/OU=computers/CN=stefanov(m|m2).cern.ch
  timeleft: 377:30:34  (15.7 days)

 error: 
 retcode : 0
DEBUG 2020-09-02 04:27:26.585 UTC: 	 Myproxy is valid: 1359034
DEBUG 2020-09-02 04:27:26.585 UTC: 	 Command use: status
DEBUG 2020-09-02 04:27:26.585 UTC: 	 Options use: ['-d', 'crab_projects/crab_semilept_ttbar_QCD_background_01']
DEBUG 2020-09-02 04:27:27.143 UTC: 	 CRABClient version: v3.200812
DEBUG 2020-09-02 04:27:27.144 UTC: 	 Instance is prod
DEBUG 2020-09-02 04:27:27.144 UTC: 	 Server base url is cmsweb.cern.ch
DEBUG 2020-09-02 04:27:27.144 UTC: 	 Command url /crabserver/prod/workflow
DEBUG 2020-09-02 04:27:31.700 UTC: 	 Got information from server oracle database: {u'result': [u'200902_041941:ecannaer_crab_semilept_ttbar_QCD_background_01', u'None', u'None', u'SUBMITTED', u'SUBMIT', u'2020-09-02 04:19:41.157219', u'None', u'2020-09-02 04:21:48.789477', u'None', u'CMSSW_10_2_4_patch1', u'slc7_amd64_gcc700', u'/TTToSemiLeptonic_widthx1p15_TuneCP5_13TeV-powheg-pythia8/RunIIAutumn18MiniAOD-102X_upgrade2018_realistic_v15-v1/MINIAODSIM', u'F', u'0', u'[]', u'[]', u'Automatic', u"{'splitOnRun': False, 'minutes_per_job': 480, 'halt_job_on_file_boundaries': False, 'runs': [], 'lumis': []}", u'7cf3749bd4138f0c3ec97a2db770e319cc882327d552e87bf22c6c368b4afbe6.tar.gz', u'https://cmsweb.cern.ch/crabcache', u'ecannaer', u'/DC=ch/DC=cern/OU=Organic Units/OU=Users/CN=ecannaer/CN=832417/CN=Ethan Cannaert', u'cms', u'None', u'None', u'semilept_ttbar_QCD_background-00000000000000000000000000000000', u'F', u'T3_US_FNALLPC', u'https://cmsweb.cern.ch/dbs/prod/global/DBSReader', u'https://cmsweb.cern.ch/dbs/prod/phys03/DBSWriter', u'F', u'[]', u"['QCD_ttbar_test.root']", u'[]', u'Analysis', u'pythia', u'None', u'{}', u'[]', u'F', u'crab-prod-tw01', u'[]', u'1250', u'1', u'2000', u'10', u'None', u'[]', u'http://vocms0198.cern.ch/mon/cms838/200902_041941:ecannaer_crab_semilept_ttbar_QCD_background_01', u'None', u'[]', u'[]', u'https://cmsweb.cern.ch/crabserver/prod', u'cmsgwms-collector-global.cern.ch:9620,cmsgwms-collector-global.fnal.gov', u'crab3@vocms0198.cern.ch', u'F', u'[]', u'T', u'/store/user/ecannaer/', u'F', u'None', u'F', u'None', u'TTToSemiLeptonic_widthx1p15_TuneCP5_13TeV-powheg-pythia8', u'None', u'077c87f863b1e86043fee10ad7b45752eaf0ffc1af2011862fa1b01960d1a5dc.tar.gz', u'52401971', u'filetransfers', u'F', u'188.184.22.243', u'0.0', u'None'], u'desc': {u'columns': [u'tm_taskname', u'tm_activity', u'panda_jobset_id', u'tm_task_status', u'tm_task_command', u'tm_start_time', u'tm_start_injection', u'tm_end_injection', u'tm_task_failure', u'tm_job_sw', u'tm_job_arch', u'tm_input_dataset', u'tm_nonvalid_input_dataset', u'tm_use_parent', u'tm_site_whitelist', u'tm_site_blacklist', u'tm_split_algo', u'tm_split_args', u'tm_user_sandbox', u'tm_cache_url', u'tm_username', u'tm_user_dn', u'tm_user_vo', u'tm_user_role', u'tm_user_group', u'tm_publish_name', u'tm_publish_groupname', u'tm_asyncdest', u'tm_dbs_url', u'tm_publish_dbs_url', u'tm_publication', u'tm_outfiles', u'tm_tfile_outfiles', u'tm_edm_outfiles', u'tm_job_type', u'tm_generator', u'tm_events_per_lumi', u'tm_arguments', u'panda_resubmitted_jobs', u'tm_save_logs', u'tw_name', u'tm_user_infiles', u'tm_maxjobruntime', u'tm_numcores', u'tm_maxmemory', u'tm_priority', u'tm_output_dataset', u'tm_task_warnings', u'tm_user_webdir', u'tm_scriptexe', u'tm_scriptargs', u'tm_extrajdl', u'tm_asourl', u'tm_collector', u'tm_schedd', u'tm_dry_run', u'tm_user_files', u'tm_transfer_outputs', u'tm_output_lfn', u'tm_ignore_locality', u'tm_fail_limit', u'tm_one_event_mode', u'tm_secondary_input_dataset', u'tm_primary_dataset', u'tm_last_publication', u'tm_debug_files', u'clusterid', u'tm_asodb', u'tm_ignore_global_blacklist', u'tm_submitter_ip_addr', u'tm_totalunits', u'tm_ddm_reqid']}}
INFO 2020-09-02 04:27:31.701 UTC: 	 CRAB project directory:		/uscms_data/d3/cannaert/src/thrust/CMSSW_10_2_4_patch1/src/crab_projects/crab_semilept_ttbar_QCD_background_01
INFO 2020-09-02 04:27:31.701 UTC: 	 Task name:			200902_041941:ecannaer_crab_semilept_ttbar_QCD_background_01
INFO 2020-09-02 04:27:31.701 UTC: 	 Grid scheduler - Task Worker:	crab3@vocms0198.cern.ch - crab-prod-tw01
INFO 2020-09-02 04:27:31.701 UTC: 	 Status on the CRAB server:	SUBMITTED
INFO 2020-09-02 04:27:31.701 UTC: 	 Task URL to use for HELP:	https://cmsweb.cern.ch/crabserver/ui/task/200902_041941%3Aecannaer_crab_semilept_ttbar_QCD_background_01
INFO 2020-09-02 04:27:31.705 UTC: 	 Dashboard monitoring URL:	https://monit-grafana.cern.ch/d/cmsTMDetail/cms-task-monitoring-task-view?orgId=11&var-user=ecannaer&var-task=200902_041941%3Aecannaer_crab_semilept_ttbar_QCD_background_01&from=1599020381000&to=now
INFO 2020-09-02 04:27:31.705 UTC: 	 In case of issues with the dashboard, please provide feedback to hn-cms-computing-tools@cern.ch
DEBUG 2020-09-02 04:27:31.705 UTC: 	 The CRAB server submitted your task to the Grid scheduler (cluster ID: 52401971)
DEBUG 2020-09-02 04:27:31.705 UTC: 	 Webdir is located at http://vocms0198.cern.ch/mon/cms838/200902_041941:ecannaer_crab_semilept_ttbar_QCD_background_01
DEBUG 2020-09-02 04:27:43.034 UTC: 	 Proxied webdir is located at https://cmsweb.cern.ch/scheddmon/0198/cms838/200902_041941:ecannaer_crab_semilept_ttbar_QCD_background_01
DEBUG 2020-09-02 04:27:43.034 UTC: 	 Retrieving 'status_cache' file from https://cmsweb.cern.ch/scheddmon/0198/cms838/200902_041941:ecannaer_crab_semilept_ttbar_QCD_background_01/status_cache
DEBUG 2020-09-02 04:27:43.582 UTC: 	 Got information from status cache file: {'0-4': {'Retries': 0, 'WallDurations': [0], 'StartTimes': [], 'SubmitTimes': [1599020523.0], 'JobIds': ['52401976.0'], 'EndTimes': [], 'Restarts': 0, 'RecordedSite': False, 'State': 'idle', 'ResidentSetSize': [0], 'TotalUserCpuTimeHistory': [0.0], 'SiteHistory': ['Unknown'], 'TotalSysCpuTimeHistory': [0.0]}, '0-5': {'Retries': 0, 'WallDurations': [0], 'StartTimes': [], 'SubmitTimes': [1599020522.0], 'JobIds': ['52401973.0'], 'EndTimes': [], 'Restarts': 0, 'RecordedSite': False, 'State': 'idle', 'ResidentSetSize': [0], 'TotalUserCpuTimeHistory': [0.0], 'SiteHistory': ['Unknown'], 'TotalSysCpuTimeHistory': [0.0]}, '0-1': {'Retries': 0, 'WallDurations': [0], 'StartTimes': [], 'SubmitTimes': [1599020523.0], 'JobIds': ['52401975.0'], 'EndTimes': [], 'Restarts': 0, 'RecordedSite': False, 'State': 'idle', 'ResidentSetSize': [0], 'TotalUserCpuTimeHistory': [0.0], 'SiteHistory': ['Unknown'], 'TotalSysCpuTimeHistory': [0.0]}, '0-2': {'Retries': 0, 'WallDurations': [0], 'StartTimes': [], 'SubmitTimes': [1599020523.0], 'JobIds': ['52401977.0'], 'EndTimes': [], 'Restarts': 0, 'RecordedSite': False, 'State': 'idle', 'ResidentSetSize': [0], 'TotalUserCpuTimeHistory': [0.0], 'SiteHistory': ['Unknown'], 'TotalSysCpuTimeHistory': [0.0]}, '0-3': {'Retries': 0, 'WallDurations': [0], 'StartTimes': [], 'SubmitTimes': [1599020522.0], 'JobIds': ['52401974.0'], 'EndTimes': [], 'Restarts': 0, 'RecordedSite': False, 'State': 'idle', 'ResidentSetSize': [0], 'TotalUserCpuTimeHistory': [0.0], 'SiteHistory': ['Unknown'], 'TotalSysCpuTimeHistory': [0.0]}}
INFO 2020-09-02 04:27:43.582 UTC: 	 Status on the scheduler:	SUBMITTED
INFO 2020-09-02 04:27:43.582 UTC: 	 
The job splitting of this task is 'Automatic', please refer to this FAQ for a description of the jobs status summary:
https://twiki.cern.ch/twiki/bin/view/CMSPublic/CRAB3FAQ#What_is_the_Automatic_splitting
INFO 2020-09-02 04:27:43.582 UTC: 	 Probe stage log:		https://cmsweb.cern.ch/scheddmon/0198/cms838/200902_041941:ecannaer_crab_semilept_ttbar_QCD_background_01/AutomaticSplitting_Log0.txt
INFO 2020-09-02 04:27:43.582 UTC: 	 
No publication information (publication has been disabled in the CRAB configuration file)
INFO 2020-09-02 04:27:43.585 UTC: 	 Log file is /uscms_data/d3/cannaert/src/thrust/CMSSW_10_2_4_patch1/src/crab_projects/crab_semilept_ttbar_QCD_background_01/crab.log
