DEBUG 2020-12-01 04:26:58.864 UTC: 	 CRAB Client version: v3.201110
DEBUG 2020-12-01 04:26:58.865 UTC: 	 Running on: Linux cmslpc128.fnal.gov 3.10.0-1127.19.1.el7.x86_64 #1 SMP Thu Aug 20 14:39:03 CDT 2020 x86_64 x86_64 x86_64 GNU/Linux - Scientific Linux 7.9 (Nitrogen)
DEBUG 2020-12-01 04:26:58.865 UTC: 	 Executing command: 'submit'
DEBUG 2020-12-01 04:26:58.865 UTC: 	 Found CRAB cache file /uscms/home/cannaert/.crab3
INFO 2020-12-01 04:26:58.876 UTC: 	 Will use CRAB configuration file crab_diquark_QCD_ccfg.py
DEBUG 2020-12-01 04:26:58.877 UTC: 	 Loading CRAB configuration file.
DEBUG 2020-12-01 04:26:58.894 UTC: 	 Will use CRAB Analysis plugin (i.e. will run an analysis job type).
DEBUG 2020-12-01 04:26:58.917 UTC: 	 Checking credentials
DEBUG 2020-12-01 04:26:58.917 UTC: 	 Found proxy file /uscms/home/cannaert/x509up_u54552
DEBUG 2020-12-01 04:26:58.917 UTC: 	 Getting proxy life time left
DEBUG 2020-12-01 04:26:59.020 UTC: 	 Executing : 
 command : voms-proxy-info -file /uscms/home/cannaert/x509up_u54552 -timeleft
 output : 42281

 error: 
 retcode : 0
DEBUG 2020-12-01 04:26:59.124 UTC: 	 Executing : 
 command : voms-proxy-info -file /uscms/home/cannaert/x509up_u54552 -actimeleft
 output : 42280

 error: 
 retcode : 0
DEBUG 2020-12-01 04:26:59.124 UTC: 	 Proxy lifetime 42281 secs is different from voms extension lifetime 42280 secs for proxy: /uscms/home/cannaert/x509up_u54552
DEBUG 2020-12-01 04:26:59.124 UTC: 	 Proxy valid for 11:44:40 hours
DEBUG 2020-12-01 04:26:59.227 UTC: 	 Executing : 
 command : env X509_USER_PROXY=/uscms/home/cannaert/x509up_u54552 voms-proxy-info -fqan
 output : /cms/Role=NULL/Capability=NULL

 error: 
 retcode : 0
DEBUG 2020-12-01 04:26:59.823 UTC: 	 Registering user credentials for server /DC=ch/DC=cern/OU=computers/CN=vocms0105.cern.ch|/DC=ch/DC=cern/OU=computers/CN=crab-(preprod|prod|dev)-tw(02|01).cern.ch|/DC=ch/DC=cern/OU=computers/CN=(ddi|ddidk|mytw).cern.ch|/DC=ch/DC=cern/OU=computers/CN=stefanov(m|m2).cern.ch
DEBUG 2020-12-01 04:26:59.929 UTC: 	 Executing : 
 command : voms-proxy-info -file /uscms/home/cannaert/x509up_u54552 -identity
 output : /DC=ch/DC=cern/OU=Organic Units/OU=Users/CN=ecannaer/CN=832417/CN=Ethan Cannaert

 error: 
 retcode : 0
DEBUG 2020-12-01 04:26:59.933 UTC: 	 Getting myproxy life time left for myproxy.cern.ch
DEBUG 2020-12-01 04:26:59.933 UTC: 	 using b7b51e0178e197a43a1d723fd43ab6570e42a3d5 as credential login name
DEBUG 2020-12-01 04:27:00.938 UTC: 	 Executing : 
 command : myproxy-info -l b7b51e0178e197a43a1d723fd43ab6570e42a3d5 -s myproxy.cern.ch
 output : username: b7b51e0178e197a43a1d723fd43ab6570e42a3d5
owner: /DC=ch/DC=cern/OU=Organic Units/OU=Users/CN=ecannaer/CN=832417/CN=Ethan Cannaert
  renewal policy: /DC=ch/DC=cern/OU=computers/CN=vocms0105.cern.ch|/DC=ch/DC=cern/OU=computers/CN=crab-(preprod|prod|dev)-tw(02|01).cern.ch|/DC=ch/DC=cern/OU=computers/CN=(ddi|ddidk|mytw).cern.ch|/DC=ch/DC=cern/OU=computers/CN=stefanov(m|m2).cern.ch
  trusted retrieval policy: /DC=ch/DC=cern/OU=computers/CN=vocms0105.cern.ch|/DC=ch/DC=cern/OU=computers/CN=crab-(preprod|prod|dev)-tw(02|01).cern.ch|/DC=ch/DC=cern/OU=computers/CN=(ddi|ddidk|mytw).cern.ch|/DC=ch/DC=cern/OU=computers/CN=stefanov(m|m2).cern.ch
  timeleft: 716:26:22  (29.9 days)

 error: 
 retcode : 0
DEBUG 2020-12-01 04:27:00.939 UTC: 	 Myproxy is valid: 2579182
DEBUG 2020-12-01 04:27:00.939 UTC: 	 Retrieving username ...
DEBUG 2020-12-01 04:27:00.939 UTC: 	 Retrieving username from CRIC...
DEBUG 2020-12-01 04:27:02.214 UTC: 	 username is ecannaer
DEBUG 2020-12-01 04:27:02.218 UTC: 	 Getting myproxy life time left for myproxy.cern.ch
DEBUG 2020-12-01 04:27:02.218 UTC: 	 using ecannaer_CRAB as credential login name
DEBUG 2020-12-01 04:27:03.022 UTC: 	 Executing : 
 command : myproxy-info -l ecannaer_CRAB -s myproxy.cern.ch
 output : username: ecannaer_CRAB
owner: /DC=ch/DC=cern/OU=Organic Units/OU=Users/CN=ecannaer/CN=832417/CN=Ethan Cannaert
  renewal policy: /DC=ch/DC=cern/OU=computers/CN=vocms0105.cern.ch|/DC=ch/DC=cern/OU=computers/CN=crab-(preprod|prod|dev)-tw(02|01).cern.ch|/DC=ch/DC=cern/OU=computers/CN=(ddi|ddidk|mytw).cern.ch|/DC=ch/DC=cern/OU=computers/CN=stefanov(m|m2).cern.ch
  trusted retrieval policy: /DC=ch/DC=cern/OU=computers/CN=vocms0105.cern.ch|/DC=ch/DC=cern/OU=computers/CN=crab-(preprod|prod|dev)-tw(02|01).cern.ch|/DC=ch/DC=cern/OU=computers/CN=(ddi|ddidk|mytw).cern.ch|/DC=ch/DC=cern/OU=computers/CN=stefanov(m|m2).cern.ch
  timeleft: 716:26:30  (29.9 days)

 error: 
 retcode : 0
DEBUG 2020-12-01 04:27:03.023 UTC: 	 Myproxy is valid: 2579190
DEBUG 2020-12-01 04:27:03.023 UTC: 	 Result of myproxy credential check:
  Credential exists on myproxy: username: b7b51e0178e197a43a1d723fd43ab6570e42a3d5  - validity: 29 days, 20:26:22
  Credential exists on myproxy: username: ecannaer_CRAB  - validity: 29 days, 20:26:30
DEBUG 2020-12-01 04:27:03.023 UTC: 	 Command use: submit
DEBUG 2020-12-01 04:27:03.023 UTC: 	 Options use: ['-c', 'crab_diquark_QCD_ccfg.py']
DEBUG 2020-12-01 04:27:03.648 UTC: 	 CRABClient version: v3.201110
DEBUG 2020-12-01 04:27:03.648 UTC: 	 Instance is prod
DEBUG 2020-12-01 04:27:03.648 UTC: 	 Server base url is cmsweb.cern.ch
DEBUG 2020-12-01 04:27:03.649 UTC: 	 Command url /crabserver/prod/workflow
DEBUG 2020-12-01 04:27:03.649 UTC: 	 Started submission
DEBUG 2020-12-01 04:27:03.649 UTC: 	 Working on /uscms_data/d3/cannaert/src/thrust/CMSSW_10_6_0/src/crab_projects/crab_diquark_QCD_background_2000toINF_MC_0002
DEBUG 2020-12-01 04:27:04.314 UTC: 	 Loading required information from the environment
DEBUG 2020-12-01 04:27:04.314 UTC: 	 Found CMSSW_10_6_0 for slc7_amd64_gcc820 with base /uscms_data/d3/cannaert/src/thrust/CMSSW_10_6_0
DEBUG 2020-12-01 04:27:04.314 UTC: 	 Loading required information from the environment
DEBUG 2020-12-01 04:27:04.315 UTC: 	 Found CMSSW_10_6_0 for slc7_amd64_gcc820 with base /uscms_data/d3/cannaert/src/thrust/CMSSW_10_6_0
DEBUG 2020-12-01 04:27:04.315 UTC: 	 UNIQUE NAME: tarUUID 72b29ed5-0c2d-470d-b76d-2cc945a88835 
DEBUG 2020-12-01 04:27:04.315 UTC: 	 self.config: from WMCore.Configuration import Configuration
config = Configuration()
config.section_('General')
config.General.transferOutputs = True
config.General.workArea = 'crab_projects'
config.General.requestName = 'diquark_QCD_background_2000toINF_MC_0002'
config.section_('JobType')
config.JobType.psetName = '/uscms_data/d3/cannaert/src/thrust/CMSSW_10_6_0/src/diquarkAnalyzer_cfg.py'
config.JobType.pluginName = 'Analysis'
config.JobType.allowUndistributedCMSSW = True
config.section_('Data')
config.Data.inputDataset = '/QCD_HT2000toInf_TuneCP5_13TeV-madgraphMLM-pythia8/RunIIAutumn18MiniAOD-102X_upgrade2018_realistic_v15-v1/MINIAODSIM'
config.Data.outputDatasetTag = 'diquark_QCD_background'
config.Data.publication = False
config.Data.unitsPerJob = 10
config.Data.splitting = 'FileBased'
config.Data.inputDBS = 'global'
config.section_('Site')
config.Site.storageSite = 'T3_US_FNALLPC'
config.section_('User')
config.section_('Debug')

DEBUG 2020-12-01 04:27:04.315 UTC: 	 self.config.JobType.psetName: /uscms_data/d3/cannaert/src/thrust/CMSSW_10_6_0/src/diquarkAnalyzer_cfg.py
INFO 2020-12-01 04:27:04.315 UTC: 	 Importing CMSSW configuration /uscms_data/d3/cannaert/src/thrust/CMSSW_10_6_0/src/diquarkAnalyzer_cfg.py
INFO 2020-12-01 04:27:05.782 UTC: 	 Finished importing CMSSW configuration /uscms_data/d3/cannaert/src/thrust/CMSSW_10_6_0/src/diquarkAnalyzer_cfg.py
DEBUG 2020-12-01 04:27:05.782 UTC: 	 Writing CMSSW configuration to /uscms_data/d3/cannaert/src/thrust/CMSSW_10_6_0/src/crab_projects/crab_diquark_QCD_background_2000toINF_MC_0002/inputs/PSet.py
DEBUG 2020-12-01 04:27:05.841 UTC: 	 The following EDM output files will be collected: []
DEBUG 2020-12-01 04:27:05.841 UTC: 	 The following TFile output files will be collected: ['diquark_QCD_BR_MC.root']
DEBUG 2020-12-01 04:27:05.841 UTC: 	 The following user output files (not listed as PoolOuputModule or TFileService in the CMSSW PSet) will be collected: 
DEBUG 2020-12-01 04:27:05.841 UTC: 	 Loading required information from the environment
DEBUG 2020-12-01 04:27:05.841 UTC: 	 Found CMSSW_10_6_0 for slc7_amd64_gcc820 with base /uscms_data/d3/cannaert/src/thrust/CMSSW_10_6_0
DEBUG 2020-12-01 04:27:05.841 UTC: 	 Making tarball in /uscms_data/d3/cannaert/src/thrust/CMSSW_10_6_0/src/crab_projects/crab_diquark_QCD_background_2000toINF_MC_0002/inputs/72b29ed5-0c2d-470d-b76d-2cc945a88835default.tgz
DEBUG 2020-12-01 04:27:05.844 UTC: 	 Checking directory /uscms_data/d3/cannaert/src/thrust/CMSSW_10_6_0/lib
DEBUG 2020-12-01 04:27:05.844 UTC: 	 Adding directory /uscms_data/d3/cannaert/src/thrust/CMSSW_10_6_0/lib to tarball
DEBUG 2020-12-01 04:27:05.853 UTC: 	 Checking directory /uscms_data/d3/cannaert/src/thrust/CMSSW_10_6_0/biglib
DEBUG 2020-12-01 04:27:05.853 UTC: 	 Adding directory /uscms_data/d3/cannaert/src/thrust/CMSSW_10_6_0/biglib to tarball
DEBUG 2020-12-01 04:27:05.855 UTC: 	 Checking directory /uscms_data/d3/cannaert/src/thrust/CMSSW_10_6_0/module
DEBUG 2020-12-01 04:27:05.950 UTC: 	 Uploading archive /uscms_data/d3/cannaert/src/thrust/CMSSW_10_6_0/src/crab_projects/crab_diquark_QCD_background_2000toINF_MC_0002/inputs/72b29ed5-0c2d-470d-b76d-2cc945a88835default.tgz (100 KB) to the CRAB cache. Using URI https://cmsweb-k8s-prod.cern.ch/crabcache
DEBUG 2020-12-01 04:27:06.921 UTC: 	 Loading required information from the environment
DEBUG 2020-12-01 04:27:06.922 UTC: 	 Found CMSSW_10_6_0 for slc7_amd64_gcc820 with base /uscms_data/d3/cannaert/src/thrust/CMSSW_10_6_0
DEBUG 2020-12-01 04:27:06.922 UTC: 	 Making tarball in /uscms_data/d3/cannaert/src/thrust/CMSSW_10_6_0/src/crab_projects/crab_diquark_QCD_background_2000toINF_MC_0002/inputs/debugFiles.tgz
DEBUG 2020-12-01 04:27:06.928 UTC: 	 Uploading archive /uscms_data/d3/cannaert/src/thrust/CMSSW_10_6_0/src/crab_projects/crab_diquark_QCD_background_2000toINF_MC_0002/inputs/debugFiles.tgz (1 KB) to the CRAB cache. Using URI https://cmsweb-k8s-prod.cern.ch/crabcache
DEBUG 2020-12-01 04:27:07.607 UTC: 	 Result uploading input files: 59cc9c917a8d10310da5237ac37656e2e65c58c97fffdef41e970ffa4e054ca9.tar.gz 
INFO 2020-12-01 04:27:07.607 UTC: 	 Sending the request to the server at cmsweb.cern.ch
DEBUG 2020-12-01 04:27:07.608 UTC: 	 Submitting {'maxjobruntime': 1250, 'extrajdl': [], 'ignorelocality': 0, 'savelogsflag': 0, 'useparent': 0, 'asyncdest': 'T3_US_FNALLPC', 'algoargs': 10, 'cachefilename': '59cc9c917a8d10310da5237ac37656e2e65c58c97fffdef41e970ffa4e054ca9.tar.gz', 'numcores': 1, 'addoutputfiles': [], 'generator': 'pythia', 'maxmemory': 2000, 'publishdbsurl': 'https://cmsweb.cern.ch/dbs/prod/phys03/DBSWriter', 'priority': 10, 'jobsw': 'CMSSW_10_6_0', 'edmoutfiles': [], 'userfiles': [], 'primarydataset': '', 'inputdata': '/QCD_HT2000toInf_TuneCP5_13TeV-madgraphMLM-pythia8/RunIIAutumn18MiniAOD-102X_upgrade2018_realistic_v15-v1/MINIAODSIM', 'dryrun': 0, 'workflow': 'crab_diquark_QCD_background_2000toINF_MC_0002', 'cacheurl': u'https://cmsweb-k8s-prod.cern.ch/crabcache', 'nonprodsw': 1, 'tfileoutfiles': ['diquark_QCD_BR_MC.root'], 'oneEventMode': 0, 'debugfilename': '4c0120ac3332caac36631088c369bd550ed4f7c3a5cc45447481cfc3b8ce8f70.tar.gz', 'saveoutput': 1, 'publication': 0, 'jobarch': 'slc7_amd64_gcc820', 'totalunits': 0, 'splitalgo': 'FileBased', 'ignoreglobalblacklist': 0, 'nonvaliddata': 0, 'dbsurl': 'https://cmsweb.cern.ch/dbs/prod/global/DBSReader', 'publishgroupname': 0, 'jobtype': 'Analysis', 'publishname2': 'diquark_QCD_background'} 
DEBUG 2020-12-01 04:27:07.608 UTC: 	 Encoded submit request: maxjobruntime=1250&ignorelocality=0&savelogsflag=0&useparent=0&asyncdest=T3_US_FNALLPC&algoargs=10&cachefilename=59cc9c917a8d10310da5237ac37656e2e65c58c97fffdef41e970ffa4e054ca9.tar.gz&numcores=1&generator=pythia&maxmemory=2000&publishdbsurl=https%3A%2F%2Fcmsweb.cern.ch%2Fdbs%2Fprod%2Fphys03%2FDBSWriter&priority=10&jobsw=CMSSW_10_6_0&primarydataset=&inputdata=%2FQCD_HT2000toInf_TuneCP5_13TeV-madgraphMLM-pythia8%2FRunIIAutumn18MiniAOD-102X_upgrade2018_realistic_v15-v1%2FMINIAODSIM&dryrun=0&workflow=crab_diquark_QCD_background_2000toINF_MC_0002&cacheurl=https%3A%2F%2Fcmsweb-k8s-prod.cern.ch%2Fcrabcache&nonprodsw=1&oneEventMode=0&debugfilename=4c0120ac3332caac36631088c369bd550ed4f7c3a5cc45447481cfc3b8ce8f70.tar.gz&saveoutput=1&publication=0&jobarch=slc7_amd64_gcc820&totalunits=0&splitalgo=FileBased&ignoreglobalblacklist=0&nonvaliddata=0&dbsurl=https%3A%2F%2Fcmsweb.cern.ch%2Fdbs%2Fprod%2Fglobal%2FDBSReader&publishgroupname=0&jobtype=Analysis&publishname2=diquark_QCD_background&tfileoutfiles=diquark_QCD_BR_MC.root
DEBUG 2020-12-01 04:27:08.208 UTC: 	 Result: {u'result': [{u'RequestName': u'201201_042708:ecannaer_crab_diquark_QCD_background_2000toINF_MC_0002'}]}
INFO 2020-12-01 04:27:08.212 UTC: 	 Success: Your task has been delivered to the prod CRAB3 server.
INFO 2020-12-01 04:27:08.212 UTC: 	 Task name: 201201_042708:ecannaer_crab_diquark_QCD_background_2000toINF_MC_0002
INFO 2020-12-01 04:27:08.212 UTC: 	 Project dir: crab_projects/crab_diquark_QCD_background_2000toINF_MC_0002
INFO 2020-12-01 04:27:08.212 UTC: 	 Please use ' crab status -d crab_projects/crab_diquark_QCD_background_2000toINF_MC_0002 ' to check how the submission process proceeds.
DEBUG 2020-12-01 04:27:08.212 UTC: 	 About to return
INFO 2020-12-01 04:27:08.215 UTC: 	 Log file is /uscms_data/d3/cannaert/src/thrust/CMSSW_10_6_0/src/crab_projects/crab_diquark_QCD_background_2000toINF_MC_0002/crab.log
DEBUG 2020-12-01 20:16:12.826 UTC: 	 CRAB Client version: v3.201110
DEBUG 2020-12-01 20:16:12.827 UTC: 	 Running on: Linux cmslpc114.fnal.gov 3.10.0-1160.6.1.el7.x86_64 #1 SMP Tue Nov 10 08:19:23 CST 2020 x86_64 x86_64 x86_64 GNU/Linux - Scientific Linux 7.9 (Nitrogen)
DEBUG 2020-12-01 20:16:12.827 UTC: 	 Executing command: 'status'
DEBUG 2020-12-01 20:16:12.827 UTC: 	 Found CRAB cache file /uscms/home/cannaert/.crab3
DEBUG 2020-12-01 20:16:12.858 UTC: 	 Checking credentials
DEBUG 2020-12-01 20:16:12.858 UTC: 	 Found proxy file /uscms/home/cannaert/x509up_u54552
DEBUG 2020-12-01 20:16:12.858 UTC: 	 Getting proxy life time left
DEBUG 2020-12-01 20:16:12.962 UTC: 	 Executing : 
 command : voms-proxy-info -file /uscms/home/cannaert/x509up_u54552 -timeleft
 output : 43122

 error: 
 retcode : 0
DEBUG 2020-12-01 20:16:13.066 UTC: 	 Executing : 
 command : voms-proxy-info -file /uscms/home/cannaert/x509up_u54552 -actimeleft
 output : 43122

 error: 
 retcode : 0
DEBUG 2020-12-01 20:16:13.066 UTC: 	 Proxy valid for 11:58:42 hours
DEBUG 2020-12-01 20:16:13.635 UTC: 	 Registering user credentials for server /DC=ch/DC=cern/OU=computers/CN=vocms0105.cern.ch|/DC=ch/DC=cern/OU=computers/CN=crab-(preprod|prod|dev)-tw(02|01).cern.ch|/DC=ch/DC=cern/OU=computers/CN=(ddi|ddidk|mytw).cern.ch|/DC=ch/DC=cern/OU=computers/CN=stefanov(m|m2).cern.ch
DEBUG 2020-12-01 20:16:13.745 UTC: 	 Executing : 
 command : voms-proxy-info -file /uscms/home/cannaert/x509up_u54552 -identity
 output : /DC=ch/DC=cern/OU=Organic Units/OU=Users/CN=ecannaer/CN=832417/CN=Ethan Cannaert

 error: 
 retcode : 0
DEBUG 2020-12-01 20:16:13.751 UTC: 	 Getting myproxy life time left for myproxy.cern.ch
DEBUG 2020-12-01 20:16:13.751 UTC: 	 using b7b51e0178e197a43a1d723fd43ab6570e42a3d5 as credential login name
DEBUG 2020-12-01 20:16:14.656 UTC: 	 Executing : 
 command : myproxy-info -l b7b51e0178e197a43a1d723fd43ab6570e42a3d5 -s myproxy.cern.ch
 output : username: b7b51e0178e197a43a1d723fd43ab6570e42a3d5
owner: /DC=ch/DC=cern/OU=Organic Units/OU=Users/CN=ecannaer/CN=832417/CN=Ethan Cannaert
  renewal policy: /DC=ch/DC=cern/OU=computers/CN=vocms0105.cern.ch|/DC=ch/DC=cern/OU=computers/CN=crab-(preprod|prod|dev)-tw(02|01).cern.ch|/DC=ch/DC=cern/OU=computers/CN=(ddi|ddidk|mytw).cern.ch|/DC=ch/DC=cern/OU=computers/CN=stefanov(m|m2).cern.ch
  trusted retrieval policy: /DC=ch/DC=cern/OU=computers/CN=vocms0105.cern.ch|/DC=ch/DC=cern/OU=computers/CN=crab-(preprod|prod|dev)-tw(02|01).cern.ch|/DC=ch/DC=cern/OU=computers/CN=(ddi|ddidk|mytw).cern.ch|/DC=ch/DC=cern/OU=computers/CN=stefanov(m|m2).cern.ch
  timeleft: 700:37:08  (29.2 days)

 error: 
 retcode : 0
DEBUG 2020-12-01 20:16:14.657 UTC: 	 Myproxy is valid: 2522228
DEBUG 2020-12-01 20:16:14.657 UTC: 	 Retrieving username ...
DEBUG 2020-12-01 20:16:14.657 UTC: 	 Retrieving username from CRIC...
DEBUG 2020-12-01 20:16:15.885 UTC: 	 username is ecannaer
DEBUG 2020-12-01 20:16:15.891 UTC: 	 Getting myproxy life time left for myproxy.cern.ch
DEBUG 2020-12-01 20:16:15.891 UTC: 	 using ecannaer_CRAB as credential login name
DEBUG 2020-12-01 20:16:16.696 UTC: 	 Executing : 
 command : myproxy-info -l ecannaer_CRAB -s myproxy.cern.ch
 output : username: ecannaer_CRAB
owner: /DC=ch/DC=cern/OU=Organic Units/OU=Users/CN=ecannaer/CN=832417/CN=Ethan Cannaert
  renewal policy: /DC=ch/DC=cern/OU=computers/CN=vocms0105.cern.ch|/DC=ch/DC=cern/OU=computers/CN=crab-(preprod|prod|dev)-tw(02|01).cern.ch|/DC=ch/DC=cern/OU=computers/CN=(ddi|ddidk|mytw).cern.ch|/DC=ch/DC=cern/OU=computers/CN=stefanov(m|m2).cern.ch
  trusted retrieval policy: /DC=ch/DC=cern/OU=computers/CN=vocms0105.cern.ch|/DC=ch/DC=cern/OU=computers/CN=crab-(preprod|prod|dev)-tw(02|01).cern.ch|/DC=ch/DC=cern/OU=computers/CN=(ddi|ddidk|mytw).cern.ch|/DC=ch/DC=cern/OU=computers/CN=stefanov(m|m2).cern.ch
  timeleft: 700:37:16  (29.2 days)

 error: 
 retcode : 0
DEBUG 2020-12-01 20:16:16.696 UTC: 	 Myproxy is valid: 2522236
DEBUG 2020-12-01 20:16:16.696 UTC: 	 Result of myproxy credential check:
  Credential exists on myproxy: username: b7b51e0178e197a43a1d723fd43ab6570e42a3d5  - validity: 29 days, 4:37:08
  Credential exists on myproxy: username: ecannaer_CRAB  - validity: 29 days, 4:37:16
DEBUG 2020-12-01 20:16:16.697 UTC: 	 Command use: status
DEBUG 2020-12-01 20:16:16.697 UTC: 	 Options use: ['-d', 'crab_projects/crab_diquark_QCD_background_2000toINF_MC_0002']
DEBUG 2020-12-01 20:16:17.325 UTC: 	 CRABClient version: v3.201110
DEBUG 2020-12-01 20:16:17.325 UTC: 	 Instance is prod
DEBUG 2020-12-01 20:16:17.325 UTC: 	 Server base url is cmsweb.cern.ch
DEBUG 2020-12-01 20:16:17.325 UTC: 	 Command url /crabserver/prod/workflow
DEBUG 2020-12-01 20:16:17.895 UTC: 	 Got information from server oracle database: {u'result': [u'201201_042708:ecannaer_crab_diquark_QCD_background_2000toINF_MC_0002', u'None', u'None', u'SUBMITTED', u'SUBMIT', u'2020-12-01 04:27:08.149631', u'None', u'2020-12-01 04:27:50.706037', u'None', u'CMSSW_10_6_0', u'slc7_amd64_gcc820', u'/QCD_HT2000toInf_TuneCP5_13TeV-madgraphMLM-pythia8/RunIIAutumn18MiniAOD-102X_upgrade2018_realistic_v15-v1/MINIAODSIM', u'F', u'0', u'[]', u'[]', u'FileBased', u"{'splitOnRun': False, 'halt_job_on_file_boundaries': False, 'files_per_job': 10, 'runs': [], 'lumis': []}", u'59cc9c917a8d10310da5237ac37656e2e65c58c97fffdef41e970ffa4e054ca9.tar.gz', u'https://cmsweb-k8s-prod.cern.ch/crabcache', u'ecannaer', u'/DC=ch/DC=cern/OU=Organic Units/OU=Users/CN=ecannaer/CN=832417/CN=Ethan Cannaert', u'cms', u'None', u'None', u'diquark_QCD_background-00000000000000000000000000000000', u'F', u'T3_US_FNALLPC', u'https://cmsweb.cern.ch/dbs/prod/global/DBSReader', u'https://cmsweb.cern.ch/dbs/prod/phys03/DBSWriter', u'F', u'[]', u"['diquark_QCD_BR_MC.root']", u'[]', u'Analysis', u'pythia', u'None', u'{}', u'[]', u'F', u'crab-prod-tw01', u'[]', u'1250', u'1', u'2000', u'10', u'None', u'[]', u'http://vocms0121.cern.ch/mon/cms838/201201_042708:ecannaer_crab_diquark_QCD_background_2000toINF_MC_0002', u'None', u'[]', u'[]', u'https://cmsweb.cern.ch/crabserver/prod', u'cmsgwms-collector-global.cern.ch:9620,cmsgwms-collector-global.fnal.gov', u'crab3@vocms0121.cern.ch', u'F', u'[]', u'T', u'/store/user/ecannaer/', u'F', u'None', u'F', u'None', u'QCD_HT2000toInf_TuneCP5_13TeV-madgraphMLM-pythia8', u'None', u'4c0120ac3332caac36631088c369bd550ed4f7c3a5cc45447481cfc3b8ce8f70.tar.gz', u'60509377', u'filetransfers', u'F', u'131.225.189.109', u'0.0', u'None'], u'desc': {u'columns': [u'tm_taskname', u'tm_activity', u'panda_jobset_id', u'tm_task_status', u'tm_task_command', u'tm_start_time', u'tm_start_injection', u'tm_end_injection', u'tm_task_failure', u'tm_job_sw', u'tm_job_arch', u'tm_input_dataset', u'tm_nonvalid_input_dataset', u'tm_use_parent', u'tm_site_whitelist', u'tm_site_blacklist', u'tm_split_algo', u'tm_split_args', u'tm_user_sandbox', u'tm_cache_url', u'tm_username', u'tm_user_dn', u'tm_user_vo', u'tm_user_role', u'tm_user_group', u'tm_publish_name', u'tm_publish_groupname', u'tm_asyncdest', u'tm_dbs_url', u'tm_publish_dbs_url', u'tm_publication', u'tm_outfiles', u'tm_tfile_outfiles', u'tm_edm_outfiles', u'tm_job_type', u'tm_generator', u'tm_events_per_lumi', u'tm_arguments', u'panda_resubmitted_jobs', u'tm_save_logs', u'tw_name', u'tm_user_infiles', u'tm_maxjobruntime', u'tm_numcores', u'tm_maxmemory', u'tm_priority', u'tm_output_dataset', u'tm_task_warnings', u'tm_user_webdir', u'tm_scriptexe', u'tm_scriptargs', u'tm_extrajdl', u'tm_asourl', u'tm_collector', u'tm_schedd', u'tm_dry_run', u'tm_user_files', u'tm_transfer_outputs', u'tm_output_lfn', u'tm_ignore_locality', u'tm_fail_limit', u'tm_one_event_mode', u'tm_secondary_input_dataset', u'tm_primary_dataset', u'tm_last_publication', u'tm_debug_files', u'clusterid', u'tm_asodb', u'tm_ignore_global_blacklist', u'tm_submitter_ip_addr', u'tm_totalunits', u'tm_ddm_reqid']}}
INFO 2020-12-01 20:16:17.895 UTC: 	 CRAB project directory:		/uscms_data/d3/cannaert/src/thrust/CMSSW_10_6_0/src/crab_projects/crab_diquark_QCD_background_2000toINF_MC_0002
INFO 2020-12-01 20:16:17.896 UTC: 	 Task name:			201201_042708:ecannaer_crab_diquark_QCD_background_2000toINF_MC_0002
INFO 2020-12-01 20:16:17.896 UTC: 	 Grid scheduler - Task Worker:	crab3@vocms0121.cern.ch - crab-prod-tw01
INFO 2020-12-01 20:16:17.896 UTC: 	 Status on the CRAB server:	SUBMITTED
INFO 2020-12-01 20:16:17.896 UTC: 	 Task URL to use for HELP:	https://cmsweb.cern.ch/crabserver/ui/task/201201_042708%3Aecannaer_crab_diquark_QCD_background_2000toINF_MC_0002
INFO 2020-12-01 20:16:17.899 UTC: 	 Dashboard monitoring URL:	https://monit-grafana.cern.ch/d/cmsTMDetail/cms-task-monitoring-task-view?orgId=11&var-user=ecannaer&var-task=201201_042708%3Aecannaer_crab_diquark_QCD_background_2000toINF_MC_0002&from=1606793228000&to=now
INFO 2020-12-01 20:16:17.899 UTC: 	 In case of issues with the dashboard, please provide feedback to hn-cms-computing-tools@cern.ch
DEBUG 2020-12-01 20:16:17.899 UTC: 	 The CRAB server submitted your task to the Grid scheduler (cluster ID: 60509377)
DEBUG 2020-12-01 20:16:17.899 UTC: 	 Webdir is located at http://vocms0121.cern.ch/mon/cms838/201201_042708:ecannaer_crab_diquark_QCD_background_2000toINF_MC_0002
DEBUG 2020-12-01 20:16:18.470 UTC: 	 Proxied webdir is located at https://cmsweb.cern.ch/scheddmon/0121/cms838/201201_042708:ecannaer_crab_diquark_QCD_background_2000toINF_MC_0002
DEBUG 2020-12-01 20:16:18.470 UTC: 	 Retrieving 'status_cache' file from https://cmsweb.cern.ch/scheddmon/0121/cms838/201201_042708:ecannaer_crab_diquark_QCD_background_2000toINF_MC_0002/status_cache
DEBUG 2020-12-01 20:16:19.028 UTC: 	 Got information from status cache file: {'11': {'Retries': 0, 'WallDurations': [9.0, 201.02835988998413, 2577.0], 'StartTimes': [1606797036.0], 'SubmitTimes': [1606796886.0], 'JobIds': ['60509401.0'], 'EndTimes': [1606799613.0], 'Restarts': 0, 'RecordedSite': True, 'State': 'finished', 'ResidentSetSize': [890152], 'TotalUserCpuTimeHistory': [2163], 'SiteHistory': ['Unknown', 'T2_US_Florida', 'T2_US_Florida'], 'TotalSysCpuTimeHistory': [39]}, '10': {'Retries': 0, 'WallDurations': [9.0, 188.02835988998413, 2702.0], 'StartTimes': [1606797049.0], 'SubmitTimes': [1606796886.0], 'JobIds': ['60509400.0'], 'EndTimes': [1606799751.0], 'Restarts': 0, 'RecordedSite': True, 'State': 'finished', 'ResidentSetSize': [681508], 'TotalUserCpuTimeHistory': [1999], 'SiteHistory': ['Unknown', 'T2_US_Nebraska', 'T2_US_Nebraska'], 'TotalSysCpuTimeHistory': [58]}, '13': {'Retries': 0, 'WallDurations': [9.0, 202.02835988998413, 2054.0], 'StartTimes': [1606797035.0], 'SubmitTimes': [1606796886.0], 'JobIds': ['60509402.0'], 'EndTimes': [1606799089.0], 'Restarts': 0, 'RecordedSite': True, 'State': 'finished', 'ResidentSetSize': [902460], 'TotalUserCpuTimeHistory': [1814], 'SiteHistory': ['Unknown', 'T2_US_Florida', 'T2_US_Florida'], 'TotalSysCpuTimeHistory': [25]}, '12': {'Retries': 0, 'WallDurations': [9.0, 180.02835988998413, 3455.0], 'StartTimes': [1606797057.0], 'SubmitTimes': [1606796887.0], 'JobIds': ['60509403.0'], 'EndTimes': [1606800512.0], 'Restarts': 0, 'RecordedSite': True, 'State': 'finished', 'ResidentSetSize': [714572], 'TotalUserCpuTimeHistory': [2963], 'SiteHistory': ['Unknown', 'T2_US_Nebraska', 'T2_US_Nebraska'], 'TotalSysCpuTimeHistory': [65]}, '15': {'Retries': 0, 'WallDurations': [10.0, 200.02835988998413, 3520.0], 'StartTimes': [1606797037.0], 'SubmitTimes': [1606796887.0], 'JobIds': ['60509405.0'], 'EndTimes': [1606800557.0], 'Restarts': 0, 'RecordedSite': True, 'State': 'finished', 'ResidentSetSize': [763336], 'TotalUserCpuTimeHistory': [2888], 'SiteHistory': ['Unknown', 'T2_US_MIT', 'T2_US_MIT'], 'TotalSysCpuTimeHistory': [62]}, '14': {'Retries': 0, 'WallDurations': [9.0, 201.02835988998413, 2873.0, 0, 2059.0], 'StartTimes': [1606797036.0, 1606800178.0], 'SubmitTimes': [1606796887.0, -1], 'JobIds': ['60509404.0', '60509404.0'], 'EndTimes': [1606799909.0, 1606802237.0], 'Restarts': 1, 'RecordedSite': True, 'State': 'finished', 'ResidentSetSize': [573692, 915628], 'TotalUserCpuTimeHistory': [94.0, 1780], 'SiteHistory': ['Unknown', 'T2_US_Nebraska', 'T2_US_Nebraska', 'Unknown', 'T2_US_Florida'], 'TotalSysCpuTimeHistory': [3.0, 35]}, '17': {'Retries': 0, 'WallDurations': [8.0, 197.18935799598694, 2233.0], 'StartTimes': [1606797340.0], 'SubmitTimes': [1606796888.0], 'JobIds': ['60509407.0'], 'EndTimes': [1606799573.0], 'Restarts': 0, 'RecordedSite': True, 'State': 'finished', 'ResidentSetSize': [833700], 'TotalUserCpuTimeHistory': [1741], 'SiteHistory': ['Unknown', 'T2_US_Wisconsin', 'T2_US_Wisconsin'], 'TotalSysCpuTimeHistory': [41]}, '16': {'Retries': 0, 'WallDurations': [10.0, 176.02835988998413, 3187.0], 'StartTimes': [1606797061.0], 'SubmitTimes': [1606796887.0], 'JobIds': ['60509406.0'], 'EndTimes': [1606800248.0], 'Restarts': 0, 'RecordedSite': True, 'State': 'finished', 'ResidentSetSize': [748676], 'TotalUserCpuTimeHistory': [2718], 'SiteHistory': ['Unknown', 'T2_US_Nebraska', 'T2_US_Nebraska'], 'TotalSysCpuTimeHistory': [58]}, '1': {'Retries': 0, 'WallDurations': [8.0, 197.18935799598694, 1917.0], 'StartTimes': [1606797340.0], 'SubmitTimes': [1606796876.0], 'JobIds': ['60509381.0'], 'EndTimes': [1606799257.0], 'Restarts': 0, 'RecordedSite': True, 'State': 'finished', 'ResidentSetSize': [906556], 'TotalUserCpuTimeHistory': [1697], 'SiteHistory': ['Unknown', 'T2_US_Florida', 'T2_US_Florida'], 'TotalSysCpuTimeHistory': [26]}, '3': {'Retries': 0, 'WallDurations': [9.0, 154.18935799598694, 3564.0], 'StartTimes': [1606797383.0], 'SubmitTimes': [1606796876.0], 'JobIds': ['60509383.0'], 'EndTimes': [1606800947.0], 'Restarts': 0, 'RecordedSite': True, 'State': 'finished', 'ResidentSetSize': [741660], 'TotalUserCpuTimeHistory': [2993], 'SiteHistory': ['Unknown', 'T2_US_Nebraska', 'T2_US_Nebraska'], 'TotalSysCpuTimeHistory': [81]}, '2': {'Retries': 0, 'WallDurations': [9.0, 198.18935799598694, 3336.0], 'StartTimes': [1606797339.0], 'SubmitTimes': [1606796876.0], 'JobIds': ['60509382.0'], 'EndTimes': [1606800675.0], 'Restarts': 0, 'RecordedSite': True, 'State': 'finished', 'ResidentSetSize': [774728], 'TotalUserCpuTimeHistory': [2918], 'SiteHistory': ['Unknown', 'T2_US_Wisconsin', 'T2_US_Wisconsin'], 'TotalSysCpuTimeHistory': [73]}, '5': {'Retries': 0, 'WallDurations': [9.0, 85.18935799598694, 4499.0], 'StartTimes': [1606797452.0], 'SubmitTimes': [1606796880.0], 'JobIds': ['60509385.0'], 'EndTimes': [1606801951.0], 'Restarts': 0, 'RecordedSite': True, 'State': 'finished', 'ResidentSetSize': [822816], 'TotalUserCpuTimeHistory': [2672], 'SiteHistory': ['Unknown', 'T2_US_Nebraska', 'T2_US_Nebraska'], 'TotalSysCpuTimeHistory': [110]}, '4': {'Retries': 0, 'WallDurations': [10.0, 179.18935799598694, 3763.0], 'StartTimes': [1606797358.0], 'SubmitTimes': [1606796879.0], 'JobIds': ['60509384.0'], 'EndTimes': [1606801121.0], 'Restarts': 0, 'RecordedSite': True, 'State': 'finished', 'ResidentSetSize': [693540], 'TotalUserCpuTimeHistory': [3149], 'SiteHistory': ['Unknown', 'T2_US_Nebraska', 'T2_US_Nebraska'], 'TotalSysCpuTimeHistory': [89]}, '7': {'Retries': 0, 'WallDurations': [9.0, 187.02835988998413, 2810.0], 'StartTimes': [1606797050.0], 'SubmitTimes': [1606796880.0], 'JobIds': ['60509388.0'], 'EndTimes': [1606799860.0], 'Restarts': 0, 'RecordedSite': True, 'State': 'finished', 'ResidentSetSize': [769876], 'TotalUserCpuTimeHistory': [2331], 'SiteHistory': ['Unknown', 'T2_US_Nebraska', 'T2_US_Nebraska'], 'TotalSysCpuTimeHistory': [55]}, '6': {'Retries': 0, 'WallDurations': [9.0, 201.02835988998413, 3332.0], 'StartTimes': [1606797036.0], 'SubmitTimes': [1606796880.0], 'JobIds': ['60509387.0'], 'EndTimes': [1606800368.0], 'Restarts': 0, 'RecordedSite': True, 'State': 'finished', 'ResidentSetSize': [772224], 'TotalUserCpuTimeHistory': [2442], 'SiteHistory': ['Unknown', 'T2_US_Wisconsin', 'T2_US_Wisconsin'], 'TotalSysCpuTimeHistory': [61]}, '9': {'Retries': 0, 'WallDurations': [9.0, 199.02835988998413, 2738.0], 'StartTimes': [1606797038.0], 'SubmitTimes': [1606796886.0], 'JobIds': ['60509399.0'], 'EndTimes': [1606799776.0], 'Restarts': 0, 'RecordedSite': True, 'State': 'finished', 'ResidentSetSize': [806988], 'TotalUserCpuTimeHistory': [2029], 'SiteHistory': ['Unknown', 'T2_US_MIT', 'T2_US_MIT'], 'TotalSysCpuTimeHistory': [52]}, '8': {'Retries': 0, 'WallDurations': [9.0, 191.02835988998413, 4887.0], 'StartTimes': [1606797046.0], 'SubmitTimes': [1606796881.0], 'JobIds': ['60509389.0'], 'EndTimes': [1606801933.0], 'Restarts': 0, 'RecordedSite': True, 'State': 'finished', 'ResidentSetSize': [675092], 'TotalUserCpuTimeHistory': [3066], 'SiteHistory': ['Unknown', 'T2_US_Vanderbilt', 'T2_US_Vanderbilt'], 'TotalSysCpuTimeHistory': [95]}}
INFO 2020-12-01 20:16:19.028 UTC: 	 Status on the scheduler:	COMPLETED
INFO 2020-12-01 20:16:19.028 UTC: 	 
Jobs status:                    finished     		100.0% (17/17)
INFO 2020-12-01 20:16:19.028 UTC: 	 
No publication information (publication has been disabled in the CRAB configuration file)
INFO 2020-12-01 20:16:19.029 UTC: 	 
Warning: the max jobs runtime is less than 30% of the task requested value (1250 min), please consider to request a lower value for failed jobs (allowed through crab resubmit) and/or improve the jobs splitting (e.g. config.Data.splitting = 'Automatic') in a new task.
INFO 2020-12-01 20:16:19.029 UTC: 	 
Summary of run jobs:
 * Memory: 885MB min, 894MB max, 771MB ave
 * Runtime: 0:31:57 min, 1:21:27 max, 0:51:36 ave
 * CPU eff: 62% min, 90% max, 81% ave
 * Waste: 1:42:44 (10% of total)

INFO 2020-12-01 20:16:19.032 UTC: 	 Log file is /uscms_data/d3/cannaert/src/thrust/CMSSW_10_6_0/src/crab_projects/crab_diquark_QCD_background_2000toINF_MC_0002/crab.log
