DEBUG 2020-09-23 01:04:08.043 UTC: 	 CRAB Client version: v3.200812
DEBUG 2020-09-23 01:04:08.043 UTC: 	 Running on: Linux cmslpc103.fnal.gov 3.10.0-1127.18.2.el7.x86_64 #1 SMP Thu Jul 30 10:36:16 CDT 2020 x86_64 x86_64 x86_64 GNU/Linux - Scientific Linux 7.8 (Nitrogen)
DEBUG 2020-09-23 01:04:08.043 UTC: 	 Executing command: 'submit'
DEBUG 2020-09-23 01:04:08.044 UTC: 	 Found CRAB cache file /uscms/home/cannaert/.crab3
INFO 2020-09-23 01:04:08.045 UTC: 	 Will use CRAB configuration file crab_diquark_QCD_ccfg.py
DEBUG 2020-09-23 01:04:08.045 UTC: 	 Loading CRAB configuration file.
DEBUG 2020-09-23 01:04:08.055 UTC: 	 Will use CRAB Analysis plugin (i.e. will run an analysis job type).
DEBUG 2020-09-23 01:04:08.074 UTC: 	 Checking credentials
DEBUG 2020-09-23 01:04:08.076 UTC: 	 Found proxy file /uscms/home/cannaert/x509up_u54552
DEBUG 2020-09-23 01:04:08.076 UTC: 	 Getting proxy life time left
DEBUG 2020-09-23 01:04:08.178 UTC: 	 Executing : 
 command : voms-proxy-info -file /uscms/home/cannaert/x509up_u54552 -timeleft
 output : 42334

 error: 
 retcode : 0
DEBUG 2020-09-23 01:04:08.281 UTC: 	 Executing : 
 command : voms-proxy-info -file /uscms/home/cannaert/x509up_u54552 -actimeleft
 output : 42333

 error: 
 retcode : 0
DEBUG 2020-09-23 01:04:08.281 UTC: 	 Proxy lifetime 42334 secs is different from voms extension lifetime 42333 secs for proxy: /uscms/home/cannaert/x509up_u54552
DEBUG 2020-09-23 01:04:08.281 UTC: 	 Proxy valid for 11:45:33 hours
DEBUG 2020-09-23 01:04:08.384 UTC: 	 Executing : 
 command : env X509_USER_PROXY=/uscms/home/cannaert/x509up_u54552 voms-proxy-info -fqan
 output : /cms/Role=NULL/Capability=NULL

 error: 
 retcode : 0
DEBUG 2020-09-23 01:04:08.987 UTC: 	 Registering user credentials for server /DC=ch/DC=cern/OU=computers/CN=vocms0105.cern.ch|/DC=ch/DC=cern/OU=computers/CN=crab-(preprod|prod|dev)-tw(02|01).cern.ch|/DC=ch/DC=cern/OU=computers/CN=(ddi|ddidk|mytw).cern.ch|/DC=ch/DC=cern/OU=computers/CN=stefanov(m|m2).cern.ch
DEBUG 2020-09-23 01:04:09.094 UTC: 	 Executing : 
 command : voms-proxy-info -file /uscms/home/cannaert/x509up_u54552 -identity
 output : /DC=ch/DC=cern/OU=Organic Units/OU=Users/CN=ecannaer/CN=832417/CN=Ethan Cannaert

 error: 
 retcode : 0
DEBUG 2020-09-23 01:04:09.094 UTC: 	 Getting myproxy life time left for myproxy.cern.ch
DEBUG 2020-09-23 01:04:09.094 UTC: 	 Calculating hash of /DC=ch/DC=cern/OU=Organic Units/OU=Users/CN=ecannaer/CN=832417/CN=Ethan Cannaert_cmsweb.cern.ch for credential name
DEBUG 2020-09-23 01:04:10.100 UTC: 	 Executing : 
 command : myproxy-info -l dfb5f39d91e4adee325d1dda7edfeb9d4bdd1a42 -s myproxy.cern.ch
 output : username: dfb5f39d91e4adee325d1dda7edfeb9d4bdd1a42
owner: /DC=ch/DC=cern/OU=Organic Units/OU=Users/CN=ecannaer/CN=832417/CN=Ethan Cannaert
  renewal policy: /DC=ch/DC=cern/OU=computers/CN=vocms0105.cern.ch|/DC=ch/DC=cern/OU=computers/CN=crab-(preprod|prod|dev)-tw(02|01).cern.ch|/DC=ch/DC=cern/OU=computers/CN=(ddi|ddidk|mytw).cern.ch|/DC=ch/DC=cern/OU=computers/CN=stefanov(m|m2).cern.ch
  trusted retrieval policy: /DC=ch/DC=cern/OU=computers/CN=vocms0105.cern.ch|/DC=ch/DC=cern/OU=computers/CN=crab-(preprod|prod|dev)-tw(02|01).cern.ch|/DC=ch/DC=cern/OU=computers/CN=(ddi|ddidk|mytw).cern.ch|/DC=ch/DC=cern/OU=computers/CN=stefanov(m|m2).cern.ch
  timeleft: 359:30:04  (15.0 days)

 error: 
 retcode : 0
DEBUG 2020-09-23 01:04:10.101 UTC: 	 Myproxy is valid: 1294204
DEBUG 2020-09-23 01:04:10.205 UTC: 	 Executing : 
 command : openssl x509 -noout -in ~/.globus/usercert.pem -dates
 output : notBefore=Sep 25 21:29:38 2019 GMT
notAfter=Oct 29 21:29:38 2020 GMT

 error: 
 retcode : 0
DEBUG 2020-09-23 01:04:10.238 UTC: 	 Delegating a myproxy for 720:00 hours
DEBUG 2020-09-23 01:04:10.238 UTC: 	 Calculating hash of /DC=ch/DC=cern/OU=Organic Units/OU=Users/CN=ecannaer/CN=832417/CN=Ethan Cannaert_cmsweb.cern.ch for credential name
DEBUG 2020-09-23 01:04:16.652 UTC: 	 Executing : 
 command : export GT_PROXY_MODE=rfc ; myproxy-init -d -n -s myproxy.cern.ch -x -R '/DC=ch/DC=cern/OU=computers/CN=vocms0105.cern.ch|/DC=ch/DC=cern/OU=computers/CN=crab-(preprod|prod|dev)-tw(02|01).cern.ch|/DC=ch/DC=cern/OU=computers/CN=(ddi|ddidk|mytw).cern.ch|/DC=ch/DC=cern/OU=computers/CN=stefanov(m|m2).cern.ch' -x -Z '/DC=ch/DC=cern/OU=computers/CN=vocms0105.cern.ch|/DC=ch/DC=cern/OU=computers/CN=crab-(preprod|prod|dev)-tw(02|01).cern.ch|/DC=ch/DC=cern/OU=computers/CN=(ddi|ddidk|mytw).cern.ch|/DC=ch/DC=cern/OU=computers/CN=stefanov(m|m2).cern.ch' -l 'dfb5f39d91e4adee325d1dda7edfeb9d4bdd1a42' -t 168:00 -c 720:00
 output : Your identity: /DC=ch/DC=cern/OU=Organic Units/OU=Users/CN=ecannaer/CN=832417/CN=Ethan Cannaert
Creating proxy ................................................................................. Done
Proxy Verify OK
Your proxy is valid until: Thu Oct 22 20:04:15 2020
A proxy valid for 720 hours (30.0 days) for user dfb5f39d91e4adee325d1dda7edfeb9d4bdd1a42 now exists on myproxy.cern.ch.

 error: 
 retcode : 0
DEBUG 2020-09-23 01:04:16.652 UTC: 	 Calculating hash of /DC=ch/DC=cern/OU=Organic Units/OU=Users/CN=ecannaer/CN=832417/CN=Ethan Cannaert_cmsweb.cern.ch for credential name
DEBUG 2020-09-23 01:04:17.556 UTC: 	 Executing : 
 command : myproxy-info -l dfb5f39d91e4adee325d1dda7edfeb9d4bdd1a42 -s myproxy.cern.ch
 output : username: dfb5f39d91e4adee325d1dda7edfeb9d4bdd1a42
owner: /DC=ch/DC=cern/OU=Organic Units/OU=Users/CN=ecannaer/CN=832417/CN=Ethan Cannaert
  renewal policy: /DC=ch/DC=cern/OU=computers/CN=vocms0105.cern.ch|/DC=ch/DC=cern/OU=computers/CN=crab-(preprod|prod|dev)-tw(02|01).cern.ch|/DC=ch/DC=cern/OU=computers/CN=(ddi|ddidk|mytw).cern.ch|/DC=ch/DC=cern/OU=computers/CN=stefanov(m|m2).cern.ch
  trusted retrieval policy: /DC=ch/DC=cern/OU=computers/CN=vocms0105.cern.ch|/DC=ch/DC=cern/OU=computers/CN=crab-(preprod|prod|dev)-tw(02|01).cern.ch|/DC=ch/DC=cern/OU=computers/CN=(ddi|ddidk|mytw).cern.ch|/DC=ch/DC=cern/OU=computers/CN=stefanov(m|m2).cern.ch
  timeleft: 719:59:58  (30.0 days)

 error: 
 retcode : 0
DEBUG 2020-09-23 01:04:17.556 UTC: 	 My-proxy delegated.
DEBUG 2020-09-23 01:04:17.556 UTC: 	 Retrieving username ...
DEBUG 2020-09-23 01:04:17.556 UTC: 	 Retrieving username from CRIC...
DEBUG 2020-09-23 01:04:19.989 UTC: 	 username is ecannaer
DEBUG 2020-09-23 01:04:19.994 UTC: 	 Getting myproxy life time left for myproxy.cern.ch
DEBUG 2020-09-23 01:04:19.994 UTC: 	 using ecannaer_CRAB as credential login name
DEBUG 2020-09-23 01:04:20.800 UTC: 	 Executing : 
 command : myproxy-info -l ecannaer_CRAB -s myproxy.cern.ch
 output : username: ecannaer_CRAB
owner: /DC=ch/DC=cern/OU=Organic Units/OU=Users/CN=ecannaer/CN=832417/CN=Ethan Cannaert
  renewal policy: /DC=ch/DC=cern/OU=computers/CN=vocms0105.cern.ch|/DC=ch/DC=cern/OU=computers/CN=crab-(preprod|prod|dev)-tw(02|01).cern.ch|/DC=ch/DC=cern/OU=computers/CN=(ddi|ddidk|mytw).cern.ch|/DC=ch/DC=cern/OU=computers/CN=stefanov(m|m2).cern.ch
  trusted retrieval policy: /DC=ch/DC=cern/OU=computers/CN=vocms0105.cern.ch|/DC=ch/DC=cern/OU=computers/CN=crab-(preprod|prod|dev)-tw(02|01).cern.ch|/DC=ch/DC=cern/OU=computers/CN=(ddi|ddidk|mytw).cern.ch|/DC=ch/DC=cern/OU=computers/CN=stefanov(m|m2).cern.ch
  timeleft: 359:30:05  (15.0 days)

 error: 
 retcode : 0
DEBUG 2020-09-23 01:04:20.800 UTC: 	 Myproxy is valid: 1294205
DEBUG 2020-09-23 01:04:20.903 UTC: 	 Executing : 
 command : openssl x509 -noout -in ~/.globus/usercert.pem -dates
 output : notBefore=Sep 25 21:29:38 2019 GMT
notAfter=Oct 29 21:29:38 2020 GMT

 error: 
 retcode : 0
DEBUG 2020-09-23 01:04:20.903 UTC: 	 Delegating a myproxy for 720:00 hours
DEBUG 2020-09-23 01:04:20.903 UTC: 	 using ecannaer_CRAB as credential login name
DEBUG 2020-09-23 01:04:29.522 UTC: 	 Executing : 
 command : export GT_PROXY_MODE=rfc ; myproxy-init -d -n -s myproxy.cern.ch -x -R '/DC=ch/DC=cern/OU=computers/CN=vocms0105.cern.ch|/DC=ch/DC=cern/OU=computers/CN=crab-(preprod|prod|dev)-tw(02|01).cern.ch|/DC=ch/DC=cern/OU=computers/CN=(ddi|ddidk|mytw).cern.ch|/DC=ch/DC=cern/OU=computers/CN=stefanov(m|m2).cern.ch' -x -Z '/DC=ch/DC=cern/OU=computers/CN=vocms0105.cern.ch|/DC=ch/DC=cern/OU=computers/CN=crab-(preprod|prod|dev)-tw(02|01).cern.ch|/DC=ch/DC=cern/OU=computers/CN=(ddi|ddidk|mytw).cern.ch|/DC=ch/DC=cern/OU=computers/CN=stefanov(m|m2).cern.ch' -l 'ecannaer_CRAB' -t 168:00 -c 720:00
 output : Your identity: /DC=ch/DC=cern/OU=Organic Units/OU=Users/CN=ecannaer/CN=832417/CN=Ethan Cannaert
Creating proxy ................................................................. Done
Proxy Verify OK
Your proxy is valid until: Thu Oct 22 20:04:28 2020
A proxy valid for 720 hours (30.0 days) for user ecannaer_CRAB now exists on myproxy.cern.ch.

 error: 
 retcode : 0
DEBUG 2020-09-23 01:04:29.522 UTC: 	 using ecannaer_CRAB as credential login name
DEBUG 2020-09-23 01:04:30.428 UTC: 	 Executing : 
 command : myproxy-info -l ecannaer_CRAB -s myproxy.cern.ch
 output : username: ecannaer_CRAB
owner: /DC=ch/DC=cern/OU=Organic Units/OU=Users/CN=ecannaer/CN=832417/CN=Ethan Cannaert
  renewal policy: /DC=ch/DC=cern/OU=computers/CN=vocms0105.cern.ch|/DC=ch/DC=cern/OU=computers/CN=crab-(preprod|prod|dev)-tw(02|01).cern.ch|/DC=ch/DC=cern/OU=computers/CN=(ddi|ddidk|mytw).cern.ch|/DC=ch/DC=cern/OU=computers/CN=stefanov(m|m2).cern.ch
  trusted retrieval policy: /DC=ch/DC=cern/OU=computers/CN=vocms0105.cern.ch|/DC=ch/DC=cern/OU=computers/CN=crab-(preprod|prod|dev)-tw(02|01).cern.ch|/DC=ch/DC=cern/OU=computers/CN=(ddi|ddidk|mytw).cern.ch|/DC=ch/DC=cern/OU=computers/CN=stefanov(m|m2).cern.ch
  timeleft: 719:59:58  (30.0 days)

 error: 
 retcode : 0
DEBUG 2020-09-23 01:04:30.428 UTC: 	 My-proxy delegated.
DEBUG 2020-09-23 01:04:30.428 UTC: 	 Command use: submit
DEBUG 2020-09-23 01:04:30.428 UTC: 	 Options use: ['-c', 'crab_diquark_QCD_ccfg.py']
DEBUG 2020-09-23 01:04:31.029 UTC: 	 CRABClient version: v3.200812
DEBUG 2020-09-23 01:04:31.029 UTC: 	 Instance is prod
DEBUG 2020-09-23 01:04:31.029 UTC: 	 Server base url is cmsweb.cern.ch
DEBUG 2020-09-23 01:04:31.029 UTC: 	 Command url /crabserver/prod/workflow
DEBUG 2020-09-23 01:04:31.029 UTC: 	 Started submission
DEBUG 2020-09-23 01:04:31.029 UTC: 	 Working on /uscms_data/d3/cannaert/src/thrust/CMSSW_10_2_4_patch1/src/crab_projects/crab_semilept_ttbar_QCD_background_000
DEBUG 2020-09-23 01:04:31.843 UTC: 	 Loading required information from the environment
DEBUG 2020-09-23 01:04:31.843 UTC: 	 Found CMSSW_10_2_4_patch1 for slc7_amd64_gcc700 with base /uscms_data/d3/cannaert/src/thrust/CMSSW_10_2_4_patch1
DEBUG 2020-09-23 01:04:31.843 UTC: 	 Loading required information from the environment
DEBUG 2020-09-23 01:04:31.843 UTC: 	 Found CMSSW_10_2_4_patch1 for slc7_amd64_gcc700 with base /uscms_data/d3/cannaert/src/thrust/CMSSW_10_2_4_patch1
DEBUG 2020-09-23 01:04:31.843 UTC: 	 UNIQUE NAME: tarUUID 5aac0ac2-09ff-479e-b485-f5573066986d 
DEBUG 2020-09-23 01:04:31.843 UTC: 	 self.config: from WMCore.Configuration import Configuration
config = Configuration()
config.section_('General')
config.General.transferOutputs = True
config.General.workArea = 'crab_projects'
config.General.requestName = 'semilept_ttbar_QCD_background_000'
config.section_('JobType')
config.JobType.psetName = 'ttbarAnalyzer_cfg.py'
config.JobType.pluginName = 'Analysis'
config.JobType.allowUndistributedCMSSW = True
config.section_('Data')
config.Data.inputDataset = '/TTToSemiLeptonic_TuneCP5_13TeV-powheg-pythia8/RunIIAutumn18MiniAOD-102X_upgrade2018_realistic_v15-v1/MINIAODSIM'
config.Data.outputDatasetTag = 'semilept_ttbar_QCD_background'
config.Data.splitting = 'Automatic'
config.Data.publication = False
config.Data.inputDBS = 'global'
config.section_('Site')
config.Site.storageSite = 'T3_US_FNALLPC'
config.section_('User')
config.section_('Debug')

DEBUG 2020-09-23 01:04:31.843 UTC: 	 self.config.JobType.psetName: ttbarAnalyzer_cfg.py
INFO 2020-09-23 01:04:31.844 UTC: 	 Importing CMSSW configuration ttbarAnalyzer_cfg.py
INFO 2020-09-23 01:04:32.101 UTC: 	 Finished importing CMSSW configuration ttbarAnalyzer_cfg.py
DEBUG 2020-09-23 01:04:32.101 UTC: 	 Writing CMSSW configuration to /uscms_data/d3/cannaert/src/thrust/CMSSW_10_2_4_patch1/src/crab_projects/crab_semilept_ttbar_QCD_background_000/inputs/PSet.py
DEBUG 2020-09-23 01:04:32.151 UTC: 	 The following EDM output files will be collected: []
DEBUG 2020-09-23 01:04:32.151 UTC: 	 The following TFile output files will be collected: ['QCD_ttbar_test.root']
DEBUG 2020-09-23 01:04:32.151 UTC: 	 The following user output files (not listed as PoolOuputModule or TFileService in the CMSSW PSet) will be collected: 
DEBUG 2020-09-23 01:04:32.151 UTC: 	 Loading required information from the environment
DEBUG 2020-09-23 01:04:32.152 UTC: 	 Found CMSSW_10_2_4_patch1 for slc7_amd64_gcc700 with base /uscms_data/d3/cannaert/src/thrust/CMSSW_10_2_4_patch1
DEBUG 2020-09-23 01:04:32.152 UTC: 	 Making tarball in /uscms_data/d3/cannaert/src/thrust/CMSSW_10_2_4_patch1/src/crab_projects/crab_semilept_ttbar_QCD_background_000/inputs/5aac0ac2-09ff-479e-b485-f5573066986ddefault.tgz
DEBUG 2020-09-23 01:04:32.153 UTC: 	 Checking directory /uscms_data/d3/cannaert/src/thrust/CMSSW_10_2_4_patch1/lib
DEBUG 2020-09-23 01:04:32.153 UTC: 	 Adding directory /uscms_data/d3/cannaert/src/thrust/CMSSW_10_2_4_patch1/lib to tarball
DEBUG 2020-09-23 01:04:32.160 UTC: 	 Checking directory /uscms_data/d3/cannaert/src/thrust/CMSSW_10_2_4_patch1/biglib
DEBUG 2020-09-23 01:04:32.160 UTC: 	 Adding directory /uscms_data/d3/cannaert/src/thrust/CMSSW_10_2_4_patch1/biglib to tarball
DEBUG 2020-09-23 01:04:32.161 UTC: 	 Checking directory /uscms_data/d3/cannaert/src/thrust/CMSSW_10_2_4_patch1/module
DEBUG 2020-09-23 01:04:32.564 UTC: 	 Uploading archive /uscms_data/d3/cannaert/src/thrust/CMSSW_10_2_4_patch1/src/crab_projects/crab_semilept_ttbar_QCD_background_000/inputs/5aac0ac2-09ff-479e-b485-f5573066986ddefault.tgz (51 KB) to the CRAB cache. Using URI https://cmsweb.cern.ch/crabcache
DEBUG 2020-09-23 01:04:33.419 UTC: 	 Loading required information from the environment
DEBUG 2020-09-23 01:04:33.420 UTC: 	 Found CMSSW_10_2_4_patch1 for slc7_amd64_gcc700 with base /uscms_data/d3/cannaert/src/thrust/CMSSW_10_2_4_patch1
DEBUG 2020-09-23 01:04:33.420 UTC: 	 Making tarball in /uscms_data/d3/cannaert/src/thrust/CMSSW_10_2_4_patch1/src/crab_projects/crab_semilept_ttbar_QCD_background_000/inputs/debugFiles.tgz
DEBUG 2020-09-23 01:04:33.431 UTC: 	 Uploading archive /uscms_data/d3/cannaert/src/thrust/CMSSW_10_2_4_patch1/src/crab_projects/crab_semilept_ttbar_QCD_background_000/inputs/debugFiles.tgz (2 KB) to the CRAB cache. Using URI https://cmsweb.cern.ch/crabcache
DEBUG 2020-09-23 01:04:34.107 UTC: 	 Result uploading input files: 01d4f615a12c3be2078e30a9af00a37e29b56d191ea46da06d67fbfbb790bcdd.tar.gz 
INFO 2020-09-23 01:04:34.107 UTC: 	 Sending the request to the server at cmsweb.cern.ch
DEBUG 2020-09-23 01:04:34.107 UTC: 	 Submitting {'maxjobruntime': 1250, 'extrajdl': [], 'ignorelocality': 0, 'savelogsflag': 0, 'useparent': 0, 'asyncdest': 'T3_US_FNALLPC', 'algoargs': 480, 'cachefilename': '01d4f615a12c3be2078e30a9af00a37e29b56d191ea46da06d67fbfbb790bcdd.tar.gz', 'numcores': 1, 'addoutputfiles': [], 'generator': 'pythia', 'maxmemory': 2000, 'publishdbsurl': 'https://cmsweb.cern.ch/dbs/prod/phys03/DBSWriter', 'priority': 10, 'jobsw': 'CMSSW_10_2_4_patch1', 'edmoutfiles': [], 'userfiles': [], 'primarydataset': '', 'inputdata': '/TTToSemiLeptonic_TuneCP5_13TeV-powheg-pythia8/RunIIAutumn18MiniAOD-102X_upgrade2018_realistic_v15-v1/MINIAODSIM', 'dryrun': 0, 'workflow': 'crab_semilept_ttbar_QCD_background_000', 'cacheurl': u'https://cmsweb.cern.ch/crabcache', 'nonprodsw': 1, 'tfileoutfiles': ['QCD_ttbar_test.root'], 'oneEventMode': 0, 'debugfilename': 'd30e24904f4f3a4935e4004516e193a56393407eb92a581f954da1f7baa4f87d.tar.gz', 'saveoutput': 1, 'publication': 0, 'jobarch': 'slc7_amd64_gcc700', 'totalunits': 0, 'splitalgo': 'Automatic', 'ignoreglobalblacklist': 0, 'nonvaliddata': 0, 'dbsurl': 'https://cmsweb.cern.ch/dbs/prod/global/DBSReader', 'publishgroupname': 0, 'jobtype': 'Analysis', 'publishname2': 'semilept_ttbar_QCD_background'} 
DEBUG 2020-09-23 01:04:34.107 UTC: 	 Encoded submit request: maxjobruntime=1250&ignorelocality=0&savelogsflag=0&useparent=0&asyncdest=T3_US_FNALLPC&algoargs=480&cachefilename=01d4f615a12c3be2078e30a9af00a37e29b56d191ea46da06d67fbfbb790bcdd.tar.gz&numcores=1&generator=pythia&maxmemory=2000&publishdbsurl=https%3A%2F%2Fcmsweb.cern.ch%2Fdbs%2Fprod%2Fphys03%2FDBSWriter&priority=10&jobsw=CMSSW_10_2_4_patch1&primarydataset=&inputdata=%2FTTToSemiLeptonic_TuneCP5_13TeV-powheg-pythia8%2FRunIIAutumn18MiniAOD-102X_upgrade2018_realistic_v15-v1%2FMINIAODSIM&dryrun=0&workflow=crab_semilept_ttbar_QCD_background_000&cacheurl=https%3A%2F%2Fcmsweb.cern.ch%2Fcrabcache&nonprodsw=1&oneEventMode=0&debugfilename=d30e24904f4f3a4935e4004516e193a56393407eb92a581f954da1f7baa4f87d.tar.gz&saveoutput=1&publication=0&jobarch=slc7_amd64_gcc700&totalunits=0&splitalgo=Automatic&ignoreglobalblacklist=0&nonvaliddata=0&dbsurl=https%3A%2F%2Fcmsweb.cern.ch%2Fdbs%2Fprod%2Fglobal%2FDBSReader&publishgroupname=0&jobtype=Analysis&publishname2=semilept_ttbar_QCD_background&tfileoutfiles=QCD_ttbar_test.root
DEBUG 2020-09-23 01:04:34.712 UTC: 	 Result: {u'result': [{u'RequestName': u'200923_010434:ecannaer_crab_semilept_ttbar_QCD_background_000'}]}
INFO 2020-09-23 01:04:34.716 UTC: 	 Success: Your task has been delivered to the prod CRAB3 server.
INFO 2020-09-23 01:04:34.716 UTC: 	 Task name: 200923_010434:ecannaer_crab_semilept_ttbar_QCD_background_000
INFO 2020-09-23 01:04:34.716 UTC: 	 Project dir: crab_projects/crab_semilept_ttbar_QCD_background_000
INFO 2020-09-23 01:04:34.716 UTC: 	 Please use ' crab status -d crab_projects/crab_semilept_ttbar_QCD_background_000 ' to check how the submission process proceeds.
DEBUG 2020-09-23 01:04:34.717 UTC: 	 About to return
INFO 2020-09-23 01:04:34.721 UTC: 	 Log file is /uscms_data/d3/cannaert/src/thrust/CMSSW_10_2_4_patch1/src/crab_projects/crab_semilept_ttbar_QCD_background_000/crab.log
DEBUG 2020-09-23 01:04:46.031 UTC: 	 CRAB Client version: v3.200812
DEBUG 2020-09-23 01:04:46.032 UTC: 	 Running on: Linux cmslpc103.fnal.gov 3.10.0-1127.18.2.el7.x86_64 #1 SMP Thu Jul 30 10:36:16 CDT 2020 x86_64 x86_64 x86_64 GNU/Linux - Scientific Linux 7.8 (Nitrogen)
DEBUG 2020-09-23 01:04:46.032 UTC: 	 Executing command: 'status'
DEBUG 2020-09-23 01:04:46.032 UTC: 	 Found CRAB cache file /uscms/home/cannaert/.crab3
DEBUG 2020-09-23 01:04:46.058 UTC: 	 Checking credentials
DEBUG 2020-09-23 01:04:46.058 UTC: 	 Found proxy file /uscms/home/cannaert/x509up_u54552
DEBUG 2020-09-23 01:04:46.058 UTC: 	 Getting proxy life time left
DEBUG 2020-09-23 01:04:46.162 UTC: 	 Executing : 
 command : voms-proxy-info -file /uscms/home/cannaert/x509up_u54552 -timeleft
 output : 42296

 error: 
 retcode : 0
DEBUG 2020-09-23 01:04:46.266 UTC: 	 Executing : 
 command : voms-proxy-info -file /uscms/home/cannaert/x509up_u54552 -actimeleft
 output : 42295

 error: 
 retcode : 0
DEBUG 2020-09-23 01:04:46.266 UTC: 	 Proxy lifetime 42296 secs is different from voms extension lifetime 42295 secs for proxy: /uscms/home/cannaert/x509up_u54552
DEBUG 2020-09-23 01:04:46.266 UTC: 	 Proxy valid for 11:44:55 hours
DEBUG 2020-09-23 01:04:46.860 UTC: 	 Registering user credentials for server /DC=ch/DC=cern/OU=computers/CN=vocms0105.cern.ch|/DC=ch/DC=cern/OU=computers/CN=crab-(preprod|prod|dev)-tw(02|01).cern.ch|/DC=ch/DC=cern/OU=computers/CN=(ddi|ddidk|mytw).cern.ch|/DC=ch/DC=cern/OU=computers/CN=stefanov(m|m2).cern.ch
DEBUG 2020-09-23 01:04:46.966 UTC: 	 Executing : 
 command : voms-proxy-info -file /uscms/home/cannaert/x509up_u54552 -identity
 output : /DC=ch/DC=cern/OU=Organic Units/OU=Users/CN=ecannaer/CN=832417/CN=Ethan Cannaert

 error: 
 retcode : 0
DEBUG 2020-09-23 01:04:46.966 UTC: 	 Getting myproxy life time left for myproxy.cern.ch
DEBUG 2020-09-23 01:04:46.966 UTC: 	 Calculating hash of /DC=ch/DC=cern/OU=Organic Units/OU=Users/CN=ecannaer/CN=832417/CN=Ethan Cannaert_cmsweb.cern.ch for credential name
DEBUG 2020-09-23 01:04:47.771 UTC: 	 Executing : 
 command : myproxy-info -l dfb5f39d91e4adee325d1dda7edfeb9d4bdd1a42 -s myproxy.cern.ch
 output : username: dfb5f39d91e4adee325d1dda7edfeb9d4bdd1a42
owner: /DC=ch/DC=cern/OU=Organic Units/OU=Users/CN=ecannaer/CN=832417/CN=Ethan Cannaert
  renewal policy: /DC=ch/DC=cern/OU=computers/CN=vocms0105.cern.ch|/DC=ch/DC=cern/OU=computers/CN=crab-(preprod|prod|dev)-tw(02|01).cern.ch|/DC=ch/DC=cern/OU=computers/CN=(ddi|ddidk|mytw).cern.ch|/DC=ch/DC=cern/OU=computers/CN=stefanov(m|m2).cern.ch
  trusted retrieval policy: /DC=ch/DC=cern/OU=computers/CN=vocms0105.cern.ch|/DC=ch/DC=cern/OU=computers/CN=crab-(preprod|prod|dev)-tw(02|01).cern.ch|/DC=ch/DC=cern/OU=computers/CN=(ddi|ddidk|mytw).cern.ch|/DC=ch/DC=cern/OU=computers/CN=stefanov(m|m2).cern.ch
  timeleft: 719:59:28  (30.0 days)

 error: 
 retcode : 0
DEBUG 2020-09-23 01:04:47.772 UTC: 	 Myproxy is valid: 2591968
DEBUG 2020-09-23 01:04:47.772 UTC: 	 Retrieving username ...
DEBUG 2020-09-23 01:04:47.772 UTC: 	 Retrieving username from CRIC...
DEBUG 2020-09-23 01:04:49.117 UTC: 	 username is ecannaer
DEBUG 2020-09-23 01:04:49.122 UTC: 	 Getting myproxy life time left for myproxy.cern.ch
DEBUG 2020-09-23 01:04:49.123 UTC: 	 using ecannaer_CRAB as credential login name
DEBUG 2020-09-23 01:04:50.028 UTC: 	 Executing : 
 command : myproxy-info -l ecannaer_CRAB -s myproxy.cern.ch
 output : username: ecannaer_CRAB
owner: /DC=ch/DC=cern/OU=Organic Units/OU=Users/CN=ecannaer/CN=832417/CN=Ethan Cannaert
  renewal policy: /DC=ch/DC=cern/OU=computers/CN=vocms0105.cern.ch|/DC=ch/DC=cern/OU=computers/CN=crab-(preprod|prod|dev)-tw(02|01).cern.ch|/DC=ch/DC=cern/OU=computers/CN=(ddi|ddidk|mytw).cern.ch|/DC=ch/DC=cern/OU=computers/CN=stefanov(m|m2).cern.ch
  trusted retrieval policy: /DC=ch/DC=cern/OU=computers/CN=vocms0105.cern.ch|/DC=ch/DC=cern/OU=computers/CN=crab-(preprod|prod|dev)-tw(02|01).cern.ch|/DC=ch/DC=cern/OU=computers/CN=(ddi|ddidk|mytw).cern.ch|/DC=ch/DC=cern/OU=computers/CN=stefanov(m|m2).cern.ch
  timeleft: 719:59:39  (30.0 days)

 error: 
 retcode : 0
DEBUG 2020-09-23 01:04:50.029 UTC: 	 Myproxy is valid: 2591979
DEBUG 2020-09-23 01:04:50.030 UTC: 	 Command use: status
DEBUG 2020-09-23 01:04:50.030 UTC: 	 Options use: ['-d', 'crab_projects/crab_semilept_ttbar_QCD_background_000']
DEBUG 2020-09-23 01:04:50.608 UTC: 	 CRABClient version: v3.200812
DEBUG 2020-09-23 01:04:50.608 UTC: 	 Instance is prod
DEBUG 2020-09-23 01:04:50.608 UTC: 	 Server base url is cmsweb.cern.ch
DEBUG 2020-09-23 01:04:50.608 UTC: 	 Command url /crabserver/prod/workflow
DEBUG 2020-09-23 01:04:51.382 UTC: 	 Got information from server oracle database: {u'result': [u'200923_010434:ecannaer_crab_semilept_ttbar_QCD_background_000', u'None', u'None', u'NEW', u'SUBMIT', u'2020-09-23 01:04:34.653683', u'None', u'None', u'None', u'CMSSW_10_2_4_patch1', u'slc7_amd64_gcc700', u'/TTToSemiLeptonic_TuneCP5_13TeV-powheg-pythia8/RunIIAutumn18MiniAOD-102X_upgrade2018_realistic_v15-v1/MINIAODSIM', u'F', u'0', u'[]', u'[]', u'Automatic', u"{'splitOnRun': False, 'minutes_per_job': 480, 'halt_job_on_file_boundaries': False, 'runs': [], 'lumis': []}", u'01d4f615a12c3be2078e30a9af00a37e29b56d191ea46da06d67fbfbb790bcdd.tar.gz', u'https://cmsweb.cern.ch/crabcache', u'ecannaer', u'/DC=ch/DC=cern/OU=Organic Units/OU=Users/CN=ecannaer/CN=832417/CN=Ethan Cannaert', u'cms', u'None', u'None', u'semilept_ttbar_QCD_background-00000000000000000000000000000000', u'F', u'T3_US_FNALLPC', u'https://cmsweb.cern.ch/dbs/prod/global/DBSReader', u'https://cmsweb.cern.ch/dbs/prod/phys03/DBSWriter', u'F', u'[]', u"['QCD_ttbar_test.root']", u'[]', u'Analysis', u'pythia', u'None', u'{}', u'[]', u'F', u'None', u'[]', u'1250', u'1', u'2000', u'10', u'None', u'[]', u'None', u'None', u'[]', u'[]', u'https://cmsweb.cern.ch/crabserver/prod', u'cmsgwms-collector-global.cern.ch:9620,cmsgwms-collector-global.fnal.gov', u'None', u'F', u'[]', u'T', u'/store/user/ecannaer/', u'F', u'None', u'F', u'None', u'TTToSemiLeptonic_TuneCP5_13TeV-powheg-pythia8', u'None', u'd30e24904f4f3a4935e4004516e193a56393407eb92a581f954da1f7baa4f87d.tar.gz', u'None', u'filetransfers', u'F', u'131.225.189.114', u'0.0', u'None'], u'desc': {u'columns': [u'tm_taskname', u'tm_activity', u'panda_jobset_id', u'tm_task_status', u'tm_task_command', u'tm_start_time', u'tm_start_injection', u'tm_end_injection', u'tm_task_failure', u'tm_job_sw', u'tm_job_arch', u'tm_input_dataset', u'tm_nonvalid_input_dataset', u'tm_use_parent', u'tm_site_whitelist', u'tm_site_blacklist', u'tm_split_algo', u'tm_split_args', u'tm_user_sandbox', u'tm_cache_url', u'tm_username', u'tm_user_dn', u'tm_user_vo', u'tm_user_role', u'tm_user_group', u'tm_publish_name', u'tm_publish_groupname', u'tm_asyncdest', u'tm_dbs_url', u'tm_publish_dbs_url', u'tm_publication', u'tm_outfiles', u'tm_tfile_outfiles', u'tm_edm_outfiles', u'tm_job_type', u'tm_generator', u'tm_events_per_lumi', u'tm_arguments', u'panda_resubmitted_jobs', u'tm_save_logs', u'tw_name', u'tm_user_infiles', u'tm_maxjobruntime', u'tm_numcores', u'tm_maxmemory', u'tm_priority', u'tm_output_dataset', u'tm_task_warnings', u'tm_user_webdir', u'tm_scriptexe', u'tm_scriptargs', u'tm_extrajdl', u'tm_asourl', u'tm_collector', u'tm_schedd', u'tm_dry_run', u'tm_user_files', u'tm_transfer_outputs', u'tm_output_lfn', u'tm_ignore_locality', u'tm_fail_limit', u'tm_one_event_mode', u'tm_secondary_input_dataset', u'tm_primary_dataset', u'tm_last_publication', u'tm_debug_files', u'clusterid', u'tm_asodb', u'tm_ignore_global_blacklist', u'tm_submitter_ip_addr', u'tm_totalunits', u'tm_ddm_reqid']}}
INFO 2020-09-23 01:04:51.382 UTC: 	 CRAB project directory:		/uscms_data/d3/cannaert/src/thrust/CMSSW_10_2_4_patch1/src/crab_projects/crab_semilept_ttbar_QCD_background_000
INFO 2020-09-23 01:04:51.382 UTC: 	 Task name:			200923_010434:ecannaer_crab_semilept_ttbar_QCD_background_000
INFO 2020-09-23 01:04:51.383 UTC: 	 Grid scheduler - Task Worker:	N/A yet - N/A yet
INFO 2020-09-23 01:04:51.383 UTC: 	 Status on the CRAB server:	NEW on command SUBMIT
INFO 2020-09-23 01:04:51.383 UTC: 	 Task URL to use for HELP:	https://cmsweb.cern.ch/crabserver/ui/task/200923_010434%3Aecannaer_crab_semilept_ttbar_QCD_background_000
INFO 2020-09-23 01:04:51.386 UTC: 	 Dashboard monitoring URL:	https://monit-grafana.cern.ch/d/cmsTMDetail/cms-task-monitoring-task-view?orgId=11&var-user=ecannaer&var-task=200923_010434%3Aecannaer_crab_semilept_ttbar_QCD_background_000&from=1600823074000&to=now
INFO 2020-09-23 01:04:51.386 UTC: 	 In case of issues with the dashboard, please provide feedback to hn-cms-computing-tools@cern.ch
DEBUG 2020-09-23 01:04:51.386 UTC: 	 The task has not been submitted to the Grid scheduler yet. Not printing job information.
INFO 2020-09-23 01:04:51.389 UTC: 	 Log file is /uscms_data/d3/cannaert/src/thrust/CMSSW_10_2_4_patch1/src/crab_projects/crab_semilept_ttbar_QCD_background_000/crab.log
DEBUG 2020-09-23 18:16:13.141 UTC: 	 CRAB Client version: v3.200812
DEBUG 2020-09-23 18:16:13.141 UTC: 	 Running on: Linux cmslpc148.fnal.gov 3.10.0-1127.18.2.el7.x86_64 #1 SMP Thu Jul 30 10:36:16 CDT 2020 x86_64 x86_64 x86_64 GNU/Linux - Scientific Linux 7.8 (Nitrogen)
DEBUG 2020-09-23 18:16:13.141 UTC: 	 Executing command: 'status'
DEBUG 2020-09-23 18:16:13.144 UTC: 	 Found CRAB cache file /uscms/home/cannaert/.crab3
DEBUG 2020-09-23 18:16:13.196 UTC: 	 Checking credentials
DEBUG 2020-09-23 18:16:13.197 UTC: 	 Found proxy file /uscms/home/cannaert/x509up_u54552
DEBUG 2020-09-23 18:16:13.197 UTC: 	 Getting proxy life time left
DEBUG 2020-09-23 18:16:13.299 UTC: 	 Executing : 
 command : voms-proxy-info -file /uscms/home/cannaert/x509up_u54552 -timeleft
 output : 43190

 error: 
 retcode : 0
DEBUG 2020-09-23 18:16:13.404 UTC: 	 Executing : 
 command : voms-proxy-info -file /uscms/home/cannaert/x509up_u54552 -actimeleft
 output : 43190

 error: 
 retcode : 0
DEBUG 2020-09-23 18:16:13.404 UTC: 	 Proxy valid for 11:59:50 hours
DEBUG 2020-09-23 18:16:13.975 UTC: 	 Registering user credentials for server /DC=ch/DC=cern/OU=computers/CN=vocms0105.cern.ch|/DC=ch/DC=cern/OU=computers/CN=crab-(preprod|prod|dev)-tw(02|01).cern.ch|/DC=ch/DC=cern/OU=computers/CN=(ddi|ddidk|mytw).cern.ch|/DC=ch/DC=cern/OU=computers/CN=stefanov(m|m2).cern.ch
DEBUG 2020-09-23 18:16:14.080 UTC: 	 Executing : 
 command : voms-proxy-info -file /uscms/home/cannaert/x509up_u54552 -identity
 output : /DC=ch/DC=cern/OU=Organic Units/OU=Users/CN=ecannaer/CN=832417/CN=Ethan Cannaert

 error: 
 retcode : 0
DEBUG 2020-09-23 18:16:14.080 UTC: 	 Getting myproxy life time left for myproxy.cern.ch
DEBUG 2020-09-23 18:16:14.080 UTC: 	 Calculating hash of /DC=ch/DC=cern/OU=Organic Units/OU=Users/CN=ecannaer/CN=832417/CN=Ethan Cannaert_cmsweb.cern.ch for credential name
DEBUG 2020-09-23 18:16:15.486 UTC: 	 Executing : 
 command : myproxy-info -l dfb5f39d91e4adee325d1dda7edfeb9d4bdd1a42 -s myproxy.cern.ch
 output : username: dfb5f39d91e4adee325d1dda7edfeb9d4bdd1a42
owner: /DC=ch/DC=cern/OU=Organic Units/OU=Users/CN=ecannaer/CN=832417/CN=Ethan Cannaert
  renewal policy: /DC=ch/DC=cern/OU=computers/CN=vocms0105.cern.ch|/DC=ch/DC=cern/OU=computers/CN=crab-(preprod|prod|dev)-tw(02|01).cern.ch|/DC=ch/DC=cern/OU=computers/CN=(ddi|ddidk|mytw).cern.ch|/DC=ch/DC=cern/OU=computers/CN=stefanov(m|m2).cern.ch
  trusted retrieval policy: /DC=ch/DC=cern/OU=computers/CN=vocms0105.cern.ch|/DC=ch/DC=cern/OU=computers/CN=crab-(preprod|prod|dev)-tw(02|01).cern.ch|/DC=ch/DC=cern/OU=computers/CN=(ddi|ddidk|mytw).cern.ch|/DC=ch/DC=cern/OU=computers/CN=stefanov(m|m2).cern.ch
  timeleft: 702:48:00  (29.3 days)

 error: 
 retcode : 0
DEBUG 2020-09-23 18:16:15.486 UTC: 	 Myproxy is valid: 2530080
DEBUG 2020-09-23 18:16:15.487 UTC: 	 Retrieving username ...
DEBUG 2020-09-23 18:16:15.487 UTC: 	 Retrieving username from CRIC...
DEBUG 2020-09-23 18:16:17.619 UTC: 	 username is ecannaer
DEBUG 2020-09-23 18:16:17.623 UTC: 	 Getting myproxy life time left for myproxy.cern.ch
DEBUG 2020-09-23 18:16:17.624 UTC: 	 using ecannaer_CRAB as credential login name
DEBUG 2020-09-23 18:16:18.530 UTC: 	 Executing : 
 command : myproxy-info -l ecannaer_CRAB -s myproxy.cern.ch
 output : username: ecannaer_CRAB
owner: /DC=ch/DC=cern/OU=Organic Units/OU=Users/CN=ecannaer/CN=832417/CN=Ethan Cannaert
  renewal policy: /DC=ch/DC=cern/OU=computers/CN=vocms0105.cern.ch|/DC=ch/DC=cern/OU=computers/CN=crab-(preprod|prod|dev)-tw(02|01).cern.ch|/DC=ch/DC=cern/OU=computers/CN=(ddi|ddidk|mytw).cern.ch|/DC=ch/DC=cern/OU=computers/CN=stefanov(m|m2).cern.ch
  trusted retrieval policy: /DC=ch/DC=cern/OU=computers/CN=vocms0105.cern.ch|/DC=ch/DC=cern/OU=computers/CN=crab-(preprod|prod|dev)-tw(02|01).cern.ch|/DC=ch/DC=cern/OU=computers/CN=(ddi|ddidk|mytw).cern.ch|/DC=ch/DC=cern/OU=computers/CN=stefanov(m|m2).cern.ch
  timeleft: 702:48:10  (29.3 days)

 error: 
 retcode : 0
DEBUG 2020-09-23 18:16:18.530 UTC: 	 Myproxy is valid: 2530090
DEBUG 2020-09-23 18:16:18.531 UTC: 	 Command use: status
DEBUG 2020-09-23 18:16:18.531 UTC: 	 Options use: ['-d', 'crab_projects/crab_semilept_ttbar_QCD_background_000']
DEBUG 2020-09-23 18:16:19.159 UTC: 	 CRABClient version: v3.200812
DEBUG 2020-09-23 18:16:19.160 UTC: 	 Instance is prod
DEBUG 2020-09-23 18:16:19.160 UTC: 	 Server base url is cmsweb.cern.ch
DEBUG 2020-09-23 18:16:19.160 UTC: 	 Command url /crabserver/prod/workflow
DEBUG 2020-09-23 18:16:19.751 UTC: 	 Got information from server oracle database: {u'result': [u'200923_010434:ecannaer_crab_semilept_ttbar_QCD_background_000', u'None', u'None', u'SUBMITTED', u'SUBMIT', u'2020-09-23 01:04:34.653683', u'None', u'2020-09-23 01:05:34.083363', u'None', u'CMSSW_10_2_4_patch1', u'slc7_amd64_gcc700', u'/TTToSemiLeptonic_TuneCP5_13TeV-powheg-pythia8/RunIIAutumn18MiniAOD-102X_upgrade2018_realistic_v15-v1/MINIAODSIM', u'F', u'0', u'[]', u'[]', u'Automatic', u"{'splitOnRun': False, 'minutes_per_job': 480, 'halt_job_on_file_boundaries': False, 'runs': [], 'lumis': []}", u'01d4f615a12c3be2078e30a9af00a37e29b56d191ea46da06d67fbfbb790bcdd.tar.gz', u'https://cmsweb.cern.ch/crabcache', u'ecannaer', u'/DC=ch/DC=cern/OU=Organic Units/OU=Users/CN=ecannaer/CN=832417/CN=Ethan Cannaert', u'cms', u'None', u'None', u'semilept_ttbar_QCD_background-00000000000000000000000000000000', u'F', u'T3_US_FNALLPC', u'https://cmsweb.cern.ch/dbs/prod/global/DBSReader', u'https://cmsweb.cern.ch/dbs/prod/phys03/DBSWriter', u'F', u'[]', u"['QCD_ttbar_test.root']", u'[]', u'Analysis', u'pythia', u'None', u'{}', u'[]', u'F', u'crab-prod-tw01', u'[]', u'1250', u'1', u'2000', u'10', u'None', u'["34 blocks will be skipped because are not completely replicated on DISK: [\'/TTToSemiLeptonic_TuneCP5_13TeV-powheg-pythia8/RunIIAutumn18MiniAOD-102X_upgrade2018_realistic_v15-v1/MINIAODSIM#36bcca2d-f6be-41fa-98c3-508052a29292\', \'/TTToSemiLeptonic_TuneCP5_13TeV-powheg-pythia8/RunIIAutumn18MiniAOD-102X_upgrade2018_realistic_v15-v1/MINIAODSIM#50bc7d04-1fb4-4edc-b498-8df3a80c4de3\', \'/TTToSemiLeptonic_TuneCP5_13TeV-powheg-pythia8/RunIIAutumn18MiniAOD-102X_upgrade2018_realistic_v15-v1/MINIAODSIM#0d31d441-6deb-4176-9ce5-f6420eaf83f6\', \'/TTToSemiLeptonic_TuneCP5_13TeV-powheg-pythia8/RunIIAutumn18MiniAOD-102X_upgrade2018_realistic_v15-v1/MINIAODSIM#5bdd8c10-af39-432d-92ba-6fcf7e7fe46e\', \'/TTToSemiLeptonic_TuneCP5_13TeV-powheg-pythia8/RunIIAutumn18MiniAOD-102X_upgrade2018_realistic_v15-v1/MINIAODSIM#8c741833-eea0-4ae6-b477-38969ae11eec\', \'/TTToSemiLeptonic_TuneCP5_13TeV-powheg-pythia8/RunIIAutumn18MiniAOD-102X_upgrade2018_realistic_v15-v1/MINIAODSIM#6aec20e4-2fa7-4347-aab7-c3e7c65f1ebf\', \'/TTToSemiLeptonic_TuneCP5_13TeV-powheg-pythia8/RunIIAutumn18MiniAOD-102X_upgrade2018_realistic_v15-v1/MINIAODSIM#3e507ba4-d4c2-4b65-bc72-4ada3b7eb1d3\', \'/TTToSemiLeptonic_TuneCP5_13TeV-powheg-pythia8/RunIIAutumn18MiniAOD-102X_upgrade2018_realistic_v15-v1/MINIAODSIM#84fae9c9-abb2-42e7-a16f-10232c196b58\', \'/TTToSemiLeptonic_TuneCP5_13TeV-powheg-pythia8/RunIIAutumn18MiniAOD-102X_upgrade2018_realistic_v15-v1/MINIAODSIM#f66f929f-bb16-475c-90ab-106f59d42878\', \'/TTToSemiLeptonic_TuneCP5_13TeV-powheg-pythia8/RunIIAutumn18MiniAOD-102X_upgrade2018_realistic_v15-v1/MINIAODSIM#2e4adbe1-7238-40d1-aa41-aa503559e8dc\', \'/TTToSemiLeptonic_TuneCP5_13TeV-powheg-pythia8/RunIIAutumn18MiniAOD-102X_upgrade2018_realistic_v15-v1/MINIAODSIM#a17cb484-38b6-48c5-a443-55d7e217376b\', \'/TTToSemiLeptonic_TuneCP5_13TeV-powheg-pythia8/RunIIAutumn18MiniAOD-102X_upgrade2018_realistic_v15-v1/MINIAODSIM#b6f183ae-1bae-482b-9a08-574c7ca89f72\', \'/TTToSemiLeptonic_TuneCP5_13TeV-powheg-pythia8/RunIIAutumn18MiniAOD-102X_upgrade2018_realistic_v15-v1/MINIAODSIM#c0645d20-8d37-4bbf-b6a9-1ff2c11f4a27\', \'/TTToSemiLeptonic_TuneCP5_13TeV-powheg-pythia8/RunIIAutumn18MiniAOD-102X_upgrade2018_realistic_v15-v1/MINIAODSIM#47ef0ce4-89bd-4820-86ae-1a0021b67197\', \'/TTToSemiLeptonic_TuneCP5_13TeV-powheg-pythia8/RunIIAutumn18MiniAOD-102X_upgrade2018_realistic_v15-v1/MINIAODSIM#02c73b92-3b2a-4bc7-9a21-54310d546938\', \'/TTToSemiLeptonic_TuneCP5_13TeV-powheg-pythia8/RunIIAutumn18MiniAOD-102X_upgrade2018_realistic_v15-v1/MINIAODSIM#4b792ba3-6fe2-476a-8b8c-4fc013bab091\', \'/TTToSemiLeptonic_TuneCP5_13TeV-powheg-pythia8/RunIIAutumn18MiniAOD-102X_upgrade2018_realistic_v15-v1/MINIAODSIM#0701bd82-a547-4834-967e-53dad193b035\', \'/TTToSemiLeptonic_TuneCP5_13TeV-powheg-pythia8/RunIIAutumn18MiniAOD-102X_upgrade2018_realistic_v15-v1/MINIAODSIM#3fc2ade5-82cf-467c-8905-0ce21258f212\', \'/TTToSemiLeptonic_TuneCP5_13TeV-powheg-pythia8/RunIIAutumn18MiniAOD-102X_upgrade2018_realistic_v15-v1/MINIAODSIM#6c0cf237-66bb-43ec-8425-d8a7635fe797\', \'/TTToSemiLeptonic_TuneCP5_13TeV-powheg-pythia8/RunIIAutumn18MiniAOD-102X_upgrade2018_realistic_v15-v1/MINIAODSIM#01d3e961-a55d-4d94-9cdf-f07c3406c14b\', \'/TTToSemiLeptonic_TuneCP5_13TeV-powheg-pythia8/RunIIAutumn18MiniAOD-102X_upgrade2018_realistic_v15-v1/MINIAODSIM#96f5077e-8b79-419a-9df3-d87477155e3b\', \'/TTToSemiLeptonic_TuneCP5_13TeV-powheg-pythia8/RunIIAutumn18MiniAOD-102X_upgrade2018_realistic_v15-v1/MINIAODSIM#6ea7604a-08e9-4848-8827-44fda008f9ce\', \'/TTToSemiLeptonic_TuneCP5_13TeV-powheg-pythia8/RunIIAutumn18MiniAOD-102X_upgrade2018_realistic_v15-v1/MINIAODSIM#af6c6515-1b69-4524-a428-2b02c90ea2ba\', \'/TTToSemiLeptonic_TuneCP5_13TeV-powheg-pythia8/RunIIAutumn18MiniAOD-102X_upgrade2018_realistic_v15-v1/MINIAODSIM#72def961-abfd-4e58-aab9-ca4f3f7f2d19\', \'/TTToSemiLeptonic_TuneCP5_13TeV-powheg-pythia8/RunIIAutumn18MiniAOD-102X_upgrade2018_realistic_v15-v1/MINIAODSIM#d363220a-6925-41bd-af1b-e981fa71659f\', \'/TTToSemiLeptonic_TuneCP5_13TeV-powheg-pythia8/RunIIAutumn18MiniAOD-102X_upgrade2018_realistic_v15-v1/MINIAODSIM#b81664c1-9f1d-4063-825d-413dfaad5d8c\', \'/TTToSemiLeptonic_TuneCP5_13TeV-powheg-pythia8/RunIIAutumn18MiniAOD-102X_upgrade2018_realistic_v15-v1/MINIAODSIM#a865b806-6a40-449c-b18a-82cf0f42e9f7\', \'/TTToSemiLeptonic_TuneCP5_13TeV-powheg-pythia8/RunIIAutumn18MiniAOD-102X_upgrade2018_realistic_v15-v1/MINIAODSIM#7c02bd32-91ca-4d8c-9f74-b2dff2f2ea96\', \'/TTToSemiLeptonic_TuneCP5_13TeV-powheg-pythia8/RunIIAutumn18MiniAOD-102X_upgrade2018_realistic_v15-v1/MINIAODSIM#d132fc65-32c1-4929-a5c4-37d0ec780443\', \'/TTToSemiLeptonic_TuneCP5_13TeV-powheg-pythia8/RunIIAutumn18MiniAOD-102X_upgrade2018_realistic_v15-v1/MINIAODSIM#3e571879-4d56-42fe-a290-f5b36215a818\', \'/TTToSemiLeptonic_TuneCP5_13TeV-powheg-pythia8/RunIIAutumn18MiniAOD-102X_upgrade2018_realistic_v15-v1/MINIAODSIM#fb7222ed-c5c1-411d-8a15-102a6d83e511\', \'/TTToSemiLeptonic_TuneCP5_13TeV-powheg-pythia8/RunIIAutumn18MiniAOD-102X_upgrade2018_realistic_v15-v1/MINIAODSIM#f896e868-5bb1-4296-aa10-421f5ada7a26\', \'/TTToSemiLeptonic_TuneCP5_13TeV-powheg-pythia8/RunIIAutumn18MiniAOD-102X_upgrade2018_realistic_v15-v1/MINIAODSIM#3784904c-5615-4248-a69c-e0855c5f4c61\', \'/TTToSemiLeptonic_TuneCP5_13TeV-powheg-pythia8/RunIIAutumn18MiniAOD-102X_upgrade2018_realistic_v15-v1/MINIAODSIM#2e3e7f7f-727f-47ae-9862-6830a4a20628\']"]', u'http://vocms0155.cern.ch/mon/cms838/200923_010434:ecannaer_crab_semilept_ttbar_QCD_background_000', u'None', u'[]', u'[]', u'https://cmsweb.cern.ch/crabserver/prod', u'cmsgwms-collector-global.cern.ch:9620,cmsgwms-collector-global.fnal.gov', u'crab3@vocms0155.cern.ch', u'F', u'[]', u'T', u'/store/user/ecannaer/', u'F', u'None', u'F', u'None', u'TTToSemiLeptonic_TuneCP5_13TeV-powheg-pythia8', u'None', u'd30e24904f4f3a4935e4004516e193a56393407eb92a581f954da1f7baa4f87d.tar.gz', u'59840824', u'filetransfers', u'F', u'131.225.189.114', u'0.0', u'None'], u'desc': {u'columns': [u'tm_taskname', u'tm_activity', u'panda_jobset_id', u'tm_task_status', u'tm_task_command', u'tm_start_time', u'tm_start_injection', u'tm_end_injection', u'tm_task_failure', u'tm_job_sw', u'tm_job_arch', u'tm_input_dataset', u'tm_nonvalid_input_dataset', u'tm_use_parent', u'tm_site_whitelist', u'tm_site_blacklist', u'tm_split_algo', u'tm_split_args', u'tm_user_sandbox', u'tm_cache_url', u'tm_username', u'tm_user_dn', u'tm_user_vo', u'tm_user_role', u'tm_user_group', u'tm_publish_name', u'tm_publish_groupname', u'tm_asyncdest', u'tm_dbs_url', u'tm_publish_dbs_url', u'tm_publication', u'tm_outfiles', u'tm_tfile_outfiles', u'tm_edm_outfiles', u'tm_job_type', u'tm_generator', u'tm_events_per_lumi', u'tm_arguments', u'panda_resubmitted_jobs', u'tm_save_logs', u'tw_name', u'tm_user_infiles', u'tm_maxjobruntime', u'tm_numcores', u'tm_maxmemory', u'tm_priority', u'tm_output_dataset', u'tm_task_warnings', u'tm_user_webdir', u'tm_scriptexe', u'tm_scriptargs', u'tm_extrajdl', u'tm_asourl', u'tm_collector', u'tm_schedd', u'tm_dry_run', u'tm_user_files', u'tm_transfer_outputs', u'tm_output_lfn', u'tm_ignore_locality', u'tm_fail_limit', u'tm_one_event_mode', u'tm_secondary_input_dataset', u'tm_primary_dataset', u'tm_last_publication', u'tm_debug_files', u'clusterid', u'tm_asodb', u'tm_ignore_global_blacklist', u'tm_submitter_ip_addr', u'tm_totalunits', u'tm_ddm_reqid']}}
INFO 2020-09-23 18:16:19.751 UTC: 	 CRAB project directory:		/uscms_data/d3/cannaert/src/thrust/CMSSW_10_2_4_patch1/src/crab_projects/crab_semilept_ttbar_QCD_background_000
INFO 2020-09-23 18:16:19.751 UTC: 	 Task name:			200923_010434:ecannaer_crab_semilept_ttbar_QCD_background_000
INFO 2020-09-23 18:16:19.751 UTC: 	 Grid scheduler - Task Worker:	crab3@vocms0155.cern.ch - crab-prod-tw01
INFO 2020-09-23 18:16:19.752 UTC: 	 Status on the CRAB server:	SUBMITTED
INFO 2020-09-23 18:16:19.752 UTC: 	 Task URL to use for HELP:	https://cmsweb.cern.ch/crabserver/ui/task/200923_010434%3Aecannaer_crab_semilept_ttbar_QCD_background_000
INFO 2020-09-23 18:16:19.757 UTC: 	 Dashboard monitoring URL:	https://monit-grafana.cern.ch/d/cmsTMDetail/cms-task-monitoring-task-view?orgId=11&var-user=ecannaer&var-task=200923_010434%3Aecannaer_crab_semilept_ttbar_QCD_background_000&from=1600823074000&to=now
INFO 2020-09-23 18:16:19.757 UTC: 	 In case of issues with the dashboard, please provide feedback to hn-cms-computing-tools@cern.ch
WARNING 2020-09-23 18:16:19.757 UTC: 	 Warning:			34 blocks will be skipped because are not completely replicated on DISK: ['/TTToSemiLeptonic_TuneCP5_13TeV-powheg-pythia8/RunIIAutumn18MiniAOD-102X_upgrade2018_realistic_v15-v1/MINIAODSIM#36bcca2d-f6be-41fa-98c3-508052a29292', '/TTToSemiLeptonic_TuneCP5_13TeV-powheg-pythia8/RunIIAutumn18MiniAOD-102X_upgrade2018_realistic_v15-v1/MINIAODSIM#50bc7d04-1fb4-4edc-b498-8df3a80c4de3', '/TTToSemiLeptonic_TuneCP5_13TeV-powheg-pythia8/RunIIAutumn18MiniAOD-102X_upgrade2018_realistic_v15-v1/MINIAODSIM#0d31d441-6deb-4176-9ce5-f6420eaf83f6', '/TTToSemiLeptonic_TuneCP5_13TeV-powheg-pythia8/RunIIAutumn18MiniAOD-102X_upgrade2018_realistic_v15-v1/MINIAODSIM#5bdd8c10-af39-432d-92ba-6fcf7e7fe46e', '/TTToSemiLeptonic_TuneCP5_13TeV-powheg-pythia8/RunIIAutumn18MiniAOD-102X_upgrade2018_realistic_v15-v1/MINIAODSIM#8c741833-eea0-4ae6-b477-38969ae11eec', '/TTToSemiLeptonic_TuneCP5_13TeV-powheg-pythia8/RunIIAutumn18MiniAOD-102X_upgrade2018_realistic_v15-v1/MINIAODSIM#6aec20e4-2fa7-4347-aab7-c3e7c65f1ebf', '/TTToSemiLeptonic_TuneCP5_13TeV-powheg-pythia8/RunIIAutumn18MiniAOD-102X_upgrade2018_realistic_v15-v1/MINIAODSIM#3e507ba4-d4c2-4b65-bc72-4ada3b7eb1d3', '/TTToSemiLeptonic_TuneCP5_13TeV-powheg-pythia8/RunIIAutumn18MiniAOD-102X_upgrade2018_realistic_v15-v1/MINIAODSIM#84fae9c9-abb2-42e7-a16f-10232c196b58', '/TTToSemiLeptonic_TuneCP5_13TeV-powheg-pythia8/RunIIAutumn18MiniAOD-102X_upgrade2018_realistic_v15-v1/MINIAODSIM#f66f929f-bb16-475c-90ab-106f59d42878', '/TTToSemiLeptonic_TuneCP5_13TeV-powheg-pythia8/RunIIAutumn18MiniAOD-102X_upgrade2018_realistic_v15-v1/MINIAODSIM#2e4adbe1-7238-40d1-aa41-aa503559e8dc', '/TTToSemiLeptonic_TuneCP5_13TeV-powheg-pythia8/RunIIAutumn18MiniAOD-102X_upgrade2018_realistic_v15-v1/MINIAODSIM#a17cb484-38b6-48c5-a443-55d7e217376b', '/TTToSemiLeptonic_TuneCP5_13TeV-powheg-pythia8/RunIIAutumn18MiniAOD-102X_upgrade2018_realistic_v15-v1/MINIAODSIM#b6f183ae-1bae-482b-9a08-574c7ca89f72', '/TTToSemiLeptonic_TuneCP5_13TeV-powheg-pythia8/RunIIAutumn18MiniAOD-102X_upgrade2018_realistic_v15-v1/MINIAODSIM#c0645d20-8d37-4bbf-b6a9-1ff2c11f4a27', '/TTToSemiLeptonic_TuneCP5_13TeV-powheg-pythia8/RunIIAutumn18MiniAOD-102X_upgrade2018_realistic_v15-v1/MINIAODSIM#47ef0ce4-89bd-4820-86ae-1a0021b67197', '/TTToSemiLeptonic_TuneCP5_13TeV-powheg-pythia8/RunIIAutumn18MiniAOD-102X_upgrade2018_realistic_v15-v1/MINIAODSIM#02c73b92-3b2a-4bc7-9a21-54310d546938', '/TTToSemiLeptonic_TuneCP5_13TeV-powheg-pythia8/RunIIAutumn18MiniAOD-102X_upgrade2018_realistic_v15-v1/MINIAODSIM#4b792ba3-6fe2-476a-8b8c-4fc013bab091', '/TTToSemiLeptonic_TuneCP5_13TeV-powheg-pythia8/RunIIAutumn18MiniAOD-102X_upgrade2018_realistic_v15-v1/MINIAODSIM#0701bd82-a547-4834-967e-53dad193b035', '/TTToSemiLeptonic_TuneCP5_13TeV-powheg-pythia8/RunIIAutumn18MiniAOD-102X_upgrade2018_realistic_v15-v1/MINIAODSIM#3fc2ade5-82cf-467c-8905-0ce21258f212', '/TTToSemiLeptonic_TuneCP5_13TeV-powheg-pythia8/RunIIAutumn18MiniAOD-102X_upgrade2018_realistic_v15-v1/MINIAODSIM#6c0cf237-66bb-43ec-8425-d8a7635fe797', '/TTToSemiLeptonic_TuneCP5_13TeV-powheg-pythia8/RunIIAutumn18MiniAOD-102X_upgrade2018_realistic_v15-v1/MINIAODSIM#01d3e961-a55d-4d94-9cdf-f07c3406c14b', '/TTToSemiLeptonic_TuneCP5_13TeV-powheg-pythia8/RunIIAutumn18MiniAOD-102X_upgrade2018_realistic_v15-v1/MINIAODSIM#96f5077e-8b79-419a-9df3-d87477155e3b', '/TTToSemiLeptonic_TuneCP5_13TeV-powheg-pythia8/RunIIAutumn18MiniAOD-102X_upgrade2018_realistic_v15-v1/MINIAODSIM#6ea7604a-08e9-4848-8827-44fda008f9ce', '/TTToSemiLeptonic_TuneCP5_13TeV-powheg-pythia8/RunIIAutumn18MiniAOD-102X_upgrade2018_realistic_v15-v1/MINIAODSIM#af6c6515-1b69-4524-a428-2b02c90ea2ba', '/TTToSemiLeptonic_TuneCP5_13TeV-powheg-pythia8/RunIIAutumn18MiniAOD-102X_upgrade2018_realistic_v15-v1/MINIAODSIM#72def961-abfd-4e58-aab9-ca4f3f7f2d19', '/TTToSemiLeptonic_TuneCP5_13TeV-powheg-pythia8/RunIIAutumn18MiniAOD-102X_upgrade2018_realistic_v15-v1/MINIAODSIM#d363220a-6925-41bd-af1b-e981fa71659f', '/TTToSemiLeptonic_TuneCP5_13TeV-powheg-pythia8/RunIIAutumn18MiniAOD-102X_upgrade2018_realistic_v15-v1/MINIAODSIM#b81664c1-9f1d-4063-825d-413dfaad5d8c', '/TTToSemiLeptonic_TuneCP5_13TeV-powheg-pythia8/RunIIAutumn18MiniAOD-102X_upgrade2018_realistic_v15-v1/MINIAODSIM#a865b806-6a40-449c-b18a-82cf0f42e9f7', '/TTToSemiLeptonic_TuneCP5_13TeV-powheg-pythia8/RunIIAutumn18MiniAOD-102X_upgrade2018_realistic_v15-v1/MINIAODSIM#7c02bd32-91ca-4d8c-9f74-b2dff2f2ea96', '/TTToSemiLeptonic_TuneCP5_13TeV-powheg-pythia8/RunIIAutumn18MiniAOD-102X_upgrade2018_realistic_v15-v1/MINIAODSIM#d132fc65-32c1-4929-a5c4-37d0ec780443', '/TTToSemiLeptonic_TuneCP5_13TeV-powheg-pythia8/RunIIAutumn18MiniAOD-102X_upgrade2018_realistic_v15-v1/MINIAODSIM#3e571879-4d56-42fe-a290-f5b36215a818', '/TTToSemiLeptonic_TuneCP5_13TeV-powheg-pythia8/RunIIAutumn18MiniAOD-102X_upgrade2018_realistic_v15-v1/MINIAODSIM#fb7222ed-c5c1-411d-8a15-102a6d83e511', '/TTToSemiLeptonic_TuneCP5_13TeV-powheg-pythia8/RunIIAutumn18MiniAOD-102X_upgrade2018_realistic_v15-v1/MINIAODSIM#f896e868-5bb1-4296-aa10-421f5ada7a26', '/TTToSemiLeptonic_TuneCP5_13TeV-powheg-pythia8/RunIIAutumn18MiniAOD-102X_upgrade2018_realistic_v15-v1/MINIAODSIM#3784904c-5615-4248-a69c-e0855c5f4c61', '/TTToSemiLeptonic_TuneCP5_13TeV-powheg-pythia8/RunIIAutumn18MiniAOD-102X_upgrade2018_realistic_v15-v1/MINIAODSIM#2e3e7f7f-727f-47ae-9862-6830a4a20628']
DEBUG 2020-09-23 18:16:19.757 UTC: 	 The CRAB server submitted your task to the Grid scheduler (cluster ID: 59840824)
DEBUG 2020-09-23 18:16:19.757 UTC: 	 Webdir is located at http://vocms0155.cern.ch/mon/cms838/200923_010434:ecannaer_crab_semilept_ttbar_QCD_background_000
DEBUG 2020-09-23 18:16:20.336 UTC: 	 Proxied webdir is located at https://cmsweb.cern.ch/scheddmon/0155/cms838/200923_010434:ecannaer_crab_semilept_ttbar_QCD_background_000
DEBUG 2020-09-23 18:16:20.336 UTC: 	 Retrieving 'status_cache' file from https://cmsweb.cern.ch/scheddmon/0155/cms838/200923_010434:ecannaer_crab_semilept_ttbar_QCD_background_000/status_cache
DEBUG 2020-09-23 18:16:20.892 UTC: 	 Got information from status cache file: {'0-4': {'Retries': 0, 'WallDurations': [8.0, 1129.0], 'StartTimes': [1600823393.0], 'SubmitTimes': [1600823147.0], 'JobIds': ['59840831.0'], 'EndTimes': [1600824522.0], 'Restarts': 0, 'RecordedSite': True, 'State': 'finished', 'ResidentSetSize': [639432], 'TotalUserCpuTimeHistory': [230], 'SiteHistory': ['Unknown', 'T2_US_Caltech'], 'TotalSysCpuTimeHistory': [10]}, '0-5': {'Retries': 0, 'WallDurations': [9.0, 967.0], 'StartTimes': [1600823378.0], 'SubmitTimes': [1600823148.0], 'JobIds': ['59840832.0'], 'EndTimes': [1600824345.0], 'Restarts': 0, 'RecordedSite': True, 'State': 'finished', 'ResidentSetSize': [814672], 'TotalUserCpuTimeHistory': [669], 'SiteHistory': ['Unknown', 'T2_US_Vanderbilt'], 'TotalSysCpuTimeHistory': [21]}, '1-10': {'Retries': 0, 'WallDurations': [8.0, 5667.0], 'StartTimes': [1600871447.0], 'SubmitTimes': [1600871097.0], 'JobIds': ['59861272.0'], 'EndTimes': [1600877114.0], 'Restarts': 0, 'RecordedSite': True, 'State': 'finished', 'ResidentSetSize': [811312], 'TotalUserCpuTimeHistory': [4716], 'SiteHistory': ['Unknown', 'T2_DE_DESY'], 'TotalSysCpuTimeHistory': [312]}, '20': {'Retries': 0, 'WallDurations': [9.0, 10127.0], 'StartTimes': [1600828502.0], 'SubmitTimes': [1600824972.0], 'JobIds': ['59841186.0'], 'EndTimes': [1600838629.0], 'Restarts': 0, 'RecordedSite': True, 'State': 'finished', 'ResidentSetSize': [1054500], 'TotalUserCpuTimeHistory': [8866], 'SiteHistory': ['Unknown', 'T2_DE_DESY'], 'TotalSysCpuTimeHistory': [267]}, '21': {'Retries': 0, 'WallDurations': [8.0, 15124.0], 'StartTimes': [1600829603.0], 'SubmitTimes': [1600824972.0], 'JobIds': ['59841187.0'], 'EndTimes': [1600844727.0], 'Restarts': 0, 'RecordedSite': True, 'State': 'finished', 'ResidentSetSize': [1065048], 'TotalUserCpuTimeHistory': [13951], 'SiteHistory': ['Unknown', 'T2_DE_DESY'], 'TotalSysCpuTimeHistory': [397]}, '22': {'Retries': 0, 'WallDurations': [9.0, 3160.0], 'StartTimes': [1600829601.0], 'SubmitTimes': [1600824972.0], 'JobIds': ['59841188.0'], 'EndTimes': [1600832761.0], 'Restarts': 0, 'RecordedSite': True, 'State': 'finished', 'ResidentSetSize': [887364], 'TotalUserCpuTimeHistory': [2854], 'SiteHistory': ['Unknown', 'T2_DE_DESY'], 'TotalSysCpuTimeHistory': [69]}, '1': {'Retries': 0, 'WallDurations': [8.0, 29239.0], 'StartTimes': [1600825223.0], 'SubmitTimes': [1600824964.0], 'JobIds': ['59841164.0'], 'EndTimes': [1600854462.0], 'Restarts': 0, 'RecordedSite': True, 'State': 'finished', 'ResidentSetSize': [814512], 'TotalUserCpuTimeHistory': [5678], 'SiteHistory': ['Unknown', 'T2_US_Vanderbilt'], 'TotalSysCpuTimeHistory': [287]}, '3': {'Retries': 0, 'WallDurations': [9.0, 27104.0], 'StartTimes': [1600825217.0], 'SubmitTimes': [1600824964.0], 'JobIds': ['59841166.0'], 'EndTimes': [1600852321.0], 'Restarts': 0, 'RecordedSite': True, 'State': 'finished', 'ResidentSetSize': [1044736], 'TotalUserCpuTimeHistory': [5363], 'SiteHistory': ['Unknown', 'T2_US_Florida'], 'TotalSysCpuTimeHistory': [235]}, '2': {'Retries': 0, 'WallDurations': [9.0, 29488.0], 'StartTimes': [1600825230.0], 'SubmitTimes': [1600824964.0], 'JobIds': ['59841165.0'], 'TotalUserCpuTimeHistory': [9646], 'EndTimes': [1600854718.0], 'Restarts': 0, 'RecordedSite': True, 'State': 'failed', 'ResidentSetSize': [880108], 'Error': [8021, "CmsRunFailure\nCMSSW error message follows.\nFatal Exception\nAn exception of category 'FileReadError' occurred while\n   [0] Rethrowing an exception that happened on a different thread.\n   [1] Reading branch recoGenParticles_prunedGenParticles__PAT.\n   [2] Calling XrdFile::readv()\n   [3] XrdAdaptor::ClientRequest::HandleResponse() failure while running connection recovery\n   [4] Handling XrdAdaptor::RequestManager::requestFailure()\n   [5] In XrdAdaptor::RequestManager::OpenHandler::HandleResponseWithHosts()\nException Message:\nXrdCl::File::Open(name='root://xcache.ultralight.org:2040//store/mc/RunIIAutumn18MiniAOD/TTToSemiLeptonic_TuneCP5_13TeV-powheg-pythia8/MINIAODSIM/102X_upgrade2018_realistic_v15-v1/00000/2292517B-3CFF-D24F-83BF-22236584C20E.root', flags=0x10, permissions=0660) => error '[ERROR] Server responded with an error: [3011] Cluster retry limit exceeded.\n' (errno=3011, code=400)\n   Additional Info:\n      [a] Original error: '[ERROR] Operation expired' (errno=0, code=206, source=xcache-00.t2.ucsd.edu:1094 (site UCSD-XCACHE)).\n      [b] Original failed source is xcache-00.t2.ucsd.edu:1094 (site UCSD-XCACHE)\n      [c] Disabled source: xcache-00.t2.ucsd.edu:1094\n", {'type': 'Fatal Exception', 'details': "An exception of category 'FileReadError' occurred while\n   [0] Rethrowing an exception that happened on a different thread.\n   [1] Reading branch recoGenParticles_prunedGenParticles__PAT.\n   [2] Calling XrdFile::readv()\n   [3] XrdAdaptor::ClientRequest::HandleResponse() failure while running connection recovery\n   [4] Handling XrdAdaptor::RequestManager::requestFailure()\n   [5] In XrdAdaptor::RequestManager::OpenHandler::HandleResponseWithHosts()\nException Message:\nXrdCl::File::Open(name='root://xcache.ultralight.org:2040//store/mc/RunIIAutumn18MiniAOD/TTToSemiLeptonic_TuneCP5_13TeV-powheg-pythia8/MINIAODSIM/102X_upgrade2018_realistic_v15-v1/00000/2292517B-3CFF-D24F-83BF-22236584C20E.root', flags=0x10, permissions=0660) => error '[ERROR] Server responded with an error: [3011] Cluster retry limit exceeded.\n' (errno=3011, code=400)\n   Additional Info:\n      [a] Original error: '[ERROR] Operation expired' (errno=0, code=206, source=xcache-00.t2.ucsd.edu:1094 (site UCSD-XCACHE)).\n      [b] Original failed source is xcache-00.t2.ucsd.edu:1094 (site UCSD-XCACHE)\n      [c] Disabled source: xcache-00.t2.ucsd.edu:1094", 'exitCode': 8021}], 'SiteHistory': ['Unknown', 'T2_US_Caltech'], 'TotalSysCpuTimeHistory': [364]}, '5': {'Retries': 0, 'WallDurations': [9.0, 554.0], 'StartTimes': [1600825812.0], 'SubmitTimes': [1600824965.0], 'JobIds': ['59841168.0'], 'EndTimes': [1600826366.0], 'Restarts': 0, 'RecordedSite': True, 'State': 'finished', 'ResidentSetSize': [825892], 'TotalUserCpuTimeHistory': [463], 'SiteHistory': ['Unknown', 'T2_FR_IPHC'], 'TotalSysCpuTimeHistory': [14]}, '4': {'Retries': 0, 'WallDurations': [8.0, 3630.0], 'StartTimes': [1600825434.0], 'SubmitTimes': [1600824964.0], 'JobIds': ['59841167.0'], 'EndTimes': [1600829064.0], 'Restarts': 0, 'RecordedSite': True, 'State': 'finished', 'ResidentSetSize': [872884], 'TotalUserCpuTimeHistory': [3195], 'SiteHistory': ['Unknown', 'T2_FR_IPHC'], 'TotalSysCpuTimeHistory': [122]}, '7': {'Retries': 0, 'WallDurations': [9.0, 2558.0], 'StartTimes': [1600825217.0], 'SubmitTimes': [1600824970.0], 'JobIds': ['59841173.0'], 'EndTimes': [1600827775.0], 'Restarts': 0, 'RecordedSite': True, 'State': 'finished', 'ResidentSetSize': [807736], 'TotalUserCpuTimeHistory': [1909], 'SiteHistory': ['Unknown', 'T2_US_Wisconsin'], 'TotalSysCpuTimeHistory': [67]}, '6': {'Retries': 0, 'WallDurations': [8.0, 22366.0], 'StartTimes': [1600825234.0], 'SubmitTimes': [1600824965.0], 'JobIds': ['59841169.0'], 'EndTimes': [1600847600.0], 'Restarts': 0, 'RecordedSite': True, 'State': 'finished', 'ResidentSetSize': [1044008], 'TotalUserCpuTimeHistory': [17397], 'SiteHistory': ['Unknown', 'T2_US_Caltech'], 'TotalSysCpuTimeHistory': [1061]}, '9': {'Retries': 0, 'WallDurations': [9.0, 11173.0], 'StartTimes': [1600825232.0], 'SubmitTimes': [1600824970.0], 'JobIds': ['59841175.0'], 'EndTimes': [1600836405.0], 'Restarts': 0, 'RecordedSite': True, 'State': 'finished', 'ResidentSetSize': [823268], 'TotalUserCpuTimeHistory': [4899], 'SiteHistory': ['Unknown', 'T2_US_Caltech'], 'TotalSysCpuTimeHistory': [340]}, '8': {'Retries': 0, 'WallDurations': [8.0, 29146.0], 'StartTimes': [1600825217.0], 'SubmitTimes': [1600824970.0], 'JobIds': ['59841174.0'], 'EndTimes': [1600854363.0], 'Restarts': 0, 'RecordedSite': True, 'State': 'finished', 'ResidentSetSize': [1052304], 'TotalUserCpuTimeHistory': [5614.0], 'SiteHistory': ['Unknown', 'T2_US_Florida'], 'TotalSysCpuTimeHistory': [229.0]}, '1-9': {'Retries': 0, 'WallDurations': [9.0, 6798.0], 'StartTimes': [1600871446.0], 'SubmitTimes': [1600871096.0], 'JobIds': ['59861270.0'], 'EndTimes': [1600878244.0], 'Restarts': 0, 'RecordedSite': True, 'State': 'finished', 'ResidentSetSize': [838096], 'TotalUserCpuTimeHistory': [5541], 'SiteHistory': ['Unknown', 'T2_DE_DESY'], 'TotalSysCpuTimeHistory': [159]}, '1-8': {'Retries': 0, 'WallDurations': [9.0, 5059.0], 'StartTimes': [1600871446.0], 'SubmitTimes': [1600871096.0], 'JobIds': ['59861271.0'], 'EndTimes': [1600876505.0], 'Restarts': 0, 'RecordedSite': True, 'State': 'finished', 'ResidentSetSize': [829072], 'TotalUserCpuTimeHistory': [4584], 'SiteHistory': ['Unknown', 'T2_DE_DESY'], 'TotalSysCpuTimeHistory': [175]}, '0-1': {'Retries': 0, 'WallDurations': [10.0, 1050.0], 'StartTimes': [1600823378.0], 'SubmitTimes': [1600823147.0], 'JobIds': ['59840829.0'], 'EndTimes': [1600824428.0], 'Restarts': 0, 'RecordedSite': True, 'State': 'finished', 'ResidentSetSize': [930420], 'TotalUserCpuTimeHistory': [697], 'SiteHistory': ['Unknown', 'T2_US_Wisconsin'], 'TotalSysCpuTimeHistory': [29]}, '0-2': {'Retries': 0, 'WallDurations': [8.0, 955.0], 'StartTimes': [1600823631.0], 'SubmitTimes': [1600823147.0], 'JobIds': ['59840828.0'], 'EndTimes': [1600824586.0], 'Restarts': 0, 'RecordedSite': True, 'State': 'finished', 'ResidentSetSize': [816536], 'TotalUserCpuTimeHistory': [781], 'SiteHistory': ['Unknown', 'T2_FR_IPHC'], 'TotalSysCpuTimeHistory': [27]}, '0-3': {'Retries': 0, 'WallDurations': [9.0, 551.0], 'StartTimes': [1600823631.0], 'SubmitTimes': [1600823147.0], 'JobIds': ['59840830.0'], 'EndTimes': [1600824182.0], 'Restarts': 0, 'RecordedSite': True, 'State': 'finished', 'ResidentSetSize': [826904], 'TotalUserCpuTimeHistory': [435], 'SiteHistory': ['Unknown', 'T2_FR_IPHC'], 'TotalSysCpuTimeHistory': [18]}, '1-1': {'Retries': 0, 'WallDurations': [8.0, 13533.0], 'StartTimes': [1600871344.0], 'SubmitTimes': [1600871095.0], 'JobIds': ['59861262.0'], 'EndTimes': [], 'Restarts': 0, 'RecordedSite': True, 'State': 'running', 'ResidentSetSize': [771448], 'TotalUserCpuTimeHistory': [3541.0], 'SiteHistory': ['Unknown', 'T2_US_UCSD'], 'TotalSysCpuTimeHistory': [135.0]}, '1-3': {'Retries': 0, 'WallDurations': [9.0, 13526.0], 'StartTimes': [1600871342.0], 'SubmitTimes': [1600871095.0], 'JobIds': ['59861265.0'], 'EndTimes': [], 'Restarts': 0, 'RecordedSite': True, 'State': 'running', 'ResidentSetSize': [797544], 'TotalUserCpuTimeHistory': [3995.0], 'SiteHistory': ['Unknown', 'T2_US_Vanderbilt'], 'TotalSysCpuTimeHistory': [151.0]}, '1-2': {'Retries': 0, 'WallDurations': [8.0, 8026.0], 'StartTimes': [1600871341.0], 'SubmitTimes': [1600871095.0], 'JobIds': ['59861263.0'], 'EndTimes': [1600879367.0], 'Restarts': 0, 'RecordedSite': True, 'State': 'finished', 'ResidentSetSize': [856960], 'TotalUserCpuTimeHistory': [5954], 'SiteHistory': ['Unknown', 'T2_US_Vanderbilt'], 'TotalSysCpuTimeHistory': [198]}, '1-5': {'Retries': 0, 'WallDurations': [8.0, 7082.0], 'StartTimes': [1600871341.0], 'SubmitTimes': [1600871096.0], 'JobIds': ['59861268.0'], 'EndTimes': [1600878423.0], 'Restarts': 0, 'RecordedSite': True, 'State': 'finished', 'ResidentSetSize': [961564], 'TotalUserCpuTimeHistory': [2144], 'SiteHistory': ['Unknown', 'T2_US_Florida'], 'TotalSysCpuTimeHistory': [73]}, '1-4': {'Retries': 0, 'WallDurations': [9.0, 13226.0], 'StartTimes': [1600871382.0], 'SubmitTimes': [1600871095.0], 'JobIds': ['59861264.0'], 'EndTimes': [], 'Restarts': 0, 'RecordedSite': True, 'State': 'running', 'ResidentSetSize': [787216], 'TotalUserCpuTimeHistory': [4137.0], 'SiteHistory': ['Unknown', 'T2_US_Caltech'], 'TotalSysCpuTimeHistory': [167.0]}, '1-7': {'Retries': 0, 'WallDurations': [9.0, 2815.0], 'StartTimes': [1600871351.0], 'SubmitTimes': [1600871096.0], 'JobIds': ['59861269.0'], 'EndTimes': [1600874166.0], 'Restarts': 0, 'RecordedSite': True, 'State': 'finished', 'ResidentSetSize': [743880], 'TotalUserCpuTimeHistory': [2062], 'SiteHistory': ['Unknown', 'T2_US_Caltech'], 'TotalSysCpuTimeHistory': [72]}, '1-6': {'Retries': 0, 'WallDurations': [8.0, 6369.0], 'StartTimes': [1600871344.0], 'SubmitTimes': [1600871096.0], 'JobIds': ['59861266.0'], 'EndTimes': [1600877713.0], 'Restarts': 0, 'RecordedSite': True, 'State': 'finished', 'ResidentSetSize': [835828], 'TotalUserCpuTimeHistory': [4792], 'SiteHistory': ['Unknown', 'T2_US_UCSD'], 'TotalSysCpuTimeHistory': [180]}, '11': {'Retries': 0, 'WallDurations': [9.0, 9864.0], 'StartTimes': [1600825812.0], 'SubmitTimes': [1600824970.0], 'JobIds': ['59841177.0'], 'EndTimes': [1600835676.0], 'Restarts': 0, 'RecordedSite': True, 'State': 'finished', 'ResidentSetSize': [1079232], 'TotalUserCpuTimeHistory': [8719], 'SiteHistory': ['Unknown', 'T2_DE_DESY'], 'TotalSysCpuTimeHistory': [191]}, '10': {'Retries': 0, 'WallDurations': [9.0, 10002.0], 'StartTimes': [1600825811.0], 'SubmitTimes': [1600824970.0], 'JobIds': ['59841176.0'], 'EndTimes': [1600835813.0], 'Restarts': 0, 'RecordedSite': True, 'State': 'finished', 'ResidentSetSize': [1057856], 'TotalUserCpuTimeHistory': [8735], 'SiteHistory': ['Unknown', 'T2_DE_DESY'], 'TotalSysCpuTimeHistory': [207]}, '13': {'Retries': 0, 'WallDurations': [8.0, 16817.0], 'StartTimes': [1600826185.0], 'SubmitTimes': [1600824971.0], 'JobIds': ['59841179.0'], 'EndTimes': [1600843002.0], 'Restarts': 0, 'RecordedSite': True, 'State': 'finished', 'ResidentSetSize': [1058316], 'TotalUserCpuTimeHistory': [15147], 'SiteHistory': ['Unknown', 'T2_DE_DESY'], 'TotalSysCpuTimeHistory': [411]}, '12': {'Retries': 0, 'WallDurations': [9.0, 16790.0], 'StartTimes': [1600826184.0], 'SubmitTimes': [1600824971.0], 'JobIds': ['59841178.0'], 'EndTimes': [1600842974.0], 'Restarts': 0, 'RecordedSite': True, 'State': 'finished', 'ResidentSetSize': [1039692], 'TotalUserCpuTimeHistory': [15110], 'SiteHistory': ['Unknown', 'T2_DE_DESY'], 'TotalSysCpuTimeHistory': [402]}, '15': {'Retries': 0, 'WallDurations': [9.0, 13132.0], 'StartTimes': [1600827320.0], 'SubmitTimes': [1600824971.0], 'JobIds': ['59841181.0'], 'EndTimes': [1600840452.0], 'Restarts': 0, 'RecordedSite': True, 'State': 'finished', 'ResidentSetSize': [1059232], 'TotalUserCpuTimeHistory': [11574], 'SiteHistory': ['Unknown', 'T2_DE_DESY'], 'TotalSysCpuTimeHistory': [404]}, '14': {'Retries': 0, 'WallDurations': [8.0, 18748.0], 'StartTimes': [1600827323.0], 'SubmitTimes': [1600824971.0], 'JobIds': ['59841180.0'], 'EndTimes': [1600846071.0], 'Restarts': 0, 'RecordedSite': True, 'State': 'finished', 'ResidentSetSize': [1044072], 'TotalUserCpuTimeHistory': [15754], 'SiteHistory': ['Unknown', 'T2_DE_DESY'], 'TotalSysCpuTimeHistory': [1194]}, '17': {'Retries': 0, 'WallDurations': [8.0, 9313.0], 'StartTimes': [1600827714.0], 'SubmitTimes': [1600824971.0], 'JobIds': ['59841183.0'], 'EndTimes': [1600837027.0], 'Restarts': 0, 'RecordedSite': True, 'State': 'finished', 'ResidentSetSize': [1031440], 'TotalUserCpuTimeHistory': [8408], 'SiteHistory': ['Unknown', 'T2_DE_DESY'], 'TotalSysCpuTimeHistory': [203]}, '16': {'Retries': 0, 'WallDurations': [9.0, 13207.0], 'StartTimes': [1600827320.0], 'SubmitTimes': [1600824971.0], 'JobIds': ['59841182.0'], 'EndTimes': [1600840527.0], 'Restarts': 0, 'RecordedSite': True, 'State': 'finished', 'ResidentSetSize': [1047120], 'TotalUserCpuTimeHistory': [11589], 'SiteHistory': ['Unknown', 'T2_DE_DESY'], 'TotalSysCpuTimeHistory': [359]}, '19': {'Retries': 0, 'WallDurations': [8.0, 10507.0], 'StartTimes': [1600828500.0], 'SubmitTimes': [1600824971.0], 'JobIds': ['59841185.0'], 'EndTimes': [1600839007.0], 'Restarts': 0, 'RecordedSite': True, 'State': 'finished', 'ResidentSetSize': [1021136], 'TotalUserCpuTimeHistory': [8842], 'SiteHistory': ['Unknown', 'T2_DE_DESY'], 'TotalSysCpuTimeHistory': [269]}, '18': {'Retries': 0, 'WallDurations': [9.0, 10274.0], 'StartTimes': [1600827714.0], 'SubmitTimes': [1600824971.0], 'JobIds': ['59841184.0'], 'EndTimes': [1600837988.0], 'Restarts': 0, 'RecordedSite': True, 'State': 'failed', 'ResidentSetSize': [1049764], 'Error': [90000, 'Got recoverable stageout exception:\nStageout failed with code 1.\nThere were 1 failed/killed stageout jobs.\nFailure reasons (per document) follow:\n- 20d160a1f731251fa01c57c6fd6d7c73b142699d5caa2d647efe5355:\n  -----> ASO log start -----\n  TRANSFER 110 TRANSFER  Operation timed out [...CUT...] Full log at https://fts3.cern.ch:8449/fts3/ftsmon/#/job/0cf28ba2-fd5c-11ea-bd0f-fa163ec50a4e\n  <----- ASO log finish ----', {}], 'TotalUserCpuTimeHistory': [8440], 'SiteHistory': ['Unknown', 'T2_DE_DESY'], 'TotalSysCpuTimeHistory': [223]}}
INFO 2020-09-23 18:16:20.892 UTC: 	 Status on the scheduler:	SUBMITTED
INFO 2020-09-23 18:16:20.892 UTC: 	 
The job splitting of this task is 'Automatic', please refer to this FAQ for a description of the jobs status summary:
https://twiki.cern.ch/twiki/bin/view/CMSPublic/CRAB3FAQ#What_is_the_Automatic_splitting
INFO 2020-09-23 18:16:20.892 UTC: 	 
Jobs status:                    finished     		 90.0% (27/30)
INFO 2020-09-23 18:16:20.892 UTC: 	 				running      		 10.0% ( 3/30)
INFO 2020-09-23 18:16:20.892 UTC: 	 
No publication information (publication has been disabled in the CRAB configuration file)
INFO 2020-09-23 18:16:20.894 UTC: 	 
Summary of run jobs:
 * Memory: 806MB min, 1053MB max, 927MB ave
 * Runtime: 0:09:11 min, 8:11:28 max, 3:23:31 ave
 * CPU eff: 20% min, 95% max, 65% ave
 * Waste: 0:04:08 (0% of total)

INFO 2020-09-23 18:16:20.897 UTC: 	 Log file is /uscms_data/d3/cannaert/src/thrust/CMSSW_10_2_4_patch1/src/crab_projects/crab_semilept_ttbar_QCD_background_000/crab.log
